ARM GAS  C:\Users\Asus\AppData\Local\Temp\ccU6u3u0.s 			page 1


   1              		.syntax unified
   2              		.cpu cortex-m3
   3              		.fpu softvfp
   4              		.eabi_attribute 20, 1
   5              		.eabi_attribute 21, 1
   6              		.eabi_attribute 23, 3
   7              		.eabi_attribute 24, 1
   8              		.eabi_attribute 25, 1
   9              		.eabi_attribute 26, 1
  10              		.eabi_attribute 30, 1
  11              		.eabi_attribute 34, 1
  12              		.eabi_attribute 18, 4
  13              		.thumb
  14              		.syntax unified
  15              		.file	"ErikaOS_1_ee_ulockallres.c"
  16              		.text
  17              	.Ltext0:
  18              		.cfi_sections	.debug_frame
  19              	.Letext0:
  20              		.file 1 "Generated_Source\\PSoC5\\ErikaOS_1_common_ee_types.inc"
  21              		.file 2 "Generated_Source\\PSoC5\\ErikaOS_1_cortex_mx_ee_cpu.inc"
  22              		.file 3 "Generated_Source\\PSoC5\\ErikaOS_1_ee_oo_common.inc"
  23              		.file 4 "Generated_Source\\PSoC5\\ErikaOS_1_common_ee_primitives.inc"
  24              		.file 5 "Generated_Source\\PSoC5\\ErikaOS_1_cortex_mx_ee_context.inc"
  25              		.file 6 "Generated_Source\\PSoC5\\ErikaOS_1_ee_oo_intfunc.inc"
  26              		.file 7 "Generated_Source\\PSoC5\\ErikaOS_1_ee_oo_internal.inc"
  27              		.section	.debug_info,"",%progbits
  28              	.Ldebug_info0:
  29 0000 BB030000 		.4byte	0x3bb
  30 0004 0400     		.2byte	0x4
  31 0006 00000000 		.4byte	.Ldebug_abbrev0
  32 000a 04       		.byte	0x4
  33 000b 01       		.uleb128 0x1
  34 000c EE030000 		.4byte	.LASF62
  35 0010 0C       		.byte	0xc
  36 0011 09010000 		.4byte	.LASF63
  37 0015 BA020000 		.4byte	.LASF64
  38 0019 00000000 		.4byte	.Ldebug_line0
  39 001d 02       		.uleb128 0x2
  40 001e 01       		.byte	0x1
  41 001f 06       		.byte	0x6
  42 0020 5C020000 		.4byte	.LASF0
  43 0024 02       		.uleb128 0x2
  44 0025 01       		.byte	0x1
  45 0026 08       		.byte	0x8
  46 0027 35020000 		.4byte	.LASF1
  47 002b 02       		.uleb128 0x2
  48 002c 02       		.byte	0x2
  49 002d 05       		.byte	0x5
  50 002e 4C000000 		.4byte	.LASF2
  51 0032 02       		.uleb128 0x2
  52 0033 02       		.byte	0x2
  53 0034 07       		.byte	0x7
  54 0035 21030000 		.4byte	.LASF3
  55 0039 02       		.uleb128 0x2
  56 003a 04       		.byte	0x4
  57 003b 05       		.byte	0x5
ARM GAS  C:\Users\Asus\AppData\Local\Temp\ccU6u3u0.s 			page 2


  58 003c A2010000 		.4byte	.LASF4
  59 0040 02       		.uleb128 0x2
  60 0041 04       		.byte	0x4
  61 0042 07       		.byte	0x7
  62 0043 7E030000 		.4byte	.LASF5
  63 0047 02       		.uleb128 0x2
  64 0048 08       		.byte	0x8
  65 0049 05       		.byte	0x5
  66 004a 52010000 		.4byte	.LASF6
  67 004e 02       		.uleb128 0x2
  68 004f 08       		.byte	0x8
  69 0050 07       		.byte	0x7
  70 0051 68020000 		.4byte	.LASF7
  71 0055 03       		.uleb128 0x3
  72 0056 04       		.byte	0x4
  73 0057 05       		.byte	0x5
  74 0058 696E7400 		.ascii	"int\000"
  75 005c 02       		.uleb128 0x2
  76 005d 04       		.byte	0x4
  77 005e 07       		.byte	0x7
  78 005f 7F020000 		.4byte	.LASF8
  79 0063 02       		.uleb128 0x2
  80 0064 08       		.byte	0x8
  81 0065 04       		.byte	0x4
  82 0066 1A020000 		.4byte	.LASF9
  83 006a 04       		.uleb128 0x4
  84 006b 60010000 		.4byte	.LASF10
  85 006f 01       		.byte	0x1
  86 0070 3F       		.byte	0x3f
  87 0071 1D000000 		.4byte	0x1d
  88 0075 04       		.uleb128 0x4
  89 0076 52030000 		.4byte	.LASF11
  90 007a 01       		.byte	0x1
  91 007b 52       		.byte	0x52
  92 007c 32000000 		.4byte	0x32
  93 0080 04       		.uleb128 0x4
  94 0081 B1020000 		.4byte	.LASF12
  95 0085 01       		.byte	0x1
  96 0086 53       		.byte	0x53
  97 0087 55000000 		.4byte	0x55
  98 008b 04       		.uleb128 0x4
  99 008c A0000000 		.4byte	.LASF13
 100 0090 01       		.byte	0x1
 101 0091 54       		.byte	0x54
 102 0092 5C000000 		.4byte	0x5c
 103 0096 04       		.uleb128 0x4
 104 0097 13000000 		.4byte	.LASF14
 105 009b 02       		.byte	0x2
 106 009c 4D       		.byte	0x4d
 107 009d 8B000000 		.4byte	0x8b
 108 00a1 04       		.uleb128 0x4
 109 00a2 82000000 		.4byte	.LASF15
 110 00a6 02       		.byte	0x2
 111 00a7 4F       		.byte	0x4f
 112 00a8 8B000000 		.4byte	0x8b
 113 00ac 04       		.uleb128 0x4
 114 00ad 90030000 		.4byte	.LASF16
ARM GAS  C:\Users\Asus\AppData\Local\Temp\ccU6u3u0.s 			page 3


 115 00b1 02       		.byte	0x2
 116 00b2 54       		.byte	0x54
 117 00b3 96000000 		.4byte	0x96
 118 00b7 04       		.uleb128 0x4
 119 00b8 BB000000 		.4byte	.LASF17
 120 00bc 02       		.byte	0x2
 121 00bd 78       		.byte	0x78
 122 00be 80000000 		.4byte	0x80
 123 00c2 05       		.uleb128 0x5
 124 00c3 81010000 		.4byte	.LASF18
 125 00c7 03       		.byte	0x3
 126 00c8 1101     		.2byte	0x111
 127 00ca 75000000 		.4byte	0x75
 128 00ce 05       		.uleb128 0x5
 129 00cf F0010000 		.4byte	.LASF19
 130 00d3 03       		.byte	0x3
 131 00d4 3502     		.2byte	0x235
 132 00d6 96000000 		.4byte	0x96
 133 00da 05       		.uleb128 0x5
 134 00db 08020000 		.4byte	.LASF20
 135 00df 03       		.byte	0x3
 136 00e0 5D02     		.2byte	0x25d
 137 00e2 96000000 		.4byte	0x96
 138 00e6 05       		.uleb128 0x5
 139 00e7 B6030000 		.4byte	.LASF21
 140 00eb 03       		.byte	0x3
 141 00ec 6C02     		.2byte	0x26c
 142 00ee 96000000 		.4byte	0x96
 143 00f2 06       		.uleb128 0x6
 144 00f3 0C       		.byte	0xc
 145 00f4 03       		.byte	0x3
 146 00f5 7202     		.2byte	0x272
 147 00f7 23010000 		.4byte	0x123
 148 00fb 07       		.uleb128 0x7
 149 00fc AB010000 		.4byte	.LASF22
 150 0100 03       		.byte	0x3
 151 0101 7302     		.2byte	0x273
 152 0103 CE000000 		.4byte	0xce
 153 0107 00       		.byte	0
 154 0108 07       		.uleb128 0x7
 155 0109 1B000000 		.4byte	.LASF23
 156 010d 03       		.byte	0x3
 157 010e 7402     		.2byte	0x274
 158 0110 CE000000 		.4byte	0xce
 159 0114 04       		.byte	0x4
 160 0115 07       		.uleb128 0x7
 161 0116 C2000000 		.4byte	.LASF24
 162 011a 03       		.byte	0x3
 163 011b 7502     		.2byte	0x275
 164 011d CE000000 		.4byte	0xce
 165 0121 08       		.byte	0x8
 166 0122 00       		.byte	0
 167 0123 05       		.uleb128 0x5
 168 0124 D9010000 		.4byte	.LASF25
 169 0128 03       		.byte	0x3
 170 0129 7A02     		.2byte	0x27a
 171 012b F2000000 		.4byte	0xf2
ARM GAS  C:\Users\Asus\AppData\Local\Temp\ccU6u3u0.s 			page 4


 172 012f 06       		.uleb128 0x6
 173 0130 08       		.byte	0x8
 174 0131 03       		.byte	0x3
 175 0132 7D02     		.2byte	0x27d
 176 0134 53010000 		.4byte	0x153
 177 0138 07       		.uleb128 0x7
 178 0139 CB000000 		.4byte	.LASF26
 179 013d 03       		.byte	0x3
 180 013e 7E02     		.2byte	0x27e
 181 0140 CE000000 		.4byte	0xce
 182 0144 00       		.byte	0
 183 0145 07       		.uleb128 0x7
 184 0146 AF040000 		.4byte	.LASF27
 185 014a 03       		.byte	0x3
 186 014b 7F02     		.2byte	0x27f
 187 014d DA000000 		.4byte	0xda
 188 0151 04       		.byte	0x4
 189 0152 00       		.byte	0
 190 0153 05       		.uleb128 0x5
 191 0154 3B010000 		.4byte	.LASF28
 192 0158 03       		.byte	0x3
 193 0159 8002     		.2byte	0x280
 194 015b 2F010000 		.4byte	0x12f
 195 015f 08       		.uleb128 0x8
 196 0160 01       		.byte	0x1
 197 0161 24000000 		.4byte	0x24
 198 0165 03       		.byte	0x3
 199 0166 8A02     		.2byte	0x28a
 200 0168 79010000 		.4byte	0x179
 201 016c 09       		.uleb128 0x9
 202 016d A8030000 		.4byte	.LASF29
 203 0171 00       		.byte	0
 204 0172 09       		.uleb128 0x9
 205 0173 91010000 		.4byte	.LASF30
 206 0177 01       		.byte	0x1
 207 0178 00       		.byte	0
 208 0179 05       		.uleb128 0x5
 209 017a EA000000 		.4byte	.LASF31
 210 017e 03       		.byte	0x3
 211 017f 8D02     		.2byte	0x28d
 212 0181 5F010000 		.4byte	0x15f
 213 0185 05       		.uleb128 0x5
 214 0186 8A000000 		.4byte	.LASF32
 215 018a 03       		.byte	0x3
 216 018b 9002     		.2byte	0x290
 217 018d 79010000 		.4byte	0x179
 218 0191 06       		.uleb128 0x6
 219 0192 0C       		.byte	0xc
 220 0193 03       		.byte	0x3
 221 0194 9402     		.2byte	0x294
 222 0196 C0010000 		.4byte	0x1c0
 223 019a 0A       		.uleb128 0xa
 224 019b 6300     		.ascii	"c\000"
 225 019d 03       		.byte	0x3
 226 019e 9602     		.2byte	0x296
 227 01a0 E6000000 		.4byte	0xe6
 228 01a4 00       		.byte	0
ARM GAS  C:\Users\Asus\AppData\Local\Temp\ccU6u3u0.s 			page 5


 229 01a5 07       		.uleb128 0x7
 230 01a6 7A000000 		.4byte	.LASF33
 231 01aa 03       		.byte	0x3
 232 01ab 9802     		.2byte	0x298
 233 01ad DA000000 		.4byte	0xda
 234 01b1 04       		.byte	0x4
 235 01b2 07       		.uleb128 0x7
 236 01b3 00000000 		.4byte	.LASF34
 237 01b7 03       		.byte	0x3
 238 01b8 9A02     		.2byte	0x29a
 239 01ba 85010000 		.4byte	0x185
 240 01be 08       		.byte	0x8
 241 01bf 00       		.byte	0
 242 01c0 05       		.uleb128 0x5
 243 01c1 34030000 		.4byte	.LASF35
 244 01c5 03       		.byte	0x3
 245 01c6 9B02     		.2byte	0x29b
 246 01c8 91010000 		.4byte	0x191
 247 01cc 06       		.uleb128 0x6
 248 01cd 10       		.byte	0x10
 249 01ce 03       		.byte	0x3
 250 01cf 9F02     		.2byte	0x29f
 251 01d1 0A020000 		.4byte	0x20a
 252 01d5 07       		.uleb128 0x7
 253 01d6 B1030000 		.4byte	.LASF36
 254 01da 03       		.byte	0x3
 255 01db A002     		.2byte	0x2a0
 256 01dd AC000000 		.4byte	0xac
 257 01e1 00       		.byte	0
 258 01e2 07       		.uleb128 0x7
 259 01e3 7C040000 		.4byte	.LASF37
 260 01e7 03       		.byte	0x3
 261 01e8 A102     		.2byte	0x2a1
 262 01ea CE000000 		.4byte	0xce
 263 01ee 04       		.byte	0x4
 264 01ef 07       		.uleb128 0x7
 265 01f0 74000000 		.4byte	.LASF38
 266 01f4 03       		.byte	0x3
 267 01f5 A202     		.2byte	0x2a2
 268 01f7 CE000000 		.4byte	0xce
 269 01fb 08       		.byte	0x8
 270 01fc 07       		.uleb128 0x7
 271 01fd 9D040000 		.4byte	.LASF39
 272 0201 03       		.byte	0x3
 273 0202 A302     		.2byte	0x2a3
 274 0204 DA000000 		.4byte	0xda
 275 0208 0C       		.byte	0xc
 276 0209 00       		.byte	0
 277 020a 05       		.uleb128 0x5
 278 020b BB010000 		.4byte	.LASF40
 279 020f 03       		.byte	0x3
 280 0210 A402     		.2byte	0x2a4
 281 0212 CC010000 		.4byte	0x1cc
 282 0216 0B       		.uleb128 0xb
 283 0217 5F000000 		.4byte	.LASF41
 284 021b 04       		.byte	0x4
 285 021c 44       		.byte	0x44
ARM GAS  C:\Users\Asus\AppData\Local\Temp\ccU6u3u0.s 			page 6


 286 021d 96000000 		.4byte	0x96
 287 0221 0B       		.uleb128 0xb
 288 0222 98020000 		.4byte	.LASF42
 289 0226 05       		.byte	0x5
 290 0227 48       		.byte	0x48
 291 0228 B7000000 		.4byte	0xb7
 292 022c 0C       		.uleb128 0xc
 293 022d 43020000 		.4byte	0x243
 294 0231 3C020000 		.4byte	0x23c
 295 0235 0D       		.uleb128 0xd
 296 0236 3C020000 		.4byte	0x23c
 297 023a 04       		.byte	0x4
 298 023b 00       		.byte	0
 299 023c 02       		.uleb128 0x2
 300 023d 04       		.byte	0x4
 301 023e 07       		.byte	0x7
 302 023f 56000000 		.4byte	.LASF43
 303 0243 0E       		.uleb128 0xe
 304 0244 96000000 		.4byte	0x96
 305 0248 0B       		.uleb128 0xb
 306 0249 AA000000 		.4byte	.LASF44
 307 024d 03       		.byte	0x3
 308 024e B2       		.byte	0xb2
 309 024f 53020000 		.4byte	0x253
 310 0253 0E       		.uleb128 0xe
 311 0254 2C020000 		.4byte	0x22c
 312 0258 0B       		.uleb128 0xb
 313 0259 CF030000 		.4byte	.LASF45
 314 025d 03       		.byte	0x3
 315 025e B3       		.byte	0xb3
 316 025f 63020000 		.4byte	0x263
 317 0263 0E       		.uleb128 0xe
 318 0264 2C020000 		.4byte	0x22c
 319 0268 0C       		.uleb128 0xc
 320 0269 96000000 		.4byte	0x96
 321 026d 78020000 		.4byte	0x278
 322 0271 0D       		.uleb128 0xd
 323 0272 3C020000 		.4byte	0x23c
 324 0276 04       		.byte	0x4
 325 0277 00       		.byte	0
 326 0278 0B       		.uleb128 0xb
 327 0279 C2030000 		.4byte	.LASF46
 328 027d 03       		.byte	0x3
 329 027e CA       		.byte	0xca
 330 027f 68020000 		.4byte	0x268
 331 0283 0C       		.uleb128 0xc
 332 0284 B7000000 		.4byte	0xb7
 333 0288 93020000 		.4byte	0x293
 334 028c 0D       		.uleb128 0xd
 335 028d 3C020000 		.4byte	0x23c
 336 0291 04       		.byte	0x4
 337 0292 00       		.byte	0
 338 0293 0B       		.uleb128 0xb
 339 0294 E3030000 		.4byte	.LASF47
 340 0298 03       		.byte	0x3
 341 0299 D2       		.byte	0xd2
 342 029a 83020000 		.4byte	0x283
ARM GAS  C:\Users\Asus\AppData\Local\Temp\ccU6u3u0.s 			page 7


 343 029e 0B       		.uleb128 0xb
 344 029f 8C020000 		.4byte	.LASF48
 345 02a3 03       		.byte	0x3
 346 02a4 DA       		.byte	0xda
 347 02a5 68020000 		.4byte	0x268
 348 02a9 0B       		.uleb128 0xb
 349 02aa 9C030000 		.4byte	.LASF49
 350 02ae 03       		.byte	0x3
 351 02af E2       		.byte	0xe2
 352 02b0 B7000000 		.4byte	0xb7
 353 02b4 0B       		.uleb128 0xb
 354 02b5 F9010000 		.4byte	.LASF50
 355 02b9 03       		.byte	0x3
 356 02ba F7       		.byte	0xf7
 357 02bb 96000000 		.4byte	0x96
 358 02bf 0F       		.uleb128 0xf
 359 02c0 05000000 		.4byte	.LASF51
 360 02c4 03       		.byte	0x3
 361 02c5 3F01     		.2byte	0x13f
 362 02c7 C2000000 		.4byte	0xc2
 363 02cb 0F       		.uleb128 0xf
 364 02cc 28000000 		.4byte	.LASF52
 365 02d0 03       		.byte	0x3
 366 02d1 5C01     		.2byte	0x15c
 367 02d3 68020000 		.4byte	0x268
 368 02d7 0C       		.uleb128 0xc
 369 02d8 AC000000 		.4byte	0xac
 370 02dc E7020000 		.4byte	0x2e7
 371 02e0 0D       		.uleb128 0xd
 372 02e1 3C020000 		.4byte	0x23c
 373 02e5 04       		.byte	0x4
 374 02e6 00       		.byte	0
 375 02e7 0F       		.uleb128 0xf
 376 02e8 3B000000 		.4byte	.LASF53
 377 02ec 03       		.byte	0x3
 378 02ed 6701     		.2byte	0x167
 379 02ef D7020000 		.4byte	0x2d7
 380 02f3 0C       		.uleb128 0xc
 381 02f4 03030000 		.4byte	0x303
 382 02f8 03030000 		.4byte	0x303
 383 02fc 0D       		.uleb128 0xd
 384 02fd 3C020000 		.4byte	0x23c
 385 0301 00       		.byte	0
 386 0302 00       		.byte	0
 387 0303 0E       		.uleb128 0xe
 388 0304 23010000 		.4byte	0x123
 389 0308 0F       		.uleb128 0xf
 390 0309 26020000 		.4byte	.LASF54
 391 030d 03       		.byte	0x3
 392 030e CA02     		.2byte	0x2ca
 393 0310 14030000 		.4byte	0x314
 394 0314 0E       		.uleb128 0xe
 395 0315 F3020000 		.4byte	0x2f3
 396 0319 0C       		.uleb128 0xc
 397 031a 29030000 		.4byte	0x329
 398 031e 29030000 		.4byte	0x329
 399 0322 0D       		.uleb128 0xd
ARM GAS  C:\Users\Asus\AppData\Local\Temp\ccU6u3u0.s 			page 8


 400 0323 3C020000 		.4byte	0x23c
 401 0327 00       		.byte	0
 402 0328 00       		.byte	0
 403 0329 0E       		.uleb128 0xe
 404 032a C0010000 		.4byte	0x1c0
 405 032e 0F       		.uleb128 0xf
 406 032f D1000000 		.4byte	.LASF55
 407 0333 03       		.byte	0x3
 408 0334 DD02     		.2byte	0x2dd
 409 0336 3A030000 		.4byte	0x33a
 410 033a 0E       		.uleb128 0xe
 411 033b 19030000 		.4byte	0x319
 412 033f 0C       		.uleb128 0xc
 413 0340 53010000 		.4byte	0x153
 414 0344 4F030000 		.4byte	0x34f
 415 0348 0D       		.uleb128 0xd
 416 0349 3C020000 		.4byte	0x23c
 417 034d 00       		.byte	0
 418 034e 00       		.byte	0
 419 034f 0F       		.uleb128 0xf
 420 0350 5C030000 		.4byte	.LASF56
 421 0354 03       		.byte	0x3
 422 0355 FB02     		.2byte	0x2fb
 423 0357 3F030000 		.4byte	0x33f
 424 035b 0C       		.uleb128 0xc
 425 035c 0A020000 		.4byte	0x20a
 426 0360 6B030000 		.4byte	0x36b
 427 0364 0D       		.uleb128 0xd
 428 0365 3C020000 		.4byte	0x23c
 429 0369 00       		.byte	0
 430 036a 00       		.byte	0
 431 036b 0F       		.uleb128 0xf
 432 036c 43020000 		.4byte	.LASF57
 433 0370 03       		.byte	0x3
 434 0371 0403     		.2byte	0x304
 435 0373 5B030000 		.4byte	0x35b
 436 0377 0B       		.uleb128 0xb
 437 0378 85040000 		.4byte	.LASF58
 438 037c 06       		.byte	0x6
 439 037d 40       		.byte	0x40
 440 037e 96000000 		.4byte	0x96
 441 0382 0B       		.uleb128 0xb
 442 0383 68010000 		.4byte	.LASF59
 443 0387 06       		.byte	0x6
 444 0388 47       		.byte	0x47
 445 0389 A1000000 		.4byte	0xa1
 446 038d 0B       		.uleb128 0xb
 447 038e 6B030000 		.4byte	.LASF60
 448 0392 06       		.byte	0x6
 449 0393 4A       		.byte	0x4a
 450 0394 96000000 		.4byte	0x96
 451 0398 0C       		.uleb128 0xc
 452 0399 A8030000 		.4byte	0x3a8
 453 039d A8030000 		.4byte	0x3a8
 454 03a1 0D       		.uleb128 0xd
 455 03a2 3C020000 		.4byte	0x23c
 456 03a6 FF       		.byte	0xff
ARM GAS  C:\Users\Asus\AppData\Local\Temp\ccU6u3u0.s 			page 9


 457 03a7 00       		.byte	0
 458 03a8 0E       		.uleb128 0xe
 459 03a9 6A000000 		.4byte	0x6a
 460 03ad 0F       		.uleb128 0xf
 461 03ae A2040000 		.4byte	.LASF61
 462 03b2 07       		.byte	0x7
 463 03b3 AB01     		.2byte	0x1ab
 464 03b5 B9030000 		.4byte	0x3b9
 465 03b9 0E       		.uleb128 0xe
 466 03ba 98030000 		.4byte	0x398
 467 03be 00       		.byte	0
 468              		.section	.debug_abbrev,"",%progbits
 469              	.Ldebug_abbrev0:
 470 0000 01       		.uleb128 0x1
 471 0001 11       		.uleb128 0x11
 472 0002 01       		.byte	0x1
 473 0003 25       		.uleb128 0x25
 474 0004 0E       		.uleb128 0xe
 475 0005 13       		.uleb128 0x13
 476 0006 0B       		.uleb128 0xb
 477 0007 03       		.uleb128 0x3
 478 0008 0E       		.uleb128 0xe
 479 0009 1B       		.uleb128 0x1b
 480 000a 0E       		.uleb128 0xe
 481 000b 10       		.uleb128 0x10
 482 000c 17       		.uleb128 0x17
 483 000d 00       		.byte	0
 484 000e 00       		.byte	0
 485 000f 02       		.uleb128 0x2
 486 0010 24       		.uleb128 0x24
 487 0011 00       		.byte	0
 488 0012 0B       		.uleb128 0xb
 489 0013 0B       		.uleb128 0xb
 490 0014 3E       		.uleb128 0x3e
 491 0015 0B       		.uleb128 0xb
 492 0016 03       		.uleb128 0x3
 493 0017 0E       		.uleb128 0xe
 494 0018 00       		.byte	0
 495 0019 00       		.byte	0
 496 001a 03       		.uleb128 0x3
 497 001b 24       		.uleb128 0x24
 498 001c 00       		.byte	0
 499 001d 0B       		.uleb128 0xb
 500 001e 0B       		.uleb128 0xb
 501 001f 3E       		.uleb128 0x3e
 502 0020 0B       		.uleb128 0xb
 503 0021 03       		.uleb128 0x3
 504 0022 08       		.uleb128 0x8
 505 0023 00       		.byte	0
 506 0024 00       		.byte	0
 507 0025 04       		.uleb128 0x4
 508 0026 16       		.uleb128 0x16
 509 0027 00       		.byte	0
 510 0028 03       		.uleb128 0x3
 511 0029 0E       		.uleb128 0xe
 512 002a 3A       		.uleb128 0x3a
 513 002b 0B       		.uleb128 0xb
ARM GAS  C:\Users\Asus\AppData\Local\Temp\ccU6u3u0.s 			page 10


 514 002c 3B       		.uleb128 0x3b
 515 002d 0B       		.uleb128 0xb
 516 002e 49       		.uleb128 0x49
 517 002f 13       		.uleb128 0x13
 518 0030 00       		.byte	0
 519 0031 00       		.byte	0
 520 0032 05       		.uleb128 0x5
 521 0033 16       		.uleb128 0x16
 522 0034 00       		.byte	0
 523 0035 03       		.uleb128 0x3
 524 0036 0E       		.uleb128 0xe
 525 0037 3A       		.uleb128 0x3a
 526 0038 0B       		.uleb128 0xb
 527 0039 3B       		.uleb128 0x3b
 528 003a 05       		.uleb128 0x5
 529 003b 49       		.uleb128 0x49
 530 003c 13       		.uleb128 0x13
 531 003d 00       		.byte	0
 532 003e 00       		.byte	0
 533 003f 06       		.uleb128 0x6
 534 0040 13       		.uleb128 0x13
 535 0041 01       		.byte	0x1
 536 0042 0B       		.uleb128 0xb
 537 0043 0B       		.uleb128 0xb
 538 0044 3A       		.uleb128 0x3a
 539 0045 0B       		.uleb128 0xb
 540 0046 3B       		.uleb128 0x3b
 541 0047 05       		.uleb128 0x5
 542 0048 01       		.uleb128 0x1
 543 0049 13       		.uleb128 0x13
 544 004a 00       		.byte	0
 545 004b 00       		.byte	0
 546 004c 07       		.uleb128 0x7
 547 004d 0D       		.uleb128 0xd
 548 004e 00       		.byte	0
 549 004f 03       		.uleb128 0x3
 550 0050 0E       		.uleb128 0xe
 551 0051 3A       		.uleb128 0x3a
 552 0052 0B       		.uleb128 0xb
 553 0053 3B       		.uleb128 0x3b
 554 0054 05       		.uleb128 0x5
 555 0055 49       		.uleb128 0x49
 556 0056 13       		.uleb128 0x13
 557 0057 38       		.uleb128 0x38
 558 0058 0B       		.uleb128 0xb
 559 0059 00       		.byte	0
 560 005a 00       		.byte	0
 561 005b 08       		.uleb128 0x8
 562 005c 04       		.uleb128 0x4
 563 005d 01       		.byte	0x1
 564 005e 0B       		.uleb128 0xb
 565 005f 0B       		.uleb128 0xb
 566 0060 49       		.uleb128 0x49
 567 0061 13       		.uleb128 0x13
 568 0062 3A       		.uleb128 0x3a
 569 0063 0B       		.uleb128 0xb
 570 0064 3B       		.uleb128 0x3b
ARM GAS  C:\Users\Asus\AppData\Local\Temp\ccU6u3u0.s 			page 11


 571 0065 05       		.uleb128 0x5
 572 0066 01       		.uleb128 0x1
 573 0067 13       		.uleb128 0x13
 574 0068 00       		.byte	0
 575 0069 00       		.byte	0
 576 006a 09       		.uleb128 0x9
 577 006b 28       		.uleb128 0x28
 578 006c 00       		.byte	0
 579 006d 03       		.uleb128 0x3
 580 006e 0E       		.uleb128 0xe
 581 006f 1C       		.uleb128 0x1c
 582 0070 0B       		.uleb128 0xb
 583 0071 00       		.byte	0
 584 0072 00       		.byte	0
 585 0073 0A       		.uleb128 0xa
 586 0074 0D       		.uleb128 0xd
 587 0075 00       		.byte	0
 588 0076 03       		.uleb128 0x3
 589 0077 08       		.uleb128 0x8
 590 0078 3A       		.uleb128 0x3a
 591 0079 0B       		.uleb128 0xb
 592 007a 3B       		.uleb128 0x3b
 593 007b 05       		.uleb128 0x5
 594 007c 49       		.uleb128 0x49
 595 007d 13       		.uleb128 0x13
 596 007e 38       		.uleb128 0x38
 597 007f 0B       		.uleb128 0xb
 598 0080 00       		.byte	0
 599 0081 00       		.byte	0
 600 0082 0B       		.uleb128 0xb
 601 0083 34       		.uleb128 0x34
 602 0084 00       		.byte	0
 603 0085 03       		.uleb128 0x3
 604 0086 0E       		.uleb128 0xe
 605 0087 3A       		.uleb128 0x3a
 606 0088 0B       		.uleb128 0xb
 607 0089 3B       		.uleb128 0x3b
 608 008a 0B       		.uleb128 0xb
 609 008b 49       		.uleb128 0x49
 610 008c 13       		.uleb128 0x13
 611 008d 3F       		.uleb128 0x3f
 612 008e 19       		.uleb128 0x19
 613 008f 3C       		.uleb128 0x3c
 614 0090 19       		.uleb128 0x19
 615 0091 00       		.byte	0
 616 0092 00       		.byte	0
 617 0093 0C       		.uleb128 0xc
 618 0094 01       		.uleb128 0x1
 619 0095 01       		.byte	0x1
 620 0096 49       		.uleb128 0x49
 621 0097 13       		.uleb128 0x13
 622 0098 01       		.uleb128 0x1
 623 0099 13       		.uleb128 0x13
 624 009a 00       		.byte	0
 625 009b 00       		.byte	0
 626 009c 0D       		.uleb128 0xd
 627 009d 21       		.uleb128 0x21
ARM GAS  C:\Users\Asus\AppData\Local\Temp\ccU6u3u0.s 			page 12


 628 009e 00       		.byte	0
 629 009f 49       		.uleb128 0x49
 630 00a0 13       		.uleb128 0x13
 631 00a1 2F       		.uleb128 0x2f
 632 00a2 0B       		.uleb128 0xb
 633 00a3 00       		.byte	0
 634 00a4 00       		.byte	0
 635 00a5 0E       		.uleb128 0xe
 636 00a6 26       		.uleb128 0x26
 637 00a7 00       		.byte	0
 638 00a8 49       		.uleb128 0x49
 639 00a9 13       		.uleb128 0x13
 640 00aa 00       		.byte	0
 641 00ab 00       		.byte	0
 642 00ac 0F       		.uleb128 0xf
 643 00ad 34       		.uleb128 0x34
 644 00ae 00       		.byte	0
 645 00af 03       		.uleb128 0x3
 646 00b0 0E       		.uleb128 0xe
 647 00b1 3A       		.uleb128 0x3a
 648 00b2 0B       		.uleb128 0xb
 649 00b3 3B       		.uleb128 0x3b
 650 00b4 05       		.uleb128 0x5
 651 00b5 49       		.uleb128 0x49
 652 00b6 13       		.uleb128 0x13
 653 00b7 3F       		.uleb128 0x3f
 654 00b8 19       		.uleb128 0x19
 655 00b9 3C       		.uleb128 0x3c
 656 00ba 19       		.uleb128 0x19
 657 00bb 00       		.byte	0
 658 00bc 00       		.byte	0
 659 00bd 00       		.byte	0
 660              		.section	.debug_aranges,"",%progbits
 661 0000 14000000 		.4byte	0x14
 662 0004 0200     		.2byte	0x2
 663 0006 00000000 		.4byte	.Ldebug_info0
 664 000a 04       		.byte	0x4
 665 000b 00       		.byte	0
 666 000c 0000     		.2byte	0
 667 000e 0000     		.2byte	0
 668 0010 00000000 		.4byte	0
 669 0014 00000000 		.4byte	0
 670              		.section	.debug_line,"",%progbits
 671              	.Ldebug_line0:
 672 0000 1C010000 		.section	.debug_str,"MS",%progbits,1
 672      02001601 
 672      00000201 
 672      FB0E0D00 
 672      01010101 
 673              	.LASF34:
 674 0000 6B696E64 		.ascii	"kind\000"
 674      00
 675              	.LASF51:
 676 0005 45455F72 		.ascii	"EE_rq_bitmask\000"
 676      715F6269 
 676      746D6173 
 676      6B00
ARM GAS  C:\Users\Asus\AppData\Local\Temp\ccU6u3u0.s 			page 13


 677              	.LASF14:
 678 0013 45455F55 		.ascii	"EE_UREG\000"
 678      52454700 
 679              	.LASF23:
 680 001b 7469636B 		.ascii	"ticksperbase\000"
 680      73706572 
 680      62617365 
 680      00
 681              	.LASF52:
 682 0028 45455F74 		.ascii	"EE_th_event_active\000"
 682      685F6576 
 682      656E745F 
 682      61637469 
 682      766500
 683              	.LASF53:
 684 003b 45455F74 		.ascii	"EE_th_waswaiting\000"
 684      685F7761 
 684      73776169 
 684      74696E67 
 684      00
 685              	.LASF2:
 686 004c 73686F72 		.ascii	"short int\000"
 686      7420696E 
 686      7400
 687              	.LASF43:
 688 0056 73697A65 		.ascii	"sizetype\000"
 688      74797065 
 688      00
 689              	.LASF41:
 690 005f 45455F49 		.ascii	"EE_IRQ_nesting_level\000"
 690      52515F6E 
 690      65737469 
 690      6E675F6C 
 690      6576656C 
 691              	.LASF38:
 692 0074 64656C74 		.ascii	"delta\000"
 692      6100
 693              	.LASF33:
 694 007a 73706563 		.ascii	"spec_id\000"
 694      5F696400 
 695              	.LASF15:
 696 0082 45455F46 		.ascii	"EE_FREG\000"
 696      52454700 
 697              	.LASF32:
 698 008a 436F756E 		.ascii	"CounterObjectKindType\000"
 698      7465724F 
 698      626A6563 
 698      744B696E 
 698      64547970 
 699              	.LASF13:
 700 00a0 45455F55 		.ascii	"EE_UINT32\000"
 700      494E5433 
 700      3200
 701              	.LASF44:
 702 00aa 45455F74 		.ascii	"EE_th_ready_prio\000"
 702      685F7265 
 702      6164795F 
ARM GAS  C:\Users\Asus\AppData\Local\Temp\ccU6u3u0.s 			page 14


 702      7072696F 
 702      00
 703              	.LASF17:
 704 00bb 45455F54 		.ascii	"EE_TID\000"
 704      494400
 705              	.LASF24:
 706 00c2 6D696E63 		.ascii	"mincycle\000"
 706      79636C65 
 706      00
 707              	.LASF26:
 708 00cb 76616C75 		.ascii	"value\000"
 708      6500
 709              	.LASF55:
 710 00d1 45455F6F 		.ascii	"EE_oo_counter_object_ROM\000"
 710      6F5F636F 
 710      756E7465 
 710      725F6F62 
 710      6A656374 
 711              	.LASF31:
 712 00ea 45455F6F 		.ascii	"EE_oo_counter_object_kind_type\000"
 712      6F5F636F 
 712      756E7465 
 712      725F6F62 
 712      6A656374 
 713              	.LASF63:
 714 0109 47656E65 		.ascii	"Generated_Source\\PSoC5\\ErikaOS_1_ee_ulockallres.c"
 714      72617465 
 714      645F536F 
 714      75726365 
 714      5C50536F 
 715 013a 00       		.ascii	"\000"
 716              	.LASF28:
 717 013b 45455F6F 		.ascii	"EE_oo_counter_RAM_type\000"
 717      6F5F636F 
 717      756E7465 
 717      725F5241 
 717      4D5F7479 
 718              	.LASF6:
 719 0152 6C6F6E67 		.ascii	"long long int\000"
 719      206C6F6E 
 719      6720696E 
 719      7400
 720              	.LASF10:
 721 0160 45455F49 		.ascii	"EE_INT8\000"
 721      4E543800 
 722              	.LASF59:
 723 0168 45455F6F 		.ascii	"EE_oo_IRQ_suspend_status\000"
 723      6F5F4952 
 723      515F7375 
 723      7370656E 
 723      645F7374 
 724              	.LASF18:
 725 0181 45455F54 		.ascii	"EE_TYPE_RQ_MASK\000"
 725      5950455F 
 725      52515F4D 
 725      41534B00 
 726              	.LASF30:
ARM GAS  C:\Users\Asus\AppData\Local\Temp\ccU6u3u0.s 			page 15


 727 0191 45455F53 		.ascii	"EE_SCHEDULETABLE\000"
 727      43484544 
 727      554C4554 
 727      41424C45 
 727      00
 728              	.LASF4:
 729 01a2 6C6F6E67 		.ascii	"long int\000"
 729      20696E74 
 729      00
 730              	.LASF22:
 731 01ab 6D617861 		.ascii	"maxallowedvalue\000"
 731      6C6C6F77 
 731      65647661 
 731      6C756500 
 732              	.LASF40:
 733 01bb 45455F6F 		.ascii	"EE_oo_counter_object_RAM_type\000"
 733      6F5F636F 
 733      756E7465 
 733      725F6F62 
 733      6A656374 
 734              	.LASF25:
 735 01d9 45455F6F 		.ascii	"EE_oo_counter_ROM_type\000"
 735      6F5F636F 
 735      756E7465 
 735      725F524F 
 735      4D5F7479 
 736              	.LASF19:
 737 01f0 5469636B 		.ascii	"TickType\000"
 737      54797065 
 737      00
 738              	.LASF50:
 739 01f9 45455F73 		.ascii	"EE_sys_ceiling\000"
 739      79735F63 
 739      65696C69 
 739      6E6700
 740              	.LASF20:
 741 0208 436F756E 		.ascii	"CounterObjectType\000"
 741      7465724F 
 741      626A6563 
 741      74547970 
 741      6500
 742              	.LASF9:
 743 021a 6C6F6E67 		.ascii	"long double\000"
 743      20646F75 
 743      626C6500 
 744              	.LASF54:
 745 0226 45455F63 		.ascii	"EE_counter_ROM\000"
 745      6F756E74 
 745      65725F52 
 745      4F4D00
 746              	.LASF1:
 747 0235 756E7369 		.ascii	"unsigned char\000"
 747      676E6564 
 747      20636861 
 747      7200
 748              	.LASF57:
 749 0243 45455F6F 		.ascii	"EE_oo_counter_object_RAM\000"
ARM GAS  C:\Users\Asus\AppData\Local\Temp\ccU6u3u0.s 			page 16


 749      6F5F636F 
 749      756E7465 
 749      725F6F62 
 749      6A656374 
 750              	.LASF0:
 751 025c 7369676E 		.ascii	"signed char\000"
 751      65642063 
 751      68617200 
 752              	.LASF7:
 753 0268 6C6F6E67 		.ascii	"long long unsigned int\000"
 753      206C6F6E 
 753      6720756E 
 753      7369676E 
 753      65642069 
 754              	.LASF8:
 755 027f 756E7369 		.ascii	"unsigned int\000"
 755      676E6564 
 755      20696E74 
 755      00
 756              	.LASF48:
 757 028c 45455F74 		.ascii	"EE_th_rnact\000"
 757      685F726E 
 757      61637400 
 758              	.LASF42:
 759 0298 45455F73 		.ascii	"EE_std_endcycle_next_tid\000"
 759      74645F65 
 759      6E646379 
 759      636C655F 
 759      6E657874 
 760              	.LASF12:
 761 02b1 45455F49 		.ascii	"EE_INT32\000"
 761      4E543332 
 761      00
 762              	.LASF64:
 763 02ba 433A5C55 		.ascii	"C:\\Users\\Asus\\Desktop\\HDA\\Semester_2\\EAA\\Lab"
 763      73657273 
 763      5C417375 
 763      735C4465 
 763      736B746F 
 764 02e6 5C4C6162 		.ascii	"\\Lab01\\Electronic_Gaspedal\\Electronic_Gaspedal\\"
 764      30315C45 
 764      6C656374 
 764      726F6E69 
 764      635F4761 
 765 0315 4C616230 		.ascii	"Lab01.cydsn\000"
 765      312E6379 
 765      64736E00 
 766              	.LASF3:
 767 0321 73686F72 		.ascii	"short unsigned int\000"
 767      7420756E 
 767      7369676E 
 767      65642069 
 767      6E7400
 768              	.LASF35:
 769 0334 45455F6F 		.ascii	"EE_oo_counter_object_ROM_type\000"
 769      6F5F636F 
 769      756E7465 
ARM GAS  C:\Users\Asus\AppData\Local\Temp\ccU6u3u0.s 			page 17


 769      725F6F62 
 769      6A656374 
 770              	.LASF11:
 771 0352 45455F55 		.ascii	"EE_UINT16\000"
 771      494E5431 
 771      3600
 772              	.LASF56:
 773 035c 45455F63 		.ascii	"EE_counter_RAM\000"
 773      6F756E74 
 773      65725F52 
 773      414D00
 774              	.LASF60:
 775 036b 45455F41 		.ascii	"EE_ApplicationMode\000"
 775      70706C69 
 775      63617469 
 775      6F6E4D6F 
 775      646500
 776              	.LASF5:
 777 037e 6C6F6E67 		.ascii	"long unsigned int\000"
 777      20756E73 
 777      69676E65 
 777      6420696E 
 777      7400
 778              	.LASF16:
 779 0390 45455F54 		.ascii	"EE_TYPEBOOL\000"
 779      59504542 
 779      4F4F4C00 
 780              	.LASF49:
 781 039c 45455F73 		.ascii	"EE_stkfirst\000"
 781      746B6669 
 781      72737400 
 782              	.LASF29:
 783 03a8 45455F41 		.ascii	"EE_ALARM\000"
 783      4C41524D 
 783      00
 784              	.LASF36:
 785 03b1 75736564 		.ascii	"used\000"
 785      00
 786              	.LASF21:
 787 03b6 436F756E 		.ascii	"CounterType\000"
 787      74657254 
 787      79706500 
 788              	.LASF46:
 789 03c2 45455F74 		.ascii	"EE_th_status\000"
 789      685F7374 
 789      61747573 
 789      00
 790              	.LASF45:
 791 03cf 45455F74 		.ascii	"EE_th_dispatch_prio\000"
 791      685F6469 
 791      73706174 
 791      63685F70 
 791      72696F00 
 792              	.LASF47:
 793 03e3 45455F74 		.ascii	"EE_th_next\000"
 793      685F6E65 
 793      787400
ARM GAS  C:\Users\Asus\AppData\Local\Temp\ccU6u3u0.s 			page 18


 794              	.LASF62:
 795 03ee 474E5520 		.ascii	"GNU C11 5.4.1 20160609 (release) [ARM/embedded-5-br"
 795      43313120 
 795      352E342E 
 795      31203230 
 795      31363036 
 796 0421 616E6368 		.ascii	"anch revision 237715] -mcpu=cortex-m3 -mthumb -g -O"
 796      20726576 
 796      6973696F 
 796      6E203233 
 796      37373135 
 797 0454 67202D66 		.ascii	"g -ffunction-sections -ffat-lto-objects\000"
 797      66756E63 
 797      74696F6E 
 797      2D736563 
 797      74696F6E 
 798              	.LASF37:
 799 047c 636E7463 		.ascii	"cntcycle\000"
 799      79636C65 
 799      00
 800              	.LASF58:
 801 0485 45455F6F 		.ascii	"EE_oo_IRQ_disable_count\000"
 801      6F5F4952 
 801      515F6469 
 801      7361626C 
 801      655F636F 
 802              	.LASF39:
 803 049d 6E657874 		.ascii	"next\000"
 803      00
 804              	.LASF61:
 805 04a2 45455F72 		.ascii	"EE_rq_lookup\000"
 805      715F6C6F 
 805      6F6B7570 
 805      00
 806              	.LASF27:
 807 04af 66697273 		.ascii	"first\000"
 807      7400
 808              		.ident	"GCC: (GNU Tools for ARM Embedded Processors) 5.4.1 20160609 (release) [ARM/embedded-5-bran
