ARM GAS  C:\Users\Asus\AppData\Local\Temp\cc43WlbF.s 			page 1


   1              		.syntax unified
   2              		.cpu cortex-m3
   3              		.fpu softvfp
   4              		.eabi_attribute 20, 1
   5              		.eabi_attribute 21, 1
   6              		.eabi_attribute 23, 3
   7              		.eabi_attribute 24, 1
   8              		.eabi_attribute 25, 1
   9              		.eabi_attribute 26, 1
  10              		.eabi_attribute 30, 1
  11              		.eabi_attribute 34, 1
  12              		.eabi_attribute 18, 4
  13              		.thumb
  14              		.syntax unified
  15              		.file	"ErikaOS_1_ee_tnterm.c"
  16              		.text
  17              	.Ltext0:
  18              		.cfi_sections	.debug_frame
  19              		.section	.text.EE_thread_not_terminated,"ax",%progbits
  20              		.align	2
  21              		.global	EE_thread_not_terminated
  22              		.thumb
  23              		.thumb_func
  24              		.type	EE_thread_not_terminated, %function
  25              	EE_thread_not_terminated:
  26              	.LFB70:
  27              		.file 1 "Generated_Source\\PSoC5\\ErikaOS_1_ee_tnterm.c"
   1:Generated_Source\PSoC5/ErikaOS_1_ee_tnterm.c **** /* ###*B*###
   2:Generated_Source\PSoC5/ErikaOS_1_ee_tnterm.c ****  * ERIKA Enterprise - a tiny RTOS for small microcontrollers
   3:Generated_Source\PSoC5/ErikaOS_1_ee_tnterm.c ****  *
   4:Generated_Source\PSoC5/ErikaOS_1_ee_tnterm.c ****  * Copyright (C) 2002-2011  Evidence Srl
   5:Generated_Source\PSoC5/ErikaOS_1_ee_tnterm.c ****  *
   6:Generated_Source\PSoC5/ErikaOS_1_ee_tnterm.c ****  * This file is part of ERIKA Enterprise.
   7:Generated_Source\PSoC5/ErikaOS_1_ee_tnterm.c ****  *
   8:Generated_Source\PSoC5/ErikaOS_1_ee_tnterm.c ****  * ERIKA Enterprise is free software; you can redistribute it
   9:Generated_Source\PSoC5/ErikaOS_1_ee_tnterm.c ****  * and/or modify it under the terms of the GNU General Public License
  10:Generated_Source\PSoC5/ErikaOS_1_ee_tnterm.c ****  * version 2 as published by the Free Software Foundation, 
  11:Generated_Source\PSoC5/ErikaOS_1_ee_tnterm.c ****  * (with a special exception described below).
  12:Generated_Source\PSoC5/ErikaOS_1_ee_tnterm.c ****  *
  13:Generated_Source\PSoC5/ErikaOS_1_ee_tnterm.c ****  * Linking this code statically or dynamically with other modules is
  14:Generated_Source\PSoC5/ErikaOS_1_ee_tnterm.c ****  * making a combined work based on this code.  Thus, the terms and
  15:Generated_Source\PSoC5/ErikaOS_1_ee_tnterm.c ****  * conditions of the GNU General Public License cover the whole
  16:Generated_Source\PSoC5/ErikaOS_1_ee_tnterm.c ****  * combination.
  17:Generated_Source\PSoC5/ErikaOS_1_ee_tnterm.c ****  *
  18:Generated_Source\PSoC5/ErikaOS_1_ee_tnterm.c ****  * As a special exception, the copyright holders of this library give you
  19:Generated_Source\PSoC5/ErikaOS_1_ee_tnterm.c ****  * permission to link this code with independent modules to produce an
  20:Generated_Source\PSoC5/ErikaOS_1_ee_tnterm.c ****  * executable, regardless of the license terms of these independent
  21:Generated_Source\PSoC5/ErikaOS_1_ee_tnterm.c ****  * modules, and to copy and distribute the resulting executable under
  22:Generated_Source\PSoC5/ErikaOS_1_ee_tnterm.c ****  * terms of your choice, provided that you also meet, for each linked
  23:Generated_Source\PSoC5/ErikaOS_1_ee_tnterm.c ****  * independent module, the terms and conditions of the license of that
  24:Generated_Source\PSoC5/ErikaOS_1_ee_tnterm.c ****  * module.  An independent module is a module which is not derived from
  25:Generated_Source\PSoC5/ErikaOS_1_ee_tnterm.c ****  * or based on this library.  If you modify this code, you may extend
  26:Generated_Source\PSoC5/ErikaOS_1_ee_tnterm.c ****  * this exception to your version of the code, but you are not
  27:Generated_Source\PSoC5/ErikaOS_1_ee_tnterm.c ****  * obligated to do so.  If you do not wish to do so, delete this
  28:Generated_Source\PSoC5/ErikaOS_1_ee_tnterm.c ****  * exception statement from your version.
  29:Generated_Source\PSoC5/ErikaOS_1_ee_tnterm.c ****  *
  30:Generated_Source\PSoC5/ErikaOS_1_ee_tnterm.c ****  * ERIKA Enterprise is distributed in the hope that it will be
ARM GAS  C:\Users\Asus\AppData\Local\Temp\cc43WlbF.s 			page 2


  31:Generated_Source\PSoC5/ErikaOS_1_ee_tnterm.c ****  * useful, but WITHOUT ANY WARRANTY; without even the implied warranty
  32:Generated_Source\PSoC5/ErikaOS_1_ee_tnterm.c ****  * of MERCHANTABILITY or FITNESS FOR A PARTICULAR PURPOSE.  See the
  33:Generated_Source\PSoC5/ErikaOS_1_ee_tnterm.c ****  * GNU General Public License version 2 for more details.
  34:Generated_Source\PSoC5/ErikaOS_1_ee_tnterm.c ****  *
  35:Generated_Source\PSoC5/ErikaOS_1_ee_tnterm.c ****  * You should have received a copy of the GNU General Public License
  36:Generated_Source\PSoC5/ErikaOS_1_ee_tnterm.c ****  * version 2 along with ERIKA Enterprise; if not, write to the
  37:Generated_Source\PSoC5/ErikaOS_1_ee_tnterm.c ****  * Free Software Foundation, Inc., 51 Franklin Street, Fifth Floor,
  38:Generated_Source\PSoC5/ErikaOS_1_ee_tnterm.c ****  * Boston, MA 02110-1301 USA.
  39:Generated_Source\PSoC5/ErikaOS_1_ee_tnterm.c ****  * ###*E*### */
  40:Generated_Source\PSoC5/ErikaOS_1_ee_tnterm.c **** 
  41:Generated_Source\PSoC5/ErikaOS_1_ee_tnterm.c **** /*
  42:Generated_Source\PSoC5/ErikaOS_1_ee_tnterm.c ****  * Author: 2011 Errico Guidieri
  43:Generated_Source\PSoC5/ErikaOS_1_ee_tnterm.c ****  */
  44:Generated_Source\PSoC5/ErikaOS_1_ee_tnterm.c **** 
  45:Generated_Source\PSoC5/ErikaOS_1_ee_tnterm.c **** /*
  46:Generated_Source\PSoC5/ErikaOS_1_ee_tnterm.c ****  * PSoC Port and API Generation
  47:Generated_Source\PSoC5/ErikaOS_1_ee_tnterm.c ****  * Carlos Fernando Meier Martinez
  48:Generated_Source\PSoC5/ErikaOS_1_ee_tnterm.c ****  * Hochschule Darmstadt, Germany. 2017.
  49:Generated_Source\PSoC5/ErikaOS_1_ee_tnterm.c ****  */
  50:Generated_Source\PSoC5/ErikaOS_1_ee_tnterm.c **** 
  51:Generated_Source\PSoC5/ErikaOS_1_ee_tnterm.c **** #include "ErikaOS_1_ee_internal.inc"
  52:Generated_Source\PSoC5/ErikaOS_1_ee_tnterm.c **** 
  53:Generated_Source\PSoC5/ErikaOS_1_ee_tnterm.c **** /* EE_thread_not_terminated:
  54:Generated_Source\PSoC5/ErikaOS_1_ee_tnterm.c ****    - This is the function that is called if task body doesn't call correctly
  55:Generated_Source\PSoC5/ErikaOS_1_ee_tnterm.c ****      TerminateTask
  56:Generated_Source\PSoC5/ErikaOS_1_ee_tnterm.c ****    Needed tuo fulfill Autosar OS software requirements OS052 OS069 OS070 OS239
  57:Generated_Source\PSoC5/ErikaOS_1_ee_tnterm.c **** */
  58:Generated_Source\PSoC5/ErikaOS_1_ee_tnterm.c **** 
  59:Generated_Source\PSoC5/ErikaOS_1_ee_tnterm.c **** #ifndef PRIVATE_THREANTERMINATED
  60:Generated_Source\PSoC5/ErikaOS_1_ee_tnterm.c **** void EE_thread_not_terminated(void)
  61:Generated_Source\PSoC5/ErikaOS_1_ee_tnterm.c **** {
  28              		.loc 1 61 0
  29              		.cfi_startproc
  30              		@ args = 0, pretend = 0, frame = 0
  31              		@ frame_needed = 0, uses_anonymous_args = 0
  32 0000 08B5     		push	{r3, lr}
  33              		.cfi_def_cfa_offset 8
  34              		.cfi_offset 3, -8
  35              		.cfi_offset 14, -4
  36              	.LBB10:
  37              	.LBB11:
  38              	.LBB12:
  39              		.file 2 "Generated_Source\\PSoC5\\ErikaOS_1_cortex_mx_ee_cpu.inc"
   1:Generated_Source\PSoC5/ErikaOS_1_cortex_mx_ee_cpu.inc **** /* ###*B*###
   2:Generated_Source\PSoC5/ErikaOS_1_cortex_mx_ee_cpu.inc ****  * ERIKA Enterprise - a tiny RTOS for small microcontrollers
   3:Generated_Source\PSoC5/ErikaOS_1_cortex_mx_ee_cpu.inc ****  *
   4:Generated_Source\PSoC5/ErikaOS_1_cortex_mx_ee_cpu.inc ****  * Copyright (C) 2002-2011  Evidence Srl
   5:Generated_Source\PSoC5/ErikaOS_1_cortex_mx_ee_cpu.inc ****  *
   6:Generated_Source\PSoC5/ErikaOS_1_cortex_mx_ee_cpu.inc ****  * This file is part of ERIKA Enterprise.
   7:Generated_Source\PSoC5/ErikaOS_1_cortex_mx_ee_cpu.inc ****  *
   8:Generated_Source\PSoC5/ErikaOS_1_cortex_mx_ee_cpu.inc ****  * ERIKA Enterprise is free software; you can redistribute it
   9:Generated_Source\PSoC5/ErikaOS_1_cortex_mx_ee_cpu.inc ****  * and/or modify it under the terms of the GNU General Public License
  10:Generated_Source\PSoC5/ErikaOS_1_cortex_mx_ee_cpu.inc ****  * version 2 as published by the Free Software Foundation, 
  11:Generated_Source\PSoC5/ErikaOS_1_cortex_mx_ee_cpu.inc ****  * (with a special exception described below).
  12:Generated_Source\PSoC5/ErikaOS_1_cortex_mx_ee_cpu.inc ****  *
  13:Generated_Source\PSoC5/ErikaOS_1_cortex_mx_ee_cpu.inc ****  * Linking this code statically or dynamically with other modules is
  14:Generated_Source\PSoC5/ErikaOS_1_cortex_mx_ee_cpu.inc ****  * making a combined work based on this code.  Thus, the terms and
ARM GAS  C:\Users\Asus\AppData\Local\Temp\cc43WlbF.s 			page 3


  15:Generated_Source\PSoC5/ErikaOS_1_cortex_mx_ee_cpu.inc ****  * conditions of the GNU General Public License cover the whole
  16:Generated_Source\PSoC5/ErikaOS_1_cortex_mx_ee_cpu.inc ****  * combination.
  17:Generated_Source\PSoC5/ErikaOS_1_cortex_mx_ee_cpu.inc ****  *
  18:Generated_Source\PSoC5/ErikaOS_1_cortex_mx_ee_cpu.inc ****  * As a special exception, the copyright holders of this library give you
  19:Generated_Source\PSoC5/ErikaOS_1_cortex_mx_ee_cpu.inc ****  * permission to link this code with independent modules to produce an
  20:Generated_Source\PSoC5/ErikaOS_1_cortex_mx_ee_cpu.inc ****  * executable, regardless of the license terms of these independent
  21:Generated_Source\PSoC5/ErikaOS_1_cortex_mx_ee_cpu.inc ****  * modules, and to copy and distribute the resulting executable under
  22:Generated_Source\PSoC5/ErikaOS_1_cortex_mx_ee_cpu.inc ****  * terms of your choice, provided that you also meet, for each linked
  23:Generated_Source\PSoC5/ErikaOS_1_cortex_mx_ee_cpu.inc ****  * independent module, the terms and conditions of the license of that
  24:Generated_Source\PSoC5/ErikaOS_1_cortex_mx_ee_cpu.inc ****  * module.  An independent module is a module which is not derived from
  25:Generated_Source\PSoC5/ErikaOS_1_cortex_mx_ee_cpu.inc ****  * or based on this library.  If you modify this code, you may extend
  26:Generated_Source\PSoC5/ErikaOS_1_cortex_mx_ee_cpu.inc ****  * this exception to your version of the code, but you are not
  27:Generated_Source\PSoC5/ErikaOS_1_cortex_mx_ee_cpu.inc ****  * obligated to do so.  If you do not wish to do so, delete this
  28:Generated_Source\PSoC5/ErikaOS_1_cortex_mx_ee_cpu.inc ****  * exception statement from your version.
  29:Generated_Source\PSoC5/ErikaOS_1_cortex_mx_ee_cpu.inc ****  *
  30:Generated_Source\PSoC5/ErikaOS_1_cortex_mx_ee_cpu.inc ****  * ERIKA Enterprise is distributed in the hope that it will be
  31:Generated_Source\PSoC5/ErikaOS_1_cortex_mx_ee_cpu.inc ****  * useful, but WITHOUT ANY WARRANTY; without even the implied warranty
  32:Generated_Source\PSoC5/ErikaOS_1_cortex_mx_ee_cpu.inc ****  * of MERCHANTABILITY or FITNESS FOR A PARTICULAR PURPOSE.  See the
  33:Generated_Source\PSoC5/ErikaOS_1_cortex_mx_ee_cpu.inc ****  * GNU General Public License version 2 for more details.
  34:Generated_Source\PSoC5/ErikaOS_1_cortex_mx_ee_cpu.inc ****  *
  35:Generated_Source\PSoC5/ErikaOS_1_cortex_mx_ee_cpu.inc ****  * You should have received a copy of the GNU General Public License
  36:Generated_Source\PSoC5/ErikaOS_1_cortex_mx_ee_cpu.inc ****  * version 2 along with ERIKA Enterprise; if not, write to the
  37:Generated_Source\PSoC5/ErikaOS_1_cortex_mx_ee_cpu.inc ****  * Free Software Foundation, Inc., 51 Franklin Street, Fifth Floor,
  38:Generated_Source\PSoC5/ErikaOS_1_cortex_mx_ee_cpu.inc ****  * Boston, MA 02110-1301 USA.
  39:Generated_Source\PSoC5/ErikaOS_1_cortex_mx_ee_cpu.inc ****  * ###*E*### */
  40:Generated_Source\PSoC5/ErikaOS_1_cortex_mx_ee_cpu.inc **** 
  41:Generated_Source\PSoC5/ErikaOS_1_cortex_mx_ee_cpu.inc **** /** 
  42:Generated_Source\PSoC5/ErikaOS_1_cortex_mx_ee_cpu.inc **** 	@file ee_cpu.h
  43:Generated_Source\PSoC5/ErikaOS_1_cortex_mx_ee_cpu.inc **** 	@brief CPU-dependent part of HAL. Derived from pkg/cpu/pic30/inc/ee_cpu.h
  44:Generated_Source\PSoC5/ErikaOS_1_cortex_mx_ee_cpu.inc **** 	@author Gianluca Franchino
  45:Generated_Source\PSoC5/ErikaOS_1_cortex_mx_ee_cpu.inc **** 	@author Giuseppe Serano
  46:Generated_Source\PSoC5/ErikaOS_1_cortex_mx_ee_cpu.inc **** 	@date 2011
  47:Generated_Source\PSoC5/ErikaOS_1_cortex_mx_ee_cpu.inc **** */ 
  48:Generated_Source\PSoC5/ErikaOS_1_cortex_mx_ee_cpu.inc ****     
  49:Generated_Source\PSoC5/ErikaOS_1_cortex_mx_ee_cpu.inc **** /*
  50:Generated_Source\PSoC5/ErikaOS_1_cortex_mx_ee_cpu.inc ****  * PSoC Port and API Generation
  51:Generated_Source\PSoC5/ErikaOS_1_cortex_mx_ee_cpu.inc ****  * Carlos Fernando Meier Martinez
  52:Generated_Source\PSoC5/ErikaOS_1_cortex_mx_ee_cpu.inc ****  * Hochschule Darmstadt, Germany. 2017.
  53:Generated_Source\PSoC5/ErikaOS_1_cortex_mx_ee_cpu.inc ****  */
  54:Generated_Source\PSoC5/ErikaOS_1_cortex_mx_ee_cpu.inc **** 
  55:Generated_Source\PSoC5/ErikaOS_1_cortex_mx_ee_cpu.inc **** #ifndef __INCLUDE_CORTEX_MX_EE_CPU_H__
  56:Generated_Source\PSoC5/ErikaOS_1_cortex_mx_ee_cpu.inc **** #define __INCLUDE_CORTEX_MX_EE_CPU_H__
  57:Generated_Source\PSoC5/ErikaOS_1_cortex_mx_ee_cpu.inc **** 
  58:Generated_Source\PSoC5/ErikaOS_1_cortex_mx_ee_cpu.inc **** #include "ErikaOS_1_eecfg.inc"
  59:Generated_Source\PSoC5/ErikaOS_1_cortex_mx_ee_cpu.inc **** 
  60:Generated_Source\PSoC5/ErikaOS_1_cortex_mx_ee_cpu.inc **** 
  61:Generated_Source\PSoC5/ErikaOS_1_cortex_mx_ee_cpu.inc **** #ifdef __GNU__
  62:Generated_Source\PSoC5/ErikaOS_1_cortex_mx_ee_cpu.inc **** #include "ErikaOS_1_common_ee_compiler_gcc.inc"
  63:Generated_Source\PSoC5/ErikaOS_1_cortex_mx_ee_cpu.inc **** #endif
  64:Generated_Source\PSoC5/ErikaOS_1_cortex_mx_ee_cpu.inc **** 
  65:Generated_Source\PSoC5/ErikaOS_1_cortex_mx_ee_cpu.inc **** /* Initial stack offset (in words): Used in multistack. */
  66:Generated_Source\PSoC5/ErikaOS_1_cortex_mx_ee_cpu.inc **** #ifndef CORTEX_MX_INIT_TOS_OFFSET
  67:Generated_Source\PSoC5/ErikaOS_1_cortex_mx_ee_cpu.inc **** #define CORTEX_MX_INIT_TOS_OFFSET 10
  68:Generated_Source\PSoC5/ErikaOS_1_cortex_mx_ee_cpu.inc **** #endif
  69:Generated_Source\PSoC5/ErikaOS_1_cortex_mx_ee_cpu.inc **** 
  70:Generated_Source\PSoC5/ErikaOS_1_cortex_mx_ee_cpu.inc **** /*************************************************************************
  71:Generated_Source\PSoC5/ErikaOS_1_cortex_mx_ee_cpu.inc ****  HAL Types and structures
ARM GAS  C:\Users\Asus\AppData\Local\Temp\cc43WlbF.s 			page 4


  72:Generated_Source\PSoC5/ErikaOS_1_cortex_mx_ee_cpu.inc ****  *************************************************************************/
  73:Generated_Source\PSoC5/ErikaOS_1_cortex_mx_ee_cpu.inc **** 
  74:Generated_Source\PSoC5/ErikaOS_1_cortex_mx_ee_cpu.inc **** /* Primitive data types */
  75:Generated_Source\PSoC5/ErikaOS_1_cortex_mx_ee_cpu.inc **** #include "ErikaOS_1_common_ee_types.inc"
  76:Generated_Source\PSoC5/ErikaOS_1_cortex_mx_ee_cpu.inc **** 
  77:Generated_Source\PSoC5/ErikaOS_1_cortex_mx_ee_cpu.inc **** typedef EE_UINT32 EE_UREG;
  78:Generated_Source\PSoC5/ErikaOS_1_cortex_mx_ee_cpu.inc **** typedef EE_INT32  EE_SREG;
  79:Generated_Source\PSoC5/ErikaOS_1_cortex_mx_ee_cpu.inc **** typedef EE_UINT32 EE_FREG;
  80:Generated_Source\PSoC5/ErikaOS_1_cortex_mx_ee_cpu.inc **** #define EE_UREG_SIZE 4
  81:Generated_Source\PSoC5/ErikaOS_1_cortex_mx_ee_cpu.inc **** 
  82:Generated_Source\PSoC5/ErikaOS_1_cortex_mx_ee_cpu.inc **** /* boolean type */
  83:Generated_Source\PSoC5/ErikaOS_1_cortex_mx_ee_cpu.inc **** #ifndef EE_TYPEBOOL
  84:Generated_Source\PSoC5/ErikaOS_1_cortex_mx_ee_cpu.inc **** typedef EE_UREG EE_TYPEBOOL;
  85:Generated_Source\PSoC5/ErikaOS_1_cortex_mx_ee_cpu.inc **** #endif
  86:Generated_Source\PSoC5/ErikaOS_1_cortex_mx_ee_cpu.inc **** 
  87:Generated_Source\PSoC5/ErikaOS_1_cortex_mx_ee_cpu.inc **** /* boolean true define */
  88:Generated_Source\PSoC5/ErikaOS_1_cortex_mx_ee_cpu.inc **** #ifndef EE_TRUE
  89:Generated_Source\PSoC5/ErikaOS_1_cortex_mx_ee_cpu.inc **** #define EE_TRUE ((EE_TYPEBOOL)1U)
  90:Generated_Source\PSoC5/ErikaOS_1_cortex_mx_ee_cpu.inc **** #endif
  91:Generated_Source\PSoC5/ErikaOS_1_cortex_mx_ee_cpu.inc **** 
  92:Generated_Source\PSoC5/ErikaOS_1_cortex_mx_ee_cpu.inc **** /* boolean false define */
  93:Generated_Source\PSoC5/ErikaOS_1_cortex_mx_ee_cpu.inc **** #ifndef EE_FALSE
  94:Generated_Source\PSoC5/ErikaOS_1_cortex_mx_ee_cpu.inc **** #define EE_FALSE ((EE_TYPEBOOL)0U)
  95:Generated_Source\PSoC5/ErikaOS_1_cortex_mx_ee_cpu.inc **** #endif
  96:Generated_Source\PSoC5/ErikaOS_1_cortex_mx_ee_cpu.inc **** 
  97:Generated_Source\PSoC5/ErikaOS_1_cortex_mx_ee_cpu.inc **** #define	EE_HWREG_PTR		volatile EE_UREG *
  98:Generated_Source\PSoC5/ErikaOS_1_cortex_mx_ee_cpu.inc **** #define	EE_HWREG_ADDR(x)	((EE_HWREG_PTR)(x))
  99:Generated_Source\PSoC5/ErikaOS_1_cortex_mx_ee_cpu.inc **** #define	EE_HWREG(x)		(*EE_HWREG_ADDR(x))
 100:Generated_Source\PSoC5/ErikaOS_1_cortex_mx_ee_cpu.inc **** 
 101:Generated_Source\PSoC5/ErikaOS_1_cortex_mx_ee_cpu.inc **** #ifdef __GNU__
 102:Generated_Source\PSoC5/ErikaOS_1_cortex_mx_ee_cpu.inc **** 
 103:Generated_Source\PSoC5/ErikaOS_1_cortex_mx_ee_cpu.inc **** /* Get current SP */
 104:Generated_Source\PSoC5/ErikaOS_1_cortex_mx_ee_cpu.inc **** __INLINE__ EE_UINT32  __current_sp(void)
 105:Generated_Source\PSoC5/ErikaOS_1_cortex_mx_ee_cpu.inc **** {
 106:Generated_Source\PSoC5/ErikaOS_1_cortex_mx_ee_cpu.inc **** EE_UINT32 temp;
 107:Generated_Source\PSoC5/ErikaOS_1_cortex_mx_ee_cpu.inc **** __ASM ("mov %0, sp" : "=r" (temp) : );
 108:Generated_Source\PSoC5/ErikaOS_1_cortex_mx_ee_cpu.inc **** return temp;
 109:Generated_Source\PSoC5/ErikaOS_1_cortex_mx_ee_cpu.inc **** }
 110:Generated_Source\PSoC5/ErikaOS_1_cortex_mx_ee_cpu.inc **** 
 111:Generated_Source\PSoC5/ErikaOS_1_cortex_mx_ee_cpu.inc **** /* Set a breakpoint */
 112:Generated_Source\PSoC5/ErikaOS_1_cortex_mx_ee_cpu.inc **** #define __breakpoint(value)	__ASM ("bkpt "#value)
 113:Generated_Source\PSoC5/ErikaOS_1_cortex_mx_ee_cpu.inc **** 
 114:Generated_Source\PSoC5/ErikaOS_1_cortex_mx_ee_cpu.inc **** #endif
 115:Generated_Source\PSoC5/ErikaOS_1_cortex_mx_ee_cpu.inc **** 
 116:Generated_Source\PSoC5/ErikaOS_1_cortex_mx_ee_cpu.inc **** /* ISR Priority representation type */
 117:Generated_Source\PSoC5/ErikaOS_1_cortex_mx_ee_cpu.inc **** typedef EE_UREG EE_TYPEISR2PRIO;
 118:Generated_Source\PSoC5/ErikaOS_1_cortex_mx_ee_cpu.inc **** 
 119:Generated_Source\PSoC5/ErikaOS_1_cortex_mx_ee_cpu.inc **** /* Thread IDs */
 120:Generated_Source\PSoC5/ErikaOS_1_cortex_mx_ee_cpu.inc **** typedef EE_INT32 EE_TID;
 121:Generated_Source\PSoC5/ErikaOS_1_cortex_mx_ee_cpu.inc **** 
 122:Generated_Source\PSoC5/ErikaOS_1_cortex_mx_ee_cpu.inc **** /* Thread IDs - unsigned version*/
 123:Generated_Source\PSoC5/ErikaOS_1_cortex_mx_ee_cpu.inc **** typedef EE_UINT32 EE_UTID;
 124:Generated_Source\PSoC5/ErikaOS_1_cortex_mx_ee_cpu.inc **** 
 125:Generated_Source\PSoC5/ErikaOS_1_cortex_mx_ee_cpu.inc **** /* Used by the common layer to decide whether to start a new thread */
 126:Generated_Source\PSoC5/ErikaOS_1_cortex_mx_ee_cpu.inc **** #define TID_IS_STACKED_MARK 0x80000000
 127:Generated_Source\PSoC5/ErikaOS_1_cortex_mx_ee_cpu.inc **** 
 128:Generated_Source\PSoC5/ErikaOS_1_cortex_mx_ee_cpu.inc **** /* EE_TYPEIRQ is currently unused */
ARM GAS  C:\Users\Asus\AppData\Local\Temp\cc43WlbF.s 			page 5


 129:Generated_Source\PSoC5/ErikaOS_1_cortex_mx_ee_cpu.inc **** 
 130:Generated_Source\PSoC5/ErikaOS_1_cortex_mx_ee_cpu.inc **** /* XXX: define EE_TIME? */
 131:Generated_Source\PSoC5/ErikaOS_1_cortex_mx_ee_cpu.inc **** 
 132:Generated_Source\PSoC5/ErikaOS_1_cortex_mx_ee_cpu.inc **** /* Use the "standard" implementation */
 133:Generated_Source\PSoC5/ErikaOS_1_cortex_mx_ee_cpu.inc **** #include "ErikaOS_1_common_ee_hal_structs.inc"
 134:Generated_Source\PSoC5/ErikaOS_1_cortex_mx_ee_cpu.inc **** 
 135:Generated_Source\PSoC5/ErikaOS_1_cortex_mx_ee_cpu.inc **** /******************************************************************************
 136:Generated_Source\PSoC5/ErikaOS_1_cortex_mx_ee_cpu.inc ****  Application dependent data types
 137:Generated_Source\PSoC5/ErikaOS_1_cortex_mx_ee_cpu.inc ****  ******************************************************************************/
 138:Generated_Source\PSoC5/ErikaOS_1_cortex_mx_ee_cpu.inc **** 
 139:Generated_Source\PSoC5/ErikaOS_1_cortex_mx_ee_cpu.inc **** #ifdef	__HAS_TYPES_H__
 140:Generated_Source\PSoC5/ErikaOS_1_cortex_mx_ee_cpu.inc **** #include	"types.h"
 141:Generated_Source\PSoC5/ErikaOS_1_cortex_mx_ee_cpu.inc **** #endif
 142:Generated_Source\PSoC5/ErikaOS_1_cortex_mx_ee_cpu.inc **** 
 143:Generated_Source\PSoC5/ErikaOS_1_cortex_mx_ee_cpu.inc **** /******************************************************************************
 144:Generated_Source\PSoC5/ErikaOS_1_cortex_mx_ee_cpu.inc ****  CPU Peripherals
 145:Generated_Source\PSoC5/ErikaOS_1_cortex_mx_ee_cpu.inc ****  ******************************************************************************/
 146:Generated_Source\PSoC5/ErikaOS_1_cortex_mx_ee_cpu.inc **** 
 147:Generated_Source\PSoC5/ErikaOS_1_cortex_mx_ee_cpu.inc **** #ifdef __CORTEX_MX__
 148:Generated_Source\PSoC5/ErikaOS_1_cortex_mx_ee_cpu.inc **** #include "ErikaOS_1_cortex_mx_ee_nvic.inc"
 149:Generated_Source\PSoC5/ErikaOS_1_cortex_mx_ee_cpu.inc **** #include "ErikaOS_1_cortex_mx_ee_systick.inc"
 150:Generated_Source\PSoC5/ErikaOS_1_cortex_mx_ee_cpu.inc **** #endif
 151:Generated_Source\PSoC5/ErikaOS_1_cortex_mx_ee_cpu.inc **** 
 152:Generated_Source\PSoC5/ErikaOS_1_cortex_mx_ee_cpu.inc **** /******************************************************************************
 153:Generated_Source\PSoC5/ErikaOS_1_cortex_mx_ee_cpu.inc ****  HAL Variables
 154:Generated_Source\PSoC5/ErikaOS_1_cortex_mx_ee_cpu.inc ****  ******************************************************************************/
 155:Generated_Source\PSoC5/ErikaOS_1_cortex_mx_ee_cpu.inc **** 
 156:Generated_Source\PSoC5/ErikaOS_1_cortex_mx_ee_cpu.inc **** #ifdef __MULTI__
 157:Generated_Source\PSoC5/ErikaOS_1_cortex_mx_ee_cpu.inc **** 
 158:Generated_Source\PSoC5/ErikaOS_1_cortex_mx_ee_cpu.inc **** /* Top-of-stack of each private stack */
 159:Generated_Source\PSoC5/ErikaOS_1_cortex_mx_ee_cpu.inc **** extern struct EE_TOS EE_cortex_mx_system_tos[];
 160:Generated_Source\PSoC5/ErikaOS_1_cortex_mx_ee_cpu.inc **** //#define	EE_std_system_tos EE_cortex_mx_system_tos
 161:Generated_Source\PSoC5/ErikaOS_1_cortex_mx_ee_cpu.inc **** 
 162:Generated_Source\PSoC5/ErikaOS_1_cortex_mx_ee_cpu.inc **** /* Index of the current stack */
 163:Generated_Source\PSoC5/ErikaOS_1_cortex_mx_ee_cpu.inc **** extern EE_UREG EE_cortex_mx_active_tos;
 164:Generated_Source\PSoC5/ErikaOS_1_cortex_mx_ee_cpu.inc **** #define	EE_hal_active_tos EE_cortex_mx_active_tos
 165:Generated_Source\PSoC5/ErikaOS_1_cortex_mx_ee_cpu.inc **** 
 166:Generated_Source\PSoC5/ErikaOS_1_cortex_mx_ee_cpu.inc **** /*extern	EE_UREG EE_pic30_thread_tos[];
 167:Generated_Source\PSoC5/ErikaOS_1_cortex_mx_ee_cpu.inc **** #define	EE_std_thread_tos EE_pic30_thread_tos */
 168:Generated_Source\PSoC5/ErikaOS_1_cortex_mx_ee_cpu.inc **** #endif /* __MULTI__ */
 169:Generated_Source\PSoC5/ErikaOS_1_cortex_mx_ee_cpu.inc **** 
 170:Generated_Source\PSoC5/ErikaOS_1_cortex_mx_ee_cpu.inc **** /*********************************************************************
 171:Generated_Source\PSoC5/ErikaOS_1_cortex_mx_ee_cpu.inc ****  Cortex M0 interrupt disabling/enabling
 172:Generated_Source\PSoC5/ErikaOS_1_cortex_mx_ee_cpu.inc ****  *********************************************************************/
 173:Generated_Source\PSoC5/ErikaOS_1_cortex_mx_ee_cpu.inc **** 
 174:Generated_Source\PSoC5/ErikaOS_1_cortex_mx_ee_cpu.inc **** /* Used to check the value returned by EE_cortex_mx_disableIRQ */
 175:Generated_Source\PSoC5/ErikaOS_1_cortex_mx_ee_cpu.inc **** #define EE_cortex_mx_are_IRQs_enabled(ie) ((ie) ^ 1)
 176:Generated_Source\PSoC5/ErikaOS_1_cortex_mx_ee_cpu.inc **** 
 177:Generated_Source\PSoC5/ErikaOS_1_cortex_mx_ee_cpu.inc **** /**
 178:Generated_Source\PSoC5/ErikaOS_1_cortex_mx_ee_cpu.inc ****  * Enable interrupts
 179:Generated_Source\PSoC5/ErikaOS_1_cortex_mx_ee_cpu.inc ****  */
 180:Generated_Source\PSoC5/ErikaOS_1_cortex_mx_ee_cpu.inc **** __INLINE__ void  EE_cortex_mx_enableIRQ(void)
 181:Generated_Source\PSoC5/ErikaOS_1_cortex_mx_ee_cpu.inc **** {
 182:Generated_Source\PSoC5/ErikaOS_1_cortex_mx_ee_cpu.inc **** #ifdef __IAR__
 183:Generated_Source\PSoC5/ErikaOS_1_cortex_mx_ee_cpu.inc **** 	__ASM ("cpsie i");
 184:Generated_Source\PSoC5/ErikaOS_1_cortex_mx_ee_cpu.inc **** #else	/* __IAR__ */
 185:Generated_Source\PSoC5/ErikaOS_1_cortex_mx_ee_cpu.inc **** #ifdef __CCS__
ARM GAS  C:\Users\Asus\AppData\Local\Temp\cc43WlbF.s 			page 6


 186:Generated_Source\PSoC5/ErikaOS_1_cortex_mx_ee_cpu.inc **** 	__ASM ("    cpsie    i\n");
 187:Generated_Source\PSoC5/ErikaOS_1_cortex_mx_ee_cpu.inc **** #else	/* __CCS__ */
 188:Generated_Source\PSoC5/ErikaOS_1_cortex_mx_ee_cpu.inc **** #ifdef __KEIL__
 189:Generated_Source\PSoC5/ErikaOS_1_cortex_mx_ee_cpu.inc **** 	__enable_irq();
 190:Generated_Source\PSoC5/ErikaOS_1_cortex_mx_ee_cpu.inc **** #else	/* __KEIL__ */
 191:Generated_Source\PSoC5/ErikaOS_1_cortex_mx_ee_cpu.inc **** 	__ASM volatile("cpsie i");
 192:Generated_Source\PSoC5/ErikaOS_1_cortex_mx_ee_cpu.inc **** #endif	/* !__KEIL__ */
 193:Generated_Source\PSoC5/ErikaOS_1_cortex_mx_ee_cpu.inc **** #endif	/* !__CCS__ */
 194:Generated_Source\PSoC5/ErikaOS_1_cortex_mx_ee_cpu.inc **** #endif	/* !__IAR__ */
 195:Generated_Source\PSoC5/ErikaOS_1_cortex_mx_ee_cpu.inc **** }
 196:Generated_Source\PSoC5/ErikaOS_1_cortex_mx_ee_cpu.inc **** 
 197:Generated_Source\PSoC5/ErikaOS_1_cortex_mx_ee_cpu.inc **** /**
 198:Generated_Source\PSoC5/ErikaOS_1_cortex_mx_ee_cpu.inc ****  * Disable interrupts
 199:Generated_Source\PSoC5/ErikaOS_1_cortex_mx_ee_cpu.inc ****  */
 200:Generated_Source\PSoC5/ErikaOS_1_cortex_mx_ee_cpu.inc **** __INLINE__ void  EE_cortex_mx_disableIRQ(void)
 201:Generated_Source\PSoC5/ErikaOS_1_cortex_mx_ee_cpu.inc **** {
 202:Generated_Source\PSoC5/ErikaOS_1_cortex_mx_ee_cpu.inc **** #ifdef __IAR__
 203:Generated_Source\PSoC5/ErikaOS_1_cortex_mx_ee_cpu.inc **** 	__ASM ("cpsid i");
 204:Generated_Source\PSoC5/ErikaOS_1_cortex_mx_ee_cpu.inc **** #else	/* __IAR__ */
 205:Generated_Source\PSoC5/ErikaOS_1_cortex_mx_ee_cpu.inc **** #ifdef __CCS__
 206:Generated_Source\PSoC5/ErikaOS_1_cortex_mx_ee_cpu.inc **** 	__ASM ("    cpsid    i\n");
 207:Generated_Source\PSoC5/ErikaOS_1_cortex_mx_ee_cpu.inc **** #else	/* __CCS__ */
 208:Generated_Source\PSoC5/ErikaOS_1_cortex_mx_ee_cpu.inc **** #ifdef __KEIL__
 209:Generated_Source\PSoC5/ErikaOS_1_cortex_mx_ee_cpu.inc **** 	__disable_irq();
 210:Generated_Source\PSoC5/ErikaOS_1_cortex_mx_ee_cpu.inc **** #else	/* __KEIL__ */
 211:Generated_Source\PSoC5/ErikaOS_1_cortex_mx_ee_cpu.inc **** 	__ASM volatile("cpsid i");
  40              		.loc 2 211 0
  41              		.syntax unified
  42              	@ 211 "Generated_Source\PSoC5\ErikaOS_1_cortex_mx_ee_cpu.inc" 1
  43 0002 72B6     		cpsid i
  44              	@ 0 "" 2
  45              		.thumb
  46              		.syntax unified
  47              	.LBE12:
  48              	.LBE11:
  49              	.LBE10:
  62:Generated_Source\PSoC5/ErikaOS_1_ee_tnterm.c ****   register EE_TID current;
  63:Generated_Source\PSoC5/ErikaOS_1_ee_tnterm.c **** 
  64:Generated_Source\PSoC5/ErikaOS_1_ee_tnterm.c ****   /* IRQ disabling for primitive atomicity (It doesn't make sense use
  65:Generated_Source\PSoC5/ErikaOS_1_ee_tnterm.c ****      EE_hal_begin_nested_primitive because at the end of the function I won't
  66:Generated_Source\PSoC5/ErikaOS_1_ee_tnterm.c ****      call EE_hal_end_nested_primitive) */
  67:Generated_Source\PSoC5/ErikaOS_1_ee_tnterm.c ****   EE_hal_disableIRQ();
  68:Generated_Source\PSoC5/ErikaOS_1_ee_tnterm.c **** 
  69:Generated_Source\PSoC5/ErikaOS_1_ee_tnterm.c ****   current = EE_stk_queryfirst();
  70:Generated_Source\PSoC5/ErikaOS_1_ee_tnterm.c **** 
  71:Generated_Source\PSoC5/ErikaOS_1_ee_tnterm.c ****   /* [OS069]: If a task returns from its entry function without making a
  72:Generated_Source\PSoC5/ErikaOS_1_ee_tnterm.c ****       TerminateTask() or ChainTask() call AND the error hook is configured,
  73:Generated_Source\PSoC5/ErikaOS_1_ee_tnterm.c ****       the Operating System shall call the ErrorHook() 
  74:Generated_Source\PSoC5/ErikaOS_1_ee_tnterm.c ****       (this is done regardless of whether the task causes other errors,
  75:Generated_Source\PSoC5/ErikaOS_1_ee_tnterm.c ****        e.g. E_OS_RESOURCE) with status E_OS_MISSINGEND before the task leaves
  76:Generated_Source\PSoC5/ErikaOS_1_ee_tnterm.c ****       the RUNNING state. */
  77:Generated_Source\PSoC5/ErikaOS_1_ee_tnterm.c ****   EE_ORTI_set_lasterror(E_OS_MISSINGEND);
  78:Generated_Source\PSoC5/ErikaOS_1_ee_tnterm.c ****   EE_oo_notify_error_service(OSId_TaskBody, E_OS_MISSINGEND);
  79:Generated_Source\PSoC5/ErikaOS_1_ee_tnterm.c **** 
  80:Generated_Source\PSoC5/ErikaOS_1_ee_tnterm.c ****   /* [OS070]: If a task returns from the entry function without making a
  81:Generated_Source\PSoC5/ErikaOS_1_ee_tnterm.c ****       TerminateTask() or ChainTask() call and still holds OSEK Resources,
  82:Generated_Source\PSoC5/ErikaOS_1_ee_tnterm.c ****       the Operating System shall release them. */
ARM GAS  C:\Users\Asus\AppData\Local\Temp\cc43WlbF.s 			page 7


  83:Generated_Source\PSoC5/ErikaOS_1_ee_tnterm.c ****   (void)EE_oo_release_all_resources(current);
  84:Generated_Source\PSoC5/ErikaOS_1_ee_tnterm.c **** 
  85:Generated_Source\PSoC5/ErikaOS_1_ee_tnterm.c ****   /* Force spinlocks release */
  86:Generated_Source\PSoC5/ErikaOS_1_ee_tnterm.c **** #ifdef EE_AS_USER_SPINLOCKS__
  87:Generated_Source\PSoC5/ErikaOS_1_ee_tnterm.c ****   (void)EE_as_release_all_spinlocks(current);
  88:Generated_Source\PSoC5/ErikaOS_1_ee_tnterm.c **** #endif /* EE_AS_USER_SPINLOCKS__ */
  89:Generated_Source\PSoC5/ErikaOS_1_ee_tnterm.c **** 
  90:Generated_Source\PSoC5/ErikaOS_1_ee_tnterm.c ****   /* [OS052], [OS239]: terminate task + call PostTaskHook + ISRs counters reset
  91:Generated_Source\PSoC5/ErikaOS_1_ee_tnterm.c ****       in EE_thread_end_instance. Interrupts enabling is done by
  92:Generated_Source\PSoC5/ErikaOS_1_ee_tnterm.c ****       EE_std_run_task_code (cpu/common ee_context.c) */
  93:Generated_Source\PSoC5/ErikaOS_1_ee_tnterm.c ****   EE_hal_terminate_task(current);
  50              		.loc 1 93 0
  51 0004 014B     		ldr	r3, .L3
  52 0006 1868     		ldr	r0, [r3]
  53 0008 FFF7FEFF 		bl	EE_hal_terminate_task
  54              	.LVL0:
  55              	.L4:
  56              		.align	2
  57              	.L3:
  58 000c 00000000 		.word	EE_stkfirst
  59              		.cfi_endproc
  60              	.LFE70:
  61              		.size	EE_thread_not_terminated, .-EE_thread_not_terminated
  62              		.text
  63              	.Letext0:
  64              		.file 3 "Generated_Source\\PSoC5\\ErikaOS_1_common_ee_types.inc"
  65              		.file 4 "Generated_Source\\PSoC5\\ErikaOS_1_ee_oo_common.inc"
  66              		.file 5 "Generated_Source\\PSoC5\\ErikaOS_1_common_ee_primitives.inc"
  67              		.file 6 "Generated_Source\\PSoC5\\ErikaOS_1_cortex_mx_ee_context.inc"
  68              		.file 7 "Generated_Source\\PSoC5\\ErikaOS_1_ee_oo_intfunc.inc"
  69              		.file 8 "Generated_Source\\PSoC5\\ErikaOS_1_ee_oo_internal.inc"
  70              		.file 9 "Generated_Source\\PSoC5\\ErikaOS_1_cortex_mx_ee_internal.inc"
  71              		.section	.debug_info,"",%progbits
  72              	.Ldebug_info0:
  73 0000 39040000 		.4byte	0x439
  74 0004 0400     		.2byte	0x4
  75 0006 00000000 		.4byte	.Ldebug_abbrev0
  76 000a 04       		.byte	0x4
  77 000b 01       		.uleb128 0x1
  78 000c 5C040000 		.4byte	.LASF64
  79 0010 0C       		.byte	0xc
  80 0011 60010000 		.4byte	.LASF65
  81 0015 28030000 		.4byte	.LASF66
  82 0019 00000000 		.4byte	.Ldebug_ranges0+0
  83 001d 00000000 		.4byte	0
  84 0021 00000000 		.4byte	.Ldebug_line0
  85 0025 02       		.uleb128 0x2
  86 0026 01       		.byte	0x1
  87 0027 06       		.byte	0x6
  88 0028 B7020000 		.4byte	.LASF0
  89 002c 02       		.uleb128 0x2
  90 002d 01       		.byte	0x1
  91 002e 08       		.byte	0x8
  92 002f 78020000 		.4byte	.LASF1
  93 0033 02       		.uleb128 0x2
  94 0034 02       		.byte	0x2
  95 0035 05       		.byte	0x5
ARM GAS  C:\Users\Asus\AppData\Local\Temp\cc43WlbF.s 			page 8


  96 0036 4C000000 		.4byte	.LASF2
  97 003a 02       		.uleb128 0x2
  98 003b 02       		.byte	0x2
  99 003c 07       		.byte	0x7
 100 003d 8F030000 		.4byte	.LASF3
 101 0041 02       		.uleb128 0x2
 102 0042 04       		.byte	0x4
 103 0043 05       		.byte	0x5
 104 0044 CF010000 		.4byte	.LASF4
 105 0048 02       		.uleb128 0x2
 106 0049 04       		.byte	0x4
 107 004a 07       		.byte	0x7
 108 004b EC030000 		.4byte	.LASF5
 109 004f 02       		.uleb128 0x2
 110 0050 08       		.byte	0x8
 111 0051 05       		.byte	0x5
 112 0052 75000000 		.4byte	.LASF6
 113 0056 02       		.uleb128 0x2
 114 0057 08       		.byte	0x8
 115 0058 07       		.byte	0x7
 116 0059 C3020000 		.4byte	.LASF7
 117 005d 03       		.uleb128 0x3
 118 005e 04       		.byte	0x4
 119 005f 05       		.byte	0x5
 120 0060 696E7400 		.ascii	"int\000"
 121 0064 02       		.uleb128 0x2
 122 0065 04       		.byte	0x4
 123 0066 07       		.byte	0x7
 124 0067 EC020000 		.4byte	.LASF8
 125 006b 02       		.uleb128 0x2
 126 006c 08       		.byte	0x8
 127 006d 04       		.byte	0x4
 128 006e 5D020000 		.4byte	.LASF9
 129 0072 04       		.uleb128 0x4
 130 0073 8D010000 		.4byte	.LASF10
 131 0077 03       		.byte	0x3
 132 0078 3F       		.byte	0x3f
 133 0079 25000000 		.4byte	0x25
 134 007d 04       		.uleb128 0x4
 135 007e C0030000 		.4byte	.LASF11
 136 0082 03       		.byte	0x3
 137 0083 52       		.byte	0x52
 138 0084 3A000000 		.4byte	0x3a
 139 0088 04       		.uleb128 0x4
 140 0089 1F030000 		.4byte	.LASF12
 141 008d 03       		.byte	0x3
 142 008e 53       		.byte	0x53
 143 008f 5D000000 		.4byte	0x5d
 144 0093 04       		.uleb128 0x4
 145 0094 99000000 		.4byte	.LASF13
 146 0098 03       		.byte	0x3
 147 0099 54       		.byte	0x54
 148 009a 64000000 		.4byte	0x64
 149 009e 04       		.uleb128 0x4
 150 009f 13000000 		.4byte	.LASF14
 151 00a3 02       		.byte	0x2
 152 00a4 4D       		.byte	0x4d
ARM GAS  C:\Users\Asus\AppData\Local\Temp\cc43WlbF.s 			page 9


 153 00a5 93000000 		.4byte	0x93
 154 00a9 04       		.uleb128 0x4
 155 00aa 6D000000 		.4byte	.LASF15
 156 00ae 02       		.byte	0x2
 157 00af 4F       		.byte	0x4f
 158 00b0 93000000 		.4byte	0x93
 159 00b4 04       		.uleb128 0x4
 160 00b5 FE030000 		.4byte	.LASF16
 161 00b9 02       		.byte	0x2
 162 00ba 54       		.byte	0x54
 163 00bb 9E000000 		.4byte	0x9e
 164 00bf 04       		.uleb128 0x4
 165 00c0 B4000000 		.4byte	.LASF17
 166 00c4 02       		.byte	0x2
 167 00c5 78       		.byte	0x78
 168 00c6 88000000 		.4byte	0x88
 169 00ca 05       		.uleb128 0x5
 170 00cb AE010000 		.4byte	.LASF18
 171 00cf 04       		.byte	0x4
 172 00d0 1101     		.2byte	0x111
 173 00d2 7D000000 		.4byte	0x7d
 174 00d6 05       		.uleb128 0x5
 175 00d7 33020000 		.4byte	.LASF19
 176 00db 04       		.byte	0x4
 177 00dc 3502     		.2byte	0x235
 178 00de 9E000000 		.4byte	0x9e
 179 00e2 05       		.uleb128 0x5
 180 00e3 4B020000 		.4byte	.LASF20
 181 00e7 04       		.byte	0x4
 182 00e8 5D02     		.2byte	0x25d
 183 00ea 9E000000 		.4byte	0x9e
 184 00ee 05       		.uleb128 0x5
 185 00ef 24040000 		.4byte	.LASF21
 186 00f3 04       		.byte	0x4
 187 00f4 6C02     		.2byte	0x26c
 188 00f6 9E000000 		.4byte	0x9e
 189 00fa 06       		.uleb128 0x6
 190 00fb 0C       		.byte	0xc
 191 00fc 04       		.byte	0x4
 192 00fd 7202     		.2byte	0x272
 193 00ff 2B010000 		.4byte	0x12b
 194 0103 07       		.uleb128 0x7
 195 0104 D8010000 		.4byte	.LASF22
 196 0108 04       		.byte	0x4
 197 0109 7302     		.2byte	0x273
 198 010b D6000000 		.4byte	0xd6
 199 010f 00       		.byte	0
 200 0110 07       		.uleb128 0x7
 201 0111 1B000000 		.4byte	.LASF23
 202 0115 04       		.byte	0x4
 203 0116 7402     		.2byte	0x274
 204 0118 D6000000 		.4byte	0xd6
 205 011c 04       		.byte	0x4
 206 011d 07       		.uleb128 0x7
 207 011e BB000000 		.4byte	.LASF24
 208 0122 04       		.byte	0x4
 209 0123 7502     		.2byte	0x275
ARM GAS  C:\Users\Asus\AppData\Local\Temp\cc43WlbF.s 			page 10


 210 0125 D6000000 		.4byte	0xd6
 211 0129 08       		.byte	0x8
 212 012a 00       		.byte	0
 213 012b 05       		.uleb128 0x5
 214 012c 06020000 		.4byte	.LASF25
 215 0130 04       		.byte	0x4
 216 0131 7A02     		.2byte	0x27a
 217 0133 FA000000 		.4byte	0xfa
 218 0137 06       		.uleb128 0x6
 219 0138 08       		.byte	0x8
 220 0139 04       		.byte	0x4
 221 013a 7D02     		.2byte	0x27d
 222 013c 5B010000 		.4byte	0x15b
 223 0140 07       		.uleb128 0x7
 224 0141 C4000000 		.4byte	.LASF26
 225 0145 04       		.byte	0x4
 226 0146 7E02     		.2byte	0x27e
 227 0148 D6000000 		.4byte	0xd6
 228 014c 00       		.byte	0
 229 014d 07       		.uleb128 0x7
 230 014e 1D050000 		.4byte	.LASF27
 231 0152 04       		.byte	0x4
 232 0153 7F02     		.2byte	0x27f
 233 0155 E2000000 		.4byte	0xe2
 234 0159 04       		.byte	0x4
 235 015a 00       		.byte	0
 236 015b 05       		.uleb128 0x5
 237 015c 49010000 		.4byte	.LASF28
 238 0160 04       		.byte	0x4
 239 0161 8002     		.2byte	0x280
 240 0163 37010000 		.4byte	0x137
 241 0167 08       		.uleb128 0x8
 242 0168 01       		.byte	0x1
 243 0169 2C000000 		.4byte	0x2c
 244 016d 04       		.byte	0x4
 245 016e 8A02     		.2byte	0x28a
 246 0170 81010000 		.4byte	0x181
 247 0174 09       		.uleb128 0x9
 248 0175 16040000 		.4byte	.LASF29
 249 0179 00       		.byte	0
 250 017a 09       		.uleb128 0x9
 251 017b BE010000 		.4byte	.LASF30
 252 017f 01       		.byte	0x1
 253 0180 00       		.byte	0
 254 0181 05       		.uleb128 0x5
 255 0182 E3000000 		.4byte	.LASF31
 256 0186 04       		.byte	0x4
 257 0187 8D02     		.2byte	0x28d
 258 0189 67010000 		.4byte	0x167
 259 018d 05       		.uleb128 0x5
 260 018e 83000000 		.4byte	.LASF32
 261 0192 04       		.byte	0x4
 262 0193 9002     		.2byte	0x290
 263 0195 81010000 		.4byte	0x181
 264 0199 06       		.uleb128 0x6
 265 019a 0C       		.byte	0xc
 266 019b 04       		.byte	0x4
ARM GAS  C:\Users\Asus\AppData\Local\Temp\cc43WlbF.s 			page 11


 267 019c 9402     		.2byte	0x294
 268 019e C8010000 		.4byte	0x1c8
 269 01a2 0A       		.uleb128 0xa
 270 01a3 6300     		.ascii	"c\000"
 271 01a5 04       		.byte	0x4
 272 01a6 9602     		.2byte	0x296
 273 01a8 EE000000 		.4byte	0xee
 274 01ac 00       		.byte	0
 275 01ad 07       		.uleb128 0x7
 276 01ae 65000000 		.4byte	.LASF33
 277 01b2 04       		.byte	0x4
 278 01b3 9802     		.2byte	0x298
 279 01b5 E2000000 		.4byte	0xe2
 280 01b9 04       		.byte	0x4
 281 01ba 07       		.uleb128 0x7
 282 01bb 00000000 		.4byte	.LASF34
 283 01bf 04       		.byte	0x4
 284 01c0 9A02     		.2byte	0x29a
 285 01c2 8D010000 		.4byte	0x18d
 286 01c6 08       		.byte	0x8
 287 01c7 00       		.byte	0
 288 01c8 05       		.uleb128 0x5
 289 01c9 A2030000 		.4byte	.LASF35
 290 01cd 04       		.byte	0x4
 291 01ce 9B02     		.2byte	0x29b
 292 01d0 99010000 		.4byte	0x199
 293 01d4 06       		.uleb128 0x6
 294 01d5 10       		.byte	0x10
 295 01d6 04       		.byte	0x4
 296 01d7 9F02     		.2byte	0x29f
 297 01d9 12020000 		.4byte	0x212
 298 01dd 07       		.uleb128 0x7
 299 01de 1F040000 		.4byte	.LASF36
 300 01e2 04       		.byte	0x4
 301 01e3 A002     		.2byte	0x2a0
 302 01e5 B4000000 		.4byte	0xb4
 303 01e9 00       		.byte	0
 304 01ea 07       		.uleb128 0x7
 305 01eb EA040000 		.4byte	.LASF37
 306 01ef 04       		.byte	0x4
 307 01f0 A102     		.2byte	0x2a1
 308 01f2 D6000000 		.4byte	0xd6
 309 01f6 04       		.byte	0x4
 310 01f7 07       		.uleb128 0x7
 311 01f8 5F000000 		.4byte	.LASF38
 312 01fc 04       		.byte	0x4
 313 01fd A202     		.2byte	0x2a2
 314 01ff D6000000 		.4byte	0xd6
 315 0203 08       		.byte	0x8
 316 0204 07       		.uleb128 0x7
 317 0205 0B050000 		.4byte	.LASF39
 318 0209 04       		.byte	0x4
 319 020a A302     		.2byte	0x2a3
 320 020c E2000000 		.4byte	0xe2
 321 0210 0C       		.byte	0xc
 322 0211 00       		.byte	0
 323 0212 05       		.uleb128 0x5
ARM GAS  C:\Users\Asus\AppData\Local\Temp\cc43WlbF.s 			page 12


 324 0213 E8010000 		.4byte	.LASF40
 325 0217 04       		.byte	0x4
 326 0218 A402     		.2byte	0x2a4
 327 021a D4010000 		.4byte	0x1d4
 328 021e 0B       		.uleb128 0xb
 329 021f 86020000 		.4byte	.LASF41
 330 0223 02       		.byte	0x2
 331 0224 C8       		.byte	0xc8
 332 0225 03       		.byte	0x3
 333 0226 0C       		.uleb128 0xc
 334 0227 DA020000 		.4byte	.LASF67
 335 022b 08       		.byte	0x8
 336 022c EE       		.byte	0xee
 337 022d BF000000 		.4byte	0xbf
 338 0231 03       		.byte	0x3
 339 0232 0D       		.uleb128 0xd
 340 0233 F9020000 		.4byte	.LASF42
 341 0237 02       		.byte	0x2
 342 0238 9C01     		.2byte	0x19c
 343 023a 03       		.byte	0x3
 344 023b 0E       		.uleb128 0xe
 345 023c 30010000 		.4byte	.LASF68
 346 0240 01       		.byte	0x1
 347 0241 3C       		.byte	0x3c
 348 0242 00000000 		.4byte	.LFB70
 349 0246 10000000 		.4byte	.LFE70-.LFB70
 350 024a 01       		.uleb128 0x1
 351 024b 9C       		.byte	0x9c
 352 024c 89020000 		.4byte	0x289
 353 0250 0F       		.uleb128 0xf
 354 0251 17030000 		.4byte	.LASF69
 355 0255 01       		.byte	0x1
 356 0256 3E       		.byte	0x3e
 357 0257 BF000000 		.4byte	0xbf
 358 025b 10       		.uleb128 0x10
 359 025c 32020000 		.4byte	0x232
 360 0260 02000000 		.4byte	.LBB10
 361 0264 02000000 		.4byte	.LBE10-.LBB10
 362 0268 01       		.byte	0x1
 363 0269 43       		.byte	0x43
 364 026a 7F020000 		.4byte	0x27f
 365 026e 11       		.uleb128 0x11
 366 026f 1E020000 		.4byte	0x21e
 367 0273 02000000 		.4byte	.LBB11
 368 0277 02000000 		.4byte	.LBE11-.LBB11
 369 027b 02       		.byte	0x2
 370 027c 9E01     		.2byte	0x19e
 371 027e 00       		.byte	0
 372 027f 12       		.uleb128 0x12
 373 0280 0C000000 		.4byte	.LVL0
 374 0284 31040000 		.4byte	0x431
 375 0288 00       		.byte	0
 376 0289 13       		.uleb128 0x13
 377 028a 02010000 		.4byte	.LASF43
 378 028e 05       		.byte	0x5
 379 028f 44       		.byte	0x44
 380 0290 9E000000 		.4byte	0x9e
ARM GAS  C:\Users\Asus\AppData\Local\Temp\cc43WlbF.s 			page 13


 381 0294 13       		.uleb128 0x13
 382 0295 17010000 		.4byte	.LASF44
 383 0299 06       		.byte	0x6
 384 029a 48       		.byte	0x48
 385 029b BF000000 		.4byte	0xbf
 386 029f 14       		.uleb128 0x14
 387 02a0 B6020000 		.4byte	0x2b6
 388 02a4 AF020000 		.4byte	0x2af
 389 02a8 15       		.uleb128 0x15
 390 02a9 AF020000 		.4byte	0x2af
 391 02ad 04       		.byte	0x4
 392 02ae 00       		.byte	0
 393 02af 02       		.uleb128 0x2
 394 02b0 04       		.byte	0x4
 395 02b1 07       		.byte	0x7
 396 02b2 56000000 		.4byte	.LASF45
 397 02b6 16       		.uleb128 0x16
 398 02b7 9E000000 		.4byte	0x9e
 399 02bb 13       		.uleb128 0x13
 400 02bc A3000000 		.4byte	.LASF46
 401 02c0 04       		.byte	0x4
 402 02c1 B2       		.byte	0xb2
 403 02c2 C6020000 		.4byte	0x2c6
 404 02c6 16       		.uleb128 0x16
 405 02c7 9F020000 		.4byte	0x29f
 406 02cb 13       		.uleb128 0x13
 407 02cc 3D040000 		.4byte	.LASF47
 408 02d0 04       		.byte	0x4
 409 02d1 B3       		.byte	0xb3
 410 02d2 D6020000 		.4byte	0x2d6
 411 02d6 16       		.uleb128 0x16
 412 02d7 9F020000 		.4byte	0x29f
 413 02db 14       		.uleb128 0x14
 414 02dc 9E000000 		.4byte	0x9e
 415 02e0 EB020000 		.4byte	0x2eb
 416 02e4 15       		.uleb128 0x15
 417 02e5 AF020000 		.4byte	0x2af
 418 02e9 04       		.byte	0x4
 419 02ea 00       		.byte	0
 420 02eb 13       		.uleb128 0x13
 421 02ec 30040000 		.4byte	.LASF48
 422 02f0 04       		.byte	0x4
 423 02f1 CA       		.byte	0xca
 424 02f2 DB020000 		.4byte	0x2db
 425 02f6 14       		.uleb128 0x14
 426 02f7 BF000000 		.4byte	0xbf
 427 02fb 06030000 		.4byte	0x306
 428 02ff 15       		.uleb128 0x15
 429 0300 AF020000 		.4byte	0x2af
 430 0304 04       		.byte	0x4
 431 0305 00       		.byte	0
 432 0306 13       		.uleb128 0x13
 433 0307 51040000 		.4byte	.LASF49
 434 030b 04       		.byte	0x4
 435 030c D2       		.byte	0xd2
 436 030d F6020000 		.4byte	0x2f6
 437 0311 13       		.uleb128 0x13
ARM GAS  C:\Users\Asus\AppData\Local\Temp\cc43WlbF.s 			page 14


 438 0312 0B030000 		.4byte	.LASF50
 439 0316 04       		.byte	0x4
 440 0317 DA       		.byte	0xda
 441 0318 DB020000 		.4byte	0x2db
 442 031c 13       		.uleb128 0x13
 443 031d 0A040000 		.4byte	.LASF51
 444 0321 04       		.byte	0x4
 445 0322 E2       		.byte	0xe2
 446 0323 BF000000 		.4byte	0xbf
 447 0327 13       		.uleb128 0x13
 448 0328 3C020000 		.4byte	.LASF52
 449 032c 04       		.byte	0x4
 450 032d F7       		.byte	0xf7
 451 032e 9E000000 		.4byte	0x9e
 452 0332 17       		.uleb128 0x17
 453 0333 05000000 		.4byte	.LASF53
 454 0337 04       		.byte	0x4
 455 0338 3F01     		.2byte	0x13f
 456 033a CA000000 		.4byte	0xca
 457 033e 17       		.uleb128 0x17
 458 033f 28000000 		.4byte	.LASF54
 459 0343 04       		.byte	0x4
 460 0344 5C01     		.2byte	0x15c
 461 0346 DB020000 		.4byte	0x2db
 462 034a 14       		.uleb128 0x14
 463 034b B4000000 		.4byte	0xb4
 464 034f 5A030000 		.4byte	0x35a
 465 0353 15       		.uleb128 0x15
 466 0354 AF020000 		.4byte	0x2af
 467 0358 04       		.byte	0x4
 468 0359 00       		.byte	0
 469 035a 17       		.uleb128 0x17
 470 035b 3B000000 		.4byte	.LASF55
 471 035f 04       		.byte	0x4
 472 0360 6701     		.2byte	0x167
 473 0362 4A030000 		.4byte	0x34a
 474 0366 14       		.uleb128 0x14
 475 0367 76030000 		.4byte	0x376
 476 036b 76030000 		.4byte	0x376
 477 036f 15       		.uleb128 0x15
 478 0370 AF020000 		.4byte	0x2af
 479 0374 00       		.byte	0
 480 0375 00       		.byte	0
 481 0376 16       		.uleb128 0x16
 482 0377 2B010000 		.4byte	0x12b
 483 037b 17       		.uleb128 0x17
 484 037c 69020000 		.4byte	.LASF56
 485 0380 04       		.byte	0x4
 486 0381 CA02     		.2byte	0x2ca
 487 0383 87030000 		.4byte	0x387
 488 0387 16       		.uleb128 0x16
 489 0388 66030000 		.4byte	0x366
 490 038c 14       		.uleb128 0x14
 491 038d 9C030000 		.4byte	0x39c
 492 0391 9C030000 		.4byte	0x39c
 493 0395 15       		.uleb128 0x15
 494 0396 AF020000 		.4byte	0x2af
ARM GAS  C:\Users\Asus\AppData\Local\Temp\cc43WlbF.s 			page 15


 495 039a 00       		.byte	0
 496 039b 00       		.byte	0
 497 039c 16       		.uleb128 0x16
 498 039d C8010000 		.4byte	0x1c8
 499 03a1 17       		.uleb128 0x17
 500 03a2 CA000000 		.4byte	.LASF57
 501 03a6 04       		.byte	0x4
 502 03a7 DD02     		.2byte	0x2dd
 503 03a9 AD030000 		.4byte	0x3ad
 504 03ad 16       		.uleb128 0x16
 505 03ae 8C030000 		.4byte	0x38c
 506 03b2 14       		.uleb128 0x14
 507 03b3 5B010000 		.4byte	0x15b
 508 03b7 C2030000 		.4byte	0x3c2
 509 03bb 15       		.uleb128 0x15
 510 03bc AF020000 		.4byte	0x2af
 511 03c0 00       		.byte	0
 512 03c1 00       		.byte	0
 513 03c2 17       		.uleb128 0x17
 514 03c3 CA030000 		.4byte	.LASF58
 515 03c7 04       		.byte	0x4
 516 03c8 FB02     		.2byte	0x2fb
 517 03ca B2030000 		.4byte	0x3b2
 518 03ce 14       		.uleb128 0x14
 519 03cf 12020000 		.4byte	0x212
 520 03d3 DE030000 		.4byte	0x3de
 521 03d7 15       		.uleb128 0x15
 522 03d8 AF020000 		.4byte	0x2af
 523 03dc 00       		.byte	0
 524 03dd 00       		.byte	0
 525 03de 17       		.uleb128 0x17
 526 03df 9E020000 		.4byte	.LASF59
 527 03e3 04       		.byte	0x4
 528 03e4 0403     		.2byte	0x304
 529 03e6 CE030000 		.4byte	0x3ce
 530 03ea 13       		.uleb128 0x13
 531 03eb F3040000 		.4byte	.LASF60
 532 03ef 07       		.byte	0x7
 533 03f0 40       		.byte	0x40
 534 03f1 9E000000 		.4byte	0x9e
 535 03f5 13       		.uleb128 0x13
 536 03f6 95010000 		.4byte	.LASF61
 537 03fa 07       		.byte	0x7
 538 03fb 47       		.byte	0x47
 539 03fc A9000000 		.4byte	0xa9
 540 0400 13       		.uleb128 0x13
 541 0401 D9030000 		.4byte	.LASF62
 542 0405 07       		.byte	0x7
 543 0406 4A       		.byte	0x4a
 544 0407 9E000000 		.4byte	0x9e
 545 040b 14       		.uleb128 0x14
 546 040c 1B040000 		.4byte	0x41b
 547 0410 1B040000 		.4byte	0x41b
 548 0414 15       		.uleb128 0x15
 549 0415 AF020000 		.4byte	0x2af
 550 0419 FF       		.byte	0xff
 551 041a 00       		.byte	0
ARM GAS  C:\Users\Asus\AppData\Local\Temp\cc43WlbF.s 			page 16


 552 041b 16       		.uleb128 0x16
 553 041c 72000000 		.4byte	0x72
 554 0420 17       		.uleb128 0x17
 555 0421 10050000 		.4byte	.LASF63
 556 0425 08       		.byte	0x8
 557 0426 AB01     		.2byte	0x1ab
 558 0428 2C040000 		.4byte	0x42c
 559 042c 16       		.uleb128 0x16
 560 042d 0B040000 		.4byte	0x40b
 561 0431 18       		.uleb128 0x18
 562 0432 1D020000 		.4byte	.LASF70
 563 0436 1D020000 		.4byte	.LASF70
 564 043a 09       		.byte	0x9
 565 043b C0       		.byte	0xc0
 566 043c 00       		.byte	0
 567              		.section	.debug_abbrev,"",%progbits
 568              	.Ldebug_abbrev0:
 569 0000 01       		.uleb128 0x1
 570 0001 11       		.uleb128 0x11
 571 0002 01       		.byte	0x1
 572 0003 25       		.uleb128 0x25
 573 0004 0E       		.uleb128 0xe
 574 0005 13       		.uleb128 0x13
 575 0006 0B       		.uleb128 0xb
 576 0007 03       		.uleb128 0x3
 577 0008 0E       		.uleb128 0xe
 578 0009 1B       		.uleb128 0x1b
 579 000a 0E       		.uleb128 0xe
 580 000b 55       		.uleb128 0x55
 581 000c 17       		.uleb128 0x17
 582 000d 11       		.uleb128 0x11
 583 000e 01       		.uleb128 0x1
 584 000f 10       		.uleb128 0x10
 585 0010 17       		.uleb128 0x17
 586 0011 00       		.byte	0
 587 0012 00       		.byte	0
 588 0013 02       		.uleb128 0x2
 589 0014 24       		.uleb128 0x24
 590 0015 00       		.byte	0
 591 0016 0B       		.uleb128 0xb
 592 0017 0B       		.uleb128 0xb
 593 0018 3E       		.uleb128 0x3e
 594 0019 0B       		.uleb128 0xb
 595 001a 03       		.uleb128 0x3
 596 001b 0E       		.uleb128 0xe
 597 001c 00       		.byte	0
 598 001d 00       		.byte	0
 599 001e 03       		.uleb128 0x3
 600 001f 24       		.uleb128 0x24
 601 0020 00       		.byte	0
 602 0021 0B       		.uleb128 0xb
 603 0022 0B       		.uleb128 0xb
 604 0023 3E       		.uleb128 0x3e
 605 0024 0B       		.uleb128 0xb
 606 0025 03       		.uleb128 0x3
 607 0026 08       		.uleb128 0x8
 608 0027 00       		.byte	0
ARM GAS  C:\Users\Asus\AppData\Local\Temp\cc43WlbF.s 			page 17


 609 0028 00       		.byte	0
 610 0029 04       		.uleb128 0x4
 611 002a 16       		.uleb128 0x16
 612 002b 00       		.byte	0
 613 002c 03       		.uleb128 0x3
 614 002d 0E       		.uleb128 0xe
 615 002e 3A       		.uleb128 0x3a
 616 002f 0B       		.uleb128 0xb
 617 0030 3B       		.uleb128 0x3b
 618 0031 0B       		.uleb128 0xb
 619 0032 49       		.uleb128 0x49
 620 0033 13       		.uleb128 0x13
 621 0034 00       		.byte	0
 622 0035 00       		.byte	0
 623 0036 05       		.uleb128 0x5
 624 0037 16       		.uleb128 0x16
 625 0038 00       		.byte	0
 626 0039 03       		.uleb128 0x3
 627 003a 0E       		.uleb128 0xe
 628 003b 3A       		.uleb128 0x3a
 629 003c 0B       		.uleb128 0xb
 630 003d 3B       		.uleb128 0x3b
 631 003e 05       		.uleb128 0x5
 632 003f 49       		.uleb128 0x49
 633 0040 13       		.uleb128 0x13
 634 0041 00       		.byte	0
 635 0042 00       		.byte	0
 636 0043 06       		.uleb128 0x6
 637 0044 13       		.uleb128 0x13
 638 0045 01       		.byte	0x1
 639 0046 0B       		.uleb128 0xb
 640 0047 0B       		.uleb128 0xb
 641 0048 3A       		.uleb128 0x3a
 642 0049 0B       		.uleb128 0xb
 643 004a 3B       		.uleb128 0x3b
 644 004b 05       		.uleb128 0x5
 645 004c 01       		.uleb128 0x1
 646 004d 13       		.uleb128 0x13
 647 004e 00       		.byte	0
 648 004f 00       		.byte	0
 649 0050 07       		.uleb128 0x7
 650 0051 0D       		.uleb128 0xd
 651 0052 00       		.byte	0
 652 0053 03       		.uleb128 0x3
 653 0054 0E       		.uleb128 0xe
 654 0055 3A       		.uleb128 0x3a
 655 0056 0B       		.uleb128 0xb
 656 0057 3B       		.uleb128 0x3b
 657 0058 05       		.uleb128 0x5
 658 0059 49       		.uleb128 0x49
 659 005a 13       		.uleb128 0x13
 660 005b 38       		.uleb128 0x38
 661 005c 0B       		.uleb128 0xb
 662 005d 00       		.byte	0
 663 005e 00       		.byte	0
 664 005f 08       		.uleb128 0x8
 665 0060 04       		.uleb128 0x4
ARM GAS  C:\Users\Asus\AppData\Local\Temp\cc43WlbF.s 			page 18


 666 0061 01       		.byte	0x1
 667 0062 0B       		.uleb128 0xb
 668 0063 0B       		.uleb128 0xb
 669 0064 49       		.uleb128 0x49
 670 0065 13       		.uleb128 0x13
 671 0066 3A       		.uleb128 0x3a
 672 0067 0B       		.uleb128 0xb
 673 0068 3B       		.uleb128 0x3b
 674 0069 05       		.uleb128 0x5
 675 006a 01       		.uleb128 0x1
 676 006b 13       		.uleb128 0x13
 677 006c 00       		.byte	0
 678 006d 00       		.byte	0
 679 006e 09       		.uleb128 0x9
 680 006f 28       		.uleb128 0x28
 681 0070 00       		.byte	0
 682 0071 03       		.uleb128 0x3
 683 0072 0E       		.uleb128 0xe
 684 0073 1C       		.uleb128 0x1c
 685 0074 0B       		.uleb128 0xb
 686 0075 00       		.byte	0
 687 0076 00       		.byte	0
 688 0077 0A       		.uleb128 0xa
 689 0078 0D       		.uleb128 0xd
 690 0079 00       		.byte	0
 691 007a 03       		.uleb128 0x3
 692 007b 08       		.uleb128 0x8
 693 007c 3A       		.uleb128 0x3a
 694 007d 0B       		.uleb128 0xb
 695 007e 3B       		.uleb128 0x3b
 696 007f 05       		.uleb128 0x5
 697 0080 49       		.uleb128 0x49
 698 0081 13       		.uleb128 0x13
 699 0082 38       		.uleb128 0x38
 700 0083 0B       		.uleb128 0xb
 701 0084 00       		.byte	0
 702 0085 00       		.byte	0
 703 0086 0B       		.uleb128 0xb
 704 0087 2E       		.uleb128 0x2e
 705 0088 00       		.byte	0
 706 0089 03       		.uleb128 0x3
 707 008a 0E       		.uleb128 0xe
 708 008b 3A       		.uleb128 0x3a
 709 008c 0B       		.uleb128 0xb
 710 008d 3B       		.uleb128 0x3b
 711 008e 0B       		.uleb128 0xb
 712 008f 27       		.uleb128 0x27
 713 0090 19       		.uleb128 0x19
 714 0091 20       		.uleb128 0x20
 715 0092 0B       		.uleb128 0xb
 716 0093 00       		.byte	0
 717 0094 00       		.byte	0
 718 0095 0C       		.uleb128 0xc
 719 0096 2E       		.uleb128 0x2e
 720 0097 00       		.byte	0
 721 0098 03       		.uleb128 0x3
 722 0099 0E       		.uleb128 0xe
ARM GAS  C:\Users\Asus\AppData\Local\Temp\cc43WlbF.s 			page 19


 723 009a 3A       		.uleb128 0x3a
 724 009b 0B       		.uleb128 0xb
 725 009c 3B       		.uleb128 0x3b
 726 009d 0B       		.uleb128 0xb
 727 009e 27       		.uleb128 0x27
 728 009f 19       		.uleb128 0x19
 729 00a0 49       		.uleb128 0x49
 730 00a1 13       		.uleb128 0x13
 731 00a2 20       		.uleb128 0x20
 732 00a3 0B       		.uleb128 0xb
 733 00a4 00       		.byte	0
 734 00a5 00       		.byte	0
 735 00a6 0D       		.uleb128 0xd
 736 00a7 2E       		.uleb128 0x2e
 737 00a8 00       		.byte	0
 738 00a9 03       		.uleb128 0x3
 739 00aa 0E       		.uleb128 0xe
 740 00ab 3A       		.uleb128 0x3a
 741 00ac 0B       		.uleb128 0xb
 742 00ad 3B       		.uleb128 0x3b
 743 00ae 05       		.uleb128 0x5
 744 00af 27       		.uleb128 0x27
 745 00b0 19       		.uleb128 0x19
 746 00b1 20       		.uleb128 0x20
 747 00b2 0B       		.uleb128 0xb
 748 00b3 00       		.byte	0
 749 00b4 00       		.byte	0
 750 00b5 0E       		.uleb128 0xe
 751 00b6 2E       		.uleb128 0x2e
 752 00b7 01       		.byte	0x1
 753 00b8 3F       		.uleb128 0x3f
 754 00b9 19       		.uleb128 0x19
 755 00ba 03       		.uleb128 0x3
 756 00bb 0E       		.uleb128 0xe
 757 00bc 3A       		.uleb128 0x3a
 758 00bd 0B       		.uleb128 0xb
 759 00be 3B       		.uleb128 0x3b
 760 00bf 0B       		.uleb128 0xb
 761 00c0 27       		.uleb128 0x27
 762 00c1 19       		.uleb128 0x19
 763 00c2 8701     		.uleb128 0x87
 764 00c4 19       		.uleb128 0x19
 765 00c5 11       		.uleb128 0x11
 766 00c6 01       		.uleb128 0x1
 767 00c7 12       		.uleb128 0x12
 768 00c8 06       		.uleb128 0x6
 769 00c9 40       		.uleb128 0x40
 770 00ca 18       		.uleb128 0x18
 771 00cb 9742     		.uleb128 0x2117
 772 00cd 19       		.uleb128 0x19
 773 00ce 01       		.uleb128 0x1
 774 00cf 13       		.uleb128 0x13
 775 00d0 00       		.byte	0
 776 00d1 00       		.byte	0
 777 00d2 0F       		.uleb128 0xf
 778 00d3 34       		.uleb128 0x34
 779 00d4 00       		.byte	0
ARM GAS  C:\Users\Asus\AppData\Local\Temp\cc43WlbF.s 			page 20


 780 00d5 03       		.uleb128 0x3
 781 00d6 0E       		.uleb128 0xe
 782 00d7 3A       		.uleb128 0x3a
 783 00d8 0B       		.uleb128 0xb
 784 00d9 3B       		.uleb128 0x3b
 785 00da 0B       		.uleb128 0xb
 786 00db 49       		.uleb128 0x49
 787 00dc 13       		.uleb128 0x13
 788 00dd 00       		.byte	0
 789 00de 00       		.byte	0
 790 00df 10       		.uleb128 0x10
 791 00e0 1D       		.uleb128 0x1d
 792 00e1 01       		.byte	0x1
 793 00e2 31       		.uleb128 0x31
 794 00e3 13       		.uleb128 0x13
 795 00e4 11       		.uleb128 0x11
 796 00e5 01       		.uleb128 0x1
 797 00e6 12       		.uleb128 0x12
 798 00e7 06       		.uleb128 0x6
 799 00e8 58       		.uleb128 0x58
 800 00e9 0B       		.uleb128 0xb
 801 00ea 59       		.uleb128 0x59
 802 00eb 0B       		.uleb128 0xb
 803 00ec 01       		.uleb128 0x1
 804 00ed 13       		.uleb128 0x13
 805 00ee 00       		.byte	0
 806 00ef 00       		.byte	0
 807 00f0 11       		.uleb128 0x11
 808 00f1 1D       		.uleb128 0x1d
 809 00f2 00       		.byte	0
 810 00f3 31       		.uleb128 0x31
 811 00f4 13       		.uleb128 0x13
 812 00f5 11       		.uleb128 0x11
 813 00f6 01       		.uleb128 0x1
 814 00f7 12       		.uleb128 0x12
 815 00f8 06       		.uleb128 0x6
 816 00f9 58       		.uleb128 0x58
 817 00fa 0B       		.uleb128 0xb
 818 00fb 59       		.uleb128 0x59
 819 00fc 05       		.uleb128 0x5
 820 00fd 00       		.byte	0
 821 00fe 00       		.byte	0
 822 00ff 12       		.uleb128 0x12
 823 0100 898201   		.uleb128 0x4109
 824 0103 00       		.byte	0
 825 0104 11       		.uleb128 0x11
 826 0105 01       		.uleb128 0x1
 827 0106 31       		.uleb128 0x31
 828 0107 13       		.uleb128 0x13
 829 0108 00       		.byte	0
 830 0109 00       		.byte	0
 831 010a 13       		.uleb128 0x13
 832 010b 34       		.uleb128 0x34
 833 010c 00       		.byte	0
 834 010d 03       		.uleb128 0x3
 835 010e 0E       		.uleb128 0xe
 836 010f 3A       		.uleb128 0x3a
ARM GAS  C:\Users\Asus\AppData\Local\Temp\cc43WlbF.s 			page 21


 837 0110 0B       		.uleb128 0xb
 838 0111 3B       		.uleb128 0x3b
 839 0112 0B       		.uleb128 0xb
 840 0113 49       		.uleb128 0x49
 841 0114 13       		.uleb128 0x13
 842 0115 3F       		.uleb128 0x3f
 843 0116 19       		.uleb128 0x19
 844 0117 3C       		.uleb128 0x3c
 845 0118 19       		.uleb128 0x19
 846 0119 00       		.byte	0
 847 011a 00       		.byte	0
 848 011b 14       		.uleb128 0x14
 849 011c 01       		.uleb128 0x1
 850 011d 01       		.byte	0x1
 851 011e 49       		.uleb128 0x49
 852 011f 13       		.uleb128 0x13
 853 0120 01       		.uleb128 0x1
 854 0121 13       		.uleb128 0x13
 855 0122 00       		.byte	0
 856 0123 00       		.byte	0
 857 0124 15       		.uleb128 0x15
 858 0125 21       		.uleb128 0x21
 859 0126 00       		.byte	0
 860 0127 49       		.uleb128 0x49
 861 0128 13       		.uleb128 0x13
 862 0129 2F       		.uleb128 0x2f
 863 012a 0B       		.uleb128 0xb
 864 012b 00       		.byte	0
 865 012c 00       		.byte	0
 866 012d 16       		.uleb128 0x16
 867 012e 26       		.uleb128 0x26
 868 012f 00       		.byte	0
 869 0130 49       		.uleb128 0x49
 870 0131 13       		.uleb128 0x13
 871 0132 00       		.byte	0
 872 0133 00       		.byte	0
 873 0134 17       		.uleb128 0x17
 874 0135 34       		.uleb128 0x34
 875 0136 00       		.byte	0
 876 0137 03       		.uleb128 0x3
 877 0138 0E       		.uleb128 0xe
 878 0139 3A       		.uleb128 0x3a
 879 013a 0B       		.uleb128 0xb
 880 013b 3B       		.uleb128 0x3b
 881 013c 05       		.uleb128 0x5
 882 013d 49       		.uleb128 0x49
 883 013e 13       		.uleb128 0x13
 884 013f 3F       		.uleb128 0x3f
 885 0140 19       		.uleb128 0x19
 886 0141 3C       		.uleb128 0x3c
 887 0142 19       		.uleb128 0x19
 888 0143 00       		.byte	0
 889 0144 00       		.byte	0
 890 0145 18       		.uleb128 0x18
 891 0146 2E       		.uleb128 0x2e
 892 0147 00       		.byte	0
 893 0148 3F       		.uleb128 0x3f
ARM GAS  C:\Users\Asus\AppData\Local\Temp\cc43WlbF.s 			page 22


 894 0149 19       		.uleb128 0x19
 895 014a 3C       		.uleb128 0x3c
 896 014b 19       		.uleb128 0x19
 897 014c 6E       		.uleb128 0x6e
 898 014d 0E       		.uleb128 0xe
 899 014e 03       		.uleb128 0x3
 900 014f 0E       		.uleb128 0xe
 901 0150 3A       		.uleb128 0x3a
 902 0151 0B       		.uleb128 0xb
 903 0152 3B       		.uleb128 0x3b
 904 0153 0B       		.uleb128 0xb
 905 0154 00       		.byte	0
 906 0155 00       		.byte	0
 907 0156 00       		.byte	0
 908              		.section	.debug_aranges,"",%progbits
 909 0000 1C000000 		.4byte	0x1c
 910 0004 0200     		.2byte	0x2
 911 0006 00000000 		.4byte	.Ldebug_info0
 912 000a 04       		.byte	0x4
 913 000b 00       		.byte	0
 914 000c 0000     		.2byte	0
 915 000e 0000     		.2byte	0
 916 0010 00000000 		.4byte	.LFB70
 917 0014 10000000 		.4byte	.LFE70-.LFB70
 918 0018 00000000 		.4byte	0
 919 001c 00000000 		.4byte	0
 920              		.section	.debug_ranges,"",%progbits
 921              	.Ldebug_ranges0:
 922 0000 00000000 		.4byte	.LFB70
 923 0004 10000000 		.4byte	.LFE70
 924 0008 00000000 		.4byte	0
 925 000c 00000000 		.4byte	0
 926              		.section	.debug_line,"",%progbits
 927              	.Ldebug_line0:
 928 0000 77010000 		.section	.debug_str,"MS",%progbits,1
 928      02005601 
 928      00000201 
 928      FB0E0D00 
 928      01010101 
 929              	.LASF34:
 930 0000 6B696E64 		.ascii	"kind\000"
 930      00
 931              	.LASF53:
 932 0005 45455F72 		.ascii	"EE_rq_bitmask\000"
 932      715F6269 
 932      746D6173 
 932      6B00
 933              	.LASF14:
 934 0013 45455F55 		.ascii	"EE_UREG\000"
 934      52454700 
 935              	.LASF23:
 936 001b 7469636B 		.ascii	"ticksperbase\000"
 936      73706572 
 936      62617365 
 936      00
 937              	.LASF54:
 938 0028 45455F74 		.ascii	"EE_th_event_active\000"
ARM GAS  C:\Users\Asus\AppData\Local\Temp\cc43WlbF.s 			page 23


 938      685F6576 
 938      656E745F 
 938      61637469 
 938      766500
 939              	.LASF55:
 940 003b 45455F74 		.ascii	"EE_th_waswaiting\000"
 940      685F7761 
 940      73776169 
 940      74696E67 
 940      00
 941              	.LASF2:
 942 004c 73686F72 		.ascii	"short int\000"
 942      7420696E 
 942      7400
 943              	.LASF45:
 944 0056 73697A65 		.ascii	"sizetype\000"
 944      74797065 
 944      00
 945              	.LASF38:
 946 005f 64656C74 		.ascii	"delta\000"
 946      6100
 947              	.LASF33:
 948 0065 73706563 		.ascii	"spec_id\000"
 948      5F696400 
 949              	.LASF15:
 950 006d 45455F46 		.ascii	"EE_FREG\000"
 950      52454700 
 951              	.LASF6:
 952 0075 6C6F6E67 		.ascii	"long long int\000"
 952      206C6F6E 
 952      6720696E 
 952      7400
 953              	.LASF32:
 954 0083 436F756E 		.ascii	"CounterObjectKindType\000"
 954      7465724F 
 954      626A6563 
 954      744B696E 
 954      64547970 
 955              	.LASF13:
 956 0099 45455F55 		.ascii	"EE_UINT32\000"
 956      494E5433 
 956      3200
 957              	.LASF46:
 958 00a3 45455F74 		.ascii	"EE_th_ready_prio\000"
 958      685F7265 
 958      6164795F 
 958      7072696F 
 958      00
 959              	.LASF17:
 960 00b4 45455F54 		.ascii	"EE_TID\000"
 960      494400
 961              	.LASF24:
 962 00bb 6D696E63 		.ascii	"mincycle\000"
 962      79636C65 
 962      00
 963              	.LASF26:
 964 00c4 76616C75 		.ascii	"value\000"
ARM GAS  C:\Users\Asus\AppData\Local\Temp\cc43WlbF.s 			page 24


 964      6500
 965              	.LASF57:
 966 00ca 45455F6F 		.ascii	"EE_oo_counter_object_ROM\000"
 966      6F5F636F 
 966      756E7465 
 966      725F6F62 
 966      6A656374 
 967              	.LASF31:
 968 00e3 45455F6F 		.ascii	"EE_oo_counter_object_kind_type\000"
 968      6F5F636F 
 968      756E7465 
 968      725F6F62 
 968      6A656374 
 969              	.LASF43:
 970 0102 45455F49 		.ascii	"EE_IRQ_nesting_level\000"
 970      52515F6E 
 970      65737469 
 970      6E675F6C 
 970      6576656C 
 971              	.LASF44:
 972 0117 45455F73 		.ascii	"EE_std_endcycle_next_tid\000"
 972      74645F65 
 972      6E646379 
 972      636C655F 
 972      6E657874 
 973              	.LASF68:
 974 0130 45455F74 		.ascii	"EE_thread_not_terminated\000"
 974      68726561 
 974      645F6E6F 
 974      745F7465 
 974      726D696E 
 975              	.LASF28:
 976 0149 45455F6F 		.ascii	"EE_oo_counter_RAM_type\000"
 976      6F5F636F 
 976      756E7465 
 976      725F5241 
 976      4D5F7479 
 977              	.LASF65:
 978 0160 47656E65 		.ascii	"Generated_Source\\PSoC5\\ErikaOS_1_ee_tnterm.c\000"
 978      72617465 
 978      645F536F 
 978      75726365 
 978      5C50536F 
 979              	.LASF10:
 980 018d 45455F49 		.ascii	"EE_INT8\000"
 980      4E543800 
 981              	.LASF61:
 982 0195 45455F6F 		.ascii	"EE_oo_IRQ_suspend_status\000"
 982      6F5F4952 
 982      515F7375 
 982      7370656E 
 982      645F7374 
 983              	.LASF18:
 984 01ae 45455F54 		.ascii	"EE_TYPE_RQ_MASK\000"
 984      5950455F 
 984      52515F4D 
 984      41534B00 
ARM GAS  C:\Users\Asus\AppData\Local\Temp\cc43WlbF.s 			page 25


 985              	.LASF30:
 986 01be 45455F53 		.ascii	"EE_SCHEDULETABLE\000"
 986      43484544 
 986      554C4554 
 986      41424C45 
 986      00
 987              	.LASF4:
 988 01cf 6C6F6E67 		.ascii	"long int\000"
 988      20696E74 
 988      00
 989              	.LASF22:
 990 01d8 6D617861 		.ascii	"maxallowedvalue\000"
 990      6C6C6F77 
 990      65647661 
 990      6C756500 
 991              	.LASF40:
 992 01e8 45455F6F 		.ascii	"EE_oo_counter_object_RAM_type\000"
 992      6F5F636F 
 992      756E7465 
 992      725F6F62 
 992      6A656374 
 993              	.LASF25:
 994 0206 45455F6F 		.ascii	"EE_oo_counter_ROM_type\000"
 994      6F5F636F 
 994      756E7465 
 994      725F524F 
 994      4D5F7479 
 995              	.LASF70:
 996 021d 45455F68 		.ascii	"EE_hal_terminate_task\000"
 996      616C5F74 
 996      65726D69 
 996      6E617465 
 996      5F746173 
 997              	.LASF19:
 998 0233 5469636B 		.ascii	"TickType\000"
 998      54797065 
 998      00
 999              	.LASF52:
 1000 023c 45455F73 		.ascii	"EE_sys_ceiling\000"
 1000      79735F63 
 1000      65696C69 
 1000      6E6700
 1001              	.LASF20:
 1002 024b 436F756E 		.ascii	"CounterObjectType\000"
 1002      7465724F 
 1002      626A6563 
 1002      74547970 
 1002      6500
 1003              	.LASF9:
 1004 025d 6C6F6E67 		.ascii	"long double\000"
 1004      20646F75 
 1004      626C6500 
 1005              	.LASF56:
 1006 0269 45455F63 		.ascii	"EE_counter_ROM\000"
 1006      6F756E74 
 1006      65725F52 
 1006      4F4D00
ARM GAS  C:\Users\Asus\AppData\Local\Temp\cc43WlbF.s 			page 26


 1007              	.LASF1:
 1008 0278 756E7369 		.ascii	"unsigned char\000"
 1008      676E6564 
 1008      20636861 
 1008      7200
 1009              	.LASF41:
 1010 0286 45455F63 		.ascii	"EE_cortex_mx_disableIRQ\000"
 1010      6F727465 
 1010      785F6D78 
 1010      5F646973 
 1010      61626C65 
 1011              	.LASF59:
 1012 029e 45455F6F 		.ascii	"EE_oo_counter_object_RAM\000"
 1012      6F5F636F 
 1012      756E7465 
 1012      725F6F62 
 1012      6A656374 
 1013              	.LASF0:
 1014 02b7 7369676E 		.ascii	"signed char\000"
 1014      65642063 
 1014      68617200 
 1015              	.LASF7:
 1016 02c3 6C6F6E67 		.ascii	"long long unsigned int\000"
 1016      206C6F6E 
 1016      6720756E 
 1016      7369676E 
 1016      65642069 
 1017              	.LASF67:
 1018 02da 45455F73 		.ascii	"EE_stk_queryfirst\000"
 1018      746B5F71 
 1018      75657279 
 1018      66697273 
 1018      7400
 1019              	.LASF8:
 1020 02ec 756E7369 		.ascii	"unsigned int\000"
 1020      676E6564 
 1020      20696E74 
 1020      00
 1021              	.LASF42:
 1022 02f9 45455F68 		.ascii	"EE_hal_disableIRQ\000"
 1022      616C5F64 
 1022      69736162 
 1022      6C654952 
 1022      5100
 1023              	.LASF50:
 1024 030b 45455F74 		.ascii	"EE_th_rnact\000"
 1024      685F726E 
 1024      61637400 
 1025              	.LASF69:
 1026 0317 63757272 		.ascii	"current\000"
 1026      656E7400 
 1027              	.LASF12:
 1028 031f 45455F49 		.ascii	"EE_INT32\000"
 1028      4E543332 
 1028      00
 1029              	.LASF66:
 1030 0328 433A5C55 		.ascii	"C:\\Users\\Asus\\Desktop\\HDA\\Semester_2\\EAA\\Lab"
ARM GAS  C:\Users\Asus\AppData\Local\Temp\cc43WlbF.s 			page 27


 1030      73657273 
 1030      5C417375 
 1030      735C4465 
 1030      736B746F 
 1031 0354 5C4C6162 		.ascii	"\\Lab01\\Electronic_Gaspedal\\Electronic_Gaspedal\\"
 1031      30315C45 
 1031      6C656374 
 1031      726F6E69 
 1031      635F4761 
 1032 0383 4C616230 		.ascii	"Lab01.cydsn\000"
 1032      312E6379 
 1032      64736E00 
 1033              	.LASF3:
 1034 038f 73686F72 		.ascii	"short unsigned int\000"
 1034      7420756E 
 1034      7369676E 
 1034      65642069 
 1034      6E7400
 1035              	.LASF35:
 1036 03a2 45455F6F 		.ascii	"EE_oo_counter_object_ROM_type\000"
 1036      6F5F636F 
 1036      756E7465 
 1036      725F6F62 
 1036      6A656374 
 1037              	.LASF11:
 1038 03c0 45455F55 		.ascii	"EE_UINT16\000"
 1038      494E5431 
 1038      3600
 1039              	.LASF58:
 1040 03ca 45455F63 		.ascii	"EE_counter_RAM\000"
 1040      6F756E74 
 1040      65725F52 
 1040      414D00
 1041              	.LASF62:
 1042 03d9 45455F41 		.ascii	"EE_ApplicationMode\000"
 1042      70706C69 
 1042      63617469 
 1042      6F6E4D6F 
 1042      646500
 1043              	.LASF5:
 1044 03ec 6C6F6E67 		.ascii	"long unsigned int\000"
 1044      20756E73 
 1044      69676E65 
 1044      6420696E 
 1044      7400
 1045              	.LASF16:
 1046 03fe 45455F54 		.ascii	"EE_TYPEBOOL\000"
 1046      59504542 
 1046      4F4F4C00 
 1047              	.LASF51:
 1048 040a 45455F73 		.ascii	"EE_stkfirst\000"
 1048      746B6669 
 1048      72737400 
 1049              	.LASF29:
 1050 0416 45455F41 		.ascii	"EE_ALARM\000"
 1050      4C41524D 
 1050      00
ARM GAS  C:\Users\Asus\AppData\Local\Temp\cc43WlbF.s 			page 28


 1051              	.LASF36:
 1052 041f 75736564 		.ascii	"used\000"
 1052      00
 1053              	.LASF21:
 1054 0424 436F756E 		.ascii	"CounterType\000"
 1054      74657254 
 1054      79706500 
 1055              	.LASF48:
 1056 0430 45455F74 		.ascii	"EE_th_status\000"
 1056      685F7374 
 1056      61747573 
 1056      00
 1057              	.LASF47:
 1058 043d 45455F74 		.ascii	"EE_th_dispatch_prio\000"
 1058      685F6469 
 1058      73706174 
 1058      63685F70 
 1058      72696F00 
 1059              	.LASF49:
 1060 0451 45455F74 		.ascii	"EE_th_next\000"
 1060      685F6E65 
 1060      787400
 1061              	.LASF64:
 1062 045c 474E5520 		.ascii	"GNU C11 5.4.1 20160609 (release) [ARM/embedded-5-br"
 1062      43313120 
 1062      352E342E 
 1062      31203230 
 1062      31363036 
 1063 048f 616E6368 		.ascii	"anch revision 237715] -mcpu=cortex-m3 -mthumb -g -O"
 1063      20726576 
 1063      6973696F 
 1063      6E203233 
 1063      37373135 
 1064 04c2 67202D66 		.ascii	"g -ffunction-sections -ffat-lto-objects\000"
 1064      66756E63 
 1064      74696F6E 
 1064      2D736563 
 1064      74696F6E 
 1065              	.LASF37:
 1066 04ea 636E7463 		.ascii	"cntcycle\000"
 1066      79636C65 
 1066      00
 1067              	.LASF60:
 1068 04f3 45455F6F 		.ascii	"EE_oo_IRQ_disable_count\000"
 1068      6F5F4952 
 1068      515F6469 
 1068      7361626C 
 1068      655F636F 
 1069              	.LASF39:
 1070 050b 6E657874 		.ascii	"next\000"
 1070      00
 1071              	.LASF63:
 1072 0510 45455F72 		.ascii	"EE_rq_lookup\000"
 1072      715F6C6F 
 1072      6F6B7570 
 1072      00
 1073              	.LASF27:
ARM GAS  C:\Users\Asus\AppData\Local\Temp\cc43WlbF.s 			page 29


 1074 051d 66697273 		.ascii	"first\000"
 1074      7400
 1075              		.ident	"GCC: (GNU Tools for ARM Embedded Processors) 5.4.1 20160609 (release) [ARM/embedded-5-bran
