ARM GAS  C:\Users\Asus\AppData\Local\Temp\cc2oqBAR.s 			page 1


   1              		.syntax unified
   2              		.cpu cortex-m3
   3              		.fpu softvfp
   4              		.eabi_attribute 20, 1
   5              		.eabi_attribute 21, 1
   6              		.eabi_attribute 23, 3
   7              		.eabi_attribute 24, 1
   8              		.eabi_attribute 25, 1
   9              		.eabi_attribute 26, 1
  10              		.eabi_attribute 30, 1
  11              		.eabi_attribute 34, 1
  12              		.eabi_attribute 18, 4
  13              		.thumb
  14              		.syntax unified
  15              		.file	"ErikaOS_1_ee_tstub.c"
  16              		.text
  17              	.Ltext0:
  18              		.cfi_sections	.debug_frame
  19              		.section	.text.EE_oo_thread_stub,"ax",%progbits
  20              		.align	2
  21              		.global	EE_oo_thread_stub
  22              		.thumb
  23              		.thumb_func
  24              		.type	EE_oo_thread_stub, %function
  25              	EE_oo_thread_stub:
  26              	.LFB70:
  27              		.file 1 "Generated_Source\\PSoC5\\ErikaOS_1_ee_tstub.c"
   1:Generated_Source\PSoC5/ErikaOS_1_ee_tstub.c **** /* ###*B*###
   2:Generated_Source\PSoC5/ErikaOS_1_ee_tstub.c ****  * ERIKA Enterprise - a tiny RTOS for small microcontrollers
   3:Generated_Source\PSoC5/ErikaOS_1_ee_tstub.c ****  *
   4:Generated_Source\PSoC5/ErikaOS_1_ee_tstub.c ****  * Copyright (C) 2002-2008  Evidence Srl
   5:Generated_Source\PSoC5/ErikaOS_1_ee_tstub.c ****  *
   6:Generated_Source\PSoC5/ErikaOS_1_ee_tstub.c ****  * This file is part of ERIKA Enterprise.
   7:Generated_Source\PSoC5/ErikaOS_1_ee_tstub.c ****  *
   8:Generated_Source\PSoC5/ErikaOS_1_ee_tstub.c ****  * ERIKA Enterprise is free software; you can redistribute it
   9:Generated_Source\PSoC5/ErikaOS_1_ee_tstub.c ****  * and/or modify it under the terms of the GNU General Public License
  10:Generated_Source\PSoC5/ErikaOS_1_ee_tstub.c ****  * version 2 as published by the Free Software Foundation, 
  11:Generated_Source\PSoC5/ErikaOS_1_ee_tstub.c ****  * (with a special exception described below).
  12:Generated_Source\PSoC5/ErikaOS_1_ee_tstub.c ****  *
  13:Generated_Source\PSoC5/ErikaOS_1_ee_tstub.c ****  * Linking this code statically or dynamically with other modules is
  14:Generated_Source\PSoC5/ErikaOS_1_ee_tstub.c ****  * making a combined work based on this code.  Thus, the terms and
  15:Generated_Source\PSoC5/ErikaOS_1_ee_tstub.c ****  * conditions of the GNU General Public License cover the whole
  16:Generated_Source\PSoC5/ErikaOS_1_ee_tstub.c ****  * combination.
  17:Generated_Source\PSoC5/ErikaOS_1_ee_tstub.c ****  *
  18:Generated_Source\PSoC5/ErikaOS_1_ee_tstub.c ****  * As a special exception, the copyright holders of this library give you
  19:Generated_Source\PSoC5/ErikaOS_1_ee_tstub.c ****  * permission to link this code with independent modules to produce an
  20:Generated_Source\PSoC5/ErikaOS_1_ee_tstub.c ****  * executable, regardless of the license terms of these independent
  21:Generated_Source\PSoC5/ErikaOS_1_ee_tstub.c ****  * modules, and to copy and distribute the resulting executable under
  22:Generated_Source\PSoC5/ErikaOS_1_ee_tstub.c ****  * terms of your choice, provided that you also meet, for each linked
  23:Generated_Source\PSoC5/ErikaOS_1_ee_tstub.c ****  * independent module, the terms and conditions of the license of that
  24:Generated_Source\PSoC5/ErikaOS_1_ee_tstub.c ****  * module.  An independent module is a module which is not derived from
  25:Generated_Source\PSoC5/ErikaOS_1_ee_tstub.c ****  * or based on this library.  If you modify this code, you may extend
  26:Generated_Source\PSoC5/ErikaOS_1_ee_tstub.c ****  * this exception to your version of the code, but you are not
  27:Generated_Source\PSoC5/ErikaOS_1_ee_tstub.c ****  * obligated to do so.  If you do not wish to do so, delete this
  28:Generated_Source\PSoC5/ErikaOS_1_ee_tstub.c ****  * exception statement from your version.
  29:Generated_Source\PSoC5/ErikaOS_1_ee_tstub.c ****  *
  30:Generated_Source\PSoC5/ErikaOS_1_ee_tstub.c ****  * ERIKA Enterprise is distributed in the hope that it will be
ARM GAS  C:\Users\Asus\AppData\Local\Temp\cc2oqBAR.s 			page 2


  31:Generated_Source\PSoC5/ErikaOS_1_ee_tstub.c ****  * useful, but WITHOUT ANY WARRANTY; without even the implied warranty
  32:Generated_Source\PSoC5/ErikaOS_1_ee_tstub.c ****  * of MERCHANTABILITY or FITNESS FOR A PARTICULAR PURPOSE.  See the
  33:Generated_Source\PSoC5/ErikaOS_1_ee_tstub.c ****  * GNU General Public License version 2 for more details.
  34:Generated_Source\PSoC5/ErikaOS_1_ee_tstub.c ****  *
  35:Generated_Source\PSoC5/ErikaOS_1_ee_tstub.c ****  * You should have received a copy of the GNU General Public License
  36:Generated_Source\PSoC5/ErikaOS_1_ee_tstub.c ****  * version 2 along with ERIKA Enterprise; if not, write to the
  37:Generated_Source\PSoC5/ErikaOS_1_ee_tstub.c ****  * Free Software Foundation, Inc., 51 Franklin Street, Fifth Floor,
  38:Generated_Source\PSoC5/ErikaOS_1_ee_tstub.c ****  * Boston, MA 02110-1301 USA.
  39:Generated_Source\PSoC5/ErikaOS_1_ee_tstub.c ****  * ###*E*### */
  40:Generated_Source\PSoC5/ErikaOS_1_ee_tstub.c **** 
  41:Generated_Source\PSoC5/ErikaOS_1_ee_tstub.c **** /*
  42:Generated_Source\PSoC5/ErikaOS_1_ee_tstub.c ****  * Author: 2002-2004 Paolo Gai
  43:Generated_Source\PSoC5/ErikaOS_1_ee_tstub.c ****  * CVS: $Id: ee_tstub.c,v 1.1 2005/07/16 12:23:42 pj Exp $
  44:Generated_Source\PSoC5/ErikaOS_1_ee_tstub.c ****  */
  45:Generated_Source\PSoC5/ErikaOS_1_ee_tstub.c **** 
  46:Generated_Source\PSoC5/ErikaOS_1_ee_tstub.c **** /*
  47:Generated_Source\PSoC5/ErikaOS_1_ee_tstub.c ****  * PSoC Port and API Generation
  48:Generated_Source\PSoC5/ErikaOS_1_ee_tstub.c ****  * Carlos Fernando Meier Martinez
  49:Generated_Source\PSoC5/ErikaOS_1_ee_tstub.c ****  * Hochschule Darmstadt, Germany. 2017.
  50:Generated_Source\PSoC5/ErikaOS_1_ee_tstub.c ****  */
  51:Generated_Source\PSoC5/ErikaOS_1_ee_tstub.c **** #include "ErikaOS_1_ee_tracing.h"
  52:Generated_Source\PSoC5/ErikaOS_1_ee_tstub.c **** 
  53:Generated_Source\PSoC5/ErikaOS_1_ee_tstub.c **** #include "ErikaOS_1_ee_internal.inc"
  54:Generated_Source\PSoC5/ErikaOS_1_ee_tstub.c **** 
  55:Generated_Source\PSoC5/ErikaOS_1_ee_tstub.c **** /* TerminateStub:
  56:Generated_Source\PSoC5/ErikaOS_1_ee_tstub.c ****    - This is the function that is called as the "real thread body" of 
  57:Generated_Source\PSoC5/ErikaOS_1_ee_tstub.c ****      an OO task.
  58:Generated_Source\PSoC5/ErikaOS_1_ee_tstub.c ****    - This function is not called if a task use only a terminate_task at 
  59:Generated_Source\PSoC5/ErikaOS_1_ee_tstub.c ****      the end of the thread. In some architectures, this can lead 
  60:Generated_Source\PSoC5/ErikaOS_1_ee_tstub.c ****      to some stack savings...
  61:Generated_Source\PSoC5/ErikaOS_1_ee_tstub.c **** */
  62:Generated_Source\PSoC5/ErikaOS_1_ee_tstub.c **** 
  63:Generated_Source\PSoC5/ErikaOS_1_ee_tstub.c **** #if (__OO_configUSE_TRACE_FACILITY == 1)
  64:Generated_Source\PSoC5/ErikaOS_1_ee_tstub.c **** #include "trcKernelPort.h"
  65:Generated_Source\PSoC5/ErikaOS_1_ee_tstub.c **** #endif
  66:Generated_Source\PSoC5/ErikaOS_1_ee_tstub.c **** 
  67:Generated_Source\PSoC5/ErikaOS_1_ee_tstub.c **** #ifndef __PRIVATE_THREADSTUB__
  68:Generated_Source\PSoC5/ErikaOS_1_ee_tstub.c **** void EE_oo_thread_stub(void)
  69:Generated_Source\PSoC5/ErikaOS_1_ee_tstub.c **** {
  28              		.loc 1 69 0
  29              		.cfi_startproc
  30              		@ args = 0, pretend = 0, frame = 0
  31              		@ frame_needed = 0, uses_anonymous_args = 0
  32 0000 08B5     		push	{r3, lr}
  33              		.cfi_def_cfa_offset 8
  34              		.cfi_offset 3, -8
  35              		.cfi_offset 14, -4
  70:Generated_Source\PSoC5/ErikaOS_1_ee_tstub.c ****   register EE_TID temp;
  71:Generated_Source\PSoC5/ErikaOS_1_ee_tstub.c **** 
  72:Generated_Source\PSoC5/ErikaOS_1_ee_tstub.c **** #if (__OO_configUSE_TRACE_FACILITY == 1)
  73:Generated_Source\PSoC5/ErikaOS_1_ee_tstub.c ****   traceMOVED_TASK_TO_READY_STATE(EE_stk_queryfirst());
  74:Generated_Source\PSoC5/ErikaOS_1_ee_tstub.c ****   traceTASK_SWITCHED_IN(EE_stk_queryfirst(), EE_th_ready_prio[EE_stk_queryfirst()]);
  75:Generated_Source\PSoC5/ErikaOS_1_ee_tstub.c **** #endif
  76:Generated_Source\PSoC5/ErikaOS_1_ee_tstub.c **** 
  77:Generated_Source\PSoC5/ErikaOS_1_ee_tstub.c ****   EE_oo_call_PreTaskHook();
  78:Generated_Source\PSoC5/ErikaOS_1_ee_tstub.c **** 
  79:Generated_Source\PSoC5/ErikaOS_1_ee_tstub.c ****   temp = EE_stk_queryfirst();
ARM GAS  C:\Users\Asus\AppData\Local\Temp\cc2oqBAR.s 			page 3


  80:Generated_Source\PSoC5/ErikaOS_1_ee_tstub.c **** 
  81:Generated_Source\PSoC5/ErikaOS_1_ee_tstub.c ****   EE_hal_terminate_savestk(temp);
  36              		.loc 1 81 0
  37 0002 024B     		ldr	r3, .L3
  38 0004 1868     		ldr	r0, [r3]
  39 0006 FFF7FEFF 		bl	EE_hal_terminate_savestk
  40              	.LVL0:
  41 000a 08BD     		pop	{r3, pc}
  42              	.L4:
  43              		.align	2
  44              	.L3:
  45 000c 00000000 		.word	EE_stkfirst
  46              		.cfi_endproc
  47              	.LFE70:
  48              		.size	EE_oo_thread_stub, .-EE_oo_thread_stub
  49              		.text
  50              	.Letext0:
  51              		.file 2 "Generated_Source\\PSoC5\\ErikaOS_1_common_ee_types.inc"
  52              		.file 3 "Generated_Source\\PSoC5\\ErikaOS_1_cortex_mx_ee_cpu.inc"
  53              		.file 4 "Generated_Source\\PSoC5\\ErikaOS_1_ee_oo_common.inc"
  54              		.file 5 "Generated_Source\\PSoC5\\ErikaOS_1_common_ee_primitives.inc"
  55              		.file 6 "Generated_Source\\PSoC5\\ErikaOS_1_cortex_mx_ee_context.inc"
  56              		.file 7 "Generated_Source\\PSoC5\\ErikaOS_1_ee_oo_intfunc.inc"
  57              		.file 8 "Generated_Source\\PSoC5\\ErikaOS_1_ee_oo_internal.inc"
  58              		.file 9 "Generated_Source\\PSoC5\\ErikaOS_1_cortex_mx_ee_internal.inc"
  59              		.section	.debug_info,"",%progbits
  60              	.Ldebug_info0:
  61 0000 83040000 		.4byte	0x483
  62 0004 0400     		.2byte	0x4
  63 0006 00000000 		.4byte	.Ldebug_abbrev0
  64 000a 04       		.byte	0x4
  65 000b 01       		.uleb128 0x1
  66 000c 2C050000 		.4byte	.LASF74
  67 0010 0C       		.byte	0xc
  68 0011 EE040000 		.4byte	.LASF75
  69 0015 66030000 		.4byte	.LASF76
  70 0019 00000000 		.4byte	.Ldebug_ranges0+0
  71 001d 00000000 		.4byte	0
  72 0021 00000000 		.4byte	.Ldebug_line0
  73 0025 02       		.uleb128 0x2
  74 0026 01       		.byte	0x1
  75 0027 06       		.byte	0x6
  76 0028 E9020000 		.4byte	.LASF0
  77 002c 02       		.uleb128 0x2
  78 002d 01       		.byte	0x1
  79 002e 08       		.byte	0x8
  80 002f C2020000 		.4byte	.LASF1
  81 0033 02       		.uleb128 0x2
  82 0034 02       		.byte	0x2
  83 0035 05       		.byte	0x5
  84 0036 7E000000 		.4byte	.LASF2
  85 003a 02       		.uleb128 0x2
  86 003b 02       		.byte	0x2
  87 003c 07       		.byte	0x7
  88 003d CD030000 		.4byte	.LASF3
  89 0041 02       		.uleb128 0x2
  90 0042 04       		.byte	0x4
ARM GAS  C:\Users\Asus\AppData\Local\Temp\cc2oqBAR.s 			page 4


  91 0043 05       		.byte	0x5
  92 0044 FE010000 		.4byte	.LASF4
  93 0048 02       		.uleb128 0x2
  94 0049 04       		.byte	0x4
  95 004a 07       		.byte	0x7
  96 004b 40040000 		.4byte	.LASF5
  97 004f 02       		.uleb128 0x2
  98 0050 08       		.byte	0x8
  99 0051 05       		.byte	0x5
 100 0052 AE010000 		.4byte	.LASF6
 101 0056 02       		.uleb128 0x2
 102 0057 08       		.byte	0x8
 103 0058 07       		.byte	0x7
 104 0059 02030000 		.4byte	.LASF7
 105 005d 03       		.uleb128 0x3
 106 005e 04       		.byte	0x4
 107 005f 05       		.byte	0x5
 108 0060 696E7400 		.ascii	"int\000"
 109 0064 02       		.uleb128 0x2
 110 0065 04       		.byte	0x4
 111 0066 07       		.byte	0x7
 112 0067 2B030000 		.4byte	.LASF8
 113 006b 02       		.uleb128 0x2
 114 006c 08       		.byte	0x8
 115 006d 04       		.byte	0x4
 116 006e 92020000 		.4byte	.LASF9
 117 0072 04       		.uleb128 0x4
 118 0073 BC010000 		.4byte	.LASF10
 119 0077 02       		.byte	0x2
 120 0078 3F       		.byte	0x3f
 121 0079 25000000 		.4byte	0x25
 122 007d 04       		.uleb128 0x4
 123 007e FE030000 		.4byte	.LASF11
 124 0082 02       		.byte	0x2
 125 0083 52       		.byte	0x52
 126 0084 3A000000 		.4byte	0x3a
 127 0088 04       		.uleb128 0x4
 128 0089 5D030000 		.4byte	.LASF12
 129 008d 02       		.byte	0x2
 130 008e 53       		.byte	0x53
 131 008f 5D000000 		.4byte	0x5d
 132 0093 04       		.uleb128 0x4
 133 0094 D5000000 		.4byte	.LASF13
 134 0098 02       		.byte	0x2
 135 0099 54       		.byte	0x54
 136 009a 64000000 		.4byte	0x64
 137 009e 04       		.uleb128 0x4
 138 009f 22000000 		.4byte	.LASF14
 139 00a3 03       		.byte	0x3
 140 00a4 4D       		.byte	0x4d
 141 00a5 93000000 		.4byte	0x93
 142 00a9 04       		.uleb128 0x4
 143 00aa A8000000 		.4byte	.LASF15
 144 00ae 03       		.byte	0x3
 145 00af 4F       		.byte	0x4f
 146 00b0 93000000 		.4byte	0x93
 147 00b4 04       		.uleb128 0x4
ARM GAS  C:\Users\Asus\AppData\Local\Temp\cc2oqBAR.s 			page 5


 148 00b5 52040000 		.4byte	.LASF16
 149 00b9 03       		.byte	0x3
 150 00ba 54       		.byte	0x54
 151 00bb 9E000000 		.4byte	0x9e
 152 00bf 04       		.uleb128 0x4
 153 00c0 16010000 		.4byte	.LASF17
 154 00c4 03       		.byte	0x3
 155 00c5 78       		.byte	0x78
 156 00c6 88000000 		.4byte	0x88
 157 00ca 05       		.uleb128 0x5
 158 00cb DD010000 		.4byte	.LASF18
 159 00cf 04       		.byte	0x4
 160 00d0 1101     		.2byte	0x111
 161 00d2 7D000000 		.4byte	0x7d
 162 00d6 05       		.uleb128 0x5
 163 00d7 68020000 		.4byte	.LASF19
 164 00db 04       		.byte	0x4
 165 00dc 3502     		.2byte	0x235
 166 00de 9E000000 		.4byte	0x9e
 167 00e2 05       		.uleb128 0x5
 168 00e3 80020000 		.4byte	.LASF20
 169 00e7 04       		.byte	0x4
 170 00e8 5D02     		.2byte	0x25d
 171 00ea 9E000000 		.4byte	0x9e
 172 00ee 05       		.uleb128 0x5
 173 00ef C1040000 		.4byte	.LASF21
 174 00f3 04       		.byte	0x4
 175 00f4 6C02     		.2byte	0x26c
 176 00f6 9E000000 		.4byte	0x9e
 177 00fa 06       		.uleb128 0x6
 178 00fb 0C       		.byte	0xc
 179 00fc 04       		.byte	0x4
 180 00fd 7202     		.2byte	0x272
 181 00ff 2B010000 		.4byte	0x12b
 182 0103 07       		.uleb128 0x7
 183 0104 07020000 		.4byte	.LASF22
 184 0108 04       		.byte	0x4
 185 0109 7302     		.2byte	0x273
 186 010b D6000000 		.4byte	0xd6
 187 010f 00       		.byte	0
 188 0110 07       		.uleb128 0x7
 189 0111 59000000 		.4byte	.LASF23
 190 0115 04       		.byte	0x4
 191 0116 7402     		.2byte	0x274
 192 0118 D6000000 		.4byte	0xd6
 193 011c 04       		.byte	0x4
 194 011d 07       		.uleb128 0x7
 195 011e 1D010000 		.4byte	.LASF24
 196 0122 04       		.byte	0x4
 197 0123 7502     		.2byte	0x275
 198 0125 D6000000 		.4byte	0xd6
 199 0129 08       		.byte	0x8
 200 012a 00       		.byte	0
 201 012b 05       		.uleb128 0x5
 202 012c 35020000 		.4byte	.LASF25
 203 0130 04       		.byte	0x4
 204 0131 7A02     		.2byte	0x27a
ARM GAS  C:\Users\Asus\AppData\Local\Temp\cc2oqBAR.s 			page 6


 205 0133 FA000000 		.4byte	0xfa
 206 0137 06       		.uleb128 0x6
 207 0138 08       		.byte	0x8
 208 0139 04       		.byte	0x4
 209 013a 7D02     		.2byte	0x27d
 210 013c 5B010000 		.4byte	0x15b
 211 0140 07       		.uleb128 0x7
 212 0141 26010000 		.4byte	.LASF26
 213 0145 04       		.byte	0x4
 214 0146 7E02     		.2byte	0x27e
 215 0148 D6000000 		.4byte	0xd6
 216 014c 00       		.byte	0
 217 014d 07       		.uleb128 0x7
 218 014e F4050000 		.4byte	.LASF27
 219 0152 04       		.byte	0x4
 220 0153 7F02     		.2byte	0x27f
 221 0155 E2000000 		.4byte	0xe2
 222 0159 04       		.byte	0x4
 223 015a 00       		.byte	0
 224 015b 05       		.uleb128 0x5
 225 015c 8A010000 		.4byte	.LASF28
 226 0160 04       		.byte	0x4
 227 0161 8002     		.2byte	0x280
 228 0163 37010000 		.4byte	0x137
 229 0167 08       		.uleb128 0x8
 230 0168 01       		.byte	0x1
 231 0169 2C000000 		.4byte	0x2c
 232 016d 04       		.byte	0x4
 233 016e 8A02     		.2byte	0x28a
 234 0170 81010000 		.4byte	0x181
 235 0174 09       		.uleb128 0x9
 236 0175 95040000 		.4byte	.LASF29
 237 0179 00       		.byte	0
 238 017a 09       		.uleb128 0x9
 239 017b ED010000 		.4byte	.LASF30
 240 017f 01       		.byte	0x1
 241 0180 00       		.byte	0
 242 0181 05       		.uleb128 0x5
 243 0182 56010000 		.4byte	.LASF31
 244 0186 04       		.byte	0x4
 245 0187 8D02     		.2byte	0x28d
 246 0189 67010000 		.4byte	0x167
 247 018d 05       		.uleb128 0x5
 248 018e BF000000 		.4byte	.LASF32
 249 0192 04       		.byte	0x4
 250 0193 9002     		.2byte	0x290
 251 0195 81010000 		.4byte	0x181
 252 0199 06       		.uleb128 0x6
 253 019a 0C       		.byte	0xc
 254 019b 04       		.byte	0x4
 255 019c 9402     		.2byte	0x294
 256 019e C8010000 		.4byte	0x1c8
 257 01a2 0A       		.uleb128 0xa
 258 01a3 6300     		.ascii	"c\000"
 259 01a5 04       		.byte	0x4
 260 01a6 9602     		.2byte	0x296
 261 01a8 EE000000 		.4byte	0xee
ARM GAS  C:\Users\Asus\AppData\Local\Temp\cc2oqBAR.s 			page 7


 262 01ac 00       		.byte	0
 263 01ad 07       		.uleb128 0x7
 264 01ae A0000000 		.4byte	.LASF33
 265 01b2 04       		.byte	0x4
 266 01b3 9802     		.2byte	0x298
 267 01b5 E2000000 		.4byte	0xe2
 268 01b9 04       		.byte	0x4
 269 01ba 07       		.uleb128 0x7
 270 01bb 00000000 		.4byte	.LASF34
 271 01bf 04       		.byte	0x4
 272 01c0 9A02     		.2byte	0x29a
 273 01c2 8D010000 		.4byte	0x18d
 274 01c6 08       		.byte	0x8
 275 01c7 00       		.byte	0
 276 01c8 05       		.uleb128 0x5
 277 01c9 E0030000 		.4byte	.LASF35
 278 01cd 04       		.byte	0x4
 279 01ce 9B02     		.2byte	0x29b
 280 01d0 99010000 		.4byte	0x199
 281 01d4 06       		.uleb128 0x6
 282 01d5 10       		.byte	0x10
 283 01d6 04       		.byte	0x4
 284 01d7 9F02     		.2byte	0x29f
 285 01d9 12020000 		.4byte	0x212
 286 01dd 07       		.uleb128 0x7
 287 01de B3040000 		.4byte	.LASF36
 288 01e2 04       		.byte	0x4
 289 01e3 A002     		.2byte	0x2a0
 290 01e5 B4000000 		.4byte	0xb4
 291 01e9 00       		.byte	0
 292 01ea 07       		.uleb128 0x7
 293 01eb BA050000 		.4byte	.LASF37
 294 01ef 04       		.byte	0x4
 295 01f0 A102     		.2byte	0x2a1
 296 01f2 D6000000 		.4byte	0xd6
 297 01f6 04       		.byte	0x4
 298 01f7 07       		.uleb128 0x7
 299 01f8 9A000000 		.4byte	.LASF38
 300 01fc 04       		.byte	0x4
 301 01fd A202     		.2byte	0x2a2
 302 01ff D6000000 		.4byte	0xd6
 303 0203 08       		.byte	0x8
 304 0204 07       		.uleb128 0x7
 305 0205 E2050000 		.4byte	.LASF39
 306 0209 04       		.byte	0x4
 307 020a A302     		.2byte	0x2a3
 308 020c E2000000 		.4byte	0xe2
 309 0210 0C       		.byte	0xc
 310 0211 00       		.byte	0
 311 0212 05       		.uleb128 0x5
 312 0213 17020000 		.4byte	.LASF40
 313 0217 04       		.byte	0x4
 314 0218 A402     		.2byte	0x2a4
 315 021a D4010000 		.4byte	0x1d4
 316 021e 08       		.uleb128 0x8
 317 021f 01       		.byte	0x1
 318 0220 2C000000 		.4byte	0x2c
ARM GAS  C:\Users\Asus\AppData\Local\Temp\cc2oqBAR.s 			page 8


 319 0224 04       		.byte	0x4
 320 0225 5904     		.2byte	0x459
 321 0227 6E020000 		.4byte	0x26e
 322 022b 09       		.uleb128 0x9
 323 022c 05000000 		.4byte	.LASF41
 324 0230 00       		.byte	0
 325 0231 09       		.uleb128 0x9
 326 0232 F5020000 		.4byte	.LASF42
 327 0236 01       		.byte	0x1
 328 0237 09       		.uleb128 0x9
 329 0238 09010000 		.4byte	.LASF43
 330 023c 02       		.byte	0x2
 331 023d 09       		.uleb128 0x9
 332 023e 88000000 		.4byte	.LASF44
 333 0242 03       		.byte	0x3
 334 0243 09       		.uleb128 0x9
 335 0244 6A040000 		.4byte	.LASF45
 336 0248 04       		.byte	0x4
 337 0249 09       		.uleb128 0x9
 338 024a 81040000 		.4byte	.LASF46
 339 024e 05       		.byte	0x5
 340 024f 09       		.uleb128 0x9
 341 0250 9E040000 		.4byte	.LASF47
 342 0254 06       		.byte	0x6
 343 0255 09       		.uleb128 0x9
 344 0256 CE050000 		.4byte	.LASF48
 345 025a 07       		.byte	0x7
 346 025b 09       		.uleb128 0x9
 347 025c AD020000 		.4byte	.LASF49
 348 0260 08       		.byte	0x8
 349 0261 09       		.uleb128 0x9
 350 0262 08040000 		.4byte	.LASF50
 351 0266 09       		.byte	0x9
 352 0267 09       		.uleb128 0x9
 353 0268 A1010000 		.4byte	.LASF51
 354 026c 0A       		.byte	0xa
 355 026d 00       		.byte	0
 356 026e 05       		.uleb128 0x5
 357 026f B0000000 		.4byte	.LASF52
 358 0273 04       		.byte	0x4
 359 0274 6504     		.2byte	0x465
 360 0276 1E020000 		.4byte	0x21e
 361 027a 0B       		.uleb128 0xb
 362 027b 4C020000 		.4byte	.LASF77
 363 027f 04       		.byte	0x4
 364 0280 8404     		.2byte	0x484
 365 0282 03       		.byte	0x3
 366 0283 94020000 		.4byte	0x294
 367 0287 0C       		.uleb128 0xc
 368 0288 63747800 		.ascii	"ctx\000"
 369 028c 04       		.byte	0x4
 370 028d 8504     		.2byte	0x485
 371 028f 6E020000 		.4byte	0x26e
 372 0293 00       		.byte	0
 373 0294 0D       		.uleb128 0xd
 374 0295 19030000 		.4byte	.LASF78
 375 0299 08       		.byte	0x8
ARM GAS  C:\Users\Asus\AppData\Local\Temp\cc2oqBAR.s 			page 9


 376 029a EE       		.byte	0xee
 377 029b BF000000 		.4byte	0xbf
 378 029f 03       		.byte	0x3
 379 02a0 0E       		.uleb128 0xe
 380 02a1 42000000 		.4byte	.LASF79
 381 02a5 08       		.byte	0x8
 382 02a6 8D01     		.2byte	0x18d
 383 02a8 03       		.byte	0x3
 384 02a9 0F       		.uleb128 0xf
 385 02aa 1A050000 		.4byte	.LASF80
 386 02ae 01       		.byte	0x1
 387 02af 44       		.byte	0x44
 388 02b0 00000000 		.4byte	.LFB70
 389 02b4 10000000 		.4byte	.LFE70-.LFB70
 390 02b8 01       		.uleb128 0x1
 391 02b9 9C       		.byte	0x9c
 392 02ba D3020000 		.4byte	0x2d3
 393 02be 10       		.uleb128 0x10
 394 02bf 79000000 		.4byte	.LASF81
 395 02c3 01       		.byte	0x1
 396 02c4 46       		.byte	0x46
 397 02c5 BF000000 		.4byte	0xbf
 398 02c9 11       		.uleb128 0x11
 399 02ca 0A000000 		.4byte	.LVL0
 400 02ce 7B040000 		.4byte	0x47b
 401 02d2 00       		.byte	0
 402 02d3 12       		.uleb128 0x12
 403 02d4 75010000 		.4byte	.LASF53
 404 02d8 05       		.byte	0x5
 405 02d9 44       		.byte	0x44
 406 02da 9E000000 		.4byte	0x9e
 407 02de 12       		.uleb128 0x12
 408 02df 44030000 		.4byte	.LASF54
 409 02e3 06       		.byte	0x6
 410 02e4 48       		.byte	0x48
 411 02e5 BF000000 		.4byte	0xbf
 412 02e9 13       		.uleb128 0x13
 413 02ea 00030000 		.4byte	0x300
 414 02ee F9020000 		.4byte	0x2f9
 415 02f2 14       		.uleb128 0x14
 416 02f3 F9020000 		.4byte	0x2f9
 417 02f7 04       		.byte	0x4
 418 02f8 00       		.byte	0
 419 02f9 02       		.uleb128 0x2
 420 02fa 04       		.byte	0x4
 421 02fb 07       		.byte	0x7
 422 02fc B8040000 		.4byte	.LASF55
 423 0300 15       		.uleb128 0x15
 424 0301 9E000000 		.4byte	0x9e
 425 0305 12       		.uleb128 0x12
 426 0306 F8000000 		.4byte	.LASF56
 427 030a 04       		.byte	0x4
 428 030b B2       		.byte	0xb2
 429 030c 10030000 		.4byte	0x310
 430 0310 15       		.uleb128 0x15
 431 0311 E9020000 		.4byte	0x2e9
 432 0315 12       		.uleb128 0x12
ARM GAS  C:\Users\Asus\AppData\Local\Temp\cc2oqBAR.s 			page 10


 433 0316 DA040000 		.4byte	.LASF57
 434 031a 04       		.byte	0x4
 435 031b B3       		.byte	0xb3
 436 031c 20030000 		.4byte	0x320
 437 0320 15       		.uleb128 0x15
 438 0321 E9020000 		.4byte	0x2e9
 439 0325 13       		.uleb128 0x13
 440 0326 9E000000 		.4byte	0x9e
 441 032a 35030000 		.4byte	0x335
 442 032e 14       		.uleb128 0x14
 443 032f F9020000 		.4byte	0x2f9
 444 0333 04       		.byte	0x4
 445 0334 00       		.byte	0
 446 0335 12       		.uleb128 0x12
 447 0336 CD040000 		.4byte	.LASF58
 448 033a 04       		.byte	0x4
 449 033b CA       		.byte	0xca
 450 033c 25030000 		.4byte	0x325
 451 0340 13       		.uleb128 0x13
 452 0341 BF000000 		.4byte	0xbf
 453 0345 50030000 		.4byte	0x350
 454 0349 14       		.uleb128 0x14
 455 034a F9020000 		.4byte	0x2f9
 456 034e 04       		.byte	0x4
 457 034f 00       		.byte	0
 458 0350 12       		.uleb128 0x12
 459 0351 C3050000 		.4byte	.LASF59
 460 0355 04       		.byte	0x4
 461 0356 D2       		.byte	0xd2
 462 0357 40030000 		.4byte	0x340
 463 035b 12       		.uleb128 0x12
 464 035c 38030000 		.4byte	.LASF60
 465 0360 04       		.byte	0x4
 466 0361 DA       		.byte	0xda
 467 0362 25030000 		.4byte	0x325
 468 0366 12       		.uleb128 0x12
 469 0367 5E040000 		.4byte	.LASF61
 470 036b 04       		.byte	0x4
 471 036c E2       		.byte	0xe2
 472 036d BF000000 		.4byte	0xbf
 473 0371 12       		.uleb128 0x12
 474 0372 71020000 		.4byte	.LASF62
 475 0376 04       		.byte	0x4
 476 0377 F7       		.byte	0xf7
 477 0378 9E000000 		.4byte	0x9e
 478 037c 16       		.uleb128 0x16
 479 037d 14000000 		.4byte	.LASF63
 480 0381 04       		.byte	0x4
 481 0382 3F01     		.2byte	0x13f
 482 0384 CA000000 		.4byte	0xca
 483 0388 16       		.uleb128 0x16
 484 0389 66000000 		.4byte	.LASF64
 485 038d 04       		.byte	0x4
 486 038e 5C01     		.2byte	0x15c
 487 0390 25030000 		.4byte	0x325
 488 0394 13       		.uleb128 0x13
 489 0395 B4000000 		.4byte	0xb4
ARM GAS  C:\Users\Asus\AppData\Local\Temp\cc2oqBAR.s 			page 11


 490 0399 A4030000 		.4byte	0x3a4
 491 039d 14       		.uleb128 0x14
 492 039e F9020000 		.4byte	0x2f9
 493 03a2 04       		.byte	0x4
 494 03a3 00       		.byte	0
 495 03a4 16       		.uleb128 0x16
 496 03a5 2C010000 		.4byte	.LASF65
 497 03a9 04       		.byte	0x4
 498 03aa 6701     		.2byte	0x167
 499 03ac 94030000 		.4byte	0x394
 500 03b0 13       		.uleb128 0x13
 501 03b1 C0030000 		.4byte	0x3c0
 502 03b5 C0030000 		.4byte	0x3c0
 503 03b9 14       		.uleb128 0x14
 504 03ba F9020000 		.4byte	0x2f9
 505 03be 00       		.byte	0
 506 03bf 00       		.byte	0
 507 03c0 15       		.uleb128 0x15
 508 03c1 2B010000 		.4byte	0x12b
 509 03c5 16       		.uleb128 0x16
 510 03c6 9E020000 		.4byte	.LASF66
 511 03ca 04       		.byte	0x4
 512 03cb CA02     		.2byte	0x2ca
 513 03cd D1030000 		.4byte	0x3d1
 514 03d1 15       		.uleb128 0x15
 515 03d2 B0030000 		.4byte	0x3b0
 516 03d6 13       		.uleb128 0x13
 517 03d7 E6030000 		.4byte	0x3e6
 518 03db E6030000 		.4byte	0x3e6
 519 03df 14       		.uleb128 0x14
 520 03e0 F9020000 		.4byte	0x2f9
 521 03e4 00       		.byte	0
 522 03e5 00       		.byte	0
 523 03e6 15       		.uleb128 0x15
 524 03e7 C8010000 		.4byte	0x1c8
 525 03eb 16       		.uleb128 0x16
 526 03ec 3D010000 		.4byte	.LASF67
 527 03f0 04       		.byte	0x4
 528 03f1 DD02     		.2byte	0x2dd
 529 03f3 F7030000 		.4byte	0x3f7
 530 03f7 15       		.uleb128 0x15
 531 03f8 D6030000 		.4byte	0x3d6
 532 03fc 13       		.uleb128 0x13
 533 03fd 5B010000 		.4byte	0x15b
 534 0401 0C040000 		.4byte	0x40c
 535 0405 14       		.uleb128 0x14
 536 0406 F9020000 		.4byte	0x2f9
 537 040a 00       		.byte	0
 538 040b 00       		.byte	0
 539 040c 16       		.uleb128 0x16
 540 040d 1E040000 		.4byte	.LASF68
 541 0411 04       		.byte	0x4
 542 0412 FB02     		.2byte	0x2fb
 543 0414 FC030000 		.4byte	0x3fc
 544 0418 13       		.uleb128 0x13
 545 0419 12020000 		.4byte	0x212
 546 041d 28040000 		.4byte	0x428
ARM GAS  C:\Users\Asus\AppData\Local\Temp\cc2oqBAR.s 			page 12


 547 0421 14       		.uleb128 0x14
 548 0422 F9020000 		.4byte	0x2f9
 549 0426 00       		.byte	0
 550 0427 00       		.byte	0
 551 0428 16       		.uleb128 0x16
 552 0429 D0020000 		.4byte	.LASF69
 553 042d 04       		.byte	0x4
 554 042e 0403     		.2byte	0x304
 555 0430 18040000 		.4byte	0x418
 556 0434 12       		.uleb128 0x12
 557 0435 2A000000 		.4byte	.LASF70
 558 0439 07       		.byte	0x7
 559 043a 40       		.byte	0x40
 560 043b 9E000000 		.4byte	0x9e
 561 043f 12       		.uleb128 0x12
 562 0440 C4010000 		.4byte	.LASF71
 563 0444 07       		.byte	0x7
 564 0445 47       		.byte	0x47
 565 0446 A9000000 		.4byte	0xa9
 566 044a 12       		.uleb128 0x12
 567 044b 2D040000 		.4byte	.LASF72
 568 044f 07       		.byte	0x7
 569 0450 4A       		.byte	0x4a
 570 0451 9E000000 		.4byte	0x9e
 571 0455 13       		.uleb128 0x13
 572 0456 65040000 		.4byte	0x465
 573 045a 65040000 		.4byte	0x465
 574 045e 14       		.uleb128 0x14
 575 045f F9020000 		.4byte	0x2f9
 576 0463 FF       		.byte	0xff
 577 0464 00       		.byte	0
 578 0465 15       		.uleb128 0x15
 579 0466 72000000 		.4byte	0x72
 580 046a 16       		.uleb128 0x16
 581 046b E7050000 		.4byte	.LASF73
 582 046f 08       		.byte	0x8
 583 0470 AB01     		.2byte	0x1ab
 584 0472 76040000 		.4byte	0x476
 585 0476 15       		.uleb128 0x15
 586 0477 55040000 		.4byte	0x455
 587 047b 17       		.uleb128 0x17
 588 047c DF000000 		.4byte	.LASF82
 589 0480 DF000000 		.4byte	.LASF82
 590 0484 09       		.byte	0x9
 591 0485 BC       		.byte	0xbc
 592 0486 00       		.byte	0
 593              		.section	.debug_abbrev,"",%progbits
 594              	.Ldebug_abbrev0:
 595 0000 01       		.uleb128 0x1
 596 0001 11       		.uleb128 0x11
 597 0002 01       		.byte	0x1
 598 0003 25       		.uleb128 0x25
 599 0004 0E       		.uleb128 0xe
 600 0005 13       		.uleb128 0x13
 601 0006 0B       		.uleb128 0xb
 602 0007 03       		.uleb128 0x3
 603 0008 0E       		.uleb128 0xe
ARM GAS  C:\Users\Asus\AppData\Local\Temp\cc2oqBAR.s 			page 13


 604 0009 1B       		.uleb128 0x1b
 605 000a 0E       		.uleb128 0xe
 606 000b 55       		.uleb128 0x55
 607 000c 17       		.uleb128 0x17
 608 000d 11       		.uleb128 0x11
 609 000e 01       		.uleb128 0x1
 610 000f 10       		.uleb128 0x10
 611 0010 17       		.uleb128 0x17
 612 0011 00       		.byte	0
 613 0012 00       		.byte	0
 614 0013 02       		.uleb128 0x2
 615 0014 24       		.uleb128 0x24
 616 0015 00       		.byte	0
 617 0016 0B       		.uleb128 0xb
 618 0017 0B       		.uleb128 0xb
 619 0018 3E       		.uleb128 0x3e
 620 0019 0B       		.uleb128 0xb
 621 001a 03       		.uleb128 0x3
 622 001b 0E       		.uleb128 0xe
 623 001c 00       		.byte	0
 624 001d 00       		.byte	0
 625 001e 03       		.uleb128 0x3
 626 001f 24       		.uleb128 0x24
 627 0020 00       		.byte	0
 628 0021 0B       		.uleb128 0xb
 629 0022 0B       		.uleb128 0xb
 630 0023 3E       		.uleb128 0x3e
 631 0024 0B       		.uleb128 0xb
 632 0025 03       		.uleb128 0x3
 633 0026 08       		.uleb128 0x8
 634 0027 00       		.byte	0
 635 0028 00       		.byte	0
 636 0029 04       		.uleb128 0x4
 637 002a 16       		.uleb128 0x16
 638 002b 00       		.byte	0
 639 002c 03       		.uleb128 0x3
 640 002d 0E       		.uleb128 0xe
 641 002e 3A       		.uleb128 0x3a
 642 002f 0B       		.uleb128 0xb
 643 0030 3B       		.uleb128 0x3b
 644 0031 0B       		.uleb128 0xb
 645 0032 49       		.uleb128 0x49
 646 0033 13       		.uleb128 0x13
 647 0034 00       		.byte	0
 648 0035 00       		.byte	0
 649 0036 05       		.uleb128 0x5
 650 0037 16       		.uleb128 0x16
 651 0038 00       		.byte	0
 652 0039 03       		.uleb128 0x3
 653 003a 0E       		.uleb128 0xe
 654 003b 3A       		.uleb128 0x3a
 655 003c 0B       		.uleb128 0xb
 656 003d 3B       		.uleb128 0x3b
 657 003e 05       		.uleb128 0x5
 658 003f 49       		.uleb128 0x49
 659 0040 13       		.uleb128 0x13
 660 0041 00       		.byte	0
ARM GAS  C:\Users\Asus\AppData\Local\Temp\cc2oqBAR.s 			page 14


 661 0042 00       		.byte	0
 662 0043 06       		.uleb128 0x6
 663 0044 13       		.uleb128 0x13
 664 0045 01       		.byte	0x1
 665 0046 0B       		.uleb128 0xb
 666 0047 0B       		.uleb128 0xb
 667 0048 3A       		.uleb128 0x3a
 668 0049 0B       		.uleb128 0xb
 669 004a 3B       		.uleb128 0x3b
 670 004b 05       		.uleb128 0x5
 671 004c 01       		.uleb128 0x1
 672 004d 13       		.uleb128 0x13
 673 004e 00       		.byte	0
 674 004f 00       		.byte	0
 675 0050 07       		.uleb128 0x7
 676 0051 0D       		.uleb128 0xd
 677 0052 00       		.byte	0
 678 0053 03       		.uleb128 0x3
 679 0054 0E       		.uleb128 0xe
 680 0055 3A       		.uleb128 0x3a
 681 0056 0B       		.uleb128 0xb
 682 0057 3B       		.uleb128 0x3b
 683 0058 05       		.uleb128 0x5
 684 0059 49       		.uleb128 0x49
 685 005a 13       		.uleb128 0x13
 686 005b 38       		.uleb128 0x38
 687 005c 0B       		.uleb128 0xb
 688 005d 00       		.byte	0
 689 005e 00       		.byte	0
 690 005f 08       		.uleb128 0x8
 691 0060 04       		.uleb128 0x4
 692 0061 01       		.byte	0x1
 693 0062 0B       		.uleb128 0xb
 694 0063 0B       		.uleb128 0xb
 695 0064 49       		.uleb128 0x49
 696 0065 13       		.uleb128 0x13
 697 0066 3A       		.uleb128 0x3a
 698 0067 0B       		.uleb128 0xb
 699 0068 3B       		.uleb128 0x3b
 700 0069 05       		.uleb128 0x5
 701 006a 01       		.uleb128 0x1
 702 006b 13       		.uleb128 0x13
 703 006c 00       		.byte	0
 704 006d 00       		.byte	0
 705 006e 09       		.uleb128 0x9
 706 006f 28       		.uleb128 0x28
 707 0070 00       		.byte	0
 708 0071 03       		.uleb128 0x3
 709 0072 0E       		.uleb128 0xe
 710 0073 1C       		.uleb128 0x1c
 711 0074 0B       		.uleb128 0xb
 712 0075 00       		.byte	0
 713 0076 00       		.byte	0
 714 0077 0A       		.uleb128 0xa
 715 0078 0D       		.uleb128 0xd
 716 0079 00       		.byte	0
 717 007a 03       		.uleb128 0x3
ARM GAS  C:\Users\Asus\AppData\Local\Temp\cc2oqBAR.s 			page 15


 718 007b 08       		.uleb128 0x8
 719 007c 3A       		.uleb128 0x3a
 720 007d 0B       		.uleb128 0xb
 721 007e 3B       		.uleb128 0x3b
 722 007f 05       		.uleb128 0x5
 723 0080 49       		.uleb128 0x49
 724 0081 13       		.uleb128 0x13
 725 0082 38       		.uleb128 0x38
 726 0083 0B       		.uleb128 0xb
 727 0084 00       		.byte	0
 728 0085 00       		.byte	0
 729 0086 0B       		.uleb128 0xb
 730 0087 2E       		.uleb128 0x2e
 731 0088 01       		.byte	0x1
 732 0089 03       		.uleb128 0x3
 733 008a 0E       		.uleb128 0xe
 734 008b 3A       		.uleb128 0x3a
 735 008c 0B       		.uleb128 0xb
 736 008d 3B       		.uleb128 0x3b
 737 008e 05       		.uleb128 0x5
 738 008f 27       		.uleb128 0x27
 739 0090 19       		.uleb128 0x19
 740 0091 20       		.uleb128 0x20
 741 0092 0B       		.uleb128 0xb
 742 0093 01       		.uleb128 0x1
 743 0094 13       		.uleb128 0x13
 744 0095 00       		.byte	0
 745 0096 00       		.byte	0
 746 0097 0C       		.uleb128 0xc
 747 0098 05       		.uleb128 0x5
 748 0099 00       		.byte	0
 749 009a 03       		.uleb128 0x3
 750 009b 08       		.uleb128 0x8
 751 009c 3A       		.uleb128 0x3a
 752 009d 0B       		.uleb128 0xb
 753 009e 3B       		.uleb128 0x3b
 754 009f 05       		.uleb128 0x5
 755 00a0 49       		.uleb128 0x49
 756 00a1 13       		.uleb128 0x13
 757 00a2 00       		.byte	0
 758 00a3 00       		.byte	0
 759 00a4 0D       		.uleb128 0xd
 760 00a5 2E       		.uleb128 0x2e
 761 00a6 00       		.byte	0
 762 00a7 03       		.uleb128 0x3
 763 00a8 0E       		.uleb128 0xe
 764 00a9 3A       		.uleb128 0x3a
 765 00aa 0B       		.uleb128 0xb
 766 00ab 3B       		.uleb128 0x3b
 767 00ac 0B       		.uleb128 0xb
 768 00ad 27       		.uleb128 0x27
 769 00ae 19       		.uleb128 0x19
 770 00af 49       		.uleb128 0x49
 771 00b0 13       		.uleb128 0x13
 772 00b1 20       		.uleb128 0x20
 773 00b2 0B       		.uleb128 0xb
 774 00b3 00       		.byte	0
ARM GAS  C:\Users\Asus\AppData\Local\Temp\cc2oqBAR.s 			page 16


 775 00b4 00       		.byte	0
 776 00b5 0E       		.uleb128 0xe
 777 00b6 2E       		.uleb128 0x2e
 778 00b7 00       		.byte	0
 779 00b8 03       		.uleb128 0x3
 780 00b9 0E       		.uleb128 0xe
 781 00ba 3A       		.uleb128 0x3a
 782 00bb 0B       		.uleb128 0xb
 783 00bc 3B       		.uleb128 0x3b
 784 00bd 05       		.uleb128 0x5
 785 00be 27       		.uleb128 0x27
 786 00bf 19       		.uleb128 0x19
 787 00c0 20       		.uleb128 0x20
 788 00c1 0B       		.uleb128 0xb
 789 00c2 00       		.byte	0
 790 00c3 00       		.byte	0
 791 00c4 0F       		.uleb128 0xf
 792 00c5 2E       		.uleb128 0x2e
 793 00c6 01       		.byte	0x1
 794 00c7 3F       		.uleb128 0x3f
 795 00c8 19       		.uleb128 0x19
 796 00c9 03       		.uleb128 0x3
 797 00ca 0E       		.uleb128 0xe
 798 00cb 3A       		.uleb128 0x3a
 799 00cc 0B       		.uleb128 0xb
 800 00cd 3B       		.uleb128 0x3b
 801 00ce 0B       		.uleb128 0xb
 802 00cf 27       		.uleb128 0x27
 803 00d0 19       		.uleb128 0x19
 804 00d1 11       		.uleb128 0x11
 805 00d2 01       		.uleb128 0x1
 806 00d3 12       		.uleb128 0x12
 807 00d4 06       		.uleb128 0x6
 808 00d5 40       		.uleb128 0x40
 809 00d6 18       		.uleb128 0x18
 810 00d7 9742     		.uleb128 0x2117
 811 00d9 19       		.uleb128 0x19
 812 00da 01       		.uleb128 0x1
 813 00db 13       		.uleb128 0x13
 814 00dc 00       		.byte	0
 815 00dd 00       		.byte	0
 816 00de 10       		.uleb128 0x10
 817 00df 34       		.uleb128 0x34
 818 00e0 00       		.byte	0
 819 00e1 03       		.uleb128 0x3
 820 00e2 0E       		.uleb128 0xe
 821 00e3 3A       		.uleb128 0x3a
 822 00e4 0B       		.uleb128 0xb
 823 00e5 3B       		.uleb128 0x3b
 824 00e6 0B       		.uleb128 0xb
 825 00e7 49       		.uleb128 0x49
 826 00e8 13       		.uleb128 0x13
 827 00e9 00       		.byte	0
 828 00ea 00       		.byte	0
 829 00eb 11       		.uleb128 0x11
 830 00ec 898201   		.uleb128 0x4109
 831 00ef 00       		.byte	0
ARM GAS  C:\Users\Asus\AppData\Local\Temp\cc2oqBAR.s 			page 17


 832 00f0 11       		.uleb128 0x11
 833 00f1 01       		.uleb128 0x1
 834 00f2 31       		.uleb128 0x31
 835 00f3 13       		.uleb128 0x13
 836 00f4 00       		.byte	0
 837 00f5 00       		.byte	0
 838 00f6 12       		.uleb128 0x12
 839 00f7 34       		.uleb128 0x34
 840 00f8 00       		.byte	0
 841 00f9 03       		.uleb128 0x3
 842 00fa 0E       		.uleb128 0xe
 843 00fb 3A       		.uleb128 0x3a
 844 00fc 0B       		.uleb128 0xb
 845 00fd 3B       		.uleb128 0x3b
 846 00fe 0B       		.uleb128 0xb
 847 00ff 49       		.uleb128 0x49
 848 0100 13       		.uleb128 0x13
 849 0101 3F       		.uleb128 0x3f
 850 0102 19       		.uleb128 0x19
 851 0103 3C       		.uleb128 0x3c
 852 0104 19       		.uleb128 0x19
 853 0105 00       		.byte	0
 854 0106 00       		.byte	0
 855 0107 13       		.uleb128 0x13
 856 0108 01       		.uleb128 0x1
 857 0109 01       		.byte	0x1
 858 010a 49       		.uleb128 0x49
 859 010b 13       		.uleb128 0x13
 860 010c 01       		.uleb128 0x1
 861 010d 13       		.uleb128 0x13
 862 010e 00       		.byte	0
 863 010f 00       		.byte	0
 864 0110 14       		.uleb128 0x14
 865 0111 21       		.uleb128 0x21
 866 0112 00       		.byte	0
 867 0113 49       		.uleb128 0x49
 868 0114 13       		.uleb128 0x13
 869 0115 2F       		.uleb128 0x2f
 870 0116 0B       		.uleb128 0xb
 871 0117 00       		.byte	0
 872 0118 00       		.byte	0
 873 0119 15       		.uleb128 0x15
 874 011a 26       		.uleb128 0x26
 875 011b 00       		.byte	0
 876 011c 49       		.uleb128 0x49
 877 011d 13       		.uleb128 0x13
 878 011e 00       		.byte	0
 879 011f 00       		.byte	0
 880 0120 16       		.uleb128 0x16
 881 0121 34       		.uleb128 0x34
 882 0122 00       		.byte	0
 883 0123 03       		.uleb128 0x3
 884 0124 0E       		.uleb128 0xe
 885 0125 3A       		.uleb128 0x3a
 886 0126 0B       		.uleb128 0xb
 887 0127 3B       		.uleb128 0x3b
 888 0128 05       		.uleb128 0x5
ARM GAS  C:\Users\Asus\AppData\Local\Temp\cc2oqBAR.s 			page 18


 889 0129 49       		.uleb128 0x49
 890 012a 13       		.uleb128 0x13
 891 012b 3F       		.uleb128 0x3f
 892 012c 19       		.uleb128 0x19
 893 012d 3C       		.uleb128 0x3c
 894 012e 19       		.uleb128 0x19
 895 012f 00       		.byte	0
 896 0130 00       		.byte	0
 897 0131 17       		.uleb128 0x17
 898 0132 2E       		.uleb128 0x2e
 899 0133 00       		.byte	0
 900 0134 3F       		.uleb128 0x3f
 901 0135 19       		.uleb128 0x19
 902 0136 3C       		.uleb128 0x3c
 903 0137 19       		.uleb128 0x19
 904 0138 6E       		.uleb128 0x6e
 905 0139 0E       		.uleb128 0xe
 906 013a 03       		.uleb128 0x3
 907 013b 0E       		.uleb128 0xe
 908 013c 3A       		.uleb128 0x3a
 909 013d 0B       		.uleb128 0xb
 910 013e 3B       		.uleb128 0x3b
 911 013f 0B       		.uleb128 0xb
 912 0140 00       		.byte	0
 913 0141 00       		.byte	0
 914 0142 00       		.byte	0
 915              		.section	.debug_aranges,"",%progbits
 916 0000 1C000000 		.4byte	0x1c
 917 0004 0200     		.2byte	0x2
 918 0006 00000000 		.4byte	.Ldebug_info0
 919 000a 04       		.byte	0x4
 920 000b 00       		.byte	0
 921 000c 0000     		.2byte	0
 922 000e 0000     		.2byte	0
 923 0010 00000000 		.4byte	.LFB70
 924 0014 10000000 		.4byte	.LFE70-.LFB70
 925 0018 00000000 		.4byte	0
 926 001c 00000000 		.4byte	0
 927              		.section	.debug_ranges,"",%progbits
 928              	.Ldebug_ranges0:
 929 0000 00000000 		.4byte	.LFB70
 930 0004 10000000 		.4byte	.LFE70
 931 0008 00000000 		.4byte	0
 932 000c 00000000 		.4byte	0
 933              		.section	.debug_line,"",%progbits
 934              	.Ldebug_line0:
 935 0000 6E010000 		.section	.debug_str,"MS",%progbits,1
 935      02005501 
 935      00000201 
 935      FB0E0D00 
 935      01010101 
 936              	.LASF34:
 937 0000 6B696E64 		.ascii	"kind\000"
 937      00
 938              	.LASF41:
 939 0005 4B65726E 		.ascii	"Kernel_Context\000"
 939      656C5F43 
ARM GAS  C:\Users\Asus\AppData\Local\Temp\cc2oqBAR.s 			page 19


 939      6F6E7465 
 939      787400
 940              	.LASF63:
 941 0014 45455F72 		.ascii	"EE_rq_bitmask\000"
 941      715F6269 
 941      746D6173 
 941      6B00
 942              	.LASF14:
 943 0022 45455F55 		.ascii	"EE_UREG\000"
 943      52454700 
 944              	.LASF70:
 945 002a 45455F6F 		.ascii	"EE_oo_IRQ_disable_count\000"
 945      6F5F4952 
 945      515F6469 
 945      7361626C 
 945      655F636F 
 946              	.LASF79:
 947 0042 45455F6F 		.ascii	"EE_oo_call_PreTaskHook\000"
 947      6F5F6361 
 947      6C6C5F50 
 947      72655461 
 947      736B486F 
 948              	.LASF23:
 949 0059 7469636B 		.ascii	"ticksperbase\000"
 949      73706572 
 949      62617365 
 949      00
 950              	.LASF64:
 951 0066 45455F74 		.ascii	"EE_th_event_active\000"
 951      685F6576 
 951      656E745F 
 951      61637469 
 951      766500
 952              	.LASF81:
 953 0079 74656D70 		.ascii	"temp\000"
 953      00
 954              	.LASF2:
 955 007e 73686F72 		.ascii	"short int\000"
 955      7420696E 
 955      7400
 956              	.LASF44:
 957 0088 4572726F 		.ascii	"ErrorHook_Context\000"
 957      72486F6F 
 957      6B5F436F 
 957      6E746578 
 957      7400
 958              	.LASF38:
 959 009a 64656C74 		.ascii	"delta\000"
 959      6100
 960              	.LASF33:
 961 00a0 73706563 		.ascii	"spec_id\000"
 961      5F696400 
 962              	.LASF15:
 963 00a8 45455F46 		.ascii	"EE_FREG\000"
 963      52454700 
 964              	.LASF52:
 965 00b0 45455F54 		.ascii	"EE_TYPECONTEXT\000"
ARM GAS  C:\Users\Asus\AppData\Local\Temp\cc2oqBAR.s 			page 20


 965      59504543 
 965      4F4E5445 
 965      585400
 966              	.LASF32:
 967 00bf 436F756E 		.ascii	"CounterObjectKindType\000"
 967      7465724F 
 967      626A6563 
 967      744B696E 
 967      64547970 
 968              	.LASF13:
 969 00d5 45455F55 		.ascii	"EE_UINT32\000"
 969      494E5433 
 969      3200
 970              	.LASF82:
 971 00df 45455F68 		.ascii	"EE_hal_terminate_savestk\000"
 971      616C5F74 
 971      65726D69 
 971      6E617465 
 971      5F736176 
 972              	.LASF56:
 973 00f8 45455F74 		.ascii	"EE_th_ready_prio\000"
 973      685F7265 
 973      6164795F 
 973      7072696F 
 973      00
 974              	.LASF43:
 975 0109 49535232 		.ascii	"ISR2_Context\000"
 975      5F436F6E 
 975      74657874 
 975      00
 976              	.LASF17:
 977 0116 45455F54 		.ascii	"EE_TID\000"
 977      494400
 978              	.LASF24:
 979 011d 6D696E63 		.ascii	"mincycle\000"
 979      79636C65 
 979      00
 980              	.LASF26:
 981 0126 76616C75 		.ascii	"value\000"
 981      6500
 982              	.LASF65:
 983 012c 45455F74 		.ascii	"EE_th_waswaiting\000"
 983      685F7761 
 983      73776169 
 983      74696E67 
 983      00
 984              	.LASF67:
 985 013d 45455F6F 		.ascii	"EE_oo_counter_object_ROM\000"
 985      6F5F636F 
 985      756E7465 
 985      725F6F62 
 985      6A656374 
 986              	.LASF31:
 987 0156 45455F6F 		.ascii	"EE_oo_counter_object_kind_type\000"
 987      6F5F636F 
 987      756E7465 
 987      725F6F62 
ARM GAS  C:\Users\Asus\AppData\Local\Temp\cc2oqBAR.s 			page 21


 987      6A656374 
 988              	.LASF53:
 989 0175 45455F49 		.ascii	"EE_IRQ_nesting_level\000"
 989      52515F6E 
 989      65737469 
 989      6E675F6C 
 989      6576656C 
 990              	.LASF28:
 991 018a 45455F6F 		.ascii	"EE_oo_counter_RAM_type\000"
 991      6F5F636F 
 991      756E7465 
 991      725F5241 
 991      4D5F7479 
 992              	.LASF51:
 993 01a1 49646C65 		.ascii	"Idle_Context\000"
 993      5F436F6E 
 993      74657874 
 993      00
 994              	.LASF6:
 995 01ae 6C6F6E67 		.ascii	"long long int\000"
 995      206C6F6E 
 995      6720696E 
 995      7400
 996              	.LASF10:
 997 01bc 45455F49 		.ascii	"EE_INT8\000"
 997      4E543800 
 998              	.LASF71:
 999 01c4 45455F6F 		.ascii	"EE_oo_IRQ_suspend_status\000"
 999      6F5F4952 
 999      515F7375 
 999      7370656E 
 999      645F7374 
 1000              	.LASF18:
 1001 01dd 45455F54 		.ascii	"EE_TYPE_RQ_MASK\000"
 1001      5950455F 
 1001      52515F4D 
 1001      41534B00 
 1002              	.LASF30:
 1003 01ed 45455F53 		.ascii	"EE_SCHEDULETABLE\000"
 1003      43484544 
 1003      554C4554 
 1003      41424C45 
 1003      00
 1004              	.LASF4:
 1005 01fe 6C6F6E67 		.ascii	"long int\000"
 1005      20696E74 
 1005      00
 1006              	.LASF22:
 1007 0207 6D617861 		.ascii	"maxallowedvalue\000"
 1007      6C6C6F77 
 1007      65647661 
 1007      6C756500 
 1008              	.LASF40:
 1009 0217 45455F6F 		.ascii	"EE_oo_counter_object_RAM_type\000"
 1009      6F5F636F 
 1009      756E7465 
 1009      725F6F62 
ARM GAS  C:\Users\Asus\AppData\Local\Temp\cc2oqBAR.s 			page 22


 1009      6A656374 
 1010              	.LASF25:
 1011 0235 45455F6F 		.ascii	"EE_oo_counter_ROM_type\000"
 1011      6F5F636F 
 1011      756E7465 
 1011      725F524F 
 1011      4D5F7479 
 1012              	.LASF77:
 1013 024c 45455F61 		.ascii	"EE_as_set_execution_context\000"
 1013      735F7365 
 1013      745F6578 
 1013      65637574 
 1013      696F6E5F 
 1014              	.LASF19:
 1015 0268 5469636B 		.ascii	"TickType\000"
 1015      54797065 
 1015      00
 1016              	.LASF62:
 1017 0271 45455F73 		.ascii	"EE_sys_ceiling\000"
 1017      79735F63 
 1017      65696C69 
 1017      6E6700
 1018              	.LASF20:
 1019 0280 436F756E 		.ascii	"CounterObjectType\000"
 1019      7465724F 
 1019      626A6563 
 1019      74547970 
 1019      6500
 1020              	.LASF9:
 1021 0292 6C6F6E67 		.ascii	"long double\000"
 1021      20646F75 
 1021      626C6500 
 1022              	.LASF66:
 1023 029e 45455F63 		.ascii	"EE_counter_ROM\000"
 1023      6F756E74 
 1023      65725F52 
 1023      4F4D00
 1024              	.LASF49:
 1025 02ad 53687574 		.ascii	"ShutdownHook_Context\000"
 1025      646F776E 
 1025      486F6F6B 
 1025      5F436F6E 
 1025      74657874 
 1026              	.LASF1:
 1027 02c2 756E7369 		.ascii	"unsigned char\000"
 1027      676E6564 
 1027      20636861 
 1027      7200
 1028              	.LASF69:
 1029 02d0 45455F6F 		.ascii	"EE_oo_counter_object_RAM\000"
 1029      6F5F636F 
 1029      756E7465 
 1029      725F6F62 
 1029      6A656374 
 1030              	.LASF0:
 1031 02e9 7369676E 		.ascii	"signed char\000"
 1031      65642063 
ARM GAS  C:\Users\Asus\AppData\Local\Temp\cc2oqBAR.s 			page 23


 1031      68617200 
 1032              	.LASF42:
 1033 02f5 5441534B 		.ascii	"TASK_Context\000"
 1033      5F436F6E 
 1033      74657874 
 1033      00
 1034              	.LASF7:
 1035 0302 6C6F6E67 		.ascii	"long long unsigned int\000"
 1035      206C6F6E 
 1035      6720756E 
 1035      7369676E 
 1035      65642069 
 1036              	.LASF78:
 1037 0319 45455F73 		.ascii	"EE_stk_queryfirst\000"
 1037      746B5F71 
 1037      75657279 
 1037      66697273 
 1037      7400
 1038              	.LASF8:
 1039 032b 756E7369 		.ascii	"unsigned int\000"
 1039      676E6564 
 1039      20696E74 
 1039      00
 1040              	.LASF60:
 1041 0338 45455F74 		.ascii	"EE_th_rnact\000"
 1041      685F726E 
 1041      61637400 
 1042              	.LASF54:
 1043 0344 45455F73 		.ascii	"EE_std_endcycle_next_tid\000"
 1043      74645F65 
 1043      6E646379 
 1043      636C655F 
 1043      6E657874 
 1044              	.LASF12:
 1045 035d 45455F49 		.ascii	"EE_INT32\000"
 1045      4E543332 
 1045      00
 1046              	.LASF76:
 1047 0366 433A5C55 		.ascii	"C:\\Users\\Asus\\Desktop\\HDA\\Semester_2\\EAA\\Lab"
 1047      73657273 
 1047      5C417375 
 1047      735C4465 
 1047      736B746F 
 1048 0392 5C4C6162 		.ascii	"\\Lab01\\Electronic_Gaspedal\\Electronic_Gaspedal\\"
 1048      30315C45 
 1048      6C656374 
 1048      726F6E69 
 1048      635F4761 
 1049 03c1 4C616230 		.ascii	"Lab01.cydsn\000"
 1049      312E6379 
 1049      64736E00 
 1050              	.LASF3:
 1051 03cd 73686F72 		.ascii	"short unsigned int\000"
 1051      7420756E 
 1051      7369676E 
 1051      65642069 
 1051      6E7400
ARM GAS  C:\Users\Asus\AppData\Local\Temp\cc2oqBAR.s 			page 24


 1052              	.LASF35:
 1053 03e0 45455F6F 		.ascii	"EE_oo_counter_object_ROM_type\000"
 1053      6F5F636F 
 1053      756E7465 
 1053      725F6F62 
 1053      6A656374 
 1054              	.LASF11:
 1055 03fe 45455F55 		.ascii	"EE_UINT16\000"
 1055      494E5431 
 1055      3600
 1056              	.LASF50:
 1057 0408 416C6172 		.ascii	"AlarmCallback_Context\000"
 1057      6D43616C 
 1057      6C626163 
 1057      6B5F436F 
 1057      6E746578 
 1058              	.LASF68:
 1059 041e 45455F63 		.ascii	"EE_counter_RAM\000"
 1059      6F756E74 
 1059      65725F52 
 1059      414D00
 1060              	.LASF72:
 1061 042d 45455F41 		.ascii	"EE_ApplicationMode\000"
 1061      70706C69 
 1061      63617469 
 1061      6F6E4D6F 
 1061      646500
 1062              	.LASF5:
 1063 0440 6C6F6E67 		.ascii	"long unsigned int\000"
 1063      20756E73 
 1063      69676E65 
 1063      6420696E 
 1063      7400
 1064              	.LASF16:
 1065 0452 45455F54 		.ascii	"EE_TYPEBOOL\000"
 1065      59504542 
 1065      4F4F4C00 
 1066              	.LASF61:
 1067 045e 45455F73 		.ascii	"EE_stkfirst\000"
 1067      746B6669 
 1067      72737400 
 1068              	.LASF45:
 1069 046a 50726F74 		.ascii	"ProtectionHook_Context\000"
 1069      65637469 
 1069      6F6E486F 
 1069      6F6B5F43 
 1069      6F6E7465 
 1070              	.LASF46:
 1071 0481 50726554 		.ascii	"PreTaskHook_Context\000"
 1071      61736B48 
 1071      6F6F6B5F 
 1071      436F6E74 
 1071      65787400 
 1072              	.LASF29:
 1073 0495 45455F41 		.ascii	"EE_ALARM\000"
 1073      4C41524D 
 1073      00
ARM GAS  C:\Users\Asus\AppData\Local\Temp\cc2oqBAR.s 			page 25


 1074              	.LASF47:
 1075 049e 506F7374 		.ascii	"PostTaskHook_Context\000"
 1075      5461736B 
 1075      486F6F6B 
 1075      5F436F6E 
 1075      74657874 
 1076              	.LASF36:
 1077 04b3 75736564 		.ascii	"used\000"
 1077      00
 1078              	.LASF55:
 1079 04b8 73697A65 		.ascii	"sizetype\000"
 1079      74797065 
 1079      00
 1080              	.LASF21:
 1081 04c1 436F756E 		.ascii	"CounterType\000"
 1081      74657254 
 1081      79706500 
 1082              	.LASF58:
 1083 04cd 45455F74 		.ascii	"EE_th_status\000"
 1083      685F7374 
 1083      61747573 
 1083      00
 1084              	.LASF57:
 1085 04da 45455F74 		.ascii	"EE_th_dispatch_prio\000"
 1085      685F6469 
 1085      73706174 
 1085      63685F70 
 1085      72696F00 
 1086              	.LASF75:
 1087 04ee 47656E65 		.ascii	"Generated_Source\\PSoC5\\ErikaOS_1_ee_tstub.c\000"
 1087      72617465 
 1087      645F536F 
 1087      75726365 
 1087      5C50536F 
 1088              	.LASF80:
 1089 051a 45455F6F 		.ascii	"EE_oo_thread_stub\000"
 1089      6F5F7468 
 1089      72656164 
 1089      5F737475 
 1089      6200
 1090              	.LASF74:
 1091 052c 474E5520 		.ascii	"GNU C11 5.4.1 20160609 (release) [ARM/embedded-5-br"
 1091      43313120 
 1091      352E342E 
 1091      31203230 
 1091      31363036 
 1092 055f 616E6368 		.ascii	"anch revision 237715] -mcpu=cortex-m3 -mthumb -g -O"
 1092      20726576 
 1092      6973696F 
 1092      6E203233 
 1092      37373135 
 1093 0592 67202D66 		.ascii	"g -ffunction-sections -ffat-lto-objects\000"
 1093      66756E63 
 1093      74696F6E 
 1093      2D736563 
 1093      74696F6E 
 1094              	.LASF37:
ARM GAS  C:\Users\Asus\AppData\Local\Temp\cc2oqBAR.s 			page 26


 1095 05ba 636E7463 		.ascii	"cntcycle\000"
 1095      79636C65 
 1095      00
 1096              	.LASF59:
 1097 05c3 45455F74 		.ascii	"EE_th_next\000"
 1097      685F6E65 
 1097      787400
 1098              	.LASF48:
 1099 05ce 53746172 		.ascii	"StartupHook_Context\000"
 1099      74757048 
 1099      6F6F6B5F 
 1099      436F6E74 
 1099      65787400 
 1100              	.LASF39:
 1101 05e2 6E657874 		.ascii	"next\000"
 1101      00
 1102              	.LASF73:
 1103 05e7 45455F72 		.ascii	"EE_rq_lookup\000"
 1103      715F6C6F 
 1103      6F6B7570 
 1103      00
 1104              	.LASF27:
 1105 05f4 66697273 		.ascii	"first\000"
 1105      7400
 1106              		.ident	"GCC: (GNU Tools for ARM Embedded Processors) 5.4.1 20160609 (release) [ARM/embedded-5-bran
