ARM GAS  C:\Users\Asus\AppData\Local\Temp\cctDtSNd.s 			page 1


   1              		.syntax unified
   2              		.cpu cortex-m3
   3              		.fpu softvfp
   4              		.eabi_attribute 20, 1
   5              		.eabi_attribute 21, 1
   6              		.eabi_attribute 23, 3
   7              		.eabi_attribute 24, 1
   8              		.eabi_attribute 25, 1
   9              		.eabi_attribute 26, 1
  10              		.eabi_attribute 30, 1
  11              		.eabi_attribute 34, 1
  12              		.eabi_attribute 18, 4
  13              		.thumb
  14              		.syntax unified
  15              		.file	"ErikaOS_1_ee_rq_inser.c"
  16              		.text
  17              	.Ltext0:
  18              		.cfi_sections	.debug_frame
  19              		.section	.text.EE_rq_insert,"ax",%progbits
  20              		.align	2
  21              		.global	EE_rq_insert
  22              		.thumb
  23              		.thumb_func
  24              		.type	EE_rq_insert, %function
  25              	EE_rq_insert:
  26              	.LFB70:
  27              		.file 1 "Generated_Source\\PSoC5\\ErikaOS_1_ee_rq_inser.c"
   1:Generated_Source\PSoC5/ErikaOS_1_ee_rq_inser.c **** /* ###*B*###
   2:Generated_Source\PSoC5/ErikaOS_1_ee_rq_inser.c ****  * ERIKA Enterprise - a tiny RTOS for small microcontrollers
   3:Generated_Source\PSoC5/ErikaOS_1_ee_rq_inser.c ****  *
   4:Generated_Source\PSoC5/ErikaOS_1_ee_rq_inser.c ****  * Copyright (C) 2002-2008  Evidence Srl
   5:Generated_Source\PSoC5/ErikaOS_1_ee_rq_inser.c ****  *
   6:Generated_Source\PSoC5/ErikaOS_1_ee_rq_inser.c ****  * This file is part of ERIKA Enterprise.
   7:Generated_Source\PSoC5/ErikaOS_1_ee_rq_inser.c ****  *
   8:Generated_Source\PSoC5/ErikaOS_1_ee_rq_inser.c ****  * ERIKA Enterprise is free software; you can redistribute it
   9:Generated_Source\PSoC5/ErikaOS_1_ee_rq_inser.c ****  * and/or modify it under the terms of the GNU General Public License
  10:Generated_Source\PSoC5/ErikaOS_1_ee_rq_inser.c ****  * version 2 as published by the Free Software Foundation, 
  11:Generated_Source\PSoC5/ErikaOS_1_ee_rq_inser.c ****  * (with a special exception described below).
  12:Generated_Source\PSoC5/ErikaOS_1_ee_rq_inser.c ****  *
  13:Generated_Source\PSoC5/ErikaOS_1_ee_rq_inser.c ****  * Linking this code statically or dynamically with other modules is
  14:Generated_Source\PSoC5/ErikaOS_1_ee_rq_inser.c ****  * making a combined work based on this code.  Thus, the terms and
  15:Generated_Source\PSoC5/ErikaOS_1_ee_rq_inser.c ****  * conditions of the GNU General Public License cover the whole
  16:Generated_Source\PSoC5/ErikaOS_1_ee_rq_inser.c ****  * combination.
  17:Generated_Source\PSoC5/ErikaOS_1_ee_rq_inser.c ****  *
  18:Generated_Source\PSoC5/ErikaOS_1_ee_rq_inser.c ****  * As a special exception, the copyright holders of this library give you
  19:Generated_Source\PSoC5/ErikaOS_1_ee_rq_inser.c ****  * permission to link this code with independent modules to produce an
  20:Generated_Source\PSoC5/ErikaOS_1_ee_rq_inser.c ****  * executable, regardless of the license terms of these independent
  21:Generated_Source\PSoC5/ErikaOS_1_ee_rq_inser.c ****  * modules, and to copy and distribute the resulting executable under
  22:Generated_Source\PSoC5/ErikaOS_1_ee_rq_inser.c ****  * terms of your choice, provided that you also meet, for each linked
  23:Generated_Source\PSoC5/ErikaOS_1_ee_rq_inser.c ****  * independent module, the terms and conditions of the license of that
  24:Generated_Source\PSoC5/ErikaOS_1_ee_rq_inser.c ****  * module.  An independent module is a module which is not derived from
  25:Generated_Source\PSoC5/ErikaOS_1_ee_rq_inser.c ****  * or based on this library.  If you modify this code, you may extend
  26:Generated_Source\PSoC5/ErikaOS_1_ee_rq_inser.c ****  * this exception to your version of the code, but you are not
  27:Generated_Source\PSoC5/ErikaOS_1_ee_rq_inser.c ****  * obligated to do so.  If you do not wish to do so, delete this
  28:Generated_Source\PSoC5/ErikaOS_1_ee_rq_inser.c ****  * exception statement from your version.
  29:Generated_Source\PSoC5/ErikaOS_1_ee_rq_inser.c ****  *
  30:Generated_Source\PSoC5/ErikaOS_1_ee_rq_inser.c ****  * ERIKA Enterprise is distributed in the hope that it will be
ARM GAS  C:\Users\Asus\AppData\Local\Temp\cctDtSNd.s 			page 2


  31:Generated_Source\PSoC5/ErikaOS_1_ee_rq_inser.c ****  * useful, but WITHOUT ANY WARRANTY; without even the implied warranty
  32:Generated_Source\PSoC5/ErikaOS_1_ee_rq_inser.c ****  * of MERCHANTABILITY or FITNESS FOR A PARTICULAR PURPOSE.  See the
  33:Generated_Source\PSoC5/ErikaOS_1_ee_rq_inser.c ****  * GNU General Public License version 2 for more details.
  34:Generated_Source\PSoC5/ErikaOS_1_ee_rq_inser.c ****  *
  35:Generated_Source\PSoC5/ErikaOS_1_ee_rq_inser.c ****  * You should have received a copy of the GNU General Public License
  36:Generated_Source\PSoC5/ErikaOS_1_ee_rq_inser.c ****  * version 2 along with ERIKA Enterprise; if not, write to the
  37:Generated_Source\PSoC5/ErikaOS_1_ee_rq_inser.c ****  * Free Software Foundation, Inc., 51 Franklin Street, Fifth Floor,
  38:Generated_Source\PSoC5/ErikaOS_1_ee_rq_inser.c ****  * Boston, MA 02110-1301 USA.
  39:Generated_Source\PSoC5/ErikaOS_1_ee_rq_inser.c ****  * ###*E*### */
  40:Generated_Source\PSoC5/ErikaOS_1_ee_rq_inser.c **** 
  41:Generated_Source\PSoC5/ErikaOS_1_ee_rq_inser.c **** /*
  42:Generated_Source\PSoC5/ErikaOS_1_ee_rq_inser.c ****  * Author: 2002-2004 Paolo Gai
  43:Generated_Source\PSoC5/ErikaOS_1_ee_rq_inser.c ****  * CVS: $Id: ee_rq_inser.c,v 1.1 2005/07/16 12:23:42 pj Exp $
  44:Generated_Source\PSoC5/ErikaOS_1_ee_rq_inser.c ****  */
  45:Generated_Source\PSoC5/ErikaOS_1_ee_rq_inser.c **** 
  46:Generated_Source\PSoC5/ErikaOS_1_ee_rq_inser.c **** /*
  47:Generated_Source\PSoC5/ErikaOS_1_ee_rq_inser.c ****  * PSoC Port and API Generation
  48:Generated_Source\PSoC5/ErikaOS_1_ee_rq_inser.c ****  * Carlos Fernando Meier Martinez
  49:Generated_Source\PSoC5/ErikaOS_1_ee_rq_inser.c ****  * Hochschule Darmstadt, Germany. 2017.
  50:Generated_Source\PSoC5/ErikaOS_1_ee_rq_inser.c ****  */
  51:Generated_Source\PSoC5/ErikaOS_1_ee_rq_inser.c **** 
  52:Generated_Source\PSoC5/ErikaOS_1_ee_rq_inser.c **** #include "ErikaOS_1_ee_internal.inc"
  53:Generated_Source\PSoC5/ErikaOS_1_ee_rq_inser.c **** 
  54:Generated_Source\PSoC5/ErikaOS_1_ee_rq_inser.c **** #ifndef __PRIVATE_RQ_INSERT__
  55:Generated_Source\PSoC5/ErikaOS_1_ee_rq_inser.c **** 
  56:Generated_Source\PSoC5/ErikaOS_1_ee_rq_inser.c **** #if (defined(__OO_BCC1__)) || (defined(__OO_ECC1__))
  57:Generated_Source\PSoC5/ErikaOS_1_ee_rq_inser.c **** /* this function inserts a task into the ready queue */
  58:Generated_Source\PSoC5/ErikaOS_1_ee_rq_inser.c **** void EE_rq_insert(EE_TID t)
  59:Generated_Source\PSoC5/ErikaOS_1_ee_rq_inser.c **** {
  60:Generated_Source\PSoC5/ErikaOS_1_ee_rq_inser.c ****   EE_TYPEPRIO prio;
  61:Generated_Source\PSoC5/ErikaOS_1_ee_rq_inser.c ****   EE_TID p,q;
  62:Generated_Source\PSoC5/ErikaOS_1_ee_rq_inser.c **** 
  63:Generated_Source\PSoC5/ErikaOS_1_ee_rq_inser.c ****   p = EE_NIL;
  64:Generated_Source\PSoC5/ErikaOS_1_ee_rq_inser.c ****   q = EE_rq_first;
  65:Generated_Source\PSoC5/ErikaOS_1_ee_rq_inser.c ****   prio = EE_th_ready_prio[t];
  66:Generated_Source\PSoC5/ErikaOS_1_ee_rq_inser.c **** 
  67:Generated_Source\PSoC5/ErikaOS_1_ee_rq_inser.c ****   while ((q != EE_NIL) && (prio <= EE_th_ready_prio[q])) {
  68:Generated_Source\PSoC5/ErikaOS_1_ee_rq_inser.c ****     p = q;
  69:Generated_Source\PSoC5/ErikaOS_1_ee_rq_inser.c ****     q = EE_th_next[q];
  70:Generated_Source\PSoC5/ErikaOS_1_ee_rq_inser.c ****   }
  71:Generated_Source\PSoC5/ErikaOS_1_ee_rq_inser.c **** 
  72:Generated_Source\PSoC5/ErikaOS_1_ee_rq_inser.c ****   if (p != EE_NIL) {
  73:Generated_Source\PSoC5/ErikaOS_1_ee_rq_inser.c ****     EE_th_next[p] = t;
  74:Generated_Source\PSoC5/ErikaOS_1_ee_rq_inser.c ****   } else {
  75:Generated_Source\PSoC5/ErikaOS_1_ee_rq_inser.c ****     EE_rq_first = t;
  76:Generated_Source\PSoC5/ErikaOS_1_ee_rq_inser.c ****   }
  77:Generated_Source\PSoC5/ErikaOS_1_ee_rq_inser.c **** 
  78:Generated_Source\PSoC5/ErikaOS_1_ee_rq_inser.c ****   EE_th_next[t] = q;
  79:Generated_Source\PSoC5/ErikaOS_1_ee_rq_inser.c **** }
  80:Generated_Source\PSoC5/ErikaOS_1_ee_rq_inser.c **** #endif
  81:Generated_Source\PSoC5/ErikaOS_1_ee_rq_inser.c **** 
  82:Generated_Source\PSoC5/ErikaOS_1_ee_rq_inser.c **** #if (defined(__OO_BCC2__)) || (defined(__OO_ECC2__))
  83:Generated_Source\PSoC5/ErikaOS_1_ee_rq_inser.c **** void EE_rq_insert(EE_TID t)
  84:Generated_Source\PSoC5/ErikaOS_1_ee_rq_inser.c **** {
  28              		.loc 1 84 0
  29              		.cfi_startproc
  30              		@ args = 0, pretend = 0, frame = 0
ARM GAS  C:\Users\Asus\AppData\Local\Temp\cctDtSNd.s 			page 3


  31              		@ frame_needed = 0, uses_anonymous_args = 0
  32              		@ link register save eliminated.
  33              	.LVL0:
  34 0000 30B4     		push	{r4, r5}
  35              		.cfi_def_cfa_offset 8
  36              		.cfi_offset 4, -8
  37              		.cfi_offset 5, -4
  85:Generated_Source\PSoC5/ErikaOS_1_ee_rq_inser.c ****   EE_TYPEPAIR temp;
  86:Generated_Source\PSoC5/ErikaOS_1_ee_rq_inser.c ****   EE_TYPEPRIO p;
  87:Generated_Source\PSoC5/ErikaOS_1_ee_rq_inser.c ****   
  88:Generated_Source\PSoC5/ErikaOS_1_ee_rq_inser.c ****   p = EE_rq_link[t];
  38              		.loc 1 88 0
  39 0002 144B     		ldr	r3, .L5
  40 0004 53F82020 		ldr	r2, [r3, r0, lsl #2]
  41              	.LVL1:
  89:Generated_Source\PSoC5/ErikaOS_1_ee_rq_inser.c **** 
  90:Generated_Source\PSoC5/ErikaOS_1_ee_rq_inser.c ****   /* take a free pair */
  91:Generated_Source\PSoC5/ErikaOS_1_ee_rq_inser.c ****   temp = EE_rq_free;
  42              		.loc 1 91 0
  43 0008 134C     		ldr	r4, .L5+4
  44 000a 2368     		ldr	r3, [r4]
  45              	.LVL2:
  92:Generated_Source\PSoC5/ErikaOS_1_ee_rq_inser.c ****   EE_rq_free = EE_rq_pairs_next[EE_rq_free];
  46              		.loc 1 92 0
  47 000c 1349     		ldr	r1, .L5+8
  48 000e 51F82350 		ldr	r5, [r1, r3, lsl #2]
  49 0012 2560     		str	r5, [r4]
  93:Generated_Source\PSoC5/ErikaOS_1_ee_rq_inser.c **** 
  94:Generated_Source\PSoC5/ErikaOS_1_ee_rq_inser.c ****   /* fill it with the TID */
  95:Generated_Source\PSoC5/ErikaOS_1_ee_rq_inser.c ****   EE_rq_pairs_tid[temp] = t;
  50              		.loc 1 95 0
  51 0014 124C     		ldr	r4, .L5+12
  52 0016 44F82300 		str	r0, [r4, r3, lsl #2]
  96:Generated_Source\PSoC5/ErikaOS_1_ee_rq_inser.c ****   EE_rq_pairs_next[temp] = -1;
  53              		.loc 1 96 0
  54 001a 4FF0FF34 		mov	r4, #-1
  55 001e 41F82340 		str	r4, [r1, r3, lsl #2]
  97:Generated_Source\PSoC5/ErikaOS_1_ee_rq_inser.c **** 
  98:Generated_Source\PSoC5/ErikaOS_1_ee_rq_inser.c ****   /* put it at the tail of its priority queue */
  99:Generated_Source\PSoC5/ErikaOS_1_ee_rq_inser.c ****   if (EE_rq_queues_tail[p] == (EE_SREG)-1) {
  56              		.loc 1 99 0
  57 0022 1049     		ldr	r1, .L5+16
  58 0024 51F82210 		ldr	r1, [r1, r2, lsl #2]
  59 0028 A142     		cmp	r1, r4
  60 002a 0AD1     		bne	.L2
 100:Generated_Source\PSoC5/ErikaOS_1_ee_rq_inser.c ****     /* no tasks in this priority queue */
 101:Generated_Source\PSoC5/ErikaOS_1_ee_rq_inser.c ****     /* set the bit field to say that a task is in the right queue */
 102:Generated_Source\PSoC5/ErikaOS_1_ee_rq_inser.c ****     EE_rq_bitmask |= (EE_TYPE_RQ_MASK)EE_th_ready_prio[t];
  61              		.loc 1 102 0
  62 002c 0E49     		ldr	r1, .L5+20
  63 002e 51F82040 		ldr	r4, [r1, r0, lsl #2]
  64 0032 0E48     		ldr	r0, .L5+24
  65              	.LVL3:
  66 0034 0188     		ldrh	r1, [r0]
  67 0036 2143     		orrs	r1, r1, r4
  68 0038 0180     		strh	r1, [r0]	@ movhi
 103:Generated_Source\PSoC5/ErikaOS_1_ee_rq_inser.c ****     EE_rq_queues_head[p] = temp;
ARM GAS  C:\Users\Asus\AppData\Local\Temp\cctDtSNd.s 			page 4


  69              		.loc 1 103 0
  70 003a 0D49     		ldr	r1, .L5+28
  71 003c 41F82230 		str	r3, [r1, r2, lsl #2]
  72 0040 02E0     		b	.L3
  73              	.LVL4:
  74              	.L2:
 104:Generated_Source\PSoC5/ErikaOS_1_ee_rq_inser.c ****   } else {
 105:Generated_Source\PSoC5/ErikaOS_1_ee_rq_inser.c ****     EE_rq_pairs_next[EE_rq_queues_tail[p]] = temp;
  75              		.loc 1 105 0
  76 0042 0648     		ldr	r0, .L5+8
  77              	.LVL5:
  78 0044 40F82130 		str	r3, [r0, r1, lsl #2]
  79              	.L3:
 106:Generated_Source\PSoC5/ErikaOS_1_ee_rq_inser.c ****   }
 107:Generated_Source\PSoC5/ErikaOS_1_ee_rq_inser.c ****   EE_rq_queues_tail[p] = temp;
  80              		.loc 1 107 0
  81 0048 0649     		ldr	r1, .L5+16
  82 004a 41F82230 		str	r3, [r1, r2, lsl #2]
 108:Generated_Source\PSoC5/ErikaOS_1_ee_rq_inser.c **** }
  83              		.loc 1 108 0
  84 004e 30BC     		pop	{r4, r5}
  85              		.cfi_restore 5
  86              		.cfi_restore 4
  87              		.cfi_def_cfa_offset 0
  88 0050 7047     		bx	lr
  89              	.L6:
  90 0052 00BF     		.align	2
  91              	.L5:
  92 0054 00000000 		.word	EE_rq_link
  93 0058 00000000 		.word	EE_rq_free
  94 005c 00000000 		.word	EE_rq_pairs_next
  95 0060 00000000 		.word	EE_rq_pairs_tid
  96 0064 00000000 		.word	EE_rq_queues_tail
  97 0068 00000000 		.word	EE_th_ready_prio
  98 006c 00000000 		.word	EE_rq_bitmask
  99 0070 00000000 		.word	EE_rq_queues_head
 100              		.cfi_endproc
 101              	.LFE70:
 102              		.size	EE_rq_insert, .-EE_rq_insert
 103              		.text
 104              	.Letext0:
 105              		.file 2 "Generated_Source\\PSoC5\\ErikaOS_1_common_ee_types.inc"
 106              		.file 3 "Generated_Source\\PSoC5\\ErikaOS_1_cortex_mx_ee_cpu.inc"
 107              		.file 4 "Generated_Source\\PSoC5\\ErikaOS_1_ee_oo_common.inc"
 108              		.file 5 "Generated_Source\\PSoC5\\ErikaOS_1_common_ee_primitives.inc"
 109              		.file 6 "Generated_Source\\PSoC5\\ErikaOS_1_cortex_mx_ee_context.inc"
 110              		.file 7 "Generated_Source\\PSoC5\\ErikaOS_1_ee_oo_intfunc.inc"
 111              		.file 8 "Generated_Source\\PSoC5\\ErikaOS_1_ee_oo_internal.inc"
 112              		.section	.debug_info,"",%progbits
 113              	.Ldebug_info0:
 114 0000 71040000 		.4byte	0x471
 115 0004 0400     		.2byte	0x4
 116 0006 00000000 		.4byte	.Ldebug_abbrev0
 117 000a 04       		.byte	0x4
 118 000b 01       		.uleb128 0x1
 119 000c 60040000 		.4byte	.LASF70
 120 0010 0C       		.byte	0xc
ARM GAS  C:\Users\Asus\AppData\Local\Temp\cctDtSNd.s 			page 5


 121 0011 2B010000 		.4byte	.LASF71
 122 0015 F2020000 		.4byte	.LASF72
 123 0019 00000000 		.4byte	.Ldebug_ranges0+0
 124 001d 00000000 		.4byte	0
 125 0021 00000000 		.4byte	.Ldebug_line0
 126 0025 02       		.uleb128 0x2
 127 0026 01       		.byte	0x1
 128 0027 06       		.byte	0x6
 129 0028 94020000 		.4byte	.LASF0
 130 002c 02       		.uleb128 0x2
 131 002d 01       		.byte	0x1
 132 002e 08       		.byte	0x8
 133 002f 65020000 		.4byte	.LASF1
 134 0033 02       		.uleb128 0x2
 135 0034 02       		.byte	0x2
 136 0035 05       		.byte	0x5
 137 0036 4B000000 		.4byte	.LASF2
 138 003a 02       		.uleb128 0x2
 139 003b 02       		.byte	0x2
 140 003c 07       		.byte	0x7
 141 003d 59030000 		.4byte	.LASF3
 142 0041 02       		.uleb128 0x2
 143 0042 04       		.byte	0x4
 144 0043 05       		.byte	0x5
 145 0044 C1010000 		.4byte	.LASF4
 146 0048 02       		.uleb128 0x2
 147 0049 04       		.byte	0x4
 148 004a 07       		.byte	0x7
 149 004b CE030000 		.4byte	.LASF5
 150 004f 02       		.uleb128 0x2
 151 0050 08       		.byte	0x8
 152 0051 05       		.byte	0x5
 153 0052 71010000 		.4byte	.LASF6
 154 0056 02       		.uleb128 0x2
 155 0057 08       		.byte	0x8
 156 0058 07       		.byte	0x7
 157 0059 A0020000 		.4byte	.LASF7
 158 005d 03       		.uleb128 0x3
 159 005e 04       		.byte	0x4
 160 005f 05       		.byte	0x5
 161 0060 696E7400 		.ascii	"int\000"
 162 0064 02       		.uleb128 0x2
 163 0065 04       		.byte	0x4
 164 0066 07       		.byte	0x7
 165 0067 B7020000 		.4byte	.LASF8
 166 006b 02       		.uleb128 0x2
 167 006c 08       		.byte	0x8
 168 006d 04       		.byte	0x4
 169 006e 4A020000 		.4byte	.LASF9
 170 0072 04       		.uleb128 0x4
 171 0073 7F010000 		.4byte	.LASF10
 172 0077 02       		.byte	0x2
 173 0078 3F       		.byte	0x3f
 174 0079 25000000 		.4byte	0x25
 175 007d 04       		.uleb128 0x4
 176 007e 97030000 		.4byte	.LASF11
 177 0082 02       		.byte	0x2
ARM GAS  C:\Users\Asus\AppData\Local\Temp\cctDtSNd.s 			page 6


 178 0083 52       		.byte	0x52
 179 0084 3A000000 		.4byte	0x3a
 180 0088 04       		.uleb128 0x4
 181 0089 E9020000 		.4byte	.LASF12
 182 008d 02       		.byte	0x2
 183 008e 53       		.byte	0x53
 184 008f 5D000000 		.4byte	0x5d
 185 0093 04       		.uleb128 0x4
 186 0094 8A000000 		.4byte	.LASF13
 187 0098 02       		.byte	0x2
 188 0099 54       		.byte	0x54
 189 009a 64000000 		.4byte	0x64
 190 009e 04       		.uleb128 0x4
 191 009f 13000000 		.4byte	.LASF14
 192 00a3 03       		.byte	0x3
 193 00a4 4D       		.byte	0x4d
 194 00a5 93000000 		.4byte	0x93
 195 00a9 04       		.uleb128 0x4
 196 00aa 8C020000 		.4byte	.LASF15
 197 00ae 03       		.byte	0x3
 198 00af 4E       		.byte	0x4e
 199 00b0 88000000 		.4byte	0x88
 200 00b4 04       		.uleb128 0x4
 201 00b5 6C000000 		.4byte	.LASF16
 202 00b9 03       		.byte	0x3
 203 00ba 4F       		.byte	0x4f
 204 00bb 93000000 		.4byte	0x93
 205 00bf 04       		.uleb128 0x4
 206 00c0 E0030000 		.4byte	.LASF17
 207 00c4 03       		.byte	0x3
 208 00c5 54       		.byte	0x54
 209 00c6 9E000000 		.4byte	0x9e
 210 00ca 04       		.uleb128 0x4
 211 00cb B7000000 		.4byte	.LASF18
 212 00cf 03       		.byte	0x3
 213 00d0 78       		.byte	0x78
 214 00d1 88000000 		.4byte	0x88
 215 00d5 05       		.uleb128 0x5
 216 00d6 A0010000 		.4byte	.LASF19
 217 00da 04       		.byte	0x4
 218 00db 1101     		.2byte	0x111
 219 00dd 7D000000 		.4byte	0x7d
 220 00e1 05       		.uleb128 0x5
 221 00e2 20020000 		.4byte	.LASF20
 222 00e6 04       		.byte	0x4
 223 00e7 3502     		.2byte	0x235
 224 00e9 9E000000 		.4byte	0x9e
 225 00ed 05       		.uleb128 0x5
 226 00ee 38020000 		.4byte	.LASF21
 227 00f2 04       		.byte	0x4
 228 00f3 5D02     		.2byte	0x25d
 229 00f5 9E000000 		.4byte	0x9e
 230 00f9 05       		.uleb128 0x5
 231 00fa 16040000 		.4byte	.LASF22
 232 00fe 04       		.byte	0x4
 233 00ff 6C02     		.2byte	0x26c
 234 0101 9E000000 		.4byte	0x9e
ARM GAS  C:\Users\Asus\AppData\Local\Temp\cctDtSNd.s 			page 7


 235 0105 06       		.uleb128 0x6
 236 0106 0C       		.byte	0xc
 237 0107 04       		.byte	0x4
 238 0108 7202     		.2byte	0x272
 239 010a 36010000 		.4byte	0x136
 240 010e 07       		.uleb128 0x7
 241 010f CA010000 		.4byte	.LASF23
 242 0113 04       		.byte	0x4
 243 0114 7302     		.2byte	0x273
 244 0116 E1000000 		.4byte	0xe1
 245 011a 00       		.byte	0
 246 011b 07       		.uleb128 0x7
 247 011c 1B000000 		.4byte	.LASF24
 248 0120 04       		.byte	0x4
 249 0121 7402     		.2byte	0x274
 250 0123 E1000000 		.4byte	0xe1
 251 0127 04       		.byte	0x4
 252 0128 07       		.uleb128 0x7
 253 0129 BE000000 		.4byte	.LASF25
 254 012d 04       		.byte	0x4
 255 012e 7502     		.2byte	0x275
 256 0130 E1000000 		.4byte	0xe1
 257 0134 08       		.byte	0x8
 258 0135 00       		.byte	0
 259 0136 05       		.uleb128 0x5
 260 0137 F8010000 		.4byte	.LASF26
 261 013b 04       		.byte	0x4
 262 013c 7A02     		.2byte	0x27a
 263 013e 05010000 		.4byte	0x105
 264 0142 06       		.uleb128 0x6
 265 0143 08       		.byte	0x8
 266 0144 04       		.byte	0x4
 267 0145 7D02     		.2byte	0x27d
 268 0147 66010000 		.4byte	0x166
 269 014b 07       		.uleb128 0x7
 270 014c C7000000 		.4byte	.LASF27
 271 0150 04       		.byte	0x4
 272 0151 7E02     		.2byte	0x27e
 273 0153 E1000000 		.4byte	0xe1
 274 0157 00       		.byte	0
 275 0158 07       		.uleb128 0x7
 276 0159 21050000 		.4byte	.LASF28
 277 015d 04       		.byte	0x4
 278 015e 7F02     		.2byte	0x27f
 279 0160 ED000000 		.4byte	0xed
 280 0164 04       		.byte	0x4
 281 0165 00       		.byte	0
 282 0166 05       		.uleb128 0x5
 283 0167 5A010000 		.4byte	.LASF29
 284 016b 04       		.byte	0x4
 285 016c 8002     		.2byte	0x280
 286 016e 42010000 		.4byte	0x142
 287 0172 08       		.uleb128 0x8
 288 0173 01       		.byte	0x1
 289 0174 2C000000 		.4byte	0x2c
 290 0178 04       		.byte	0x4
 291 0179 8A02     		.2byte	0x28a
ARM GAS  C:\Users\Asus\AppData\Local\Temp\cctDtSNd.s 			page 8


 292 017b 8C010000 		.4byte	0x18c
 293 017f 09       		.uleb128 0x9
 294 0180 08040000 		.4byte	.LASF30
 295 0184 00       		.byte	0
 296 0185 09       		.uleb128 0x9
 297 0186 B0010000 		.4byte	.LASF31
 298 018a 01       		.byte	0x1
 299 018b 00       		.byte	0
 300 018c 05       		.uleb128 0x5
 301 018d F7000000 		.4byte	.LASF32
 302 0191 04       		.byte	0x4
 303 0192 8D02     		.2byte	0x28d
 304 0194 72010000 		.4byte	0x172
 305 0198 05       		.uleb128 0x5
 306 0199 74000000 		.4byte	.LASF33
 307 019d 04       		.byte	0x4
 308 019e 9002     		.2byte	0x290
 309 01a0 8C010000 		.4byte	0x18c
 310 01a4 06       		.uleb128 0x6
 311 01a5 0C       		.byte	0xc
 312 01a6 04       		.byte	0x4
 313 01a7 9402     		.2byte	0x294
 314 01a9 D3010000 		.4byte	0x1d3
 315 01ad 0A       		.uleb128 0xa
 316 01ae 6300     		.ascii	"c\000"
 317 01b0 04       		.byte	0x4
 318 01b1 9602     		.2byte	0x296
 319 01b3 F9000000 		.4byte	0xf9
 320 01b7 00       		.byte	0
 321 01b8 07       		.uleb128 0x7
 322 01b9 64000000 		.4byte	.LASF34
 323 01bd 04       		.byte	0x4
 324 01be 9802     		.2byte	0x298
 325 01c0 ED000000 		.4byte	0xed
 326 01c4 04       		.byte	0x4
 327 01c5 07       		.uleb128 0x7
 328 01c6 00000000 		.4byte	.LASF35
 329 01ca 04       		.byte	0x4
 330 01cb 9A02     		.2byte	0x29a
 331 01cd 98010000 		.4byte	0x198
 332 01d1 08       		.byte	0x8
 333 01d2 00       		.byte	0
 334 01d3 05       		.uleb128 0x5
 335 01d4 6C030000 		.4byte	.LASF36
 336 01d8 04       		.byte	0x4
 337 01d9 9B02     		.2byte	0x29b
 338 01db A4010000 		.4byte	0x1a4
 339 01df 06       		.uleb128 0x6
 340 01e0 10       		.byte	0x10
 341 01e1 04       		.byte	0x4
 342 01e2 9F02     		.2byte	0x29f
 343 01e4 1D020000 		.4byte	0x21d
 344 01e8 07       		.uleb128 0x7
 345 01e9 11040000 		.4byte	.LASF37
 346 01ed 04       		.byte	0x4
 347 01ee A002     		.2byte	0x2a0
 348 01f0 BF000000 		.4byte	0xbf
ARM GAS  C:\Users\Asus\AppData\Local\Temp\cctDtSNd.s 			page 9


 349 01f4 00       		.byte	0
 350 01f5 07       		.uleb128 0x7
 351 01f6 EE040000 		.4byte	.LASF38
 352 01fa 04       		.byte	0x4
 353 01fb A102     		.2byte	0x2a1
 354 01fd E1000000 		.4byte	0xe1
 355 0201 04       		.byte	0x4
 356 0202 07       		.uleb128 0x7
 357 0203 5E000000 		.4byte	.LASF39
 358 0207 04       		.byte	0x4
 359 0208 A202     		.2byte	0x2a2
 360 020a E1000000 		.4byte	0xe1
 361 020e 08       		.byte	0x8
 362 020f 07       		.uleb128 0x7
 363 0210 0F050000 		.4byte	.LASF40
 364 0214 04       		.byte	0x4
 365 0215 A302     		.2byte	0x2a3
 366 0217 ED000000 		.4byte	0xed
 367 021b 0C       		.byte	0xc
 368 021c 00       		.byte	0
 369 021d 05       		.uleb128 0x5
 370 021e DA010000 		.4byte	.LASF41
 371 0222 04       		.byte	0x4
 372 0223 A402     		.2byte	0x2a4
 373 0225 DF010000 		.4byte	0x1df
 374 0229 0B       		.uleb128 0xb
 375 022a 8A030000 		.4byte	.LASF73
 376 022e 01       		.byte	0x1
 377 022f 53       		.byte	0x53
 378 0230 00000000 		.4byte	.LFB70
 379 0234 74000000 		.4byte	.LFE70-.LFB70
 380 0238 01       		.uleb128 0x1
 381 0239 9C       		.byte	0x9c
 382 023a 64020000 		.4byte	0x264
 383 023e 0C       		.uleb128 0xc
 384 023f 7400     		.ascii	"t\000"
 385 0241 01       		.byte	0x1
 386 0242 53       		.byte	0x53
 387 0243 CA000000 		.4byte	0xca
 388 0247 00000000 		.4byte	.LLST0
 389 024b 0D       		.uleb128 0xd
 390 024c 46000000 		.4byte	.LASF42
 391 0250 01       		.byte	0x1
 392 0251 55       		.byte	0x55
 393 0252 A9000000 		.4byte	0xa9
 394 0256 01       		.uleb128 0x1
 395 0257 53       		.byte	0x53
 396 0258 0E       		.uleb128 0xe
 397 0259 7000     		.ascii	"p\000"
 398 025b 01       		.byte	0x1
 399 025c 56       		.byte	0x56
 400 025d 9E000000 		.4byte	0x9e
 401 0261 01       		.uleb128 0x1
 402 0262 52       		.byte	0x52
 403 0263 00       		.byte	0
 404 0264 0F       		.uleb128 0xf
 405 0265 16010000 		.4byte	.LASF43
ARM GAS  C:\Users\Asus\AppData\Local\Temp\cctDtSNd.s 			page 10


 406 0269 05       		.byte	0x5
 407 026a 44       		.byte	0x44
 408 026b 9E000000 		.4byte	0x9e
 409 026f 0F       		.uleb128 0xf
 410 0270 D0020000 		.4byte	.LASF44
 411 0274 06       		.byte	0x6
 412 0275 48       		.byte	0x48
 413 0276 CA000000 		.4byte	0xca
 414 027a 10       		.uleb128 0x10
 415 027b 91020000 		.4byte	0x291
 416 027f 8A020000 		.4byte	0x28a
 417 0283 11       		.uleb128 0x11
 418 0284 8A020000 		.4byte	0x28a
 419 0288 04       		.byte	0x4
 420 0289 00       		.byte	0
 421 028a 02       		.uleb128 0x2
 422 028b 04       		.byte	0x4
 423 028c 07       		.byte	0x7
 424 028d 55000000 		.4byte	.LASF45
 425 0291 12       		.uleb128 0x12
 426 0292 9E000000 		.4byte	0x9e
 427 0296 0F       		.uleb128 0xf
 428 0297 94000000 		.4byte	.LASF46
 429 029b 04       		.byte	0x4
 430 029c B2       		.byte	0xb2
 431 029d A1020000 		.4byte	0x2a1
 432 02a1 12       		.uleb128 0x12
 433 02a2 7A020000 		.4byte	0x27a
 434 02a6 0F       		.uleb128 0xf
 435 02a7 2F040000 		.4byte	.LASF47
 436 02ab 04       		.byte	0x4
 437 02ac B3       		.byte	0xb3
 438 02ad B1020000 		.4byte	0x2b1
 439 02b1 12       		.uleb128 0x12
 440 02b2 7A020000 		.4byte	0x27a
 441 02b6 10       		.uleb128 0x10
 442 02b7 9E000000 		.4byte	0x9e
 443 02bb C6020000 		.4byte	0x2c6
 444 02bf 11       		.uleb128 0x11
 445 02c0 8A020000 		.4byte	0x28a
 446 02c4 04       		.byte	0x4
 447 02c5 00       		.byte	0
 448 02c6 0F       		.uleb128 0xf
 449 02c7 22040000 		.4byte	.LASF48
 450 02cb 04       		.byte	0x4
 451 02cc CA       		.byte	0xca
 452 02cd B6020000 		.4byte	0x2b6
 453 02d1 10       		.uleb128 0x10
 454 02d2 CA000000 		.4byte	0xca
 455 02d6 E1020000 		.4byte	0x2e1
 456 02da 11       		.uleb128 0x11
 457 02db 8A020000 		.4byte	0x28a
 458 02df 04       		.byte	0x4
 459 02e0 00       		.byte	0
 460 02e1 0F       		.uleb128 0xf
 461 02e2 43040000 		.4byte	.LASF49
 462 02e6 04       		.byte	0x4
ARM GAS  C:\Users\Asus\AppData\Local\Temp\cctDtSNd.s 			page 11


 463 02e7 D2       		.byte	0xd2
 464 02e8 D1020000 		.4byte	0x2d1
 465 02ec 0F       		.uleb128 0xf
 466 02ed C4020000 		.4byte	.LASF50
 467 02f1 04       		.byte	0x4
 468 02f2 DA       		.byte	0xda
 469 02f3 B6020000 		.4byte	0x2b6
 470 02f7 0F       		.uleb128 0xf
 471 02f8 EC030000 		.4byte	.LASF51
 472 02fc 04       		.byte	0x4
 473 02fd E2       		.byte	0xe2
 474 02fe CA000000 		.4byte	0xca
 475 0302 0F       		.uleb128 0xf
 476 0303 29020000 		.4byte	.LASF52
 477 0307 04       		.byte	0x4
 478 0308 F7       		.byte	0xf7
 479 0309 9E000000 		.4byte	0x9e
 480 030d 13       		.uleb128 0x13
 481 030e A1030000 		.4byte	.LASF53
 482 0312 04       		.byte	0x4
 483 0313 2101     		.2byte	0x121
 484 0315 B6020000 		.4byte	0x2b6
 485 0319 10       		.uleb128 0x10
 486 031a A9000000 		.4byte	0xa9
 487 031e 29030000 		.4byte	0x329
 488 0322 11       		.uleb128 0x11
 489 0323 8A020000 		.4byte	0x28a
 490 0327 0F       		.byte	0xf
 491 0328 00       		.byte	0
 492 0329 13       		.uleb128 0x13
 493 032a A5000000 		.4byte	.LASF54
 494 032e 04       		.byte	0x4
 495 032f 2501     		.2byte	0x125
 496 0331 19030000 		.4byte	0x319
 497 0335 13       		.uleb128 0x13
 498 0336 4E040000 		.4byte	.LASF55
 499 033a 04       		.byte	0x4
 500 033b 2601     		.2byte	0x126
 501 033d 19030000 		.4byte	0x319
 502 0341 10       		.uleb128 0x10
 503 0342 A9000000 		.4byte	0xa9
 504 0346 51030000 		.4byte	0x351
 505 034a 11       		.uleb128 0x11
 506 034b 8A020000 		.4byte	0x28a
 507 034f 04       		.byte	0x4
 508 0350 00       		.byte	0
 509 0351 13       		.uleb128 0x13
 510 0352 0F020000 		.4byte	.LASF56
 511 0356 04       		.byte	0x4
 512 0357 2C01     		.2byte	0x12c
 513 0359 41030000 		.4byte	0x341
 514 035d 13       		.uleb128 0x13
 515 035e F8030000 		.4byte	.LASF57
 516 0362 04       		.byte	0x4
 517 0363 3C01     		.2byte	0x13c
 518 0365 D1020000 		.4byte	0x2d1
 519 0369 13       		.uleb128 0x13
ARM GAS  C:\Users\Asus\AppData\Local\Temp\cctDtSNd.s 			page 12


 520 036a 05000000 		.4byte	.LASF58
 521 036e 04       		.byte	0x4
 522 036f 3F01     		.2byte	0x13f
 523 0371 D5000000 		.4byte	0xd5
 524 0375 13       		.uleb128 0x13
 525 0376 28000000 		.4byte	.LASF59
 526 037a 04       		.byte	0x4
 527 037b 4101     		.2byte	0x141
 528 037d A9000000 		.4byte	0xa9
 529 0381 13       		.uleb128 0x13
 530 0382 33000000 		.4byte	.LASF60
 531 0386 04       		.byte	0x4
 532 0387 5C01     		.2byte	0x15c
 533 0389 B6020000 		.4byte	0x2b6
 534 038d 10       		.uleb128 0x10
 535 038e BF000000 		.4byte	0xbf
 536 0392 9D030000 		.4byte	0x39d
 537 0396 11       		.uleb128 0x11
 538 0397 8A020000 		.4byte	0x28a
 539 039b 04       		.byte	0x4
 540 039c 00       		.byte	0
 541 039d 13       		.uleb128 0x13
 542 039e CD000000 		.4byte	.LASF61
 543 03a2 04       		.byte	0x4
 544 03a3 6701     		.2byte	0x167
 545 03a5 8D030000 		.4byte	0x38d
 546 03a9 10       		.uleb128 0x10
 547 03aa B9030000 		.4byte	0x3b9
 548 03ae B9030000 		.4byte	0x3b9
 549 03b2 11       		.uleb128 0x11
 550 03b3 8A020000 		.4byte	0x28a
 551 03b7 00       		.byte	0
 552 03b8 00       		.byte	0
 553 03b9 12       		.uleb128 0x12
 554 03ba 36010000 		.4byte	0x136
 555 03be 13       		.uleb128 0x13
 556 03bf 56020000 		.4byte	.LASF62
 557 03c3 04       		.byte	0x4
 558 03c4 CA02     		.2byte	0x2ca
 559 03c6 CA030000 		.4byte	0x3ca
 560 03ca 12       		.uleb128 0x12
 561 03cb A9030000 		.4byte	0x3a9
 562 03cf 10       		.uleb128 0x10
 563 03d0 DF030000 		.4byte	0x3df
 564 03d4 DF030000 		.4byte	0x3df
 565 03d8 11       		.uleb128 0x11
 566 03d9 8A020000 		.4byte	0x28a
 567 03dd 00       		.byte	0
 568 03de 00       		.byte	0
 569 03df 12       		.uleb128 0x12
 570 03e0 D3010000 		.4byte	0x1d3
 571 03e4 13       		.uleb128 0x13
 572 03e5 DE000000 		.4byte	.LASF63
 573 03e9 04       		.byte	0x4
 574 03ea DD02     		.2byte	0x2dd
 575 03ec F0030000 		.4byte	0x3f0
 576 03f0 12       		.uleb128 0x12
ARM GAS  C:\Users\Asus\AppData\Local\Temp\cctDtSNd.s 			page 13


 577 03f1 CF030000 		.4byte	0x3cf
 578 03f5 10       		.uleb128 0x10
 579 03f6 66010000 		.4byte	0x166
 580 03fa 05040000 		.4byte	0x405
 581 03fe 11       		.uleb128 0x11
 582 03ff 8A020000 		.4byte	0x28a
 583 0403 00       		.byte	0
 584 0404 00       		.byte	0
 585 0405 13       		.uleb128 0x13
 586 0406 AC030000 		.4byte	.LASF64
 587 040a 04       		.byte	0x4
 588 040b FB02     		.2byte	0x2fb
 589 040d F5030000 		.4byte	0x3f5
 590 0411 10       		.uleb128 0x10
 591 0412 1D020000 		.4byte	0x21d
 592 0416 21040000 		.4byte	0x421
 593 041a 11       		.uleb128 0x11
 594 041b 8A020000 		.4byte	0x28a
 595 041f 00       		.byte	0
 596 0420 00       		.byte	0
 597 0421 13       		.uleb128 0x13
 598 0422 73020000 		.4byte	.LASF65
 599 0426 04       		.byte	0x4
 600 0427 0403     		.2byte	0x304
 601 0429 11040000 		.4byte	0x411
 602 042d 0F       		.uleb128 0xf
 603 042e F7040000 		.4byte	.LASF66
 604 0432 07       		.byte	0x7
 605 0433 40       		.byte	0x40
 606 0434 9E000000 		.4byte	0x9e
 607 0438 0F       		.uleb128 0xf
 608 0439 87010000 		.4byte	.LASF67
 609 043d 07       		.byte	0x7
 610 043e 47       		.byte	0x47
 611 043f B4000000 		.4byte	0xb4
 612 0443 0F       		.uleb128 0xf
 613 0444 BB030000 		.4byte	.LASF68
 614 0448 07       		.byte	0x7
 615 0449 4A       		.byte	0x4a
 616 044a 9E000000 		.4byte	0x9e
 617 044e 10       		.uleb128 0x10
 618 044f 5E040000 		.4byte	0x45e
 619 0453 5E040000 		.4byte	0x45e
 620 0457 11       		.uleb128 0x11
 621 0458 8A020000 		.4byte	0x28a
 622 045c FF       		.byte	0xff
 623 045d 00       		.byte	0
 624 045e 12       		.uleb128 0x12
 625 045f 72000000 		.4byte	0x72
 626 0463 13       		.uleb128 0x13
 627 0464 14050000 		.4byte	.LASF69
 628 0468 08       		.byte	0x8
 629 0469 AB01     		.2byte	0x1ab
 630 046b 6F040000 		.4byte	0x46f
 631 046f 12       		.uleb128 0x12
 632 0470 4E040000 		.4byte	0x44e
 633 0474 00       		.byte	0
ARM GAS  C:\Users\Asus\AppData\Local\Temp\cctDtSNd.s 			page 14


 634              		.section	.debug_abbrev,"",%progbits
 635              	.Ldebug_abbrev0:
 636 0000 01       		.uleb128 0x1
 637 0001 11       		.uleb128 0x11
 638 0002 01       		.byte	0x1
 639 0003 25       		.uleb128 0x25
 640 0004 0E       		.uleb128 0xe
 641 0005 13       		.uleb128 0x13
 642 0006 0B       		.uleb128 0xb
 643 0007 03       		.uleb128 0x3
 644 0008 0E       		.uleb128 0xe
 645 0009 1B       		.uleb128 0x1b
 646 000a 0E       		.uleb128 0xe
 647 000b 55       		.uleb128 0x55
 648 000c 17       		.uleb128 0x17
 649 000d 11       		.uleb128 0x11
 650 000e 01       		.uleb128 0x1
 651 000f 10       		.uleb128 0x10
 652 0010 17       		.uleb128 0x17
 653 0011 00       		.byte	0
 654 0012 00       		.byte	0
 655 0013 02       		.uleb128 0x2
 656 0014 24       		.uleb128 0x24
 657 0015 00       		.byte	0
 658 0016 0B       		.uleb128 0xb
 659 0017 0B       		.uleb128 0xb
 660 0018 3E       		.uleb128 0x3e
 661 0019 0B       		.uleb128 0xb
 662 001a 03       		.uleb128 0x3
 663 001b 0E       		.uleb128 0xe
 664 001c 00       		.byte	0
 665 001d 00       		.byte	0
 666 001e 03       		.uleb128 0x3
 667 001f 24       		.uleb128 0x24
 668 0020 00       		.byte	0
 669 0021 0B       		.uleb128 0xb
 670 0022 0B       		.uleb128 0xb
 671 0023 3E       		.uleb128 0x3e
 672 0024 0B       		.uleb128 0xb
 673 0025 03       		.uleb128 0x3
 674 0026 08       		.uleb128 0x8
 675 0027 00       		.byte	0
 676 0028 00       		.byte	0
 677 0029 04       		.uleb128 0x4
 678 002a 16       		.uleb128 0x16
 679 002b 00       		.byte	0
 680 002c 03       		.uleb128 0x3
 681 002d 0E       		.uleb128 0xe
 682 002e 3A       		.uleb128 0x3a
 683 002f 0B       		.uleb128 0xb
 684 0030 3B       		.uleb128 0x3b
 685 0031 0B       		.uleb128 0xb
 686 0032 49       		.uleb128 0x49
 687 0033 13       		.uleb128 0x13
 688 0034 00       		.byte	0
 689 0035 00       		.byte	0
 690 0036 05       		.uleb128 0x5
ARM GAS  C:\Users\Asus\AppData\Local\Temp\cctDtSNd.s 			page 15


 691 0037 16       		.uleb128 0x16
 692 0038 00       		.byte	0
 693 0039 03       		.uleb128 0x3
 694 003a 0E       		.uleb128 0xe
 695 003b 3A       		.uleb128 0x3a
 696 003c 0B       		.uleb128 0xb
 697 003d 3B       		.uleb128 0x3b
 698 003e 05       		.uleb128 0x5
 699 003f 49       		.uleb128 0x49
 700 0040 13       		.uleb128 0x13
 701 0041 00       		.byte	0
 702 0042 00       		.byte	0
 703 0043 06       		.uleb128 0x6
 704 0044 13       		.uleb128 0x13
 705 0045 01       		.byte	0x1
 706 0046 0B       		.uleb128 0xb
 707 0047 0B       		.uleb128 0xb
 708 0048 3A       		.uleb128 0x3a
 709 0049 0B       		.uleb128 0xb
 710 004a 3B       		.uleb128 0x3b
 711 004b 05       		.uleb128 0x5
 712 004c 01       		.uleb128 0x1
 713 004d 13       		.uleb128 0x13
 714 004e 00       		.byte	0
 715 004f 00       		.byte	0
 716 0050 07       		.uleb128 0x7
 717 0051 0D       		.uleb128 0xd
 718 0052 00       		.byte	0
 719 0053 03       		.uleb128 0x3
 720 0054 0E       		.uleb128 0xe
 721 0055 3A       		.uleb128 0x3a
 722 0056 0B       		.uleb128 0xb
 723 0057 3B       		.uleb128 0x3b
 724 0058 05       		.uleb128 0x5
 725 0059 49       		.uleb128 0x49
 726 005a 13       		.uleb128 0x13
 727 005b 38       		.uleb128 0x38
 728 005c 0B       		.uleb128 0xb
 729 005d 00       		.byte	0
 730 005e 00       		.byte	0
 731 005f 08       		.uleb128 0x8
 732 0060 04       		.uleb128 0x4
 733 0061 01       		.byte	0x1
 734 0062 0B       		.uleb128 0xb
 735 0063 0B       		.uleb128 0xb
 736 0064 49       		.uleb128 0x49
 737 0065 13       		.uleb128 0x13
 738 0066 3A       		.uleb128 0x3a
 739 0067 0B       		.uleb128 0xb
 740 0068 3B       		.uleb128 0x3b
 741 0069 05       		.uleb128 0x5
 742 006a 01       		.uleb128 0x1
 743 006b 13       		.uleb128 0x13
 744 006c 00       		.byte	0
 745 006d 00       		.byte	0
 746 006e 09       		.uleb128 0x9
 747 006f 28       		.uleb128 0x28
ARM GAS  C:\Users\Asus\AppData\Local\Temp\cctDtSNd.s 			page 16


 748 0070 00       		.byte	0
 749 0071 03       		.uleb128 0x3
 750 0072 0E       		.uleb128 0xe
 751 0073 1C       		.uleb128 0x1c
 752 0074 0B       		.uleb128 0xb
 753 0075 00       		.byte	0
 754 0076 00       		.byte	0
 755 0077 0A       		.uleb128 0xa
 756 0078 0D       		.uleb128 0xd
 757 0079 00       		.byte	0
 758 007a 03       		.uleb128 0x3
 759 007b 08       		.uleb128 0x8
 760 007c 3A       		.uleb128 0x3a
 761 007d 0B       		.uleb128 0xb
 762 007e 3B       		.uleb128 0x3b
 763 007f 05       		.uleb128 0x5
 764 0080 49       		.uleb128 0x49
 765 0081 13       		.uleb128 0x13
 766 0082 38       		.uleb128 0x38
 767 0083 0B       		.uleb128 0xb
 768 0084 00       		.byte	0
 769 0085 00       		.byte	0
 770 0086 0B       		.uleb128 0xb
 771 0087 2E       		.uleb128 0x2e
 772 0088 01       		.byte	0x1
 773 0089 3F       		.uleb128 0x3f
 774 008a 19       		.uleb128 0x19
 775 008b 03       		.uleb128 0x3
 776 008c 0E       		.uleb128 0xe
 777 008d 3A       		.uleb128 0x3a
 778 008e 0B       		.uleb128 0xb
 779 008f 3B       		.uleb128 0x3b
 780 0090 0B       		.uleb128 0xb
 781 0091 27       		.uleb128 0x27
 782 0092 19       		.uleb128 0x19
 783 0093 11       		.uleb128 0x11
 784 0094 01       		.uleb128 0x1
 785 0095 12       		.uleb128 0x12
 786 0096 06       		.uleb128 0x6
 787 0097 40       		.uleb128 0x40
 788 0098 18       		.uleb128 0x18
 789 0099 9742     		.uleb128 0x2117
 790 009b 19       		.uleb128 0x19
 791 009c 01       		.uleb128 0x1
 792 009d 13       		.uleb128 0x13
 793 009e 00       		.byte	0
 794 009f 00       		.byte	0
 795 00a0 0C       		.uleb128 0xc
 796 00a1 05       		.uleb128 0x5
 797 00a2 00       		.byte	0
 798 00a3 03       		.uleb128 0x3
 799 00a4 08       		.uleb128 0x8
 800 00a5 3A       		.uleb128 0x3a
 801 00a6 0B       		.uleb128 0xb
 802 00a7 3B       		.uleb128 0x3b
 803 00a8 0B       		.uleb128 0xb
 804 00a9 49       		.uleb128 0x49
ARM GAS  C:\Users\Asus\AppData\Local\Temp\cctDtSNd.s 			page 17


 805 00aa 13       		.uleb128 0x13
 806 00ab 02       		.uleb128 0x2
 807 00ac 17       		.uleb128 0x17
 808 00ad 00       		.byte	0
 809 00ae 00       		.byte	0
 810 00af 0D       		.uleb128 0xd
 811 00b0 34       		.uleb128 0x34
 812 00b1 00       		.byte	0
 813 00b2 03       		.uleb128 0x3
 814 00b3 0E       		.uleb128 0xe
 815 00b4 3A       		.uleb128 0x3a
 816 00b5 0B       		.uleb128 0xb
 817 00b6 3B       		.uleb128 0x3b
 818 00b7 0B       		.uleb128 0xb
 819 00b8 49       		.uleb128 0x49
 820 00b9 13       		.uleb128 0x13
 821 00ba 02       		.uleb128 0x2
 822 00bb 18       		.uleb128 0x18
 823 00bc 00       		.byte	0
 824 00bd 00       		.byte	0
 825 00be 0E       		.uleb128 0xe
 826 00bf 34       		.uleb128 0x34
 827 00c0 00       		.byte	0
 828 00c1 03       		.uleb128 0x3
 829 00c2 08       		.uleb128 0x8
 830 00c3 3A       		.uleb128 0x3a
 831 00c4 0B       		.uleb128 0xb
 832 00c5 3B       		.uleb128 0x3b
 833 00c6 0B       		.uleb128 0xb
 834 00c7 49       		.uleb128 0x49
 835 00c8 13       		.uleb128 0x13
 836 00c9 02       		.uleb128 0x2
 837 00ca 18       		.uleb128 0x18
 838 00cb 00       		.byte	0
 839 00cc 00       		.byte	0
 840 00cd 0F       		.uleb128 0xf
 841 00ce 34       		.uleb128 0x34
 842 00cf 00       		.byte	0
 843 00d0 03       		.uleb128 0x3
 844 00d1 0E       		.uleb128 0xe
 845 00d2 3A       		.uleb128 0x3a
 846 00d3 0B       		.uleb128 0xb
 847 00d4 3B       		.uleb128 0x3b
 848 00d5 0B       		.uleb128 0xb
 849 00d6 49       		.uleb128 0x49
 850 00d7 13       		.uleb128 0x13
 851 00d8 3F       		.uleb128 0x3f
 852 00d9 19       		.uleb128 0x19
 853 00da 3C       		.uleb128 0x3c
 854 00db 19       		.uleb128 0x19
 855 00dc 00       		.byte	0
 856 00dd 00       		.byte	0
 857 00de 10       		.uleb128 0x10
 858 00df 01       		.uleb128 0x1
 859 00e0 01       		.byte	0x1
 860 00e1 49       		.uleb128 0x49
 861 00e2 13       		.uleb128 0x13
ARM GAS  C:\Users\Asus\AppData\Local\Temp\cctDtSNd.s 			page 18


 862 00e3 01       		.uleb128 0x1
 863 00e4 13       		.uleb128 0x13
 864 00e5 00       		.byte	0
 865 00e6 00       		.byte	0
 866 00e7 11       		.uleb128 0x11
 867 00e8 21       		.uleb128 0x21
 868 00e9 00       		.byte	0
 869 00ea 49       		.uleb128 0x49
 870 00eb 13       		.uleb128 0x13
 871 00ec 2F       		.uleb128 0x2f
 872 00ed 0B       		.uleb128 0xb
 873 00ee 00       		.byte	0
 874 00ef 00       		.byte	0
 875 00f0 12       		.uleb128 0x12
 876 00f1 26       		.uleb128 0x26
 877 00f2 00       		.byte	0
 878 00f3 49       		.uleb128 0x49
 879 00f4 13       		.uleb128 0x13
 880 00f5 00       		.byte	0
 881 00f6 00       		.byte	0
 882 00f7 13       		.uleb128 0x13
 883 00f8 34       		.uleb128 0x34
 884 00f9 00       		.byte	0
 885 00fa 03       		.uleb128 0x3
 886 00fb 0E       		.uleb128 0xe
 887 00fc 3A       		.uleb128 0x3a
 888 00fd 0B       		.uleb128 0xb
 889 00fe 3B       		.uleb128 0x3b
 890 00ff 05       		.uleb128 0x5
 891 0100 49       		.uleb128 0x49
 892 0101 13       		.uleb128 0x13
 893 0102 3F       		.uleb128 0x3f
 894 0103 19       		.uleb128 0x19
 895 0104 3C       		.uleb128 0x3c
 896 0105 19       		.uleb128 0x19
 897 0106 00       		.byte	0
 898 0107 00       		.byte	0
 899 0108 00       		.byte	0
 900              		.section	.debug_loc,"",%progbits
 901              	.Ldebug_loc0:
 902              	.LLST0:
 903 0000 00000000 		.4byte	.LVL0
 904 0004 34000000 		.4byte	.LVL3
 905 0008 0100     		.2byte	0x1
 906 000a 50       		.byte	0x50
 907 000b 42000000 		.4byte	.LVL4
 908 000f 44000000 		.4byte	.LVL5
 909 0013 0100     		.2byte	0x1
 910 0015 50       		.byte	0x50
 911 0016 00000000 		.4byte	0
 912 001a 00000000 		.4byte	0
 913              		.section	.debug_aranges,"",%progbits
 914 0000 1C000000 		.4byte	0x1c
 915 0004 0200     		.2byte	0x2
 916 0006 00000000 		.4byte	.Ldebug_info0
 917 000a 04       		.byte	0x4
 918 000b 00       		.byte	0
ARM GAS  C:\Users\Asus\AppData\Local\Temp\cctDtSNd.s 			page 19


 919 000c 0000     		.2byte	0
 920 000e 0000     		.2byte	0
 921 0010 00000000 		.4byte	.LFB70
 922 0014 74000000 		.4byte	.LFE70-.LFB70
 923 0018 00000000 		.4byte	0
 924 001c 00000000 		.4byte	0
 925              		.section	.debug_ranges,"",%progbits
 926              	.Ldebug_ranges0:
 927 0000 00000000 		.4byte	.LFB70
 928 0004 74000000 		.4byte	.LFE70
 929 0008 00000000 		.4byte	0
 930 000c 00000000 		.4byte	0
 931              		.section	.debug_line,"",%progbits
 932              	.Ldebug_line0:
 933 0000 52010000 		.section	.debug_str,"MS",%progbits,1
 933      02003101 
 933      00000201 
 933      FB0E0D00 
 933      01010101 
 934              	.LASF35:
 935 0000 6B696E64 		.ascii	"kind\000"
 935      00
 936              	.LASF58:
 937 0005 45455F72 		.ascii	"EE_rq_bitmask\000"
 937      715F6269 
 937      746D6173 
 937      6B00
 938              	.LASF14:
 939 0013 45455F55 		.ascii	"EE_UREG\000"
 939      52454700 
 940              	.LASF24:
 941 001b 7469636B 		.ascii	"ticksperbase\000"
 941      73706572 
 941      62617365 
 941      00
 942              	.LASF59:
 943 0028 45455F72 		.ascii	"EE_rq_free\000"
 943      715F6672 
 943      656500
 944              	.LASF60:
 945 0033 45455F74 		.ascii	"EE_th_event_active\000"
 945      685F6576 
 945      656E745F 
 945      61637469 
 945      766500
 946              	.LASF42:
 947 0046 74656D70 		.ascii	"temp\000"
 947      00
 948              	.LASF2:
 949 004b 73686F72 		.ascii	"short int\000"
 949      7420696E 
 949      7400
 950              	.LASF45:
 951 0055 73697A65 		.ascii	"sizetype\000"
 951      74797065 
 951      00
 952              	.LASF39:
ARM GAS  C:\Users\Asus\AppData\Local\Temp\cctDtSNd.s 			page 20


 953 005e 64656C74 		.ascii	"delta\000"
 953      6100
 954              	.LASF34:
 955 0064 73706563 		.ascii	"spec_id\000"
 955      5F696400 
 956              	.LASF16:
 957 006c 45455F46 		.ascii	"EE_FREG\000"
 957      52454700 
 958              	.LASF33:
 959 0074 436F756E 		.ascii	"CounterObjectKindType\000"
 959      7465724F 
 959      626A6563 
 959      744B696E 
 959      64547970 
 960              	.LASF13:
 961 008a 45455F55 		.ascii	"EE_UINT32\000"
 961      494E5433 
 961      3200
 962              	.LASF46:
 963 0094 45455F74 		.ascii	"EE_th_ready_prio\000"
 963      685F7265 
 963      6164795F 
 963      7072696F 
 963      00
 964              	.LASF54:
 965 00a5 45455F72 		.ascii	"EE_rq_queues_head\000"
 965      715F7175 
 965      65756573 
 965      5F686561 
 965      6400
 966              	.LASF18:
 967 00b7 45455F54 		.ascii	"EE_TID\000"
 967      494400
 968              	.LASF25:
 969 00be 6D696E63 		.ascii	"mincycle\000"
 969      79636C65 
 969      00
 970              	.LASF27:
 971 00c7 76616C75 		.ascii	"value\000"
 971      6500
 972              	.LASF61:
 973 00cd 45455F74 		.ascii	"EE_th_waswaiting\000"
 973      685F7761 
 973      73776169 
 973      74696E67 
 973      00
 974              	.LASF63:
 975 00de 45455F6F 		.ascii	"EE_oo_counter_object_ROM\000"
 975      6F5F636F 
 975      756E7465 
 975      725F6F62 
 975      6A656374 
 976              	.LASF32:
 977 00f7 45455F6F 		.ascii	"EE_oo_counter_object_kind_type\000"
 977      6F5F636F 
 977      756E7465 
 977      725F6F62 
ARM GAS  C:\Users\Asus\AppData\Local\Temp\cctDtSNd.s 			page 21


 977      6A656374 
 978              	.LASF43:
 979 0116 45455F49 		.ascii	"EE_IRQ_nesting_level\000"
 979      52515F6E 
 979      65737469 
 979      6E675F6C 
 979      6576656C 
 980              	.LASF71:
 981 012b 47656E65 		.ascii	"Generated_Source\\PSoC5\\ErikaOS_1_ee_rq_inser.c\000"
 981      72617465 
 981      645F536F 
 981      75726365 
 981      5C50536F 
 982              	.LASF29:
 983 015a 45455F6F 		.ascii	"EE_oo_counter_RAM_type\000"
 983      6F5F636F 
 983      756E7465 
 983      725F5241 
 983      4D5F7479 
 984              	.LASF6:
 985 0171 6C6F6E67 		.ascii	"long long int\000"
 985      206C6F6E 
 985      6720696E 
 985      7400
 986              	.LASF10:
 987 017f 45455F49 		.ascii	"EE_INT8\000"
 987      4E543800 
 988              	.LASF67:
 989 0187 45455F6F 		.ascii	"EE_oo_IRQ_suspend_status\000"
 989      6F5F4952 
 989      515F7375 
 989      7370656E 
 989      645F7374 
 990              	.LASF19:
 991 01a0 45455F54 		.ascii	"EE_TYPE_RQ_MASK\000"
 991      5950455F 
 991      52515F4D 
 991      41534B00 
 992              	.LASF31:
 993 01b0 45455F53 		.ascii	"EE_SCHEDULETABLE\000"
 993      43484544 
 993      554C4554 
 993      41424C45 
 993      00
 994              	.LASF4:
 995 01c1 6C6F6E67 		.ascii	"long int\000"
 995      20696E74 
 995      00
 996              	.LASF23:
 997 01ca 6D617861 		.ascii	"maxallowedvalue\000"
 997      6C6C6F77 
 997      65647661 
 997      6C756500 
 998              	.LASF41:
 999 01da 45455F6F 		.ascii	"EE_oo_counter_object_RAM_type\000"
 999      6F5F636F 
 999      756E7465 
ARM GAS  C:\Users\Asus\AppData\Local\Temp\cctDtSNd.s 			page 22


 999      725F6F62 
 999      6A656374 
 1000              	.LASF26:
 1001 01f8 45455F6F 		.ascii	"EE_oo_counter_ROM_type\000"
 1001      6F5F636F 
 1001      756E7465 
 1001      725F524F 
 1001      4D5F7479 
 1002              	.LASF56:
 1003 020f 45455F72 		.ascii	"EE_rq_pairs_next\000"
 1003      715F7061 
 1003      6972735F 
 1003      6E657874 
 1003      00
 1004              	.LASF20:
 1005 0220 5469636B 		.ascii	"TickType\000"
 1005      54797065 
 1005      00
 1006              	.LASF52:
 1007 0229 45455F73 		.ascii	"EE_sys_ceiling\000"
 1007      79735F63 
 1007      65696C69 
 1007      6E6700
 1008              	.LASF21:
 1009 0238 436F756E 		.ascii	"CounterObjectType\000"
 1009      7465724F 
 1009      626A6563 
 1009      74547970 
 1009      6500
 1010              	.LASF9:
 1011 024a 6C6F6E67 		.ascii	"long double\000"
 1011      20646F75 
 1011      626C6500 
 1012              	.LASF62:
 1013 0256 45455F63 		.ascii	"EE_counter_ROM\000"
 1013      6F756E74 
 1013      65725F52 
 1013      4F4D00
 1014              	.LASF1:
 1015 0265 756E7369 		.ascii	"unsigned char\000"
 1015      676E6564 
 1015      20636861 
 1015      7200
 1016              	.LASF65:
 1017 0273 45455F6F 		.ascii	"EE_oo_counter_object_RAM\000"
 1017      6F5F636F 
 1017      756E7465 
 1017      725F6F62 
 1017      6A656374 
 1018              	.LASF15:
 1019 028c 45455F53 		.ascii	"EE_SREG\000"
 1019      52454700 
 1020              	.LASF0:
 1021 0294 7369676E 		.ascii	"signed char\000"
 1021      65642063 
 1021      68617200 
 1022              	.LASF7:
ARM GAS  C:\Users\Asus\AppData\Local\Temp\cctDtSNd.s 			page 23


 1023 02a0 6C6F6E67 		.ascii	"long long unsigned int\000"
 1023      206C6F6E 
 1023      6720756E 
 1023      7369676E 
 1023      65642069 
 1024              	.LASF8:
 1025 02b7 756E7369 		.ascii	"unsigned int\000"
 1025      676E6564 
 1025      20696E74 
 1025      00
 1026              	.LASF50:
 1027 02c4 45455F74 		.ascii	"EE_th_rnact\000"
 1027      685F726E 
 1027      61637400 
 1028              	.LASF44:
 1029 02d0 45455F73 		.ascii	"EE_std_endcycle_next_tid\000"
 1029      74645F65 
 1029      6E646379 
 1029      636C655F 
 1029      6E657874 
 1030              	.LASF12:
 1031 02e9 45455F49 		.ascii	"EE_INT32\000"
 1031      4E543332 
 1031      00
 1032              	.LASF72:
 1033 02f2 433A5C55 		.ascii	"C:\\Users\\Asus\\Desktop\\HDA\\Semester_2\\EAA\\Lab"
 1033      73657273 
 1033      5C417375 
 1033      735C4465 
 1033      736B746F 
 1034 031e 5C4C6162 		.ascii	"\\Lab01\\Electronic_Gaspedal\\Electronic_Gaspedal\\"
 1034      30315C45 
 1034      6C656374 
 1034      726F6E69 
 1034      635F4761 
 1035 034d 4C616230 		.ascii	"Lab01.cydsn\000"
 1035      312E6379 
 1035      64736E00 
 1036              	.LASF3:
 1037 0359 73686F72 		.ascii	"short unsigned int\000"
 1037      7420756E 
 1037      7369676E 
 1037      65642069 
 1037      6E7400
 1038              	.LASF36:
 1039 036c 45455F6F 		.ascii	"EE_oo_counter_object_ROM_type\000"
 1039      6F5F636F 
 1039      756E7465 
 1039      725F6F62 
 1039      6A656374 
 1040              	.LASF73:
 1041 038a 45455F72 		.ascii	"EE_rq_insert\000"
 1041      715F696E 
 1041      73657274 
 1041      00
 1042              	.LASF11:
 1043 0397 45455F55 		.ascii	"EE_UINT16\000"
ARM GAS  C:\Users\Asus\AppData\Local\Temp\cctDtSNd.s 			page 24


 1043      494E5431 
 1043      3600
 1044              	.LASF53:
 1045 03a1 45455F72 		.ascii	"EE_rq_link\000"
 1045      715F6C69 
 1045      6E6B00
 1046              	.LASF64:
 1047 03ac 45455F63 		.ascii	"EE_counter_RAM\000"
 1047      6F756E74 
 1047      65725F52 
 1047      414D00
 1048              	.LASF68:
 1049 03bb 45455F41 		.ascii	"EE_ApplicationMode\000"
 1049      70706C69 
 1049      63617469 
 1049      6F6E4D6F 
 1049      646500
 1050              	.LASF5:
 1051 03ce 6C6F6E67 		.ascii	"long unsigned int\000"
 1051      20756E73 
 1051      69676E65 
 1051      6420696E 
 1051      7400
 1052              	.LASF17:
 1053 03e0 45455F54 		.ascii	"EE_TYPEBOOL\000"
 1053      59504542 
 1053      4F4F4C00 
 1054              	.LASF51:
 1055 03ec 45455F73 		.ascii	"EE_stkfirst\000"
 1055      746B6669 
 1055      72737400 
 1056              	.LASF57:
 1057 03f8 45455F72 		.ascii	"EE_rq_pairs_tid\000"
 1057      715F7061 
 1057      6972735F 
 1057      74696400 
 1058              	.LASF30:
 1059 0408 45455F41 		.ascii	"EE_ALARM\000"
 1059      4C41524D 
 1059      00
 1060              	.LASF37:
 1061 0411 75736564 		.ascii	"used\000"
 1061      00
 1062              	.LASF22:
 1063 0416 436F756E 		.ascii	"CounterType\000"
 1063      74657254 
 1063      79706500 
 1064              	.LASF48:
 1065 0422 45455F74 		.ascii	"EE_th_status\000"
 1065      685F7374 
 1065      61747573 
 1065      00
 1066              	.LASF47:
 1067 042f 45455F74 		.ascii	"EE_th_dispatch_prio\000"
 1067      685F6469 
 1067      73706174 
 1067      63685F70 
ARM GAS  C:\Users\Asus\AppData\Local\Temp\cctDtSNd.s 			page 25


 1067      72696F00 
 1068              	.LASF49:
 1069 0443 45455F74 		.ascii	"EE_th_next\000"
 1069      685F6E65 
 1069      787400
 1070              	.LASF55:
 1071 044e 45455F72 		.ascii	"EE_rq_queues_tail\000"
 1071      715F7175 
 1071      65756573 
 1071      5F746169 
 1071      6C00
 1072              	.LASF70:
 1073 0460 474E5520 		.ascii	"GNU C11 5.4.1 20160609 (release) [ARM/embedded-5-br"
 1073      43313120 
 1073      352E342E 
 1073      31203230 
 1073      31363036 
 1074 0493 616E6368 		.ascii	"anch revision 237715] -mcpu=cortex-m3 -mthumb -g -O"
 1074      20726576 
 1074      6973696F 
 1074      6E203233 
 1074      37373135 
 1075 04c6 67202D66 		.ascii	"g -ffunction-sections -ffat-lto-objects\000"
 1075      66756E63 
 1075      74696F6E 
 1075      2D736563 
 1075      74696F6E 
 1076              	.LASF38:
 1077 04ee 636E7463 		.ascii	"cntcycle\000"
 1077      79636C65 
 1077      00
 1078              	.LASF66:
 1079 04f7 45455F6F 		.ascii	"EE_oo_IRQ_disable_count\000"
 1079      6F5F4952 
 1079      515F6469 
 1079      7361626C 
 1079      655F636F 
 1080              	.LASF40:
 1081 050f 6E657874 		.ascii	"next\000"
 1081      00
 1082              	.LASF69:
 1083 0514 45455F72 		.ascii	"EE_rq_lookup\000"
 1083      715F6C6F 
 1083      6F6B7570 
 1083      00
 1084              	.LASF28:
 1085 0521 66697273 		.ascii	"first\000"
 1085      7400
 1086              		.ident	"GCC: (GNU Tools for ARM Embedded Processors) 5.4.1 20160609 (release) [ARM/embedded-5-bran
