ARM GAS  C:\Users\Asus\AppData\Local\Temp\cccpHcAq.s 			page 1


   1              		.syntax unified
   2              		.cpu cortex-m3
   3              		.fpu softvfp
   4              		.eabi_attribute 20, 1
   5              		.eabi_attribute 21, 1
   6              		.eabi_attribute 23, 3
   7              		.eabi_attribute 24, 1
   8              		.eabi_attribute 25, 1
   9              		.eabi_attribute 26, 1
  10              		.eabi_attribute 30, 1
  11              		.eabi_attribute 34, 1
  12              		.eabi_attribute 18, 4
  13              		.thumb
  14              		.syntax unified
  15              		.file	"ErikaOS_1_ee_iparam.c"
  16              		.text
  17              	.Ltext0:
  18              		.cfi_sections	.debug_frame
  19              		.global	EE_os_invalid_param
  20              		.section	.rodata
  21              		.align	2
  22              		.type	EE_os_invalid_param, %object
  23              		.size	EE_os_invalid_param, 4
  24              	EE_os_invalid_param:
  25 0000 FFFFFFFF 		.word	-1
  26              		.text
  27              	.Letext0:
  28              		.file 1 "Generated_Source\\PSoC5\\ErikaOS_1_common_ee_types.inc"
  29              		.file 2 "Generated_Source\\PSoC5\\ErikaOS_1_cortex_mx_ee_cpu.inc"
  30              		.file 3 "Generated_Source\\PSoC5\\ErikaOS_1_ee_oo_common.inc"
  31              		.file 4 "Generated_Source\\PSoC5\\ErikaOS_1_common_ee_primitives.inc"
  32              		.file 5 "Generated_Source\\PSoC5\\ErikaOS_1_cortex_mx_ee_context.inc"
  33              		.file 6 "Generated_Source\\PSoC5\\ErikaOS_1_ee_iparam.c"
  34              		.file 7 "Generated_Source\\PSoC5\\ErikaOS_1_ee_oo_intfunc.inc"
  35              		.file 8 "Generated_Source\\PSoC5\\ErikaOS_1_ee_oo_internal.inc"
  36              		.section	.debug_info,"",%progbits
  37              	.Ldebug_info0:
  38 0000 C4040000 		.4byte	0x4c4
  39 0004 0400     		.2byte	0x4
  40 0006 00000000 		.4byte	.Ldebug_abbrev0
  41 000a 04       		.byte	0x4
  42 000b 01       		.uleb128 0x1
  43 000c AD040000 		.4byte	.LASF76
  44 0010 0C       		.byte	0xc
  45 0011 75040000 		.4byte	.LASF77
  46 0015 12030000 		.4byte	.LASF78
  47 0019 00000000 		.4byte	.Ldebug_line0
  48 001d 02       		.uleb128 0x2
  49 001e 01       		.byte	0x1
  50 001f 06       		.byte	0x6
  51 0020 7C020000 		.4byte	.LASF0
  52 0024 02       		.uleb128 0x2
  53 0025 01       		.byte	0x1
  54 0026 08       		.byte	0x8
  55 0027 55020000 		.4byte	.LASF1
  56 002b 02       		.uleb128 0x2
  57 002c 02       		.byte	0x2
ARM GAS  C:\Users\Asus\AppData\Local\Temp\cccpHcAq.s 			page 2


  58 002d 05       		.byte	0x5
  59 002e 6B000000 		.4byte	.LASF2
  60 0032 02       		.uleb128 0x2
  61 0033 02       		.byte	0x2
  62 0034 07       		.byte	0x7
  63 0035 79030000 		.4byte	.LASF3
  64 0039 02       		.uleb128 0x2
  65 003a 04       		.byte	0x4
  66 003b 05       		.byte	0x5
  67 003c C2010000 		.4byte	.LASF4
  68 0040 02       		.uleb128 0x2
  69 0041 04       		.byte	0x4
  70 0042 07       		.byte	0x7
  71 0043 F0030000 		.4byte	.LASF5
  72 0047 02       		.uleb128 0x2
  73 0048 08       		.byte	0x8
  74 0049 05       		.byte	0x5
  75 004a 72010000 		.4byte	.LASF6
  76 004e 02       		.uleb128 0x2
  77 004f 08       		.byte	0x8
  78 0050 07       		.byte	0x7
  79 0051 88020000 		.4byte	.LASF7
  80 0055 03       		.uleb128 0x3
  81 0056 04       		.byte	0x4
  82 0057 05       		.byte	0x5
  83 0058 696E7400 		.ascii	"int\000"
  84 005c 02       		.uleb128 0x2
  85 005d 04       		.byte	0x4
  86 005e 07       		.byte	0x7
  87 005f AB020000 		.4byte	.LASF8
  88 0063 02       		.uleb128 0x2
  89 0064 08       		.byte	0x8
  90 0065 04       		.byte	0x4
  91 0066 3A020000 		.4byte	.LASF9
  92 006a 04       		.uleb128 0x4
  93 006b 80010000 		.4byte	.LASF10
  94 006f 01       		.byte	0x1
  95 0070 3F       		.byte	0x3f
  96 0071 1D000000 		.4byte	0x1d
  97 0075 04       		.uleb128 0x4
  98 0076 BB030000 		.4byte	.LASF11
  99 007a 01       		.byte	0x1
 100 007b 52       		.byte	0x52
 101 007c 32000000 		.4byte	0x32
 102 0080 04       		.uleb128 0x4
 103 0081 FA020000 		.4byte	.LASF12
 104 0085 01       		.byte	0x1
 105 0086 53       		.byte	0x53
 106 0087 55000000 		.4byte	0x55
 107 008b 04       		.uleb128 0x4
 108 008c C7000000 		.4byte	.LASF13
 109 0090 01       		.byte	0x1
 110 0091 54       		.byte	0x54
 111 0092 5C000000 		.4byte	0x5c
 112 0096 04       		.uleb128 0x4
 113 0097 21000000 		.4byte	.LASF14
 114 009b 02       		.byte	0x2
ARM GAS  C:\Users\Asus\AppData\Local\Temp\cccpHcAq.s 			page 3


 115 009c 4D       		.byte	0x4d
 116 009d 8B000000 		.4byte	0x8b
 117 00a1 04       		.uleb128 0x4
 118 00a2 A0000000 		.4byte	.LASF15
 119 00a6 02       		.byte	0x2
 120 00a7 4F       		.byte	0x4f
 121 00a8 8B000000 		.4byte	0x8b
 122 00ac 04       		.uleb128 0x4
 123 00ad 02040000 		.4byte	.LASF16
 124 00b1 02       		.byte	0x2
 125 00b2 54       		.byte	0x54
 126 00b3 96000000 		.4byte	0x96
 127 00b7 04       		.uleb128 0x4
 128 00b8 EE000000 		.4byte	.LASF17
 129 00bc 02       		.byte	0x2
 130 00bd 78       		.byte	0x78
 131 00be 80000000 		.4byte	0x80
 132 00c2 05       		.uleb128 0x5
 133 00c3 A1010000 		.4byte	.LASF18
 134 00c7 03       		.byte	0x3
 135 00c8 1101     		.2byte	0x111
 136 00ca 75000000 		.4byte	0x75
 137 00ce 05       		.uleb128 0x5
 138 00cf 9F020000 		.4byte	.LASF19
 139 00d3 03       		.byte	0x3
 140 00d4 FA01     		.2byte	0x1fa
 141 00d6 DA000000 		.4byte	0xda
 142 00da 06       		.uleb128 0x6
 143 00db 04       		.byte	0x4
 144 00dc B7000000 		.4byte	0xb7
 145 00e0 05       		.uleb128 0x5
 146 00e1 1A040000 		.4byte	.LASF20
 147 00e5 03       		.byte	0x3
 148 00e6 0002     		.2byte	0x200
 149 00e8 EC000000 		.4byte	0xec
 150 00ec 06       		.uleb128 0x6
 151 00ed 04       		.byte	0x4
 152 00ee 96000000 		.4byte	0x96
 153 00f2 05       		.uleb128 0x5
 154 00f3 36000000 		.4byte	.LASF21
 155 00f7 03       		.byte	0x3
 156 00f8 2F02     		.2byte	0x22f
 157 00fa EC000000 		.4byte	0xec
 158 00fe 05       		.uleb128 0x5
 159 00ff 10020000 		.4byte	.LASF22
 160 0103 03       		.byte	0x3
 161 0104 3502     		.2byte	0x235
 162 0106 96000000 		.4byte	0x96
 163 010a 05       		.uleb128 0x5
 164 010b D1000000 		.4byte	.LASF23
 165 010f 03       		.byte	0x3
 166 0110 3802     		.2byte	0x238
 167 0112 16010000 		.4byte	0x116
 168 0116 06       		.uleb128 0x6
 169 0117 04       		.byte	0x4
 170 0118 FE000000 		.4byte	0xfe
 171 011c 07       		.uleb128 0x7
ARM GAS  C:\Users\Asus\AppData\Local\Temp\cccpHcAq.s 			page 4


 172 011d 0C       		.byte	0xc
 173 011e 03       		.byte	0x3
 174 011f 4D02     		.2byte	0x24d
 175 0121 4D010000 		.4byte	0x14d
 176 0125 08       		.uleb128 0x8
 177 0126 CB010000 		.4byte	.LASF24
 178 012a 03       		.byte	0x3
 179 012b 4E02     		.2byte	0x24e
 180 012d FE000000 		.4byte	0xfe
 181 0131 00       		.byte	0
 182 0132 08       		.uleb128 0x8
 183 0133 29000000 		.4byte	.LASF25
 184 0137 03       		.byte	0x3
 185 0138 5002     		.2byte	0x250
 186 013a FE000000 		.4byte	0xfe
 187 013e 04       		.byte	0x4
 188 013f 08       		.uleb128 0x8
 189 0140 F5000000 		.4byte	.LASF26
 190 0144 03       		.byte	0x3
 191 0145 5302     		.2byte	0x253
 192 0147 FE000000 		.4byte	0xfe
 193 014b 08       		.byte	0x8
 194 014c 00       		.byte	0
 195 014d 05       		.uleb128 0x5
 196 014e 05000000 		.4byte	.LASF27
 197 0152 03       		.byte	0x3
 198 0153 5702     		.2byte	0x257
 199 0155 1C010000 		.4byte	0x11c
 200 0159 05       		.uleb128 0x5
 201 015a C4020000 		.4byte	.LASF28
 202 015e 03       		.byte	0x3
 203 015f 5A02     		.2byte	0x25a
 204 0161 65010000 		.4byte	0x165
 205 0165 06       		.uleb128 0x6
 206 0166 04       		.byte	0x4
 207 0167 4D010000 		.4byte	0x14d
 208 016b 05       		.uleb128 0x5
 209 016c 28020000 		.4byte	.LASF29
 210 0170 03       		.byte	0x3
 211 0171 5D02     		.2byte	0x25d
 212 0173 96000000 		.4byte	0x96
 213 0177 05       		.uleb128 0x5
 214 0178 39040000 		.4byte	.LASF30
 215 017c 03       		.byte	0x3
 216 017d 6C02     		.2byte	0x26c
 217 017f 96000000 		.4byte	0x96
 218 0183 07       		.uleb128 0x7
 219 0184 0C       		.byte	0xc
 220 0185 03       		.byte	0x3
 221 0186 7202     		.2byte	0x272
 222 0188 B4010000 		.4byte	0x1b4
 223 018c 08       		.uleb128 0x8
 224 018d CB010000 		.4byte	.LASF24
 225 0191 03       		.byte	0x3
 226 0192 7302     		.2byte	0x273
 227 0194 FE000000 		.4byte	0xfe
 228 0198 00       		.byte	0
ARM GAS  C:\Users\Asus\AppData\Local\Temp\cccpHcAq.s 			page 5


 229 0199 08       		.uleb128 0x8
 230 019a 29000000 		.4byte	.LASF25
 231 019e 03       		.byte	0x3
 232 019f 7402     		.2byte	0x274
 233 01a1 FE000000 		.4byte	0xfe
 234 01a5 04       		.byte	0x4
 235 01a6 08       		.uleb128 0x8
 236 01a7 F5000000 		.4byte	.LASF26
 237 01ab 03       		.byte	0x3
 238 01ac 7502     		.2byte	0x275
 239 01ae FE000000 		.4byte	0xfe
 240 01b2 08       		.byte	0x8
 241 01b3 00       		.byte	0
 242 01b4 05       		.uleb128 0x5
 243 01b5 F9010000 		.4byte	.LASF31
 244 01b9 03       		.byte	0x3
 245 01ba 7A02     		.2byte	0x27a
 246 01bc 83010000 		.4byte	0x183
 247 01c0 07       		.uleb128 0x7
 248 01c1 08       		.byte	0x8
 249 01c2 03       		.byte	0x3
 250 01c3 7D02     		.2byte	0x27d
 251 01c5 E4010000 		.4byte	0x1e4
 252 01c9 08       		.uleb128 0x8
 253 01ca FE000000 		.4byte	.LASF32
 254 01ce 03       		.byte	0x3
 255 01cf 7E02     		.2byte	0x27e
 256 01d1 FE000000 		.4byte	0xfe
 257 01d5 00       		.byte	0
 258 01d6 08       		.uleb128 0x8
 259 01d7 6E050000 		.4byte	.LASF33
 260 01db 03       		.byte	0x3
 261 01dc 7F02     		.2byte	0x27f
 262 01de 6B010000 		.4byte	0x16b
 263 01e2 04       		.byte	0x4
 264 01e3 00       		.byte	0
 265 01e4 05       		.uleb128 0x5
 266 01e5 51010000 		.4byte	.LASF34
 267 01e9 03       		.byte	0x3
 268 01ea 8002     		.2byte	0x280
 269 01ec C0010000 		.4byte	0x1c0
 270 01f0 09       		.uleb128 0x9
 271 01f1 01       		.byte	0x1
 272 01f2 24000000 		.4byte	0x24
 273 01f6 03       		.byte	0x3
 274 01f7 8A02     		.2byte	0x28a
 275 01f9 0A020000 		.4byte	0x20a
 276 01fd 0A       		.uleb128 0xa
 277 01fe 2B040000 		.4byte	.LASF35
 278 0202 00       		.byte	0
 279 0203 0A       		.uleb128 0xa
 280 0204 B1010000 		.4byte	.LASF36
 281 0208 01       		.byte	0x1
 282 0209 00       		.byte	0
 283 020a 05       		.uleb128 0x5
 284 020b 1D010000 		.4byte	.LASF37
 285 020f 03       		.byte	0x3
ARM GAS  C:\Users\Asus\AppData\Local\Temp\cccpHcAq.s 			page 6


 286 0210 8D02     		.2byte	0x28d
 287 0212 F0010000 		.4byte	0x1f0
 288 0216 05       		.uleb128 0x5
 289 0217 B1000000 		.4byte	.LASF38
 290 021b 03       		.byte	0x3
 291 021c 9002     		.2byte	0x290
 292 021e 0A020000 		.4byte	0x20a
 293 0222 07       		.uleb128 0x7
 294 0223 0C       		.byte	0xc
 295 0224 03       		.byte	0x3
 296 0225 9402     		.2byte	0x294
 297 0227 51020000 		.4byte	0x251
 298 022b 0B       		.uleb128 0xb
 299 022c 6300     		.ascii	"c\000"
 300 022e 03       		.byte	0x3
 301 022f 9602     		.2byte	0x296
 302 0231 77010000 		.4byte	0x177
 303 0235 00       		.byte	0
 304 0236 08       		.uleb128 0x8
 305 0237 98000000 		.4byte	.LASF39
 306 023b 03       		.byte	0x3
 307 023c 9802     		.2byte	0x298
 308 023e 6B010000 		.4byte	0x16b
 309 0242 04       		.byte	0x4
 310 0243 08       		.uleb128 0x8
 311 0244 00000000 		.4byte	.LASF40
 312 0248 03       		.byte	0x3
 313 0249 9A02     		.2byte	0x29a
 314 024b 16020000 		.4byte	0x216
 315 024f 08       		.byte	0x8
 316 0250 00       		.byte	0
 317 0251 05       		.uleb128 0x5
 318 0252 8C030000 		.4byte	.LASF41
 319 0256 03       		.byte	0x3
 320 0257 9B02     		.2byte	0x29b
 321 0259 22020000 		.4byte	0x222
 322 025d 07       		.uleb128 0x7
 323 025e 10       		.byte	0x10
 324 025f 03       		.byte	0x3
 325 0260 9F02     		.2byte	0x29f
 326 0262 9B020000 		.4byte	0x29b
 327 0266 08       		.uleb128 0x8
 328 0267 34040000 		.4byte	.LASF42
 329 026b 03       		.byte	0x3
 330 026c A002     		.2byte	0x2a0
 331 026e AC000000 		.4byte	0xac
 332 0272 00       		.byte	0
 333 0273 08       		.uleb128 0x8
 334 0274 3B050000 		.4byte	.LASF43
 335 0278 03       		.byte	0x3
 336 0279 A102     		.2byte	0x2a1
 337 027b FE000000 		.4byte	0xfe
 338 027f 04       		.byte	0x4
 339 0280 08       		.uleb128 0x8
 340 0281 92000000 		.4byte	.LASF44
 341 0285 03       		.byte	0x3
 342 0286 A202     		.2byte	0x2a2
ARM GAS  C:\Users\Asus\AppData\Local\Temp\cccpHcAq.s 			page 7


 343 0288 FE000000 		.4byte	0xfe
 344 028c 08       		.byte	0x8
 345 028d 08       		.uleb128 0x8
 346 028e 5C050000 		.4byte	.LASF45
 347 0292 03       		.byte	0x3
 348 0293 A302     		.2byte	0x2a3
 349 0295 6B010000 		.4byte	0x16b
 350 0299 0C       		.byte	0xc
 351 029a 00       		.byte	0
 352 029b 05       		.uleb128 0x5
 353 029c DB010000 		.4byte	.LASF46
 354 02a0 03       		.byte	0x3
 355 02a1 A402     		.2byte	0x2a4
 356 02a3 5D020000 		.4byte	0x25d
 357 02a7 0C       		.uleb128 0xc
 358 02a8 AA030000 		.4byte	.LASF79
 359 02ac 04       		.byte	0x4
 360 02ad 03       		.byte	0x3
 361 02ae 2806     		.2byte	0x628
 362 02b0 FD020000 		.4byte	0x2fd
 363 02b4 0D       		.uleb128 0xd
 364 02b5 74050000 		.4byte	.LASF47
 365 02b9 03       		.byte	0x3
 366 02ba 2906     		.2byte	0x629
 367 02bc 96000000 		.4byte	0x96
 368 02c0 0D       		.uleb128 0xd
 369 02c1 C5030000 		.4byte	.LASF48
 370 02c5 03       		.byte	0x3
 371 02c6 2A06     		.2byte	0x62a
 372 02c8 CE000000 		.4byte	0xce
 373 02cc 0D       		.uleb128 0xd
 374 02cd 45040000 		.4byte	.LASF49
 375 02d1 03       		.byte	0x3
 376 02d2 2B06     		.2byte	0x62b
 377 02d4 E0000000 		.4byte	0xe0
 378 02d8 0D       		.uleb128 0xd
 379 02d9 03030000 		.4byte	.LASF50
 380 02dd 03       		.byte	0x3
 381 02de 2D06     		.2byte	0x62d
 382 02e0 59010000 		.4byte	0x159
 383 02e4 0D       		.uleb128 0xd
 384 02e5 A8000000 		.4byte	.LASF51
 385 02e9 03       		.byte	0x3
 386 02ea 2E06     		.2byte	0x62e
 387 02ec 0A010000 		.4byte	0x10a
 388 02f0 0D       		.uleb128 0xd
 389 02f1 68010000 		.4byte	.LASF52
 390 02f5 03       		.byte	0x3
 391 02f6 3106     		.2byte	0x631
 392 02f8 F2000000 		.4byte	0xf2
 393 02fc 00       		.byte	0
 394 02fd 05       		.uleb128 0x5
 395 02fe B8020000 		.4byte	.LASF53
 396 0302 03       		.byte	0x3
 397 0303 4606     		.2byte	0x646
 398 0305 A7020000 		.4byte	0x2a7
 399 0309 0E       		.uleb128 0xe
ARM GAS  C:\Users\Asus\AppData\Local\Temp\cccpHcAq.s 			page 8


 400 030a 3C010000 		.4byte	.LASF54
 401 030e 04       		.byte	0x4
 402 030f 44       		.byte	0x44
 403 0310 96000000 		.4byte	0x96
 404 0314 0E       		.uleb128 0xe
 405 0315 E1020000 		.4byte	.LASF55
 406 0319 05       		.byte	0x5
 407 031a 48       		.byte	0x48
 408 031b B7000000 		.4byte	0xb7
 409 031f 0F       		.uleb128 0xf
 410 0320 36030000 		.4byte	0x336
 411 0324 2F030000 		.4byte	0x32f
 412 0328 10       		.uleb128 0x10
 413 0329 2F030000 		.4byte	0x32f
 414 032d 04       		.byte	0x4
 415 032e 00       		.byte	0
 416 032f 02       		.uleb128 0x2
 417 0330 04       		.byte	0x4
 418 0331 07       		.byte	0x7
 419 0332 89000000 		.4byte	.LASF56
 420 0336 11       		.uleb128 0x11
 421 0337 96000000 		.4byte	0x96
 422 033b 0E       		.uleb128 0xe
 423 033c DD000000 		.4byte	.LASF57
 424 0340 03       		.byte	0x3
 425 0341 B2       		.byte	0xb2
 426 0342 46030000 		.4byte	0x346
 427 0346 11       		.uleb128 0x11
 428 0347 1F030000 		.4byte	0x31f
 429 034b 0E       		.uleb128 0xe
 430 034c 61040000 		.4byte	.LASF58
 431 0350 03       		.byte	0x3
 432 0351 B3       		.byte	0xb3
 433 0352 56030000 		.4byte	0x356
 434 0356 11       		.uleb128 0x11
 435 0357 1F030000 		.4byte	0x31f
 436 035b 0F       		.uleb128 0xf
 437 035c 96000000 		.4byte	0x96
 438 0360 6B030000 		.4byte	0x36b
 439 0364 10       		.uleb128 0x10
 440 0365 2F030000 		.4byte	0x32f
 441 0369 04       		.byte	0x4
 442 036a 00       		.byte	0
 443 036b 0E       		.uleb128 0xe
 444 036c 54040000 		.4byte	.LASF59
 445 0370 03       		.byte	0x3
 446 0371 CA       		.byte	0xca
 447 0372 5B030000 		.4byte	0x35b
 448 0376 0F       		.uleb128 0xf
 449 0377 B7000000 		.4byte	0xb7
 450 037b 86030000 		.4byte	0x386
 451 037f 10       		.uleb128 0x10
 452 0380 2F030000 		.4byte	0x32f
 453 0384 04       		.byte	0x4
 454 0385 00       		.byte	0
 455 0386 0E       		.uleb128 0xe
 456 0387 A2040000 		.4byte	.LASF60
ARM GAS  C:\Users\Asus\AppData\Local\Temp\cccpHcAq.s 			page 9


 457 038b 03       		.byte	0x3
 458 038c D2       		.byte	0xd2
 459 038d 76030000 		.4byte	0x376
 460 0391 0E       		.uleb128 0xe
 461 0392 D5020000 		.4byte	.LASF61
 462 0396 03       		.byte	0x3
 463 0397 DA       		.byte	0xda
 464 0398 5B030000 		.4byte	0x35b
 465 039c 0E       		.uleb128 0xe
 466 039d 0E040000 		.4byte	.LASF62
 467 03a1 03       		.byte	0x3
 468 03a2 E2       		.byte	0xe2
 469 03a3 B7000000 		.4byte	0xb7
 470 03a7 0E       		.uleb128 0xe
 471 03a8 19020000 		.4byte	.LASF63
 472 03ac 03       		.byte	0x3
 473 03ad F7       		.byte	0xf7
 474 03ae 96000000 		.4byte	0x96
 475 03b2 12       		.uleb128 0x12
 476 03b3 13000000 		.4byte	.LASF64
 477 03b7 03       		.byte	0x3
 478 03b8 3F01     		.2byte	0x13f
 479 03ba C2000000 		.4byte	0xc2
 480 03be 12       		.uleb128 0x12
 481 03bf 47000000 		.4byte	.LASF65
 482 03c3 03       		.byte	0x3
 483 03c4 5C01     		.2byte	0x15c
 484 03c6 5B030000 		.4byte	0x35b
 485 03ca 0F       		.uleb128 0xf
 486 03cb AC000000 		.4byte	0xac
 487 03cf DA030000 		.4byte	0x3da
 488 03d3 10       		.uleb128 0x10
 489 03d4 2F030000 		.4byte	0x32f
 490 03d8 04       		.byte	0x4
 491 03d9 00       		.byte	0
 492 03da 12       		.uleb128 0x12
 493 03db 5A000000 		.4byte	.LASF66
 494 03df 03       		.byte	0x3
 495 03e0 6701     		.2byte	0x167
 496 03e2 CA030000 		.4byte	0x3ca
 497 03e6 0F       		.uleb128 0xf
 498 03e7 F6030000 		.4byte	0x3f6
 499 03eb F6030000 		.4byte	0x3f6
 500 03ef 10       		.uleb128 0x10
 501 03f0 2F030000 		.4byte	0x32f
 502 03f4 00       		.byte	0
 503 03f5 00       		.byte	0
 504 03f6 11       		.uleb128 0x11
 505 03f7 B4010000 		.4byte	0x1b4
 506 03fb 12       		.uleb128 0x12
 507 03fc 46020000 		.4byte	.LASF67
 508 0400 03       		.byte	0x3
 509 0401 CA02     		.2byte	0x2ca
 510 0403 07040000 		.4byte	0x407
 511 0407 11       		.uleb128 0x11
 512 0408 E6030000 		.4byte	0x3e6
 513 040c 0F       		.uleb128 0xf
ARM GAS  C:\Users\Asus\AppData\Local\Temp\cccpHcAq.s 			page 10


 514 040d 1C040000 		.4byte	0x41c
 515 0411 1C040000 		.4byte	0x41c
 516 0415 10       		.uleb128 0x10
 517 0416 2F030000 		.4byte	0x32f
 518 041a 00       		.byte	0
 519 041b 00       		.byte	0
 520 041c 11       		.uleb128 0x11
 521 041d 51020000 		.4byte	0x251
 522 0421 12       		.uleb128 0x12
 523 0422 04010000 		.4byte	.LASF68
 524 0426 03       		.byte	0x3
 525 0427 DD02     		.2byte	0x2dd
 526 0429 2D040000 		.4byte	0x42d
 527 042d 11       		.uleb128 0x11
 528 042e 0C040000 		.4byte	0x40c
 529 0432 0F       		.uleb128 0xf
 530 0433 E4010000 		.4byte	0x1e4
 531 0437 42040000 		.4byte	0x442
 532 043b 10       		.uleb128 0x10
 533 043c 2F030000 		.4byte	0x32f
 534 0440 00       		.byte	0
 535 0441 00       		.byte	0
 536 0442 12       		.uleb128 0x12
 537 0443 CE030000 		.4byte	.LASF69
 538 0447 03       		.byte	0x3
 539 0448 FB02     		.2byte	0x2fb
 540 044a 32040000 		.4byte	0x432
 541 044e 0F       		.uleb128 0xf
 542 044f 9B020000 		.4byte	0x29b
 543 0453 5E040000 		.4byte	0x45e
 544 0457 10       		.uleb128 0x10
 545 0458 2F030000 		.4byte	0x32f
 546 045c 00       		.byte	0
 547 045d 00       		.byte	0
 548 045e 12       		.uleb128 0x12
 549 045f 63020000 		.4byte	.LASF70
 550 0463 03       		.byte	0x3
 551 0464 0403     		.2byte	0x304
 552 0466 4E040000 		.4byte	0x44e
 553 046a 13       		.uleb128 0x13
 554 046b 75000000 		.4byte	.LASF71
 555 046f 06       		.byte	0x6
 556 0470 39       		.byte	0x39
 557 0471 7B040000 		.4byte	0x47b
 558 0475 05       		.uleb128 0x5
 559 0476 03       		.byte	0x3
 560 0477 00000000 		.4byte	EE_os_invalid_param
 561 047b 11       		.uleb128 0x11
 562 047c FD020000 		.4byte	0x2fd
 563 0480 0E       		.uleb128 0xe
 564 0481 44050000 		.4byte	.LASF72
 565 0485 07       		.byte	0x7
 566 0486 40       		.byte	0x40
 567 0487 96000000 		.4byte	0x96
 568 048b 0E       		.uleb128 0xe
 569 048c 88010000 		.4byte	.LASF73
 570 0490 07       		.byte	0x7
ARM GAS  C:\Users\Asus\AppData\Local\Temp\cccpHcAq.s 			page 11


 571 0491 47       		.byte	0x47
 572 0492 A1000000 		.4byte	0xa1
 573 0496 0E       		.uleb128 0xe
 574 0497 DD030000 		.4byte	.LASF74
 575 049b 07       		.byte	0x7
 576 049c 4A       		.byte	0x4a
 577 049d 96000000 		.4byte	0x96
 578 04a1 0F       		.uleb128 0xf
 579 04a2 B1040000 		.4byte	0x4b1
 580 04a6 B1040000 		.4byte	0x4b1
 581 04aa 10       		.uleb128 0x10
 582 04ab 2F030000 		.4byte	0x32f
 583 04af FF       		.byte	0xff
 584 04b0 00       		.byte	0
 585 04b1 11       		.uleb128 0x11
 586 04b2 6A000000 		.4byte	0x6a
 587 04b6 12       		.uleb128 0x12
 588 04b7 61050000 		.4byte	.LASF75
 589 04bb 08       		.byte	0x8
 590 04bc AB01     		.2byte	0x1ab
 591 04be C2040000 		.4byte	0x4c2
 592 04c2 11       		.uleb128 0x11
 593 04c3 A1040000 		.4byte	0x4a1
 594 04c7 00       		.byte	0
 595              		.section	.debug_abbrev,"",%progbits
 596              	.Ldebug_abbrev0:
 597 0000 01       		.uleb128 0x1
 598 0001 11       		.uleb128 0x11
 599 0002 01       		.byte	0x1
 600 0003 25       		.uleb128 0x25
 601 0004 0E       		.uleb128 0xe
 602 0005 13       		.uleb128 0x13
 603 0006 0B       		.uleb128 0xb
 604 0007 03       		.uleb128 0x3
 605 0008 0E       		.uleb128 0xe
 606 0009 1B       		.uleb128 0x1b
 607 000a 0E       		.uleb128 0xe
 608 000b 10       		.uleb128 0x10
 609 000c 17       		.uleb128 0x17
 610 000d 00       		.byte	0
 611 000e 00       		.byte	0
 612 000f 02       		.uleb128 0x2
 613 0010 24       		.uleb128 0x24
 614 0011 00       		.byte	0
 615 0012 0B       		.uleb128 0xb
 616 0013 0B       		.uleb128 0xb
 617 0014 3E       		.uleb128 0x3e
 618 0015 0B       		.uleb128 0xb
 619 0016 03       		.uleb128 0x3
 620 0017 0E       		.uleb128 0xe
 621 0018 00       		.byte	0
 622 0019 00       		.byte	0
 623 001a 03       		.uleb128 0x3
 624 001b 24       		.uleb128 0x24
 625 001c 00       		.byte	0
 626 001d 0B       		.uleb128 0xb
 627 001e 0B       		.uleb128 0xb
ARM GAS  C:\Users\Asus\AppData\Local\Temp\cccpHcAq.s 			page 12


 628 001f 3E       		.uleb128 0x3e
 629 0020 0B       		.uleb128 0xb
 630 0021 03       		.uleb128 0x3
 631 0022 08       		.uleb128 0x8
 632 0023 00       		.byte	0
 633 0024 00       		.byte	0
 634 0025 04       		.uleb128 0x4
 635 0026 16       		.uleb128 0x16
 636 0027 00       		.byte	0
 637 0028 03       		.uleb128 0x3
 638 0029 0E       		.uleb128 0xe
 639 002a 3A       		.uleb128 0x3a
 640 002b 0B       		.uleb128 0xb
 641 002c 3B       		.uleb128 0x3b
 642 002d 0B       		.uleb128 0xb
 643 002e 49       		.uleb128 0x49
 644 002f 13       		.uleb128 0x13
 645 0030 00       		.byte	0
 646 0031 00       		.byte	0
 647 0032 05       		.uleb128 0x5
 648 0033 16       		.uleb128 0x16
 649 0034 00       		.byte	0
 650 0035 03       		.uleb128 0x3
 651 0036 0E       		.uleb128 0xe
 652 0037 3A       		.uleb128 0x3a
 653 0038 0B       		.uleb128 0xb
 654 0039 3B       		.uleb128 0x3b
 655 003a 05       		.uleb128 0x5
 656 003b 49       		.uleb128 0x49
 657 003c 13       		.uleb128 0x13
 658 003d 00       		.byte	0
 659 003e 00       		.byte	0
 660 003f 06       		.uleb128 0x6
 661 0040 0F       		.uleb128 0xf
 662 0041 00       		.byte	0
 663 0042 0B       		.uleb128 0xb
 664 0043 0B       		.uleb128 0xb
 665 0044 49       		.uleb128 0x49
 666 0045 13       		.uleb128 0x13
 667 0046 00       		.byte	0
 668 0047 00       		.byte	0
 669 0048 07       		.uleb128 0x7
 670 0049 13       		.uleb128 0x13
 671 004a 01       		.byte	0x1
 672 004b 0B       		.uleb128 0xb
 673 004c 0B       		.uleb128 0xb
 674 004d 3A       		.uleb128 0x3a
 675 004e 0B       		.uleb128 0xb
 676 004f 3B       		.uleb128 0x3b
 677 0050 05       		.uleb128 0x5
 678 0051 01       		.uleb128 0x1
 679 0052 13       		.uleb128 0x13
 680 0053 00       		.byte	0
 681 0054 00       		.byte	0
 682 0055 08       		.uleb128 0x8
 683 0056 0D       		.uleb128 0xd
 684 0057 00       		.byte	0
ARM GAS  C:\Users\Asus\AppData\Local\Temp\cccpHcAq.s 			page 13


 685 0058 03       		.uleb128 0x3
 686 0059 0E       		.uleb128 0xe
 687 005a 3A       		.uleb128 0x3a
 688 005b 0B       		.uleb128 0xb
 689 005c 3B       		.uleb128 0x3b
 690 005d 05       		.uleb128 0x5
 691 005e 49       		.uleb128 0x49
 692 005f 13       		.uleb128 0x13
 693 0060 38       		.uleb128 0x38
 694 0061 0B       		.uleb128 0xb
 695 0062 00       		.byte	0
 696 0063 00       		.byte	0
 697 0064 09       		.uleb128 0x9
 698 0065 04       		.uleb128 0x4
 699 0066 01       		.byte	0x1
 700 0067 0B       		.uleb128 0xb
 701 0068 0B       		.uleb128 0xb
 702 0069 49       		.uleb128 0x49
 703 006a 13       		.uleb128 0x13
 704 006b 3A       		.uleb128 0x3a
 705 006c 0B       		.uleb128 0xb
 706 006d 3B       		.uleb128 0x3b
 707 006e 05       		.uleb128 0x5
 708 006f 01       		.uleb128 0x1
 709 0070 13       		.uleb128 0x13
 710 0071 00       		.byte	0
 711 0072 00       		.byte	0
 712 0073 0A       		.uleb128 0xa
 713 0074 28       		.uleb128 0x28
 714 0075 00       		.byte	0
 715 0076 03       		.uleb128 0x3
 716 0077 0E       		.uleb128 0xe
 717 0078 1C       		.uleb128 0x1c
 718 0079 0B       		.uleb128 0xb
 719 007a 00       		.byte	0
 720 007b 00       		.byte	0
 721 007c 0B       		.uleb128 0xb
 722 007d 0D       		.uleb128 0xd
 723 007e 00       		.byte	0
 724 007f 03       		.uleb128 0x3
 725 0080 08       		.uleb128 0x8
 726 0081 3A       		.uleb128 0x3a
 727 0082 0B       		.uleb128 0xb
 728 0083 3B       		.uleb128 0x3b
 729 0084 05       		.uleb128 0x5
 730 0085 49       		.uleb128 0x49
 731 0086 13       		.uleb128 0x13
 732 0087 38       		.uleb128 0x38
 733 0088 0B       		.uleb128 0xb
 734 0089 00       		.byte	0
 735 008a 00       		.byte	0
 736 008b 0C       		.uleb128 0xc
 737 008c 17       		.uleb128 0x17
 738 008d 01       		.byte	0x1
 739 008e 03       		.uleb128 0x3
 740 008f 0E       		.uleb128 0xe
 741 0090 0B       		.uleb128 0xb
ARM GAS  C:\Users\Asus\AppData\Local\Temp\cccpHcAq.s 			page 14


 742 0091 0B       		.uleb128 0xb
 743 0092 3A       		.uleb128 0x3a
 744 0093 0B       		.uleb128 0xb
 745 0094 3B       		.uleb128 0x3b
 746 0095 05       		.uleb128 0x5
 747 0096 01       		.uleb128 0x1
 748 0097 13       		.uleb128 0x13
 749 0098 00       		.byte	0
 750 0099 00       		.byte	0
 751 009a 0D       		.uleb128 0xd
 752 009b 0D       		.uleb128 0xd
 753 009c 00       		.byte	0
 754 009d 03       		.uleb128 0x3
 755 009e 0E       		.uleb128 0xe
 756 009f 3A       		.uleb128 0x3a
 757 00a0 0B       		.uleb128 0xb
 758 00a1 3B       		.uleb128 0x3b
 759 00a2 05       		.uleb128 0x5
 760 00a3 49       		.uleb128 0x49
 761 00a4 13       		.uleb128 0x13
 762 00a5 00       		.byte	0
 763 00a6 00       		.byte	0
 764 00a7 0E       		.uleb128 0xe
 765 00a8 34       		.uleb128 0x34
 766 00a9 00       		.byte	0
 767 00aa 03       		.uleb128 0x3
 768 00ab 0E       		.uleb128 0xe
 769 00ac 3A       		.uleb128 0x3a
 770 00ad 0B       		.uleb128 0xb
 771 00ae 3B       		.uleb128 0x3b
 772 00af 0B       		.uleb128 0xb
 773 00b0 49       		.uleb128 0x49
 774 00b1 13       		.uleb128 0x13
 775 00b2 3F       		.uleb128 0x3f
 776 00b3 19       		.uleb128 0x19
 777 00b4 3C       		.uleb128 0x3c
 778 00b5 19       		.uleb128 0x19
 779 00b6 00       		.byte	0
 780 00b7 00       		.byte	0
 781 00b8 0F       		.uleb128 0xf
 782 00b9 01       		.uleb128 0x1
 783 00ba 01       		.byte	0x1
 784 00bb 49       		.uleb128 0x49
 785 00bc 13       		.uleb128 0x13
 786 00bd 01       		.uleb128 0x1
 787 00be 13       		.uleb128 0x13
 788 00bf 00       		.byte	0
 789 00c0 00       		.byte	0
 790 00c1 10       		.uleb128 0x10
 791 00c2 21       		.uleb128 0x21
 792 00c3 00       		.byte	0
 793 00c4 49       		.uleb128 0x49
 794 00c5 13       		.uleb128 0x13
 795 00c6 2F       		.uleb128 0x2f
 796 00c7 0B       		.uleb128 0xb
 797 00c8 00       		.byte	0
 798 00c9 00       		.byte	0
ARM GAS  C:\Users\Asus\AppData\Local\Temp\cccpHcAq.s 			page 15


 799 00ca 11       		.uleb128 0x11
 800 00cb 26       		.uleb128 0x26
 801 00cc 00       		.byte	0
 802 00cd 49       		.uleb128 0x49
 803 00ce 13       		.uleb128 0x13
 804 00cf 00       		.byte	0
 805 00d0 00       		.byte	0
 806 00d1 12       		.uleb128 0x12
 807 00d2 34       		.uleb128 0x34
 808 00d3 00       		.byte	0
 809 00d4 03       		.uleb128 0x3
 810 00d5 0E       		.uleb128 0xe
 811 00d6 3A       		.uleb128 0x3a
 812 00d7 0B       		.uleb128 0xb
 813 00d8 3B       		.uleb128 0x3b
 814 00d9 05       		.uleb128 0x5
 815 00da 49       		.uleb128 0x49
 816 00db 13       		.uleb128 0x13
 817 00dc 3F       		.uleb128 0x3f
 818 00dd 19       		.uleb128 0x19
 819 00de 3C       		.uleb128 0x3c
 820 00df 19       		.uleb128 0x19
 821 00e0 00       		.byte	0
 822 00e1 00       		.byte	0
 823 00e2 13       		.uleb128 0x13
 824 00e3 34       		.uleb128 0x34
 825 00e4 00       		.byte	0
 826 00e5 03       		.uleb128 0x3
 827 00e6 0E       		.uleb128 0xe
 828 00e7 3A       		.uleb128 0x3a
 829 00e8 0B       		.uleb128 0xb
 830 00e9 3B       		.uleb128 0x3b
 831 00ea 0B       		.uleb128 0xb
 832 00eb 49       		.uleb128 0x49
 833 00ec 13       		.uleb128 0x13
 834 00ed 3F       		.uleb128 0x3f
 835 00ee 19       		.uleb128 0x19
 836 00ef 02       		.uleb128 0x2
 837 00f0 18       		.uleb128 0x18
 838 00f1 00       		.byte	0
 839 00f2 00       		.byte	0
 840 00f3 00       		.byte	0
 841              		.section	.debug_aranges,"",%progbits
 842 0000 14000000 		.4byte	0x14
 843 0004 0200     		.2byte	0x2
 844 0006 00000000 		.4byte	.Ldebug_info0
 845 000a 04       		.byte	0x4
 846 000b 00       		.byte	0
 847 000c 0000     		.2byte	0
 848 000e 0000     		.2byte	0
 849 0010 00000000 		.4byte	0
 850 0014 00000000 		.4byte	0
 851              		.section	.debug_line,"",%progbits
 852              	.Ldebug_line0:
 853 0000 35010000 		.section	.debug_str,"MS",%progbits,1
 853      02002F01 
 853      00000201 
ARM GAS  C:\Users\Asus\AppData\Local\Temp\cccpHcAq.s 			page 16


 853      FB0E0D00 
 853      01010101 
 854              	.LASF40:
 855 0000 6B696E64 		.ascii	"kind\000"
 855      00
 856              	.LASF27:
 857 0005 416C6172 		.ascii	"AlarmBaseType\000"
 857      6D426173 
 857      65547970 
 857      6500
 858              	.LASF64:
 859 0013 45455F72 		.ascii	"EE_rq_bitmask\000"
 859      715F6269 
 859      746D6173 
 859      6B00
 860              	.LASF14:
 861 0021 45455F55 		.ascii	"EE_UREG\000"
 861      52454700 
 862              	.LASF25:
 863 0029 7469636B 		.ascii	"ticksperbase\000"
 863      73706572 
 863      62617365 
 863      00
 864              	.LASF21:
 865 0036 4576656E 		.ascii	"EventMaskRefType\000"
 865      744D6173 
 865      6B526566 
 865      54797065 
 865      00
 866              	.LASF65:
 867 0047 45455F74 		.ascii	"EE_th_event_active\000"
 867      685F6576 
 867      656E745F 
 867      61637469 
 867      766500
 868              	.LASF66:
 869 005a 45455F74 		.ascii	"EE_th_waswaiting\000"
 869      685F7761 
 869      73776169 
 869      74696E67 
 869      00
 870              	.LASF2:
 871 006b 73686F72 		.ascii	"short int\000"
 871      7420696E 
 871      7400
 872              	.LASF71:
 873 0075 45455F6F 		.ascii	"EE_os_invalid_param\000"
 873      735F696E 
 873      76616C69 
 873      645F7061 
 873      72616D00 
 874              	.LASF56:
 875 0089 73697A65 		.ascii	"sizetype\000"
 875      74797065 
 875      00
 876              	.LASF44:
 877 0092 64656C74 		.ascii	"delta\000"
ARM GAS  C:\Users\Asus\AppData\Local\Temp\cccpHcAq.s 			page 17


 877      6100
 878              	.LASF39:
 879 0098 73706563 		.ascii	"spec_id\000"
 879      5F696400 
 880              	.LASF15:
 881 00a0 45455F46 		.ascii	"EE_FREG\000"
 881      52454700 
 882              	.LASF51:
 883 00a8 7469636B 		.ascii	"tick_ref\000"
 883      5F726566 
 883      00
 884              	.LASF38:
 885 00b1 436F756E 		.ascii	"CounterObjectKindType\000"
 885      7465724F 
 885      626A6563 
 885      744B696E 
 885      64547970 
 886              	.LASF13:
 887 00c7 45455F55 		.ascii	"EE_UINT32\000"
 887      494E5433 
 887      3200
 888              	.LASF23:
 889 00d1 5469636B 		.ascii	"TickRefType\000"
 889      52656654 
 889      79706500 
 890              	.LASF57:
 891 00dd 45455F74 		.ascii	"EE_th_ready_prio\000"
 891      685F7265 
 891      6164795F 
 891      7072696F 
 891      00
 892              	.LASF17:
 893 00ee 45455F54 		.ascii	"EE_TID\000"
 893      494400
 894              	.LASF26:
 895 00f5 6D696E63 		.ascii	"mincycle\000"
 895      79636C65 
 895      00
 896              	.LASF32:
 897 00fe 76616C75 		.ascii	"value\000"
 897      6500
 898              	.LASF68:
 899 0104 45455F6F 		.ascii	"EE_oo_counter_object_ROM\000"
 899      6F5F636F 
 899      756E7465 
 899      725F6F62 
 899      6A656374 
 900              	.LASF37:
 901 011d 45455F6F 		.ascii	"EE_oo_counter_object_kind_type\000"
 901      6F5F636F 
 901      756E7465 
 901      725F6F62 
 901      6A656374 
 902              	.LASF54:
 903 013c 45455F49 		.ascii	"EE_IRQ_nesting_level\000"
 903      52515F6E 
 903      65737469 
ARM GAS  C:\Users\Asus\AppData\Local\Temp\cccpHcAq.s 			page 18


 903      6E675F6C 
 903      6576656C 
 904              	.LASF34:
 905 0151 45455F6F 		.ascii	"EE_oo_counter_RAM_type\000"
 905      6F5F636F 
 905      756E7465 
 905      725F5241 
 905      4D5F7479 
 906              	.LASF52:
 907 0168 6576656E 		.ascii	"event_ref\000"
 907      745F7265 
 907      6600
 908              	.LASF6:
 909 0172 6C6F6E67 		.ascii	"long long int\000"
 909      206C6F6E 
 909      6720696E 
 909      7400
 910              	.LASF10:
 911 0180 45455F49 		.ascii	"EE_INT8\000"
 911      4E543800 
 912              	.LASF73:
 913 0188 45455F6F 		.ascii	"EE_oo_IRQ_suspend_status\000"
 913      6F5F4952 
 913      515F7375 
 913      7370656E 
 913      645F7374 
 914              	.LASF18:
 915 01a1 45455F54 		.ascii	"EE_TYPE_RQ_MASK\000"
 915      5950455F 
 915      52515F4D 
 915      41534B00 
 916              	.LASF36:
 917 01b1 45455F53 		.ascii	"EE_SCHEDULETABLE\000"
 917      43484544 
 917      554C4554 
 917      41424C45 
 917      00
 918              	.LASF4:
 919 01c2 6C6F6E67 		.ascii	"long int\000"
 919      20696E74 
 919      00
 920              	.LASF24:
 921 01cb 6D617861 		.ascii	"maxallowedvalue\000"
 921      6C6C6F77 
 921      65647661 
 921      6C756500 
 922              	.LASF46:
 923 01db 45455F6F 		.ascii	"EE_oo_counter_object_RAM_type\000"
 923      6F5F636F 
 923      756E7465 
 923      725F6F62 
 923      6A656374 
 924              	.LASF31:
 925 01f9 45455F6F 		.ascii	"EE_oo_counter_ROM_type\000"
 925      6F5F636F 
 925      756E7465 
 925      725F524F 
ARM GAS  C:\Users\Asus\AppData\Local\Temp\cccpHcAq.s 			page 19


 925      4D5F7479 
 926              	.LASF22:
 927 0210 5469636B 		.ascii	"TickType\000"
 927      54797065 
 927      00
 928              	.LASF63:
 929 0219 45455F73 		.ascii	"EE_sys_ceiling\000"
 929      79735F63 
 929      65696C69 
 929      6E6700
 930              	.LASF29:
 931 0228 436F756E 		.ascii	"CounterObjectType\000"
 931      7465724F 
 931      626A6563 
 931      74547970 
 931      6500
 932              	.LASF9:
 933 023a 6C6F6E67 		.ascii	"long double\000"
 933      20646F75 
 933      626C6500 
 934              	.LASF67:
 935 0246 45455F63 		.ascii	"EE_counter_ROM\000"
 935      6F756E74 
 935      65725F52 
 935      4F4D00
 936              	.LASF1:
 937 0255 756E7369 		.ascii	"unsigned char\000"
 937      676E6564 
 937      20636861 
 937      7200
 938              	.LASF70:
 939 0263 45455F6F 		.ascii	"EE_oo_counter_object_RAM\000"
 939      6F5F636F 
 939      756E7465 
 939      725F6F62 
 939      6A656374 
 940              	.LASF0:
 941 027c 7369676E 		.ascii	"signed char\000"
 941      65642063 
 941      68617200 
 942              	.LASF7:
 943 0288 6C6F6E67 		.ascii	"long long unsigned int\000"
 943      206C6F6E 
 943      6720756E 
 943      7369676E 
 943      65642069 
 944              	.LASF19:
 945 029f 5461736B 		.ascii	"TaskRefType\000"
 945      52656654 
 945      79706500 
 946              	.LASF8:
 947 02ab 756E7369 		.ascii	"unsigned int\000"
 947      676E6564 
 947      20696E74 
 947      00
 948              	.LASF53:
 949 02b8 45455F6F 		.ascii	"EE_os_param\000"
ARM GAS  C:\Users\Asus\AppData\Local\Temp\cccpHcAq.s 			page 20


 949      735F7061 
 949      72616D00 
 950              	.LASF28:
 951 02c4 416C6172 		.ascii	"AlarmBaseRefType\000"
 951      6D426173 
 951      65526566 
 951      54797065 
 951      00
 952              	.LASF61:
 953 02d5 45455F74 		.ascii	"EE_th_rnact\000"
 953      685F726E 
 953      61637400 
 954              	.LASF55:
 955 02e1 45455F73 		.ascii	"EE_std_endcycle_next_tid\000"
 955      74645F65 
 955      6E646379 
 955      636C655F 
 955      6E657874 
 956              	.LASF12:
 957 02fa 45455F49 		.ascii	"EE_INT32\000"
 957      4E543332 
 957      00
 958              	.LASF50:
 959 0303 616C6172 		.ascii	"alarm_base_ref\000"
 959      6D5F6261 
 959      73655F72 
 959      656600
 960              	.LASF78:
 961 0312 433A5C55 		.ascii	"C:\\Users\\Asus\\Desktop\\HDA\\Semester_2\\EAA\\Lab"
 961      73657273 
 961      5C417375 
 961      735C4465 
 961      736B746F 
 962 033e 5C4C6162 		.ascii	"\\Lab01\\Electronic_Gaspedal\\Electronic_Gaspedal\\"
 962      30315C45 
 962      6C656374 
 962      726F6E69 
 962      635F4761 
 963 036d 4C616230 		.ascii	"Lab01.cydsn\000"
 963      312E6379 
 963      64736E00 
 964              	.LASF3:
 965 0379 73686F72 		.ascii	"short unsigned int\000"
 965      7420756E 
 965      7369676E 
 965      65642069 
 965      6E7400
 966              	.LASF41:
 967 038c 45455F6F 		.ascii	"EE_oo_counter_object_ROM_type\000"
 967      6F5F636F 
 967      756E7465 
 967      725F6F62 
 967      6A656374 
 968              	.LASF79:
 969 03aa 45455F6F 		.ascii	"EE_os_param_type\000"
 969      735F7061 
 969      72616D5F 
ARM GAS  C:\Users\Asus\AppData\Local\Temp\cccpHcAq.s 			page 21


 969      74797065 
 969      00
 970              	.LASF11:
 971 03bb 45455F55 		.ascii	"EE_UINT16\000"
 971      494E5431 
 971      3600
 972              	.LASF48:
 973 03c5 7461736B 		.ascii	"task_ref\000"
 973      5F726566 
 973      00
 974              	.LASF69:
 975 03ce 45455F63 		.ascii	"EE_counter_RAM\000"
 975      6F756E74 
 975      65725F52 
 975      414D00
 976              	.LASF74:
 977 03dd 45455F41 		.ascii	"EE_ApplicationMode\000"
 977      70706C69 
 977      63617469 
 977      6F6E4D6F 
 977      646500
 978              	.LASF5:
 979 03f0 6C6F6E67 		.ascii	"long unsigned int\000"
 979      20756E73 
 979      69676E65 
 979      6420696E 
 979      7400
 980              	.LASF16:
 981 0402 45455F54 		.ascii	"EE_TYPEBOOL\000"
 981      59504542 
 981      4F4F4C00 
 982              	.LASF62:
 983 040e 45455F73 		.ascii	"EE_stkfirst\000"
 983      746B6669 
 983      72737400 
 984              	.LASF20:
 985 041a 5461736B 		.ascii	"TaskStateRefType\000"
 985      53746174 
 985      65526566 
 985      54797065 
 985      00
 986              	.LASF35:
 987 042b 45455F41 		.ascii	"EE_ALARM\000"
 987      4C41524D 
 987      00
 988              	.LASF42:
 989 0434 75736564 		.ascii	"used\000"
 989      00
 990              	.LASF30:
 991 0439 436F756E 		.ascii	"CounterType\000"
 991      74657254 
 991      79706500 
 992              	.LASF49:
 993 0445 7461736B 		.ascii	"task_state_ref\000"
 993      5F737461 
 993      74655F72 
 993      656600
ARM GAS  C:\Users\Asus\AppData\Local\Temp\cccpHcAq.s 			page 22


 994              	.LASF59:
 995 0454 45455F74 		.ascii	"EE_th_status\000"
 995      685F7374 
 995      61747573 
 995      00
 996              	.LASF58:
 997 0461 45455F74 		.ascii	"EE_th_dispatch_prio\000"
 997      685F6469 
 997      73706174 
 997      63685F70 
 997      72696F00 
 998              	.LASF77:
 999 0475 47656E65 		.ascii	"Generated_Source\\PSoC5\\ErikaOS_1_ee_iparam.c\000"
 999      72617465 
 999      645F536F 
 999      75726365 
 999      5C50536F 
 1000              	.LASF60:
 1001 04a2 45455F74 		.ascii	"EE_th_next\000"
 1001      685F6E65 
 1001      787400
 1002              	.LASF76:
 1003 04ad 474E5520 		.ascii	"GNU C11 5.4.1 20160609 (release) [ARM/embedded-5-br"
 1003      43313120 
 1003      352E342E 
 1003      31203230 
 1003      31363036 
 1004 04e0 616E6368 		.ascii	"anch revision 237715] -mcpu=cortex-m3 -mthumb -g -O"
 1004      20726576 
 1004      6973696F 
 1004      6E203233 
 1004      37373135 
 1005 0513 67202D66 		.ascii	"g -ffunction-sections -ffat-lto-objects\000"
 1005      66756E63 
 1005      74696F6E 
 1005      2D736563 
 1005      74696F6E 
 1006              	.LASF43:
 1007 053b 636E7463 		.ascii	"cntcycle\000"
 1007      79636C65 
 1007      00
 1008              	.LASF72:
 1009 0544 45455F6F 		.ascii	"EE_oo_IRQ_disable_count\000"
 1009      6F5F4952 
 1009      515F6469 
 1009      7361626C 
 1009      655F636F 
 1010              	.LASF45:
 1011 055c 6E657874 		.ascii	"next\000"
 1011      00
 1012              	.LASF75:
 1013 0561 45455F72 		.ascii	"EE_rq_lookup\000"
 1013      715F6C6F 
 1013      6F6B7570 
 1013      00
 1014              	.LASF33:
 1015 056e 66697273 		.ascii	"first\000"
ARM GAS  C:\Users\Asus\AppData\Local\Temp\cccpHcAq.s 			page 23


 1015      7400
 1016              	.LASF47:
 1017 0574 76616C75 		.ascii	"value_param\000"
 1017      655F7061 
 1017      72616D00 
 1018              		.ident	"GCC: (GNU Tools for ARM Embedded Processors) 5.4.1 20160609 (release) [ARM/embedded-5-bran
