ARM GAS  C:\Users\Asus\AppData\Local\Temp\ccHNJto0.s 			page 1


   1              		.syntax unified
   2              		.cpu cortex-m3
   3              		.fpu softvfp
   4              		.eabi_attribute 20, 1
   5              		.eabi_attribute 21, 1
   6              		.eabi_attribute 23, 3
   7              		.eabi_attribute 24, 1
   8              		.eabi_attribute 25, 1
   9              		.eabi_attribute 26, 1
  10              		.eabi_attribute 30, 1
  11              		.eabi_attribute 34, 1
  12              		.eabi_attribute 18, 4
  13              		.thumb
  14              		.syntax unified
  15              		.file	"JOYSTICK_ADC_XY_TempBuf_dma.c"
  16              		.text
  17              	.Ltext0:
  18              		.cfi_sections	.debug_frame
  19              		.section	.text.JOYSTICK_ADC_XY_TempBuf_DmaInitialize,"ax",%progbits
  20              		.align	2
  21              		.global	JOYSTICK_ADC_XY_TempBuf_DmaInitialize
  22              		.thumb
  23              		.thumb_func
  24              		.type	JOYSTICK_ADC_XY_TempBuf_DmaInitialize, %function
  25              	JOYSTICK_ADC_XY_TempBuf_DmaInitialize:
  26              	.LFB0:
  27              		.file 1 "Generated_Source\\PSoC5\\JOYSTICK_ADC_XY_TempBuf_dma.c"
   1:Generated_Source\PSoC5/JOYSTICK_ADC_XY_TempBuf_dma.c **** /***************************************************************************
   2:Generated_Source\PSoC5/JOYSTICK_ADC_XY_TempBuf_dma.c **** * File Name: JOYSTICK_ADC_XY_TempBuf_dma.c  
   3:Generated_Source\PSoC5/JOYSTICK_ADC_XY_TempBuf_dma.c **** * Version 1.70
   4:Generated_Source\PSoC5/JOYSTICK_ADC_XY_TempBuf_dma.c **** *
   5:Generated_Source\PSoC5/JOYSTICK_ADC_XY_TempBuf_dma.c **** *  Description:
   6:Generated_Source\PSoC5/JOYSTICK_ADC_XY_TempBuf_dma.c **** *   Provides an API for the DMAC component. The API includes functions
   7:Generated_Source\PSoC5/JOYSTICK_ADC_XY_TempBuf_dma.c **** *   for the DMA controller, DMA channels and Transfer Descriptors.
   8:Generated_Source\PSoC5/JOYSTICK_ADC_XY_TempBuf_dma.c **** *
   9:Generated_Source\PSoC5/JOYSTICK_ADC_XY_TempBuf_dma.c **** *
  10:Generated_Source\PSoC5/JOYSTICK_ADC_XY_TempBuf_dma.c **** *   Note:
  11:Generated_Source\PSoC5/JOYSTICK_ADC_XY_TempBuf_dma.c **** *     This module requires the developer to finish or fill in the auto
  12:Generated_Source\PSoC5/JOYSTICK_ADC_XY_TempBuf_dma.c **** *     generated funcions and setup the dma channel and TD's.
  13:Generated_Source\PSoC5/JOYSTICK_ADC_XY_TempBuf_dma.c **** *
  14:Generated_Source\PSoC5/JOYSTICK_ADC_XY_TempBuf_dma.c **** ********************************************************************************
  15:Generated_Source\PSoC5/JOYSTICK_ADC_XY_TempBuf_dma.c **** * Copyright 2008-2010, Cypress Semiconductor Corporation.  All rights reserved.
  16:Generated_Source\PSoC5/JOYSTICK_ADC_XY_TempBuf_dma.c **** * You may use this file only in accordance with the license, terms, conditions, 
  17:Generated_Source\PSoC5/JOYSTICK_ADC_XY_TempBuf_dma.c **** * disclaimers, and limitations in the end user license agreement accompanying 
  18:Generated_Source\PSoC5/JOYSTICK_ADC_XY_TempBuf_dma.c **** * the software package with which this file was provided.
  19:Generated_Source\PSoC5/JOYSTICK_ADC_XY_TempBuf_dma.c **** ********************************************************************************/
  20:Generated_Source\PSoC5/JOYSTICK_ADC_XY_TempBuf_dma.c **** #include <CYLIB.H>
  21:Generated_Source\PSoC5/JOYSTICK_ADC_XY_TempBuf_dma.c **** #include <CYDMAC.H>
  22:Generated_Source\PSoC5/JOYSTICK_ADC_XY_TempBuf_dma.c **** #include <JOYSTICK_ADC_XY_TempBuf_dma.H>
  23:Generated_Source\PSoC5/JOYSTICK_ADC_XY_TempBuf_dma.c **** 
  24:Generated_Source\PSoC5/JOYSTICK_ADC_XY_TempBuf_dma.c **** 
  25:Generated_Source\PSoC5/JOYSTICK_ADC_XY_TempBuf_dma.c **** 
  26:Generated_Source\PSoC5/JOYSTICK_ADC_XY_TempBuf_dma.c **** /****************************************************************************
  27:Generated_Source\PSoC5/JOYSTICK_ADC_XY_TempBuf_dma.c **** * 
  28:Generated_Source\PSoC5/JOYSTICK_ADC_XY_TempBuf_dma.c **** * The following defines are available in Cyfitter.h
  29:Generated_Source\PSoC5/JOYSTICK_ADC_XY_TempBuf_dma.c **** * 
  30:Generated_Source\PSoC5/JOYSTICK_ADC_XY_TempBuf_dma.c **** * 
ARM GAS  C:\Users\Asus\AppData\Local\Temp\ccHNJto0.s 			page 2


  31:Generated_Source\PSoC5/JOYSTICK_ADC_XY_TempBuf_dma.c **** * 
  32:Generated_Source\PSoC5/JOYSTICK_ADC_XY_TempBuf_dma.c **** * JOYSTICK_ADC_XY_TempBuf__DRQ_CTL_REG
  33:Generated_Source\PSoC5/JOYSTICK_ADC_XY_TempBuf_dma.c **** * 
  34:Generated_Source\PSoC5/JOYSTICK_ADC_XY_TempBuf_dma.c **** * 
  35:Generated_Source\PSoC5/JOYSTICK_ADC_XY_TempBuf_dma.c **** * JOYSTICK_ADC_XY_TempBuf__DRQ_NUMBER
  36:Generated_Source\PSoC5/JOYSTICK_ADC_XY_TempBuf_dma.c **** * 
  37:Generated_Source\PSoC5/JOYSTICK_ADC_XY_TempBuf_dma.c **** * Number of TD's used by this channel.
  38:Generated_Source\PSoC5/JOYSTICK_ADC_XY_TempBuf_dma.c **** * JOYSTICK_ADC_XY_TempBuf__NUMBEROF_TDS
  39:Generated_Source\PSoC5/JOYSTICK_ADC_XY_TempBuf_dma.c **** * 
  40:Generated_Source\PSoC5/JOYSTICK_ADC_XY_TempBuf_dma.c **** * Priority of this channel.
  41:Generated_Source\PSoC5/JOYSTICK_ADC_XY_TempBuf_dma.c **** * JOYSTICK_ADC_XY_TempBuf__PRIORITY
  42:Generated_Source\PSoC5/JOYSTICK_ADC_XY_TempBuf_dma.c **** * 
  43:Generated_Source\PSoC5/JOYSTICK_ADC_XY_TempBuf_dma.c **** * True if JOYSTICK_ADC_XY_TempBuf_TERMIN_SEL is used.
  44:Generated_Source\PSoC5/JOYSTICK_ADC_XY_TempBuf_dma.c **** * JOYSTICK_ADC_XY_TempBuf__TERMIN_EN
  45:Generated_Source\PSoC5/JOYSTICK_ADC_XY_TempBuf_dma.c **** * 
  46:Generated_Source\PSoC5/JOYSTICK_ADC_XY_TempBuf_dma.c **** * TERMIN interrupt line to signal terminate.
  47:Generated_Source\PSoC5/JOYSTICK_ADC_XY_TempBuf_dma.c **** * JOYSTICK_ADC_XY_TempBuf__TERMIN_SEL
  48:Generated_Source\PSoC5/JOYSTICK_ADC_XY_TempBuf_dma.c **** * 
  49:Generated_Source\PSoC5/JOYSTICK_ADC_XY_TempBuf_dma.c **** * 
  50:Generated_Source\PSoC5/JOYSTICK_ADC_XY_TempBuf_dma.c **** * True if JOYSTICK_ADC_XY_TempBuf_TERMOUT0_SEL is used.
  51:Generated_Source\PSoC5/JOYSTICK_ADC_XY_TempBuf_dma.c **** * JOYSTICK_ADC_XY_TempBuf__TERMOUT0_EN
  52:Generated_Source\PSoC5/JOYSTICK_ADC_XY_TempBuf_dma.c **** * 
  53:Generated_Source\PSoC5/JOYSTICK_ADC_XY_TempBuf_dma.c **** * 
  54:Generated_Source\PSoC5/JOYSTICK_ADC_XY_TempBuf_dma.c **** * TERMOUT0 interrupt line to signal completion.
  55:Generated_Source\PSoC5/JOYSTICK_ADC_XY_TempBuf_dma.c **** * JOYSTICK_ADC_XY_TempBuf__TERMOUT0_SEL
  56:Generated_Source\PSoC5/JOYSTICK_ADC_XY_TempBuf_dma.c **** * 
  57:Generated_Source\PSoC5/JOYSTICK_ADC_XY_TempBuf_dma.c **** * 
  58:Generated_Source\PSoC5/JOYSTICK_ADC_XY_TempBuf_dma.c **** * True if JOYSTICK_ADC_XY_TempBuf_TERMOUT1_SEL is used.
  59:Generated_Source\PSoC5/JOYSTICK_ADC_XY_TempBuf_dma.c **** * JOYSTICK_ADC_XY_TempBuf__TERMOUT1_EN
  60:Generated_Source\PSoC5/JOYSTICK_ADC_XY_TempBuf_dma.c **** * 
  61:Generated_Source\PSoC5/JOYSTICK_ADC_XY_TempBuf_dma.c **** * 
  62:Generated_Source\PSoC5/JOYSTICK_ADC_XY_TempBuf_dma.c **** * TERMOUT1 interrupt line to signal completion.
  63:Generated_Source\PSoC5/JOYSTICK_ADC_XY_TempBuf_dma.c **** * JOYSTICK_ADC_XY_TempBuf__TERMOUT1_SEL
  64:Generated_Source\PSoC5/JOYSTICK_ADC_XY_TempBuf_dma.c **** * 
  65:Generated_Source\PSoC5/JOYSTICK_ADC_XY_TempBuf_dma.c **** ****************************************************************************/
  66:Generated_Source\PSoC5/JOYSTICK_ADC_XY_TempBuf_dma.c **** 
  67:Generated_Source\PSoC5/JOYSTICK_ADC_XY_TempBuf_dma.c **** 
  68:Generated_Source\PSoC5/JOYSTICK_ADC_XY_TempBuf_dma.c **** /* Zero based index of JOYSTICK_ADC_XY_TempBuf dma channel */
  69:Generated_Source\PSoC5/JOYSTICK_ADC_XY_TempBuf_dma.c **** uint8 JOYSTICK_ADC_XY_TempBuf_DmaHandle = DMA_INVALID_CHANNEL;
  70:Generated_Source\PSoC5/JOYSTICK_ADC_XY_TempBuf_dma.c **** 
  71:Generated_Source\PSoC5/JOYSTICK_ADC_XY_TempBuf_dma.c **** /*********************************************************************
  72:Generated_Source\PSoC5/JOYSTICK_ADC_XY_TempBuf_dma.c **** * Function Name: uint8 JOYSTICK_ADC_XY_TempBuf_DmaInitalize
  73:Generated_Source\PSoC5/JOYSTICK_ADC_XY_TempBuf_dma.c **** **********************************************************************
  74:Generated_Source\PSoC5/JOYSTICK_ADC_XY_TempBuf_dma.c **** * Summary:
  75:Generated_Source\PSoC5/JOYSTICK_ADC_XY_TempBuf_dma.c **** *   Allocates and initialises a channel of the DMAC to be used by the
  76:Generated_Source\PSoC5/JOYSTICK_ADC_XY_TempBuf_dma.c **** *   caller.
  77:Generated_Source\PSoC5/JOYSTICK_ADC_XY_TempBuf_dma.c **** *
  78:Generated_Source\PSoC5/JOYSTICK_ADC_XY_TempBuf_dma.c **** * Parameters:
  79:Generated_Source\PSoC5/JOYSTICK_ADC_XY_TempBuf_dma.c **** *   BurstCount.
  80:Generated_Source\PSoC5/JOYSTICK_ADC_XY_TempBuf_dma.c **** *       
  81:Generated_Source\PSoC5/JOYSTICK_ADC_XY_TempBuf_dma.c **** *       
  82:Generated_Source\PSoC5/JOYSTICK_ADC_XY_TempBuf_dma.c **** *   ReqestPerBurst.
  83:Generated_Source\PSoC5/JOYSTICK_ADC_XY_TempBuf_dma.c **** *       
  84:Generated_Source\PSoC5/JOYSTICK_ADC_XY_TempBuf_dma.c **** *       
  85:Generated_Source\PSoC5/JOYSTICK_ADC_XY_TempBuf_dma.c **** *   UpperSrcAddress.
  86:Generated_Source\PSoC5/JOYSTICK_ADC_XY_TempBuf_dma.c **** *       
  87:Generated_Source\PSoC5/JOYSTICK_ADC_XY_TempBuf_dma.c **** *       
ARM GAS  C:\Users\Asus\AppData\Local\Temp\ccHNJto0.s 			page 3


  88:Generated_Source\PSoC5/JOYSTICK_ADC_XY_TempBuf_dma.c **** *   UpperDestAddress.
  89:Generated_Source\PSoC5/JOYSTICK_ADC_XY_TempBuf_dma.c **** *       
  90:Generated_Source\PSoC5/JOYSTICK_ADC_XY_TempBuf_dma.c **** *
  91:Generated_Source\PSoC5/JOYSTICK_ADC_XY_TempBuf_dma.c **** * Return:
  92:Generated_Source\PSoC5/JOYSTICK_ADC_XY_TempBuf_dma.c **** *   The channel that can be used by the caller for DMA activity.
  93:Generated_Source\PSoC5/JOYSTICK_ADC_XY_TempBuf_dma.c **** *   DMA_INVALID_CHANNEL (0xFF) if there are no channels left. 
  94:Generated_Source\PSoC5/JOYSTICK_ADC_XY_TempBuf_dma.c **** *
  95:Generated_Source\PSoC5/JOYSTICK_ADC_XY_TempBuf_dma.c **** *
  96:Generated_Source\PSoC5/JOYSTICK_ADC_XY_TempBuf_dma.c **** *******************************************************************/
  97:Generated_Source\PSoC5/JOYSTICK_ADC_XY_TempBuf_dma.c **** uint8 JOYSTICK_ADC_XY_TempBuf_DmaInitialize(uint8 BurstCount, uint8 ReqestPerBurst, uint16 UpperSrc
  98:Generated_Source\PSoC5/JOYSTICK_ADC_XY_TempBuf_dma.c **** {
  28              		.loc 1 98 0
  29              		.cfi_startproc
  30              		@ args = 0, pretend = 0, frame = 0
  31              		@ frame_needed = 0, uses_anonymous_args = 0
  32              	.LVL0:
  33 0000 F0B5     		push	{r4, r5, r6, r7, lr}
  34              		.cfi_def_cfa_offset 20
  35              		.cfi_offset 4, -20
  36              		.cfi_offset 5, -16
  37              		.cfi_offset 6, -12
  38              		.cfi_offset 7, -8
  39              		.cfi_offset 14, -4
  40 0002 83B0     		sub	sp, sp, #12
  41              		.cfi_def_cfa_offset 32
  42 0004 1646     		mov	r6, r2
  43 0006 1F46     		mov	r7, r3
  99:Generated_Source\PSoC5/JOYSTICK_ADC_XY_TempBuf_dma.c **** 
 100:Generated_Source\PSoC5/JOYSTICK_ADC_XY_TempBuf_dma.c ****     /* Allocate a DMA channel. */
 101:Generated_Source\PSoC5/JOYSTICK_ADC_XY_TempBuf_dma.c ****     JOYSTICK_ADC_XY_TempBuf_DmaHandle = (uint8)JOYSTICK_ADC_XY_TempBuf__DRQ_NUMBER;
  44              		.loc 1 101 0
  45 0008 0B4C     		ldr	r4, .L3
  46 000a 0125     		movs	r5, #1
  47 000c 2570     		strb	r5, [r4]
 102:Generated_Source\PSoC5/JOYSTICK_ADC_XY_TempBuf_dma.c **** 
 103:Generated_Source\PSoC5/JOYSTICK_ADC_XY_TempBuf_dma.c ****     /* Configure the channel. */
 104:Generated_Source\PSoC5/JOYSTICK_ADC_XY_TempBuf_dma.c ****     (void)CyDmaChSetConfiguration(JOYSTICK_ADC_XY_TempBuf_DmaHandle,
  48              		.loc 1 104 0
  49 000e 0023     		movs	r3, #0
  50              	.LVL1:
  51 0010 0193     		str	r3, [sp, #4]
  52 0012 0093     		str	r3, [sp]
  53 0014 2B46     		mov	r3, r5
  54 0016 0A46     		mov	r2, r1
  55              	.LVL2:
  56 0018 0146     		mov	r1, r0
  57              	.LVL3:
  58 001a 2846     		mov	r0, r5
  59              	.LVL4:
  60 001c FFF7FEFF 		bl	CyDmaChSetConfiguration
  61              	.LVL5:
 105:Generated_Source\PSoC5/JOYSTICK_ADC_XY_TempBuf_dma.c ****                                   BurstCount,
 106:Generated_Source\PSoC5/JOYSTICK_ADC_XY_TempBuf_dma.c ****                                   ReqestPerBurst,
 107:Generated_Source\PSoC5/JOYSTICK_ADC_XY_TempBuf_dma.c ****                                   (uint8)JOYSTICK_ADC_XY_TempBuf__TERMOUT0_SEL,
 108:Generated_Source\PSoC5/JOYSTICK_ADC_XY_TempBuf_dma.c ****                                   (uint8)JOYSTICK_ADC_XY_TempBuf__TERMOUT1_SEL,
 109:Generated_Source\PSoC5/JOYSTICK_ADC_XY_TempBuf_dma.c ****                                   (uint8)JOYSTICK_ADC_XY_TempBuf__TERMIN_SEL);
 110:Generated_Source\PSoC5/JOYSTICK_ADC_XY_TempBuf_dma.c **** 
ARM GAS  C:\Users\Asus\AppData\Local\Temp\ccHNJto0.s 			page 4


 111:Generated_Source\PSoC5/JOYSTICK_ADC_XY_TempBuf_dma.c ****     /* Set the extended address for the transfers */
 112:Generated_Source\PSoC5/JOYSTICK_ADC_XY_TempBuf_dma.c ****     (void)CyDmaChSetExtendedAddress(JOYSTICK_ADC_XY_TempBuf_DmaHandle, UpperSrcAddress, UpperDestAd
  62              		.loc 1 112 0
  63 0020 3A46     		mov	r2, r7
  64 0022 3146     		mov	r1, r6
  65 0024 2078     		ldrb	r0, [r4]	@ zero_extendqisi2
  66 0026 FFF7FEFF 		bl	CyDmaChSetExtendedAddress
  67              	.LVL6:
 113:Generated_Source\PSoC5/JOYSTICK_ADC_XY_TempBuf_dma.c **** 
 114:Generated_Source\PSoC5/JOYSTICK_ADC_XY_TempBuf_dma.c ****     /* Set the priority for this channel */
 115:Generated_Source\PSoC5/JOYSTICK_ADC_XY_TempBuf_dma.c ****     (void)CyDmaChPriority(JOYSTICK_ADC_XY_TempBuf_DmaHandle, (uint8)JOYSTICK_ADC_XY_TempBuf__PRIORI
  68              		.loc 1 115 0
  69 002a 0221     		movs	r1, #2
  70 002c 2078     		ldrb	r0, [r4]	@ zero_extendqisi2
  71 002e FFF7FEFF 		bl	CyDmaChPriority
  72              	.LVL7:
 116:Generated_Source\PSoC5/JOYSTICK_ADC_XY_TempBuf_dma.c ****     
 117:Generated_Source\PSoC5/JOYSTICK_ADC_XY_TempBuf_dma.c ****     return JOYSTICK_ADC_XY_TempBuf_DmaHandle;
 118:Generated_Source\PSoC5/JOYSTICK_ADC_XY_TempBuf_dma.c **** }
  73              		.loc 1 118 0
  74 0032 2078     		ldrb	r0, [r4]	@ zero_extendqisi2
  75 0034 03B0     		add	sp, sp, #12
  76              		.cfi_def_cfa_offset 20
  77              		@ sp needed
  78 0036 F0BD     		pop	{r4, r5, r6, r7, pc}
  79              	.L4:
  80              		.align	2
  81              	.L3:
  82 0038 00000000 		.word	.LANCHOR0
  83              		.cfi_endproc
  84              	.LFE0:
  85              		.size	JOYSTICK_ADC_XY_TempBuf_DmaInitialize, .-JOYSTICK_ADC_XY_TempBuf_DmaInitialize
  86              		.section	.text.JOYSTICK_ADC_XY_TempBuf_DmaRelease,"ax",%progbits
  87              		.align	2
  88              		.global	JOYSTICK_ADC_XY_TempBuf_DmaRelease
  89              		.thumb
  90              		.thumb_func
  91              		.type	JOYSTICK_ADC_XY_TempBuf_DmaRelease, %function
  92              	JOYSTICK_ADC_XY_TempBuf_DmaRelease:
  93              	.LFB1:
 119:Generated_Source\PSoC5/JOYSTICK_ADC_XY_TempBuf_dma.c **** 
 120:Generated_Source\PSoC5/JOYSTICK_ADC_XY_TempBuf_dma.c **** /*********************************************************************
 121:Generated_Source\PSoC5/JOYSTICK_ADC_XY_TempBuf_dma.c **** * Function Name: void JOYSTICK_ADC_XY_TempBuf_DmaRelease
 122:Generated_Source\PSoC5/JOYSTICK_ADC_XY_TempBuf_dma.c **** **********************************************************************
 123:Generated_Source\PSoC5/JOYSTICK_ADC_XY_TempBuf_dma.c **** * Summary:
 124:Generated_Source\PSoC5/JOYSTICK_ADC_XY_TempBuf_dma.c **** *   Frees the channel associated with JOYSTICK_ADC_XY_TempBuf.
 125:Generated_Source\PSoC5/JOYSTICK_ADC_XY_TempBuf_dma.c **** *
 126:Generated_Source\PSoC5/JOYSTICK_ADC_XY_TempBuf_dma.c **** *
 127:Generated_Source\PSoC5/JOYSTICK_ADC_XY_TempBuf_dma.c **** * Parameters:
 128:Generated_Source\PSoC5/JOYSTICK_ADC_XY_TempBuf_dma.c **** *   void.
 129:Generated_Source\PSoC5/JOYSTICK_ADC_XY_TempBuf_dma.c **** *
 130:Generated_Source\PSoC5/JOYSTICK_ADC_XY_TempBuf_dma.c **** *
 131:Generated_Source\PSoC5/JOYSTICK_ADC_XY_TempBuf_dma.c **** *
 132:Generated_Source\PSoC5/JOYSTICK_ADC_XY_TempBuf_dma.c **** * Return:
 133:Generated_Source\PSoC5/JOYSTICK_ADC_XY_TempBuf_dma.c **** *   void.
 134:Generated_Source\PSoC5/JOYSTICK_ADC_XY_TempBuf_dma.c **** *
 135:Generated_Source\PSoC5/JOYSTICK_ADC_XY_TempBuf_dma.c **** *******************************************************************/
ARM GAS  C:\Users\Asus\AppData\Local\Temp\ccHNJto0.s 			page 5


 136:Generated_Source\PSoC5/JOYSTICK_ADC_XY_TempBuf_dma.c **** void JOYSTICK_ADC_XY_TempBuf_DmaRelease(void) 
 137:Generated_Source\PSoC5/JOYSTICK_ADC_XY_TempBuf_dma.c **** {
  94              		.loc 1 137 0
  95              		.cfi_startproc
  96              		@ args = 0, pretend = 0, frame = 0
  97              		@ frame_needed = 0, uses_anonymous_args = 0
  98 0000 08B5     		push	{r3, lr}
  99              		.cfi_def_cfa_offset 8
 100              		.cfi_offset 3, -8
 101              		.cfi_offset 14, -4
 138:Generated_Source\PSoC5/JOYSTICK_ADC_XY_TempBuf_dma.c ****     /* Disable the channel */
 139:Generated_Source\PSoC5/JOYSTICK_ADC_XY_TempBuf_dma.c ****     (void)CyDmaChDisable(JOYSTICK_ADC_XY_TempBuf_DmaHandle);
 102              		.loc 1 139 0
 103 0002 024B     		ldr	r3, .L7
 104 0004 1878     		ldrb	r0, [r3]	@ zero_extendqisi2
 105 0006 FFF7FEFF 		bl	CyDmaChDisable
 106              	.LVL8:
 107 000a 08BD     		pop	{r3, pc}
 108              	.L8:
 109              		.align	2
 110              	.L7:
 111 000c 00000000 		.word	.LANCHOR0
 112              		.cfi_endproc
 113              	.LFE1:
 114              		.size	JOYSTICK_ADC_XY_TempBuf_DmaRelease, .-JOYSTICK_ADC_XY_TempBuf_DmaRelease
 115              		.global	JOYSTICK_ADC_XY_TempBuf_DmaHandle
 116              		.data
 117              		.set	.LANCHOR0,. + 0
 118              		.type	JOYSTICK_ADC_XY_TempBuf_DmaHandle, %object
 119              		.size	JOYSTICK_ADC_XY_TempBuf_DmaHandle, 1
 120              	JOYSTICK_ADC_XY_TempBuf_DmaHandle:
 121 0000 FF       		.byte	-1
 122              		.text
 123              	.Letext0:
 124              		.file 2 "Generated_Source\\PSoC5/cytypes.h"
 125              		.file 3 "Generated_Source\\PSoC5/CYDMAC.H"
 126              		.section	.debug_info,"",%progbits
 127              	.Ldebug_info0:
 128 0000 A4010000 		.4byte	0x1a4
 129 0004 0400     		.2byte	0x4
 130 0006 00000000 		.4byte	.Ldebug_abbrev0
 131 000a 04       		.byte	0x4
 132 000b 01       		.uleb128 0x1
 133 000c 56000000 		.4byte	.LASF24
 134 0010 0C       		.byte	0xc
 135 0011 39020000 		.4byte	.LASF25
 136 0015 81010000 		.4byte	.LASF26
 137 0019 00000000 		.4byte	.Ldebug_ranges0+0
 138 001d 00000000 		.4byte	0
 139 0021 00000000 		.4byte	.Ldebug_line0
 140 0025 02       		.uleb128 0x2
 141 0026 04       		.byte	0x4
 142 0027 05       		.byte	0x5
 143 0028 696E7400 		.ascii	"int\000"
 144 002c 03       		.uleb128 0x3
 145 002d 04       		.byte	0x4
 146 002e 07       		.byte	0x7
ARM GAS  C:\Users\Asus\AppData\Local\Temp\ccHNJto0.s 			page 6


 147 002f 5D010000 		.4byte	.LASF0
 148 0033 03       		.uleb128 0x3
 149 0034 08       		.byte	0x8
 150 0035 05       		.byte	0x5
 151 0036 02020000 		.4byte	.LASF1
 152 003a 03       		.uleb128 0x3
 153 003b 08       		.byte	0x8
 154 003c 04       		.byte	0x4
 155 003d 77020000 		.4byte	.LASF2
 156 0041 03       		.uleb128 0x3
 157 0042 01       		.byte	0x1
 158 0043 06       		.byte	0x6
 159 0044 83020000 		.4byte	.LASF3
 160 0048 03       		.uleb128 0x3
 161 0049 01       		.byte	0x1
 162 004a 08       		.byte	0x8
 163 004b 48000000 		.4byte	.LASF4
 164 004f 03       		.uleb128 0x3
 165 0050 02       		.byte	0x2
 166 0051 05       		.byte	0x5
 167 0052 2F020000 		.4byte	.LASF5
 168 0056 03       		.uleb128 0x3
 169 0057 02       		.byte	0x2
 170 0058 07       		.byte	0x7
 171 0059 2F000000 		.4byte	.LASF6
 172 005d 03       		.uleb128 0x3
 173 005e 04       		.byte	0x4
 174 005f 05       		.byte	0x5
 175 0060 6E020000 		.4byte	.LASF7
 176 0064 03       		.uleb128 0x3
 177 0065 04       		.byte	0x4
 178 0066 07       		.byte	0x7
 179 0067 EF000000 		.4byte	.LASF8
 180 006b 03       		.uleb128 0x3
 181 006c 08       		.byte	0x8
 182 006d 07       		.byte	0x7
 183 006e 6A010000 		.4byte	.LASF9
 184 0072 03       		.uleb128 0x3
 185 0073 04       		.byte	0x4
 186 0074 07       		.byte	0x7
 187 0075 F9010000 		.4byte	.LASF10
 188 0079 03       		.uleb128 0x3
 189 007a 01       		.byte	0x1
 190 007b 08       		.byte	0x8
 191 007c 2A020000 		.4byte	.LASF11
 192 0080 04       		.uleb128 0x4
 193 0081 01010000 		.4byte	.LASF12
 194 0085 02       		.byte	0x2
 195 0086 E801     		.2byte	0x1e8
 196 0088 48000000 		.4byte	0x48
 197 008c 04       		.uleb128 0x4
 198 008d 56010000 		.4byte	.LASF13
 199 0091 02       		.byte	0x2
 200 0092 E901     		.2byte	0x1e9
 201 0094 56000000 		.4byte	0x56
 202 0098 03       		.uleb128 0x3
 203 0099 04       		.byte	0x4
ARM GAS  C:\Users\Asus\AppData\Local\Temp\ccHNJto0.s 			page 7


 204 009a 04       		.byte	0x4
 205 009b 42000000 		.4byte	.LASF14
 206 009f 03       		.uleb128 0x3
 207 00a0 08       		.byte	0x8
 208 00a1 04       		.byte	0x4
 209 00a2 4F010000 		.4byte	.LASF15
 210 00a6 05       		.uleb128 0x5
 211 00a7 29010000 		.4byte	.LASF27
 212 00ab 01       		.byte	0x1
 213 00ac 61       		.byte	0x61
 214 00ad 80000000 		.4byte	0x80
 215 00b1 00000000 		.4byte	.LFB0
 216 00b5 3C000000 		.4byte	.LFE0-.LFB0
 217 00b9 01       		.uleb128 0x1
 218 00ba 9C       		.byte	0x9c
 219 00bb 4B010000 		.4byte	0x14b
 220 00bf 06       		.uleb128 0x6
 221 00c0 E4000000 		.4byte	.LASF16
 222 00c4 01       		.byte	0x1
 223 00c5 61       		.byte	0x61
 224 00c6 80000000 		.4byte	0x80
 225 00ca 00000000 		.4byte	.LLST0
 226 00ce 06       		.uleb128 0x6
 227 00cf 20000000 		.4byte	.LASF17
 228 00d3 01       		.byte	0x1
 229 00d4 61       		.byte	0x61
 230 00d5 80000000 		.4byte	0x80
 231 00d9 21000000 		.4byte	.LLST1
 232 00dd 06       		.uleb128 0x6
 233 00de 00000000 		.4byte	.LASF18
 234 00e2 01       		.byte	0x1
 235 00e3 61       		.byte	0x61
 236 00e4 8C000000 		.4byte	0x8c
 237 00e8 42000000 		.4byte	.LLST2
 238 00ec 06       		.uleb128 0x6
 239 00ed E8010000 		.4byte	.LASF19
 240 00f1 01       		.byte	0x1
 241 00f2 61       		.byte	0x61
 242 00f3 8C000000 		.4byte	0x8c
 243 00f7 63000000 		.4byte	.LLST3
 244 00fb 07       		.uleb128 0x7
 245 00fc 20000000 		.4byte	.LVL5
 246 0100 7B010000 		.4byte	0x17b
 247 0104 21010000 		.4byte	0x121
 248 0108 08       		.uleb128 0x8
 249 0109 01       		.uleb128 0x1
 250 010a 50       		.byte	0x50
 251 010b 02       		.uleb128 0x2
 252 010c 75       		.byte	0x75
 253 010d 00       		.sleb128 0
 254 010e 08       		.uleb128 0x8
 255 010f 01       		.uleb128 0x1
 256 0110 53       		.byte	0x53
 257 0111 02       		.uleb128 0x2
 258 0112 75       		.byte	0x75
 259 0113 00       		.sleb128 0
 260 0114 08       		.uleb128 0x8
ARM GAS  C:\Users\Asus\AppData\Local\Temp\ccHNJto0.s 			page 8


 261 0115 02       		.uleb128 0x2
 262 0116 7D       		.byte	0x7d
 263 0117 00       		.sleb128 0
 264 0118 01       		.uleb128 0x1
 265 0119 30       		.byte	0x30
 266 011a 08       		.uleb128 0x8
 267 011b 02       		.uleb128 0x2
 268 011c 7D       		.byte	0x7d
 269 011d 04       		.sleb128 4
 270 011e 01       		.uleb128 0x1
 271 011f 30       		.byte	0x30
 272 0120 00       		.byte	0
 273 0121 07       		.uleb128 0x7
 274 0122 2A000000 		.4byte	.LVL6
 275 0126 86010000 		.4byte	0x186
 276 012a 3B010000 		.4byte	0x13b
 277 012e 08       		.uleb128 0x8
 278 012f 01       		.uleb128 0x1
 279 0130 51       		.byte	0x51
 280 0131 02       		.uleb128 0x2
 281 0132 76       		.byte	0x76
 282 0133 00       		.sleb128 0
 283 0134 08       		.uleb128 0x8
 284 0135 01       		.uleb128 0x1
 285 0136 52       		.byte	0x52
 286 0137 02       		.uleb128 0x2
 287 0138 77       		.byte	0x77
 288 0139 00       		.sleb128 0
 289 013a 00       		.byte	0
 290 013b 09       		.uleb128 0x9
 291 013c 32000000 		.4byte	.LVL7
 292 0140 91010000 		.4byte	0x191
 293 0144 08       		.uleb128 0x8
 294 0145 01       		.uleb128 0x1
 295 0146 51       		.byte	0x51
 296 0147 01       		.uleb128 0x1
 297 0148 32       		.byte	0x32
 298 0149 00       		.byte	0
 299 014a 00       		.byte	0
 300 014b 0A       		.uleb128 0xa
 301 014c B6020000 		.4byte	.LASF28
 302 0150 01       		.byte	0x1
 303 0151 88       		.byte	0x88
 304 0152 00000000 		.4byte	.LFB1
 305 0156 10000000 		.4byte	.LFE1-.LFB1
 306 015a 01       		.uleb128 0x1
 307 015b 9C       		.byte	0x9c
 308 015c 6A010000 		.4byte	0x16a
 309 0160 0B       		.uleb128 0xb
 310 0161 0A000000 		.4byte	.LVL8
 311 0165 9C010000 		.4byte	0x19c
 312 0169 00       		.byte	0
 313 016a 0C       		.uleb128 0xc
 314 016b 07010000 		.4byte	.LASF29
 315 016f 01       		.byte	0x1
 316 0170 45       		.byte	0x45
 317 0171 80000000 		.4byte	0x80
ARM GAS  C:\Users\Asus\AppData\Local\Temp\ccHNJto0.s 			page 9


 318 0175 05       		.uleb128 0x5
 319 0176 03       		.byte	0x3
 320 0177 00000000 		.4byte	JOYSTICK_ADC_XY_TempBuf_DmaHandle
 321 017b 0D       		.uleb128 0xd
 322 017c 9E020000 		.4byte	.LASF20
 323 0180 9E020000 		.4byte	.LASF20
 324 0184 03       		.byte	0x3
 325 0185 33       		.byte	0x33
 326 0186 0D       		.uleb128 0xd
 327 0187 10020000 		.4byte	.LASF21
 328 018b 10020000 		.4byte	.LASF21
 329 018f 03       		.byte	0x3
 330 0190 2D       		.byte	0x2d
 331 0191 0D       		.uleb128 0xd
 332 0192 10000000 		.4byte	.LASF22
 333 0196 10000000 		.4byte	.LASF22
 334 019a 03       		.byte	0x3
 335 019b 2C       		.byte	0x2c
 336 019c 0D       		.uleb128 0xd
 337 019d 8F020000 		.4byte	.LASF23
 338 01a1 8F020000 		.4byte	.LASF23
 339 01a5 03       		.byte	0x3
 340 01a6 2A       		.byte	0x2a
 341 01a7 00       		.byte	0
 342              		.section	.debug_abbrev,"",%progbits
 343              	.Ldebug_abbrev0:
 344 0000 01       		.uleb128 0x1
 345 0001 11       		.uleb128 0x11
 346 0002 01       		.byte	0x1
 347 0003 25       		.uleb128 0x25
 348 0004 0E       		.uleb128 0xe
 349 0005 13       		.uleb128 0x13
 350 0006 0B       		.uleb128 0xb
 351 0007 03       		.uleb128 0x3
 352 0008 0E       		.uleb128 0xe
 353 0009 1B       		.uleb128 0x1b
 354 000a 0E       		.uleb128 0xe
 355 000b 55       		.uleb128 0x55
 356 000c 17       		.uleb128 0x17
 357 000d 11       		.uleb128 0x11
 358 000e 01       		.uleb128 0x1
 359 000f 10       		.uleb128 0x10
 360 0010 17       		.uleb128 0x17
 361 0011 00       		.byte	0
 362 0012 00       		.byte	0
 363 0013 02       		.uleb128 0x2
 364 0014 24       		.uleb128 0x24
 365 0015 00       		.byte	0
 366 0016 0B       		.uleb128 0xb
 367 0017 0B       		.uleb128 0xb
 368 0018 3E       		.uleb128 0x3e
 369 0019 0B       		.uleb128 0xb
 370 001a 03       		.uleb128 0x3
 371 001b 08       		.uleb128 0x8
 372 001c 00       		.byte	0
 373 001d 00       		.byte	0
 374 001e 03       		.uleb128 0x3
ARM GAS  C:\Users\Asus\AppData\Local\Temp\ccHNJto0.s 			page 10


 375 001f 24       		.uleb128 0x24
 376 0020 00       		.byte	0
 377 0021 0B       		.uleb128 0xb
 378 0022 0B       		.uleb128 0xb
 379 0023 3E       		.uleb128 0x3e
 380 0024 0B       		.uleb128 0xb
 381 0025 03       		.uleb128 0x3
 382 0026 0E       		.uleb128 0xe
 383 0027 00       		.byte	0
 384 0028 00       		.byte	0
 385 0029 04       		.uleb128 0x4
 386 002a 16       		.uleb128 0x16
 387 002b 00       		.byte	0
 388 002c 03       		.uleb128 0x3
 389 002d 0E       		.uleb128 0xe
 390 002e 3A       		.uleb128 0x3a
 391 002f 0B       		.uleb128 0xb
 392 0030 3B       		.uleb128 0x3b
 393 0031 05       		.uleb128 0x5
 394 0032 49       		.uleb128 0x49
 395 0033 13       		.uleb128 0x13
 396 0034 00       		.byte	0
 397 0035 00       		.byte	0
 398 0036 05       		.uleb128 0x5
 399 0037 2E       		.uleb128 0x2e
 400 0038 01       		.byte	0x1
 401 0039 3F       		.uleb128 0x3f
 402 003a 19       		.uleb128 0x19
 403 003b 03       		.uleb128 0x3
 404 003c 0E       		.uleb128 0xe
 405 003d 3A       		.uleb128 0x3a
 406 003e 0B       		.uleb128 0xb
 407 003f 3B       		.uleb128 0x3b
 408 0040 0B       		.uleb128 0xb
 409 0041 27       		.uleb128 0x27
 410 0042 19       		.uleb128 0x19
 411 0043 49       		.uleb128 0x49
 412 0044 13       		.uleb128 0x13
 413 0045 11       		.uleb128 0x11
 414 0046 01       		.uleb128 0x1
 415 0047 12       		.uleb128 0x12
 416 0048 06       		.uleb128 0x6
 417 0049 40       		.uleb128 0x40
 418 004a 18       		.uleb128 0x18
 419 004b 9742     		.uleb128 0x2117
 420 004d 19       		.uleb128 0x19
 421 004e 01       		.uleb128 0x1
 422 004f 13       		.uleb128 0x13
 423 0050 00       		.byte	0
 424 0051 00       		.byte	0
 425 0052 06       		.uleb128 0x6
 426 0053 05       		.uleb128 0x5
 427 0054 00       		.byte	0
 428 0055 03       		.uleb128 0x3
 429 0056 0E       		.uleb128 0xe
 430 0057 3A       		.uleb128 0x3a
 431 0058 0B       		.uleb128 0xb
ARM GAS  C:\Users\Asus\AppData\Local\Temp\ccHNJto0.s 			page 11


 432 0059 3B       		.uleb128 0x3b
 433 005a 0B       		.uleb128 0xb
 434 005b 49       		.uleb128 0x49
 435 005c 13       		.uleb128 0x13
 436 005d 02       		.uleb128 0x2
 437 005e 17       		.uleb128 0x17
 438 005f 00       		.byte	0
 439 0060 00       		.byte	0
 440 0061 07       		.uleb128 0x7
 441 0062 898201   		.uleb128 0x4109
 442 0065 01       		.byte	0x1
 443 0066 11       		.uleb128 0x11
 444 0067 01       		.uleb128 0x1
 445 0068 31       		.uleb128 0x31
 446 0069 13       		.uleb128 0x13
 447 006a 01       		.uleb128 0x1
 448 006b 13       		.uleb128 0x13
 449 006c 00       		.byte	0
 450 006d 00       		.byte	0
 451 006e 08       		.uleb128 0x8
 452 006f 8A8201   		.uleb128 0x410a
 453 0072 00       		.byte	0
 454 0073 02       		.uleb128 0x2
 455 0074 18       		.uleb128 0x18
 456 0075 9142     		.uleb128 0x2111
 457 0077 18       		.uleb128 0x18
 458 0078 00       		.byte	0
 459 0079 00       		.byte	0
 460 007a 09       		.uleb128 0x9
 461 007b 898201   		.uleb128 0x4109
 462 007e 01       		.byte	0x1
 463 007f 11       		.uleb128 0x11
 464 0080 01       		.uleb128 0x1
 465 0081 31       		.uleb128 0x31
 466 0082 13       		.uleb128 0x13
 467 0083 00       		.byte	0
 468 0084 00       		.byte	0
 469 0085 0A       		.uleb128 0xa
 470 0086 2E       		.uleb128 0x2e
 471 0087 01       		.byte	0x1
 472 0088 3F       		.uleb128 0x3f
 473 0089 19       		.uleb128 0x19
 474 008a 03       		.uleb128 0x3
 475 008b 0E       		.uleb128 0xe
 476 008c 3A       		.uleb128 0x3a
 477 008d 0B       		.uleb128 0xb
 478 008e 3B       		.uleb128 0x3b
 479 008f 0B       		.uleb128 0xb
 480 0090 27       		.uleb128 0x27
 481 0091 19       		.uleb128 0x19
 482 0092 11       		.uleb128 0x11
 483 0093 01       		.uleb128 0x1
 484 0094 12       		.uleb128 0x12
 485 0095 06       		.uleb128 0x6
 486 0096 40       		.uleb128 0x40
 487 0097 18       		.uleb128 0x18
 488 0098 9742     		.uleb128 0x2117
ARM GAS  C:\Users\Asus\AppData\Local\Temp\ccHNJto0.s 			page 12


 489 009a 19       		.uleb128 0x19
 490 009b 01       		.uleb128 0x1
 491 009c 13       		.uleb128 0x13
 492 009d 00       		.byte	0
 493 009e 00       		.byte	0
 494 009f 0B       		.uleb128 0xb
 495 00a0 898201   		.uleb128 0x4109
 496 00a3 00       		.byte	0
 497 00a4 11       		.uleb128 0x11
 498 00a5 01       		.uleb128 0x1
 499 00a6 31       		.uleb128 0x31
 500 00a7 13       		.uleb128 0x13
 501 00a8 00       		.byte	0
 502 00a9 00       		.byte	0
 503 00aa 0C       		.uleb128 0xc
 504 00ab 34       		.uleb128 0x34
 505 00ac 00       		.byte	0
 506 00ad 03       		.uleb128 0x3
 507 00ae 0E       		.uleb128 0xe
 508 00af 3A       		.uleb128 0x3a
 509 00b0 0B       		.uleb128 0xb
 510 00b1 3B       		.uleb128 0x3b
 511 00b2 0B       		.uleb128 0xb
 512 00b3 49       		.uleb128 0x49
 513 00b4 13       		.uleb128 0x13
 514 00b5 3F       		.uleb128 0x3f
 515 00b6 19       		.uleb128 0x19
 516 00b7 02       		.uleb128 0x2
 517 00b8 18       		.uleb128 0x18
 518 00b9 00       		.byte	0
 519 00ba 00       		.byte	0
 520 00bb 0D       		.uleb128 0xd
 521 00bc 2E       		.uleb128 0x2e
 522 00bd 00       		.byte	0
 523 00be 3F       		.uleb128 0x3f
 524 00bf 19       		.uleb128 0x19
 525 00c0 3C       		.uleb128 0x3c
 526 00c1 19       		.uleb128 0x19
 527 00c2 6E       		.uleb128 0x6e
 528 00c3 0E       		.uleb128 0xe
 529 00c4 03       		.uleb128 0x3
 530 00c5 0E       		.uleb128 0xe
 531 00c6 3A       		.uleb128 0x3a
 532 00c7 0B       		.uleb128 0xb
 533 00c8 3B       		.uleb128 0x3b
 534 00c9 0B       		.uleb128 0xb
 535 00ca 00       		.byte	0
 536 00cb 00       		.byte	0
 537 00cc 00       		.byte	0
 538              		.section	.debug_loc,"",%progbits
 539              	.Ldebug_loc0:
 540              	.LLST0:
 541 0000 00000000 		.4byte	.LVL0
 542 0004 1C000000 		.4byte	.LVL4
 543 0008 0100     		.2byte	0x1
 544 000a 50       		.byte	0x50
 545 000b 1C000000 		.4byte	.LVL4
ARM GAS  C:\Users\Asus\AppData\Local\Temp\ccHNJto0.s 			page 13


 546 000f 3C000000 		.4byte	.LFE0
 547 0013 0400     		.2byte	0x4
 548 0015 F3       		.byte	0xf3
 549 0016 01       		.uleb128 0x1
 550 0017 50       		.byte	0x50
 551 0018 9F       		.byte	0x9f
 552 0019 00000000 		.4byte	0
 553 001d 00000000 		.4byte	0
 554              	.LLST1:
 555 0021 00000000 		.4byte	.LVL0
 556 0025 1A000000 		.4byte	.LVL3
 557 0029 0100     		.2byte	0x1
 558 002b 51       		.byte	0x51
 559 002c 1A000000 		.4byte	.LVL3
 560 0030 3C000000 		.4byte	.LFE0
 561 0034 0400     		.2byte	0x4
 562 0036 F3       		.byte	0xf3
 563 0037 01       		.uleb128 0x1
 564 0038 51       		.byte	0x51
 565 0039 9F       		.byte	0x9f
 566 003a 00000000 		.4byte	0
 567 003e 00000000 		.4byte	0
 568              	.LLST2:
 569 0042 00000000 		.4byte	.LVL0
 570 0046 18000000 		.4byte	.LVL2
 571 004a 0100     		.2byte	0x1
 572 004c 52       		.byte	0x52
 573 004d 18000000 		.4byte	.LVL2
 574 0051 3C000000 		.4byte	.LFE0
 575 0055 0400     		.2byte	0x4
 576 0057 F3       		.byte	0xf3
 577 0058 01       		.uleb128 0x1
 578 0059 52       		.byte	0x52
 579 005a 9F       		.byte	0x9f
 580 005b 00000000 		.4byte	0
 581 005f 00000000 		.4byte	0
 582              	.LLST3:
 583 0063 00000000 		.4byte	.LVL0
 584 0067 10000000 		.4byte	.LVL1
 585 006b 0100     		.2byte	0x1
 586 006d 53       		.byte	0x53
 587 006e 10000000 		.4byte	.LVL1
 588 0072 3C000000 		.4byte	.LFE0
 589 0076 0400     		.2byte	0x4
 590 0078 F3       		.byte	0xf3
 591 0079 01       		.uleb128 0x1
 592 007a 53       		.byte	0x53
 593 007b 9F       		.byte	0x9f
 594 007c 00000000 		.4byte	0
 595 0080 00000000 		.4byte	0
 596              		.section	.debug_aranges,"",%progbits
 597 0000 24000000 		.4byte	0x24
 598 0004 0200     		.2byte	0x2
 599 0006 00000000 		.4byte	.Ldebug_info0
 600 000a 04       		.byte	0x4
 601 000b 00       		.byte	0
 602 000c 0000     		.2byte	0
ARM GAS  C:\Users\Asus\AppData\Local\Temp\ccHNJto0.s 			page 14


 603 000e 0000     		.2byte	0
 604 0010 00000000 		.4byte	.LFB0
 605 0014 3C000000 		.4byte	.LFE0-.LFB0
 606 0018 00000000 		.4byte	.LFB1
 607 001c 10000000 		.4byte	.LFE1-.LFB1
 608 0020 00000000 		.4byte	0
 609 0024 00000000 		.4byte	0
 610              		.section	.debug_ranges,"",%progbits
 611              	.Ldebug_ranges0:
 612 0000 00000000 		.4byte	.LFB0
 613 0004 3C000000 		.4byte	.LFE0
 614 0008 00000000 		.4byte	.LFB1
 615 000c 10000000 		.4byte	.LFE1
 616 0010 00000000 		.4byte	0
 617 0014 00000000 		.4byte	0
 618              		.section	.debug_line,"",%progbits
 619              	.Ldebug_line0:
 620 0000 90000000 		.section	.debug_str,"MS",%progbits,1
 620      02006400 
 620      00000201 
 620      FB0E0D00 
 620      01010101 
 621              	.LASF18:
 622 0000 55707065 		.ascii	"UpperSrcAddress\000"
 622      72537263 
 622      41646472 
 622      65737300 
 623              	.LASF22:
 624 0010 4379446D 		.ascii	"CyDmaChPriority\000"
 624      61436850 
 624      72696F72 
 624      69747900 
 625              	.LASF17:
 626 0020 52657165 		.ascii	"ReqestPerBurst\000"
 626      73745065 
 626      72427572 
 626      737400
 627              	.LASF6:
 628 002f 73686F72 		.ascii	"short unsigned int\000"
 628      7420756E 
 628      7369676E 
 628      65642069 
 628      6E7400
 629              	.LASF14:
 630 0042 666C6F61 		.ascii	"float\000"
 630      7400
 631              	.LASF4:
 632 0048 756E7369 		.ascii	"unsigned char\000"
 632      676E6564 
 632      20636861 
 632      7200
 633              	.LASF24:
 634 0056 474E5520 		.ascii	"GNU C11 5.4.1 20160609 (release) [ARM/embedded-5-br"
 634      43313120 
 634      352E342E 
 634      31203230 
 634      31363036 
ARM GAS  C:\Users\Asus\AppData\Local\Temp\ccHNJto0.s 			page 15


 635 0089 616E6368 		.ascii	"anch revision 237715] -mcpu=cortex-m3 -mthumb -g -O"
 635      20726576 
 635      6973696F 
 635      6E203233 
 635      37373135 
 636 00bc 67202D66 		.ascii	"g -ffunction-sections -ffat-lto-objects\000"
 636      66756E63 
 636      74696F6E 
 636      2D736563 
 636      74696F6E 
 637              	.LASF16:
 638 00e4 42757273 		.ascii	"BurstCount\000"
 638      74436F75 
 638      6E7400
 639              	.LASF8:
 640 00ef 6C6F6E67 		.ascii	"long unsigned int\000"
 640      20756E73 
 640      69676E65 
 640      6420696E 
 640      7400
 641              	.LASF12:
 642 0101 75696E74 		.ascii	"uint8\000"
 642      3800
 643              	.LASF29:
 644 0107 4A4F5953 		.ascii	"JOYSTICK_ADC_XY_TempBuf_DmaHandle\000"
 644      5449434B 
 644      5F414443 
 644      5F58595F 
 644      54656D70 
 645              	.LASF27:
 646 0129 4A4F5953 		.ascii	"JOYSTICK_ADC_XY_TempBuf_DmaInitialize\000"
 646      5449434B 
 646      5F414443 
 646      5F58595F 
 646      54656D70 
 647              	.LASF15:
 648 014f 646F7562 		.ascii	"double\000"
 648      6C6500
 649              	.LASF13:
 650 0156 75696E74 		.ascii	"uint16\000"
 650      313600
 651              	.LASF0:
 652 015d 756E7369 		.ascii	"unsigned int\000"
 652      676E6564 
 652      20696E74 
 652      00
 653              	.LASF9:
 654 016a 6C6F6E67 		.ascii	"long long unsigned int\000"
 654      206C6F6E 
 654      6720756E 
 654      7369676E 
 654      65642069 
 655              	.LASF26:
 656 0181 433A5C55 		.ascii	"C:\\Users\\Asus\\Desktop\\HDA\\Semester_2\\EAA\\Lab"
 656      73657273 
 656      5C417375 
 656      735C4465 
ARM GAS  C:\Users\Asus\AppData\Local\Temp\ccHNJto0.s 			page 16


 656      736B746F 
 657 01ad 5C4C6162 		.ascii	"\\Lab01\\Electronic_Gaspedal\\Electronic_Gaspedal\\"
 657      30315C45 
 657      6C656374 
 657      726F6E69 
 657      635F4761 
 658 01dc 4C616230 		.ascii	"Lab01.cydsn\000"
 658      312E6379 
 658      64736E00 
 659              	.LASF19:
 660 01e8 55707065 		.ascii	"UpperDestAddress\000"
 660      72446573 
 660      74416464 
 660      72657373 
 660      00
 661              	.LASF10:
 662 01f9 73697A65 		.ascii	"sizetype\000"
 662      74797065 
 662      00
 663              	.LASF1:
 664 0202 6C6F6E67 		.ascii	"long long int\000"
 664      206C6F6E 
 664      6720696E 
 664      7400
 665              	.LASF21:
 666 0210 4379446D 		.ascii	"CyDmaChSetExtendedAddress\000"
 666      61436853 
 666      65744578 
 666      74656E64 
 666      65644164 
 667              	.LASF11:
 668 022a 63686172 		.ascii	"char\000"
 668      00
 669              	.LASF5:
 670 022f 73686F72 		.ascii	"short int\000"
 670      7420696E 
 670      7400
 671              	.LASF25:
 672 0239 47656E65 		.ascii	"Generated_Source\\PSoC5\\JOYSTICK_ADC_XY_TempBuf_dm"
 672      72617465 
 672      645F536F 
 672      75726365 
 672      5C50536F 
 673 026a 612E6300 		.ascii	"a.c\000"
 674              	.LASF7:
 675 026e 6C6F6E67 		.ascii	"long int\000"
 675      20696E74 
 675      00
 676              	.LASF2:
 677 0277 6C6F6E67 		.ascii	"long double\000"
 677      20646F75 
 677      626C6500 
 678              	.LASF3:
 679 0283 7369676E 		.ascii	"signed char\000"
 679      65642063 
 679      68617200 
 680              	.LASF23:
ARM GAS  C:\Users\Asus\AppData\Local\Temp\ccHNJto0.s 			page 17


 681 028f 4379446D 		.ascii	"CyDmaChDisable\000"
 681      61436844 
 681      69736162 
 681      6C6500
 682              	.LASF20:
 683 029e 4379446D 		.ascii	"CyDmaChSetConfiguration\000"
 683      61436853 
 683      6574436F 
 683      6E666967 
 683      75726174 
 684              	.LASF28:
 685 02b6 4A4F5953 		.ascii	"JOYSTICK_ADC_XY_TempBuf_DmaRelease\000"
 685      5449434B 
 685      5F414443 
 685      5F58595F 
 685      54656D70 
 686              		.ident	"GCC: (GNU Tools for ARM Embedded Processors) 5.4.1 20160609 (release) [ARM/embedded-5-bran
