ARM GAS  C:\Users\Asus\AppData\Local\Temp\ccFi7kty.s 			page 1


   1              		.syntax unified
   2              		.cpu cortex-m3
   3              		.fpu softvfp
   4              		.eabi_attribute 20, 1
   5              		.eabi_attribute 21, 1
   6              		.eabi_attribute 23, 3
   7              		.eabi_attribute 24, 1
   8              		.eabi_attribute 25, 1
   9              		.eabi_attribute 26, 1
  10              		.eabi_attribute 30, 1
  11              		.eabi_attribute 34, 1
  12              		.eabi_attribute 18, 4
  13              		.thumb
  14              		.syntax unified
  15              		.file	"rte.c"
  16              		.text
  17              	.Ltext0:
  18              		.cfi_sections	.debug_frame
  19              		.section	.text.RTE_ProcessCyclicTable,"ax",%progbits
  20              		.align	2
  21              		.global	RTE_ProcessCyclicTable
  22              		.thumb
  23              		.thumb_func
  24              		.type	RTE_ProcessCyclicTable, %function
  25              	RTE_ProcessCyclicTable:
  26              	.LFB110:
  27              		.file 1 "sources\\rte\\rte.c"
   1:sources\rte/rte.c **** /**
   2:sources\rte/rte.c **** * \file rte.c
   3:sources\rte/rte.c **** * \author P. Fromm
   4:sources\rte/rte.c **** * \date 8.12.18
   5:sources\rte/rte.c **** *
   6:sources\rte/rte.c **** * \brief Runnable dispatcher
   7:sources\rte/rte.c **** *
   8:sources\rte/rte.c **** * \copyright Copyright ©2016
   9:sources\rte/rte.c **** * Department of electrical engineering and information technology, Hochschule Darmstadt - Universit
  10:sources\rte/rte.c **** * Permission to use, copy, modify, and distribute this software and its documentation for education
  11:sources\rte/rte.c **** * (unless permitted by h_da) and official h_da projects, is hereby granted for enrolled students of
  12:sources\rte/rte.c **** * this paragraph and the following paragraph appear in all copies, modifications, and distributions
  13:sources\rte/rte.c **** * Contact Prof.Dr.-Ing. Peter Fromm, peter.fromm@h-da.de, Birkenweg 8 64295 Darmstadt - GERMANY for
  14:sources\rte/rte.c **** *
  15:sources\rte/rte.c **** * \warning This software is a PROTOTYPE version and is not designed or intended for use in producti
  16:sources\rte/rte.c **** * The user represents and warrants that it will NOT use or redistribute the Software for such purpo
  17:sources\rte/rte.c **** * This prototype is for research purposes only. This software is provided "AS IS," without a warran
  18:sources\rte/rte.c **** */
  19:sources\rte/rte.c **** 
  20:sources\rte/rte.c **** /*****************************************************************************/
  21:sources\rte/rte.c **** /* Include files                                                             */
  22:sources\rte/rte.c **** /*****************************************************************************/
  23:sources\rte/rte.c **** #include "rte.h"
  24:sources\rte/rte.c **** 
  25:sources\rte/rte.c **** /*****************************************************************************/
  26:sources\rte/rte.c **** /* Local pre-processor symbols/macros ('#define')                            */
  27:sources\rte/rte.c **** /*****************************************************************************/
  28:sources\rte/rte.c **** 
  29:sources\rte/rte.c **** /*****************************************************************************/
  30:sources\rte/rte.c **** /* Global variable definitions (declared in header file with 'extern')       */
ARM GAS  C:\Users\Asus\AppData\Local\Temp\ccFi7kty.s 			page 2


  31:sources\rte/rte.c **** /*****************************************************************************/
  32:sources\rte/rte.c **** 
  33:sources\rte/rte.c **** /*****************************************************************************/
  34:sources\rte/rte.c **** /* Local type definitions ('typedef')                                        */
  35:sources\rte/rte.c **** /*****************************************************************************/
  36:sources\rte/rte.c **** 
  37:sources\rte/rte.c **** /*****************************************************************************/
  38:sources\rte/rte.c **** /* Local variable definitions ('static')                                     */
  39:sources\rte/rte.c **** /*****************************************************************************/
  40:sources\rte/rte.c **** 
  41:sources\rte/rte.c **** 
  42:sources\rte/rte.c **** 
  43:sources\rte/rte.c **** /*****************************************************************************/
  44:sources\rte/rte.c **** /* Local function prototypes ('static')                                      */
  45:sources\rte/rte.c **** /*****************************************************************************/
  46:sources\rte/rte.c **** 
  47:sources\rte/rte.c **** 
  48:sources\rte/rte.c **** /*****************************************************************************/
  49:sources\rte/rte.c **** /* Function implementation - global ('extern') and local ('static')          */
  50:sources\rte/rte.c **** /*****************************************************************************/
  51:sources\rte/rte.c **** 
  52:sources\rte/rte.c **** /**
  53:sources\rte/rte.c ****  * Will call all cyclic runnables when due
  54:sources\rte/rte.c ****  * \param RTE_cyclicTable_t const *const table : [IN] table to be processed
  55:sources\rte/rte.c ****  * \param uint16_t tableSize : [IN] table size
  56:sources\rte/rte.c ****  * \param uint32_t* time : [IN] ticktime elapsed since start in ms
  57:sources\rte/rte.c ****  * \return RC_SUCCESS if all ok, error code otherwise
  58:sources\rte/rte.c ****  */
  59:sources\rte/rte.c **** RC_t RTE_ProcessCyclicTable(RTE_cyclicTable_t const *const table, uint16_t tableSize, uint32_t time
  60:sources\rte/rte.c **** {
  28              		.loc 1 60 0
  29              		.cfi_startproc
  30              		@ args = 0, pretend = 0, frame = 0
  31              		@ frame_needed = 0, uses_anonymous_args = 0
  32              	.LVL0:
  33 0000 F8B5     		push	{r3, r4, r5, r6, r7, lr}
  34              		.cfi_def_cfa_offset 24
  35              		.cfi_offset 3, -24
  36              		.cfi_offset 4, -20
  37              		.cfi_offset 5, -16
  38              		.cfi_offset 6, -12
  39              		.cfi_offset 7, -8
  40              		.cfi_offset 14, -4
  41 0002 0646     		mov	r6, r0
  42 0004 0F46     		mov	r7, r1
  43 0006 1546     		mov	r5, r2
  44              	.LVL1:
  45              	.LBB2:
  61:sources\rte/rte.c **** 	RC_t rc = RC_SUCCESS;
  62:sources\rte/rte.c ****     
  63:sources\rte/rte.c ****     for (uint16_t i = 0; i < tableSize; i++)
  46              		.loc 1 63 0
  47 0008 0024     		movs	r4, #0
  48 000a 0DE0     		b	.L2
  49              	.LVL2:
  50              	.L4:
  64:sources\rte/rte.c ****     {
ARM GAS  C:\Users\Asus\AppData\Local\Temp\ccFi7kty.s 			page 3


  65:sources\rte/rte.c ****         if (0 == (time % table[i].cycleTime))
  51              		.loc 1 65 0
  52 000c 06EBC403 		add	r3, r6, r4, lsl #3
  53 0010 9A88     		ldrh	r2, [r3, #4]
  54 0012 B5FBF2F3 		udiv	r3, r5, r2
  55 0016 02FB1353 		mls	r3, r2, r3, r5
  56 001a 1BB9     		cbnz	r3, .L3
  66:sources\rte/rte.c ****         {
  67:sources\rte/rte.c **** 			//No event information in this case
  68:sources\rte/rte.c ****             table[i].run(0);
  57              		.loc 1 68 0
  58 001c 56F83430 		ldr	r3, [r6, r4, lsl #3]
  59 0020 0020     		movs	r0, #0
  60 0022 9847     		blx	r3
  61              	.LVL3:
  62              	.L3:
  63:sources\rte/rte.c ****     {
  63              		.loc 1 63 0 discriminator 2
  64 0024 0134     		adds	r4, r4, #1
  65              	.LVL4:
  66 0026 A4B2     		uxth	r4, r4
  67              	.LVL5:
  68              	.L2:
  63:sources\rte/rte.c ****     {
  69              		.loc 1 63 0 is_stmt 0 discriminator 1
  70 0028 BC42     		cmp	r4, r7
  71 002a EFD3     		bcc	.L4
  72              	.LBE2:
  69:sources\rte/rte.c ****         }
  70:sources\rte/rte.c ****     }
  71:sources\rte/rte.c **** 	
  72:sources\rte/rte.c **** 	return rc;
  73:sources\rte/rte.c ****     
  74:sources\rte/rte.c **** }
  73              		.loc 1 74 0 is_stmt 1
  74 002c 0020     		movs	r0, #0
  75 002e F8BD     		pop	{r3, r4, r5, r6, r7, pc}
  76              		.cfi_endproc
  77              	.LFE110:
  78              		.size	RTE_ProcessCyclicTable, .-RTE_ProcessCyclicTable
  79              		.section	.text.RTE_ProcessEventTable,"ax",%progbits
  80              		.align	2
  81              		.global	RTE_ProcessEventTable
  82              		.thumb
  83              		.thumb_func
  84              		.type	RTE_ProcessEventTable, %function
  85              	RTE_ProcessEventTable:
  86              	.LFB111:
  75:sources\rte/rte.c ****     
  76:sources\rte/rte.c **** /**
  77:sources\rte/rte.c ****  * Will call all event runnables when due
  78:sources\rte/rte.c ****  * \param RTE_eventTable_t const *const table : [IN] table to be processed
  79:sources\rte/rte.c ****  * \param uint16_t tableSize : [IN] table size
  80:sources\rte/rte.c ****  * \param EventMaskType ev : [IN] event mask to be processed
  81:sources\rte/rte.c ****  * \return RC_SUCCESS if all ok, error code otherwise
  82:sources\rte/rte.c ****  */
  83:sources\rte/rte.c **** RC_t RTE_ProcessEventTable(RTE_eventTable_t const *const table, uint16_t tableSize, EventMaskType e
ARM GAS  C:\Users\Asus\AppData\Local\Temp\ccFi7kty.s 			page 4


  84:sources\rte/rte.c **** {
  87              		.loc 1 84 0
  88              		.cfi_startproc
  89              		@ args = 0, pretend = 0, frame = 0
  90              		@ frame_needed = 0, uses_anonymous_args = 0
  91              	.LVL6:
  92 0000 F8B5     		push	{r3, r4, r5, r6, r7, lr}
  93              		.cfi_def_cfa_offset 24
  94              		.cfi_offset 3, -24
  95              		.cfi_offset 4, -20
  96              		.cfi_offset 5, -16
  97              		.cfi_offset 6, -12
  98              		.cfi_offset 7, -8
  99              		.cfi_offset 14, -4
 100 0002 0546     		mov	r5, r0
 101 0004 0E46     		mov	r6, r1
 102 0006 1746     		mov	r7, r2
 103              	.LVL7:
 104              	.LBB3:
  85:sources\rte/rte.c ****     RC_t rc = RC_SUCCESS;
  86:sources\rte/rte.c **** 	
  87:sources\rte/rte.c ****     for (uint16_t i = 0; i < tableSize; i++)
 105              		.loc 1 87 0
 106 0008 0024     		movs	r4, #0
 107 000a 09E0     		b	.L7
 108              	.LVL8:
 109              	.L9:
  88:sources\rte/rte.c ****     {
  89:sources\rte/rte.c ****         if (ev & table[i].event)
 110              		.loc 1 89 0
 111 000c 05EBC403 		add	r3, r5, r4, lsl #3
 112 0010 5868     		ldr	r0, [r3, #4]
 113 0012 3842     		tst	r0, r7
 114 0014 02D0     		beq	.L8
  90:sources\rte/rte.c ****         {
  91:sources\rte/rte.c **** 			//Fire activating event
  92:sources\rte/rte.c ****             table[i].run(table[i].event);
 115              		.loc 1 92 0
 116 0016 55F83430 		ldr	r3, [r5, r4, lsl #3]
 117 001a 9847     		blx	r3
 118              	.LVL9:
 119              	.L8:
  87:sources\rte/rte.c ****     {
 120              		.loc 1 87 0 discriminator 2
 121 001c 0134     		adds	r4, r4, #1
 122              	.LVL10:
 123 001e A4B2     		uxth	r4, r4
 124              	.LVL11:
 125              	.L7:
  87:sources\rte/rte.c ****     {
 126              		.loc 1 87 0 is_stmt 0 discriminator 1
 127 0020 B442     		cmp	r4, r6
 128 0022 F3D3     		bcc	.L9
 129              	.LBE3:
  93:sources\rte/rte.c ****         }
  94:sources\rte/rte.c ****     }
  95:sources\rte/rte.c **** 	
ARM GAS  C:\Users\Asus\AppData\Local\Temp\ccFi7kty.s 			page 5


  96:sources\rte/rte.c **** 	return rc;
  97:sources\rte/rte.c ****     
  98:sources\rte/rte.c **** }...
 130              		.loc 1 98 0 is_stmt 1
 131 0024 0020     		movs	r0, #0
 132 0026 F8BD     		pop	{r3, r4, r5, r6, r7, pc}
 133              		.cfi_endproc
 134              	.LFE111:
 135              		.size	RTE_ProcessEventTable, .-RTE_ProcessEventTable
 136              		.text
 137              	.Letext0:
 138              		.file 2 ".\\sources\\bsw/global.h"
 139              		.file 3 "c:\\program files (x86)\\cypress\\psoc creator\\4.4\\psoc creator\\import\\gnu\\arm\\5.4.
 140              		.file 4 "c:\\program files (x86)\\cypress\\psoc creator\\4.4\\psoc creator\\import\\gnu\\arm\\5.4.
 141              		.file 5 "Generated_Source\\PSoC5/ErikaOS_1_common_ee_types.inc"
 142              		.file 6 "Generated_Source\\PSoC5/ErikaOS_1_cortex_mx_ee_cpu.inc"
 143              		.file 7 "Generated_Source\\PSoC5/ErikaOS_1_ee_oo_common.inc"
 144              		.file 8 "sources\\rte\\rte_types.h"
 145              		.file 9 "sources\\rte\\rte.h"
 146              		.file 10 "Generated_Source\\PSoC5/ErikaOS_1_ee_oo_intfunc.inc"
 147              		.file 11 "Generated_Source\\PSoC5/ErikaOS_1_cortex_mx_ee_context.inc"
 148              		.file 12 "Generated_Source\\PSoC5/ErikaOS_1_common_ee_primitives.inc"
 149              		.file 13 "Generated_Source\\PSoC5/core_cm3.h"
 150              		.section	.debug_info,"",%progbits
 151              	.Ldebug_info0:
 152 0000 71030000 		.4byte	0x371
 153 0004 0400     		.2byte	0x4
 154 0006 00000000 		.4byte	.Ldebug_abbrev0
 155 000a 04       		.byte	0x4
 156 000b 01       		.uleb128 0x1
 157 000c 1F030000 		.4byte	.LASF68
 158 0010 0C       		.byte	0xc
 159 0011 79000000 		.4byte	.LASF69
 160 0015 93020000 		.4byte	.LASF70
 161 0019 00000000 		.4byte	.Ldebug_ranges0+0
 162 001d 00000000 		.4byte	0
 163 0021 00000000 		.4byte	.Ldebug_line0
 164 0025 02       		.uleb128 0x2
 165 0026 01       		.byte	0x1
 166 0027 06       		.byte	0x6
 167 0028 09020000 		.4byte	.LASF0
 168 002c 02       		.uleb128 0x2
 169 002d 01       		.byte	0x1
 170 002e 08       		.byte	0x8
 171 002f F1010000 		.4byte	.LASF1
 172 0033 02       		.uleb128 0x2
 173 0034 02       		.byte	0x2
 174 0035 05       		.byte	0x5
 175 0036 40000000 		.4byte	.LASF2
 176 003a 03       		.uleb128 0x3
 177 003b 61020000 		.4byte	.LASF5
 178 003f 02       		.byte	0x2
 179 0040 93       		.byte	0x93
 180 0041 45000000 		.4byte	0x45
 181 0045 02       		.uleb128 0x2
 182 0046 02       		.byte	0x2
 183 0047 07       		.byte	0x7
ARM GAS  C:\Users\Asus\AppData\Local\Temp\ccFi7kty.s 			page 6


 184 0048 FA020000 		.4byte	.LASF3
 185 004c 02       		.uleb128 0x2
 186 004d 04       		.byte	0x4
 187 004e 05       		.byte	0x5
 188 004f 99010000 		.4byte	.LASF4
 189 0053 03       		.uleb128 0x3
 190 0054 3D020000 		.4byte	.LASF6
 191 0058 02       		.byte	0x2
 192 0059 96       		.byte	0x96
 193 005a 5E000000 		.4byte	0x5e
 194 005e 02       		.uleb128 0x2
 195 005f 04       		.byte	0x4
 196 0060 07       		.byte	0x7
 197 0061 0B040000 		.4byte	.LASF7
 198 0065 02       		.uleb128 0x2
 199 0066 04       		.byte	0x4
 200 0067 04       		.byte	0x4
 201 0068 2F010000 		.4byte	.LASF8
 202 006c 02       		.uleb128 0x2
 203 006d 08       		.byte	0x8
 204 006e 04       		.byte	0x4
 205 006f 1D040000 		.4byte	.LASF9
 206 0073 02       		.uleb128 0x2
 207 0074 08       		.byte	0x8
 208 0075 05       		.byte	0x5
 209 0076 4E010000 		.4byte	.LASF10
 210 007a 02       		.uleb128 0x2
 211 007b 08       		.byte	0x8
 212 007c 07       		.byte	0x7
 213 007d 15020000 		.4byte	.LASF11
 214 0081 02       		.uleb128 0x2
 215 0082 01       		.byte	0x1
 216 0083 08       		.byte	0x8
 217 0084 AD030000 		.4byte	.LASF12
 218 0088 04       		.uleb128 0x4
 219 0089 01       		.byte	0x1
 220 008a 25000000 		.4byte	0x25
 221 008e 02       		.byte	0x2
 222 008f CF       		.byte	0xcf
 223 0090 31010000 		.4byte	0x131
 224 0094 05       		.uleb128 0x5
 225 0095 21000000 		.4byte	.LASF13
 226 0099 00       		.byte	0
 227 009a 06       		.uleb128 0x6
 228 009b A0040000 		.4byte	.LASF14
 229 009f 7F       		.sleb128 -1
 230 00a0 06       		.uleb128 0x6
 231 00a1 6A020000 		.4byte	.LASF15
 232 00a5 7E       		.sleb128 -2
 233 00a6 06       		.uleb128 0x6
 234 00a7 8B000000 		.4byte	.LASF16
 235 00ab 7D       		.sleb128 -3
 236 00ac 06       		.uleb128 0x6
 237 00ad A9040000 		.4byte	.LASF17
 238 00b1 7C       		.sleb128 -4
 239 00b2 06       		.uleb128 0x6
 240 00b3 20010000 		.4byte	.LASF18
ARM GAS  C:\Users\Asus\AppData\Local\Temp\ccFi7kty.s 			page 7


 241 00b7 7B       		.sleb128 -5
 242 00b8 06       		.uleb128 0x6
 243 00b9 4A000000 		.4byte	.LASF19
 244 00bd 7A       		.sleb128 -6
 245 00be 06       		.uleb128 0x6
 246 00bf A2010000 		.4byte	.LASF20
 247 00c3 79       		.sleb128 -7
 248 00c4 06       		.uleb128 0x6
 249 00c5 B2030000 		.4byte	.LASF21
 250 00c9 78       		.sleb128 -8
 251 00ca 06       		.uleb128 0x6
 252 00cb 78020000 		.4byte	.LASF22
 253 00cf 77       		.sleb128 -9
 254 00d0 06       		.uleb128 0x6
 255 00d1 B4010000 		.4byte	.LASF23
 256 00d5 76       		.sleb128 -10
 257 00d6 06       		.uleb128 0x6
 258 00d7 D6040000 		.4byte	.LASF24
 259 00db 75       		.sleb128 -11
 260 00dc 06       		.uleb128 0x6
 261 00dd 53020000 		.4byte	.LASF25
 262 00e1 74       		.sleb128 -12
 263 00e2 06       		.uleb128 0x6
 264 00e3 24040000 		.4byte	.LASF26
 265 00e7 73       		.sleb128 -13
 266 00e8 06       		.uleb128 0x6
 267 00e9 0E000000 		.4byte	.LASF27
 268 00ed 72       		.sleb128 -14
 269 00ee 06       		.uleb128 0x6
 270 00ef 2C000000 		.4byte	.LASF28
 271 00f3 71       		.sleb128 -15
 272 00f4 06       		.uleb128 0x6
 273 00f5 C2010000 		.4byte	.LASF29
 274 00f9 70       		.sleb128 -16
 275 00fa 06       		.uleb128 0x6
 276 00fb A1000000 		.4byte	.LASF30
 277 00ff 6F       		.sleb128 -17
 278 0100 06       		.uleb128 0x6
 279 0101 5B000000 		.4byte	.LASF31
 280 0105 6E       		.sleb128 -18
 281 0106 06       		.uleb128 0x6
 282 0107 75010000 		.4byte	.LASF32
 283 010b 6D       		.sleb128 -19
 284 010c 06       		.uleb128 0x6
 285 010d E5030000 		.4byte	.LASF33
 286 0111 6C       		.sleb128 -20
 287 0112 06       		.uleb128 0x6
 288 0113 D3010000 		.4byte	.LASF34
 289 0117 6B       		.sleb128 -21
 290 0118 06       		.uleb128 0x6
 291 0119 73040000 		.4byte	.LASF35
 292 011d 6A       		.sleb128 -22
 293 011e 06       		.uleb128 0x6
 294 011f C2000000 		.4byte	.LASF36
 295 0123 69       		.sleb128 -23
 296 0124 06       		.uleb128 0x6
 297 0125 88010000 		.4byte	.LASF37
ARM GAS  C:\Users\Asus\AppData\Local\Temp\ccFi7kty.s 			page 8


 298 0129 68       		.sleb128 -24
 299 012a 06       		.uleb128 0x6
 300 012b 35010000 		.4byte	.LASF38
 301 012f 67       		.sleb128 -25
 302 0130 00       		.byte	0
 303 0131 03       		.uleb128 0x3
 304 0132 D1040000 		.4byte	.LASF39
 305 0136 02       		.byte	0x2
 306 0137 EA       		.byte	0xea
 307 0138 88000000 		.4byte	0x88
 308 013c 03       		.uleb128 0x3
 309 013d 5F040000 		.4byte	.LASF40
 310 0141 03       		.byte	0x3
 311 0142 3F       		.byte	0x3f
 312 0143 4C000000 		.4byte	0x4c
 313 0147 07       		.uleb128 0x7
 314 0148 04       		.byte	0x4
 315 0149 05       		.byte	0x5
 316 014a 696E7400 		.ascii	"int\000"
 317 014e 02       		.uleb128 0x2
 318 014f 04       		.byte	0x4
 319 0150 07       		.byte	0x7
 320 0151 46020000 		.4byte	.LASF41
 321 0155 03       		.uleb128 0x3
 322 0156 C7030000 		.4byte	.LASF42
 323 015a 04       		.byte	0x4
 324 015b 2C       		.byte	0x2c
 325 015c 3C010000 		.4byte	0x13c
 326 0160 02       		.uleb128 0x2
 327 0161 08       		.byte	0x8
 328 0162 04       		.byte	0x4
 329 0163 E5010000 		.4byte	.LASF43
 330 0167 02       		.uleb128 0x2
 331 0168 04       		.byte	0x4
 332 0169 07       		.byte	0x7
 333 016a 70000000 		.4byte	.LASF44
 334 016e 03       		.uleb128 0x3
 335 016f F4000000 		.4byte	.LASF45
 336 0173 05       		.byte	0x5
 337 0174 53       		.byte	0x53
 338 0175 47010000 		.4byte	0x147
 339 0179 03       		.uleb128 0x3
 340 017a FF010000 		.4byte	.LASF46
 341 017e 05       		.byte	0x5
 342 017f 54       		.byte	0x54
 343 0180 4E010000 		.4byte	0x14e
 344 0184 03       		.uleb128 0x3
 345 0185 36040000 		.4byte	.LASF47
 346 0189 06       		.byte	0x6
 347 018a 4D       		.byte	0x4d
 348 018b 79010000 		.4byte	0x179
 349 018f 03       		.uleb128 0x3
 350 0190 99000000 		.4byte	.LASF48
 351 0194 06       		.byte	0x6
 352 0195 4F       		.byte	0x4f
 353 0196 79010000 		.4byte	0x179
 354 019a 03       		.uleb128 0x3
ARM GAS  C:\Users\Asus\AppData\Local\Temp\ccFi7kty.s 			page 9


 355 019b BB000000 		.4byte	.LASF49
 356 019f 06       		.byte	0x6
 357 01a0 78       		.byte	0x78
 358 01a1 6E010000 		.4byte	0x16e
 359 01a5 08       		.uleb128 0x8
 360 01a6 00000000 		.4byte	.LASF50
 361 01aa 07       		.byte	0x7
 362 01ab 2C02     		.2byte	0x22c
 363 01ad 84010000 		.4byte	0x184
 364 01b1 03       		.uleb128 0x3
 365 01b2 69040000 		.4byte	.LASF51
 366 01b6 08       		.byte	0x8
 367 01b7 21       		.byte	0x21
 368 01b8 A5010000 		.4byte	0x1a5
 369 01bc 03       		.uleb128 0x3
 370 01bd 85040000 		.4byte	.LASF52
 371 01c1 09       		.byte	0x9
 372 01c2 66       		.byte	0x66
 373 01c3 C7010000 		.4byte	0x1c7
 374 01c7 09       		.uleb128 0x9
 375 01c8 04       		.byte	0x4
 376 01c9 CD010000 		.4byte	0x1cd
 377 01cd 0A       		.uleb128 0xa
 378 01ce D8010000 		.4byte	0x1d8
 379 01d2 0B       		.uleb128 0xb
 380 01d3 B1010000 		.4byte	0x1b1
 381 01d7 00       		.byte	0
 382 01d8 0C       		.uleb128 0xc
 383 01d9 08       		.byte	0x8
 384 01da 09       		.byte	0x9
 385 01db 6B       		.byte	0x6b
 386 01dc F9010000 		.4byte	0x1f9
 387 01e0 0D       		.uleb128 0xd
 388 01e1 72756E00 		.ascii	"run\000"
 389 01e5 09       		.byte	0x9
 390 01e6 6D       		.byte	0x6d
 391 01e7 BC010000 		.4byte	0x1bc
 392 01eb 00       		.byte	0
 393 01ec 0E       		.uleb128 0xe
 394 01ed FD000000 		.4byte	.LASF53
 395 01f1 09       		.byte	0x9
 396 01f2 6E       		.byte	0x6e
 397 01f3 3A000000 		.4byte	0x3a
 398 01f7 04       		.byte	0x4
 399 01f8 00       		.byte	0
 400 01f9 03       		.uleb128 0x3
 401 01fa 0D030000 		.4byte	.LASF54
 402 01fe 09       		.byte	0x9
 403 01ff 6F       		.byte	0x6f
 404 0200 D8010000 		.4byte	0x1d8
 405 0204 0C       		.uleb128 0xc
 406 0205 08       		.byte	0x8
 407 0206 09       		.byte	0x9
 408 0207 74       		.byte	0x74
 409 0208 25020000 		.4byte	0x225
 410 020c 0D       		.uleb128 0xd
 411 020d 72756E00 		.ascii	"run\000"
ARM GAS  C:\Users\Asus\AppData\Local\Temp\ccFi7kty.s 			page 10


 412 0211 09       		.byte	0x9
 413 0212 76       		.byte	0x76
 414 0213 BC010000 		.4byte	0x1bc
 415 0217 00       		.byte	0
 416 0218 0E       		.uleb128 0xe
 417 0219 B5000000 		.4byte	.LASF55
 418 021d 09       		.byte	0x9
 419 021e 77       		.byte	0x77
 420 021f A5010000 		.4byte	0x1a5
 421 0223 04       		.byte	0x4
 422 0224 00       		.byte	0
 423 0225 03       		.uleb128 0x3
 424 0226 2C020000 		.4byte	.LASF56
 425 022a 09       		.byte	0x9
 426 022b 78       		.byte	0x78
 427 022c 04020000 		.4byte	0x204
 428 0230 0F       		.uleb128 0xf
 429 0231 48040000 		.4byte	.LASF60
 430 0235 01       		.byte	0x1
 431 0236 3B       		.byte	0x3b
 432 0237 31010000 		.4byte	0x131
 433 023b 00000000 		.4byte	.LFB110
 434 023f 30000000 		.4byte	.LFE110-.LFB110
 435 0243 01       		.uleb128 0x1
 436 0244 9C       		.byte	0x9c
 437 0245 A4020000 		.4byte	0x2a4
 438 0249 10       		.uleb128 0x10
 439 024a D9000000 		.4byte	.LASF57
 440 024e 01       		.byte	0x1
 441 024f 3B       		.byte	0x3b
 442 0250 AF020000 		.4byte	0x2af
 443 0254 00000000 		.4byte	.LLST0
 444 0258 10       		.uleb128 0x10
 445 0259 3E040000 		.4byte	.LASF58
 446 025d 01       		.byte	0x1
 447 025e 3B       		.byte	0x3b
 448 025f 3A000000 		.4byte	0x3a
 449 0263 1E000000 		.4byte	.LLST1
 450 0267 10       		.uleb128 0x10
 451 0268 8E020000 		.4byte	.LASF59
 452 026c 01       		.byte	0x1
 453 026d 3B       		.byte	0x3b
 454 026e 53000000 		.4byte	0x53
 455 0272 3F000000 		.4byte	.LLST2
 456 0276 11       		.uleb128 0x11
 457 0277 726300   		.ascii	"rc\000"
 458 027a 01       		.byte	0x1
 459 027b 3D       		.byte	0x3d
 460 027c 31010000 		.4byte	0x131
 461 0280 00       		.byte	0
 462 0281 12       		.uleb128 0x12
 463 0282 08000000 		.4byte	.LBB2
 464 0286 24000000 		.4byte	.LBE2-.LBB2
 465 028a 13       		.uleb128 0x13
 466 028b 6900     		.ascii	"i\000"
 467 028d 01       		.byte	0x1
 468 028e 3F       		.byte	0x3f
ARM GAS  C:\Users\Asus\AppData\Local\Temp\ccFi7kty.s 			page 11


 469 028f 3A000000 		.4byte	0x3a
 470 0293 5D000000 		.4byte	.LLST3
 471 0297 14       		.uleb128 0x14
 472 0298 24000000 		.4byte	.LVL3
 473 029c 15       		.uleb128 0x15
 474 029d 01       		.uleb128 0x1
 475 029e 50       		.byte	0x50
 476 029f 01       		.uleb128 0x1
 477 02a0 30       		.byte	0x30
 478 02a1 00       		.byte	0
 479 02a2 00       		.byte	0
 480 02a3 00       		.byte	0
 481 02a4 09       		.uleb128 0x9
 482 02a5 04       		.byte	0x4
 483 02a6 AA020000 		.4byte	0x2aa
 484 02aa 16       		.uleb128 0x16
 485 02ab F9010000 		.4byte	0x1f9
 486 02af 16       		.uleb128 0x16
 487 02b0 A4020000 		.4byte	0x2a4
 488 02b4 17       		.uleb128 0x17
 489 02b5 CF030000 		.4byte	.LASF61
 490 02b9 01       		.byte	0x1
 491 02ba 53       		.byte	0x53
 492 02bb 31010000 		.4byte	0x131
 493 02bf 00000000 		.4byte	.LFB111
 494 02c3 28000000 		.4byte	.LFE111-.LFB111
 495 02c7 01       		.uleb128 0x1
 496 02c8 9C       		.byte	0x9c
 497 02c9 1C030000 		.4byte	0x31c
 498 02cd 10       		.uleb128 0x10
 499 02ce D9000000 		.4byte	.LASF57
 500 02d2 01       		.byte	0x1
 501 02d3 53       		.byte	0x53
 502 02d4 27030000 		.4byte	0x327
 503 02d8 87000000 		.4byte	.LLST4
 504 02dc 10       		.uleb128 0x10
 505 02dd 3E040000 		.4byte	.LASF58
 506 02e1 01       		.byte	0x1
 507 02e2 53       		.byte	0x53
 508 02e3 3A000000 		.4byte	0x3a
 509 02e7 A5000000 		.4byte	.LLST5
 510 02eb 18       		.uleb128 0x18
 511 02ec 657600   		.ascii	"ev\000"
 512 02ef 01       		.byte	0x1
 513 02f0 53       		.byte	0x53
 514 02f1 A5010000 		.4byte	0x1a5
 515 02f5 C6000000 		.4byte	.LLST6
 516 02f9 11       		.uleb128 0x11
 517 02fa 726300   		.ascii	"rc\000"
 518 02fd 01       		.byte	0x1
 519 02fe 55       		.byte	0x55
 520 02ff 31010000 		.4byte	0x131
 521 0303 00       		.byte	0
 522 0304 12       		.uleb128 0x12
 523 0305 08000000 		.4byte	.LBB3
 524 0309 1C000000 		.4byte	.LBE3-.LBB3
 525 030d 13       		.uleb128 0x13
ARM GAS  C:\Users\Asus\AppData\Local\Temp\ccFi7kty.s 			page 12


 526 030e 6900     		.ascii	"i\000"
 527 0310 01       		.byte	0x1
 528 0311 57       		.byte	0x57
 529 0312 3A000000 		.4byte	0x3a
 530 0316 E4000000 		.4byte	.LLST7
 531 031a 00       		.byte	0
 532 031b 00       		.byte	0
 533 031c 09       		.uleb128 0x9
 534 031d 04       		.byte	0x4
 535 031e 22030000 		.4byte	0x322
 536 0322 16       		.uleb128 0x16
 537 0323 25020000 		.4byte	0x225
 538 0327 16       		.uleb128 0x16
 539 0328 1C030000 		.4byte	0x31c
 540 032c 19       		.uleb128 0x19
 541 032d B9040000 		.4byte	.LASF62
 542 0331 0A       		.byte	0xa
 543 0332 40       		.byte	0x40
 544 0333 84010000 		.4byte	0x184
 545 0337 19       		.uleb128 0x19
 546 0338 5C010000 		.4byte	.LASF63
 547 033c 0A       		.byte	0xa
 548 033d 47       		.byte	0x47
 549 033e 8F010000 		.4byte	0x18f
 550 0342 19       		.uleb128 0x19
 551 0343 F8030000 		.4byte	.LASF64
 552 0347 0A       		.byte	0xa
 553 0348 4A       		.byte	0x4a
 554 0349 84010000 		.4byte	0x184
 555 034d 19       		.uleb128 0x19
 556 034e 07010000 		.4byte	.LASF65
 557 0352 0B       		.byte	0xb
 558 0353 48       		.byte	0x48
 559 0354 9A010000 		.4byte	0x19a
 560 0358 19       		.uleb128 0x19
 561 0359 DF000000 		.4byte	.LASF66
 562 035d 0C       		.byte	0xc
 563 035e 44       		.byte	0x44
 564 035f 84010000 		.4byte	0x184
 565 0363 1A       		.uleb128 0x1a
 566 0364 93040000 		.4byte	.LASF67
 567 0368 0D       		.byte	0xd
 568 0369 1207     		.2byte	0x712
 569 036b 6F030000 		.4byte	0x36f
 570 036f 1B       		.uleb128 0x1b
 571 0370 55010000 		.4byte	0x155
 572 0374 00       		.byte	0
 573              		.section	.debug_abbrev,"",%progbits
 574              	.Ldebug_abbrev0:
 575 0000 01       		.uleb128 0x1
 576 0001 11       		.uleb128 0x11
 577 0002 01       		.byte	0x1
 578 0003 25       		.uleb128 0x25
 579 0004 0E       		.uleb128 0xe
 580 0005 13       		.uleb128 0x13
 581 0006 0B       		.uleb128 0xb
 582 0007 03       		.uleb128 0x3
ARM GAS  C:\Users\Asus\AppData\Local\Temp\ccFi7kty.s 			page 13


 583 0008 0E       		.uleb128 0xe
 584 0009 1B       		.uleb128 0x1b
 585 000a 0E       		.uleb128 0xe
 586 000b 55       		.uleb128 0x55
 587 000c 17       		.uleb128 0x17
 588 000d 11       		.uleb128 0x11
 589 000e 01       		.uleb128 0x1
 590 000f 10       		.uleb128 0x10
 591 0010 17       		.uleb128 0x17
 592 0011 00       		.byte	0
 593 0012 00       		.byte	0
 594 0013 02       		.uleb128 0x2
 595 0014 24       		.uleb128 0x24
 596 0015 00       		.byte	0
 597 0016 0B       		.uleb128 0xb
 598 0017 0B       		.uleb128 0xb
 599 0018 3E       		.uleb128 0x3e
 600 0019 0B       		.uleb128 0xb
 601 001a 03       		.uleb128 0x3
 602 001b 0E       		.uleb128 0xe
 603 001c 00       		.byte	0
 604 001d 00       		.byte	0
 605 001e 03       		.uleb128 0x3
 606 001f 16       		.uleb128 0x16
 607 0020 00       		.byte	0
 608 0021 03       		.uleb128 0x3
 609 0022 0E       		.uleb128 0xe
 610 0023 3A       		.uleb128 0x3a
 611 0024 0B       		.uleb128 0xb
 612 0025 3B       		.uleb128 0x3b
 613 0026 0B       		.uleb128 0xb
 614 0027 49       		.uleb128 0x49
 615 0028 13       		.uleb128 0x13
 616 0029 00       		.byte	0
 617 002a 00       		.byte	0
 618 002b 04       		.uleb128 0x4
 619 002c 04       		.uleb128 0x4
 620 002d 01       		.byte	0x1
 621 002e 0B       		.uleb128 0xb
 622 002f 0B       		.uleb128 0xb
 623 0030 49       		.uleb128 0x49
 624 0031 13       		.uleb128 0x13
 625 0032 3A       		.uleb128 0x3a
 626 0033 0B       		.uleb128 0xb
 627 0034 3B       		.uleb128 0x3b
 628 0035 0B       		.uleb128 0xb
 629 0036 01       		.uleb128 0x1
 630 0037 13       		.uleb128 0x13
 631 0038 00       		.byte	0
 632 0039 00       		.byte	0
 633 003a 05       		.uleb128 0x5
 634 003b 28       		.uleb128 0x28
 635 003c 00       		.byte	0
 636 003d 03       		.uleb128 0x3
 637 003e 0E       		.uleb128 0xe
 638 003f 1C       		.uleb128 0x1c
 639 0040 0B       		.uleb128 0xb
ARM GAS  C:\Users\Asus\AppData\Local\Temp\ccFi7kty.s 			page 14


 640 0041 00       		.byte	0
 641 0042 00       		.byte	0
 642 0043 06       		.uleb128 0x6
 643 0044 28       		.uleb128 0x28
 644 0045 00       		.byte	0
 645 0046 03       		.uleb128 0x3
 646 0047 0E       		.uleb128 0xe
 647 0048 1C       		.uleb128 0x1c
 648 0049 0D       		.uleb128 0xd
 649 004a 00       		.byte	0
 650 004b 00       		.byte	0
 651 004c 07       		.uleb128 0x7
 652 004d 24       		.uleb128 0x24
 653 004e 00       		.byte	0
 654 004f 0B       		.uleb128 0xb
 655 0050 0B       		.uleb128 0xb
 656 0051 3E       		.uleb128 0x3e
 657 0052 0B       		.uleb128 0xb
 658 0053 03       		.uleb128 0x3
 659 0054 08       		.uleb128 0x8
 660 0055 00       		.byte	0
 661 0056 00       		.byte	0
 662 0057 08       		.uleb128 0x8
 663 0058 16       		.uleb128 0x16
 664 0059 00       		.byte	0
 665 005a 03       		.uleb128 0x3
 666 005b 0E       		.uleb128 0xe
 667 005c 3A       		.uleb128 0x3a
 668 005d 0B       		.uleb128 0xb
 669 005e 3B       		.uleb128 0x3b
 670 005f 05       		.uleb128 0x5
 671 0060 49       		.uleb128 0x49
 672 0061 13       		.uleb128 0x13
 673 0062 00       		.byte	0
 674 0063 00       		.byte	0
 675 0064 09       		.uleb128 0x9
 676 0065 0F       		.uleb128 0xf
 677 0066 00       		.byte	0
 678 0067 0B       		.uleb128 0xb
 679 0068 0B       		.uleb128 0xb
 680 0069 49       		.uleb128 0x49
 681 006a 13       		.uleb128 0x13
 682 006b 00       		.byte	0
 683 006c 00       		.byte	0
 684 006d 0A       		.uleb128 0xa
 685 006e 15       		.uleb128 0x15
 686 006f 01       		.byte	0x1
 687 0070 27       		.uleb128 0x27
 688 0071 19       		.uleb128 0x19
 689 0072 01       		.uleb128 0x1
 690 0073 13       		.uleb128 0x13
 691 0074 00       		.byte	0
 692 0075 00       		.byte	0
 693 0076 0B       		.uleb128 0xb
 694 0077 05       		.uleb128 0x5
 695 0078 00       		.byte	0
 696 0079 49       		.uleb128 0x49
ARM GAS  C:\Users\Asus\AppData\Local\Temp\ccFi7kty.s 			page 15


 697 007a 13       		.uleb128 0x13
 698 007b 00       		.byte	0
 699 007c 00       		.byte	0
 700 007d 0C       		.uleb128 0xc
 701 007e 13       		.uleb128 0x13
 702 007f 01       		.byte	0x1
 703 0080 0B       		.uleb128 0xb
 704 0081 0B       		.uleb128 0xb
 705 0082 3A       		.uleb128 0x3a
 706 0083 0B       		.uleb128 0xb
 707 0084 3B       		.uleb128 0x3b
 708 0085 0B       		.uleb128 0xb
 709 0086 01       		.uleb128 0x1
 710 0087 13       		.uleb128 0x13
 711 0088 00       		.byte	0
 712 0089 00       		.byte	0
 713 008a 0D       		.uleb128 0xd
 714 008b 0D       		.uleb128 0xd
 715 008c 00       		.byte	0
 716 008d 03       		.uleb128 0x3
 717 008e 08       		.uleb128 0x8
 718 008f 3A       		.uleb128 0x3a
 719 0090 0B       		.uleb128 0xb
 720 0091 3B       		.uleb128 0x3b
 721 0092 0B       		.uleb128 0xb
 722 0093 49       		.uleb128 0x49
 723 0094 13       		.uleb128 0x13
 724 0095 38       		.uleb128 0x38
 725 0096 0B       		.uleb128 0xb
 726 0097 00       		.byte	0
 727 0098 00       		.byte	0
 728 0099 0E       		.uleb128 0xe
 729 009a 0D       		.uleb128 0xd
 730 009b 00       		.byte	0
 731 009c 03       		.uleb128 0x3
 732 009d 0E       		.uleb128 0xe
 733 009e 3A       		.uleb128 0x3a
 734 009f 0B       		.uleb128 0xb
 735 00a0 3B       		.uleb128 0x3b
 736 00a1 0B       		.uleb128 0xb
 737 00a2 49       		.uleb128 0x49
 738 00a3 13       		.uleb128 0x13
 739 00a4 38       		.uleb128 0x38
 740 00a5 0B       		.uleb128 0xb
 741 00a6 00       		.byte	0
 742 00a7 00       		.byte	0
 743 00a8 0F       		.uleb128 0xf
 744 00a9 2E       		.uleb128 0x2e
 745 00aa 01       		.byte	0x1
 746 00ab 3F       		.uleb128 0x3f
 747 00ac 19       		.uleb128 0x19
 748 00ad 03       		.uleb128 0x3
 749 00ae 0E       		.uleb128 0xe
 750 00af 3A       		.uleb128 0x3a
 751 00b0 0B       		.uleb128 0xb
 752 00b1 3B       		.uleb128 0x3b
 753 00b2 0B       		.uleb128 0xb
ARM GAS  C:\Users\Asus\AppData\Local\Temp\ccFi7kty.s 			page 16


 754 00b3 27       		.uleb128 0x27
 755 00b4 19       		.uleb128 0x19
 756 00b5 49       		.uleb128 0x49
 757 00b6 13       		.uleb128 0x13
 758 00b7 11       		.uleb128 0x11
 759 00b8 01       		.uleb128 0x1
 760 00b9 12       		.uleb128 0x12
 761 00ba 06       		.uleb128 0x6
 762 00bb 40       		.uleb128 0x40
 763 00bc 18       		.uleb128 0x18
 764 00bd 9742     		.uleb128 0x2117
 765 00bf 19       		.uleb128 0x19
 766 00c0 01       		.uleb128 0x1
 767 00c1 13       		.uleb128 0x13
 768 00c2 00       		.byte	0
 769 00c3 00       		.byte	0
 770 00c4 10       		.uleb128 0x10
 771 00c5 05       		.uleb128 0x5
 772 00c6 00       		.byte	0
 773 00c7 03       		.uleb128 0x3
 774 00c8 0E       		.uleb128 0xe
 775 00c9 3A       		.uleb128 0x3a
 776 00ca 0B       		.uleb128 0xb
 777 00cb 3B       		.uleb128 0x3b
 778 00cc 0B       		.uleb128 0xb
 779 00cd 49       		.uleb128 0x49
 780 00ce 13       		.uleb128 0x13
 781 00cf 02       		.uleb128 0x2
 782 00d0 17       		.uleb128 0x17
 783 00d1 00       		.byte	0
 784 00d2 00       		.byte	0
 785 00d3 11       		.uleb128 0x11
 786 00d4 34       		.uleb128 0x34
 787 00d5 00       		.byte	0
 788 00d6 03       		.uleb128 0x3
 789 00d7 08       		.uleb128 0x8
 790 00d8 3A       		.uleb128 0x3a
 791 00d9 0B       		.uleb128 0xb
 792 00da 3B       		.uleb128 0x3b
 793 00db 0B       		.uleb128 0xb
 794 00dc 49       		.uleb128 0x49
 795 00dd 13       		.uleb128 0x13
 796 00de 1C       		.uleb128 0x1c
 797 00df 0B       		.uleb128 0xb
 798 00e0 00       		.byte	0
 799 00e1 00       		.byte	0
 800 00e2 12       		.uleb128 0x12
 801 00e3 0B       		.uleb128 0xb
 802 00e4 01       		.byte	0x1
 803 00e5 11       		.uleb128 0x11
 804 00e6 01       		.uleb128 0x1
 805 00e7 12       		.uleb128 0x12
 806 00e8 06       		.uleb128 0x6
 807 00e9 00       		.byte	0
 808 00ea 00       		.byte	0
 809 00eb 13       		.uleb128 0x13
 810 00ec 34       		.uleb128 0x34
ARM GAS  C:\Users\Asus\AppData\Local\Temp\ccFi7kty.s 			page 17


 811 00ed 00       		.byte	0
 812 00ee 03       		.uleb128 0x3
 813 00ef 08       		.uleb128 0x8
 814 00f0 3A       		.uleb128 0x3a
 815 00f1 0B       		.uleb128 0xb
 816 00f2 3B       		.uleb128 0x3b
 817 00f3 0B       		.uleb128 0xb
 818 00f4 49       		.uleb128 0x49
 819 00f5 13       		.uleb128 0x13
 820 00f6 02       		.uleb128 0x2
 821 00f7 17       		.uleb128 0x17
 822 00f8 00       		.byte	0
 823 00f9 00       		.byte	0
 824 00fa 14       		.uleb128 0x14
 825 00fb 898201   		.uleb128 0x4109
 826 00fe 01       		.byte	0x1
 827 00ff 11       		.uleb128 0x11
 828 0100 01       		.uleb128 0x1
 829 0101 00       		.byte	0
 830 0102 00       		.byte	0
 831 0103 15       		.uleb128 0x15
 832 0104 8A8201   		.uleb128 0x410a
 833 0107 00       		.byte	0
 834 0108 02       		.uleb128 0x2
 835 0109 18       		.uleb128 0x18
 836 010a 9142     		.uleb128 0x2111
 837 010c 18       		.uleb128 0x18
 838 010d 00       		.byte	0
 839 010e 00       		.byte	0
 840 010f 16       		.uleb128 0x16
 841 0110 26       		.uleb128 0x26
 842 0111 00       		.byte	0
 843 0112 49       		.uleb128 0x49
 844 0113 13       		.uleb128 0x13
 845 0114 00       		.byte	0
 846 0115 00       		.byte	0
 847 0116 17       		.uleb128 0x17
 848 0117 2E       		.uleb128 0x2e
 849 0118 01       		.byte	0x1
 850 0119 3F       		.uleb128 0x3f
 851 011a 19       		.uleb128 0x19
 852 011b 03       		.uleb128 0x3
 853 011c 0E       		.uleb128 0xe
 854 011d 3A       		.uleb128 0x3a
 855 011e 0B       		.uleb128 0xb
 856 011f 3B       		.uleb128 0x3b
 857 0120 0B       		.uleb128 0xb
 858 0121 27       		.uleb128 0x27
 859 0122 19       		.uleb128 0x19
 860 0123 49       		.uleb128 0x49
 861 0124 13       		.uleb128 0x13
 862 0125 11       		.uleb128 0x11
 863 0126 01       		.uleb128 0x1
 864 0127 12       		.uleb128 0x12
 865 0128 06       		.uleb128 0x6
 866 0129 40       		.uleb128 0x40
 867 012a 18       		.uleb128 0x18
ARM GAS  C:\Users\Asus\AppData\Local\Temp\ccFi7kty.s 			page 18


 868 012b 9642     		.uleb128 0x2116
 869 012d 19       		.uleb128 0x19
 870 012e 01       		.uleb128 0x1
 871 012f 13       		.uleb128 0x13
 872 0130 00       		.byte	0
 873 0131 00       		.byte	0
 874 0132 18       		.uleb128 0x18
 875 0133 05       		.uleb128 0x5
 876 0134 00       		.byte	0
 877 0135 03       		.uleb128 0x3
 878 0136 08       		.uleb128 0x8
 879 0137 3A       		.uleb128 0x3a
 880 0138 0B       		.uleb128 0xb
 881 0139 3B       		.uleb128 0x3b
 882 013a 0B       		.uleb128 0xb
 883 013b 49       		.uleb128 0x49
 884 013c 13       		.uleb128 0x13
 885 013d 02       		.uleb128 0x2
 886 013e 17       		.uleb128 0x17
 887 013f 00       		.byte	0
 888 0140 00       		.byte	0
 889 0141 19       		.uleb128 0x19
 890 0142 34       		.uleb128 0x34
 891 0143 00       		.byte	0
 892 0144 03       		.uleb128 0x3
 893 0145 0E       		.uleb128 0xe
 894 0146 3A       		.uleb128 0x3a
 895 0147 0B       		.uleb128 0xb
 896 0148 3B       		.uleb128 0x3b
 897 0149 0B       		.uleb128 0xb
 898 014a 49       		.uleb128 0x49
 899 014b 13       		.uleb128 0x13
 900 014c 3F       		.uleb128 0x3f
 901 014d 19       		.uleb128 0x19
 902 014e 3C       		.uleb128 0x3c
 903 014f 19       		.uleb128 0x19
 904 0150 00       		.byte	0
 905 0151 00       		.byte	0
 906 0152 1A       		.uleb128 0x1a
 907 0153 34       		.uleb128 0x34
 908 0154 00       		.byte	0
 909 0155 03       		.uleb128 0x3
 910 0156 0E       		.uleb128 0xe
 911 0157 3A       		.uleb128 0x3a
 912 0158 0B       		.uleb128 0xb
 913 0159 3B       		.uleb128 0x3b
 914 015a 05       		.uleb128 0x5
 915 015b 49       		.uleb128 0x49
 916 015c 13       		.uleb128 0x13
 917 015d 3F       		.uleb128 0x3f
 918 015e 19       		.uleb128 0x19
 919 015f 3C       		.uleb128 0x3c
 920 0160 19       		.uleb128 0x19
 921 0161 00       		.byte	0
 922 0162 00       		.byte	0
 923 0163 1B       		.uleb128 0x1b
 924 0164 35       		.uleb128 0x35
ARM GAS  C:\Users\Asus\AppData\Local\Temp\ccFi7kty.s 			page 19


 925 0165 00       		.byte	0
 926 0166 49       		.uleb128 0x49
 927 0167 13       		.uleb128 0x13
 928 0168 00       		.byte	0
 929 0169 00       		.byte	0
 930 016a 00       		.byte	0
 931              		.section	.debug_loc,"",%progbits
 932              	.Ldebug_loc0:
 933              	.LLST0:
 934 0000 00000000 		.4byte	.LVL0
 935 0004 0C000000 		.4byte	.LVL2
 936 0008 0100     		.2byte	0x1
 937 000a 50       		.byte	0x50
 938 000b 0C000000 		.4byte	.LVL2
 939 000f 30000000 		.4byte	.LFE110
 940 0013 0100     		.2byte	0x1
 941 0015 56       		.byte	0x56
 942 0016 00000000 		.4byte	0
 943 001a 00000000 		.4byte	0
 944              	.LLST1:
 945 001e 00000000 		.4byte	.LVL0
 946 0022 0C000000 		.4byte	.LVL2
 947 0026 0100     		.2byte	0x1
 948 0028 51       		.byte	0x51
 949 0029 0C000000 		.4byte	.LVL2
 950 002d 30000000 		.4byte	.LFE110
 951 0031 0400     		.2byte	0x4
 952 0033 F3       		.byte	0xf3
 953 0034 01       		.uleb128 0x1
 954 0035 51       		.byte	0x51
 955 0036 9F       		.byte	0x9f
 956 0037 00000000 		.4byte	0
 957 003b 00000000 		.4byte	0
 958              	.LLST2:
 959 003f 00000000 		.4byte	.LVL0
 960 0043 0C000000 		.4byte	.LVL2
 961 0047 0100     		.2byte	0x1
 962 0049 52       		.byte	0x52
 963 004a 0C000000 		.4byte	.LVL2
 964 004e 30000000 		.4byte	.LFE110
 965 0052 0100     		.2byte	0x1
 966 0054 55       		.byte	0x55
 967 0055 00000000 		.4byte	0
 968 0059 00000000 		.4byte	0
 969              	.LLST3:
 970 005d 08000000 		.4byte	.LVL1
 971 0061 0C000000 		.4byte	.LVL2
 972 0065 0200     		.2byte	0x2
 973 0067 30       		.byte	0x30
 974 0068 9F       		.byte	0x9f
 975 0069 0C000000 		.4byte	.LVL2
 976 006d 26000000 		.4byte	.LVL4
 977 0071 0100     		.2byte	0x1
 978 0073 54       		.byte	0x54
 979 0074 28000000 		.4byte	.LVL5
 980 0078 30000000 		.4byte	.LFE110
 981 007c 0100     		.2byte	0x1
ARM GAS  C:\Users\Asus\AppData\Local\Temp\ccFi7kty.s 			page 20


 982 007e 54       		.byte	0x54
 983 007f 00000000 		.4byte	0
 984 0083 00000000 		.4byte	0
 985              	.LLST4:
 986 0087 00000000 		.4byte	.LVL6
 987 008b 0C000000 		.4byte	.LVL8
 988 008f 0100     		.2byte	0x1
 989 0091 50       		.byte	0x50
 990 0092 0C000000 		.4byte	.LVL8
 991 0096 28000000 		.4byte	.LFE111
 992 009a 0100     		.2byte	0x1
 993 009c 55       		.byte	0x55
 994 009d 00000000 		.4byte	0
 995 00a1 00000000 		.4byte	0
 996              	.LLST5:
 997 00a5 00000000 		.4byte	.LVL6
 998 00a9 0C000000 		.4byte	.LVL8
 999 00ad 0100     		.2byte	0x1
 1000 00af 51       		.byte	0x51
 1001 00b0 0C000000 		.4byte	.LVL8
 1002 00b4 28000000 		.4byte	.LFE111
 1003 00b8 0400     		.2byte	0x4
 1004 00ba F3       		.byte	0xf3
 1005 00bb 01       		.uleb128 0x1
 1006 00bc 51       		.byte	0x51
 1007 00bd 9F       		.byte	0x9f
 1008 00be 00000000 		.4byte	0
 1009 00c2 00000000 		.4byte	0
 1010              	.LLST6:
 1011 00c6 00000000 		.4byte	.LVL6
 1012 00ca 0C000000 		.4byte	.LVL8
 1013 00ce 0100     		.2byte	0x1
 1014 00d0 52       		.byte	0x52
 1015 00d1 0C000000 		.4byte	.LVL8
 1016 00d5 28000000 		.4byte	.LFE111
 1017 00d9 0100     		.2byte	0x1
 1018 00db 57       		.byte	0x57
 1019 00dc 00000000 		.4byte	0
 1020 00e0 00000000 		.4byte	0
 1021              	.LLST7:
 1022 00e4 08000000 		.4byte	.LVL7
 1023 00e8 0C000000 		.4byte	.LVL8
 1024 00ec 0200     		.2byte	0x2
 1025 00ee 30       		.byte	0x30
 1026 00ef 9F       		.byte	0x9f
 1027 00f0 0C000000 		.4byte	.LVL8
 1028 00f4 1E000000 		.4byte	.LVL10
 1029 00f8 0100     		.2byte	0x1
 1030 00fa 54       		.byte	0x54
 1031 00fb 20000000 		.4byte	.LVL11
 1032 00ff 28000000 		.4byte	.LFE111
 1033 0103 0100     		.2byte	0x1
 1034 0105 54       		.byte	0x54
 1035 0106 00000000 		.4byte	0
 1036 010a 00000000 		.4byte	0
 1037              		.section	.debug_aranges,"",%progbits
 1038 0000 24000000 		.4byte	0x24
ARM GAS  C:\Users\Asus\AppData\Local\Temp\ccFi7kty.s 			page 21


 1039 0004 0200     		.2byte	0x2
 1040 0006 00000000 		.4byte	.Ldebug_info0
 1041 000a 04       		.byte	0x4
 1042 000b 00       		.byte	0
 1043 000c 0000     		.2byte	0
 1044 000e 0000     		.2byte	0
 1045 0010 00000000 		.4byte	.LFB110
 1046 0014 30000000 		.4byte	.LFE110-.LFB110
 1047 0018 00000000 		.4byte	.LFB111
 1048 001c 28000000 		.4byte	.LFE111-.LFB111
 1049 0020 00000000 		.4byte	0
 1050 0024 00000000 		.4byte	0
 1051              		.section	.debug_ranges,"",%progbits
 1052              	.Ldebug_ranges0:
 1053 0000 00000000 		.4byte	.LFB110
 1054 0004 30000000 		.4byte	.LFE110
 1055 0008 00000000 		.4byte	.LFB111
 1056 000c 28000000 		.4byte	.LFE111
 1057 0010 00000000 		.4byte	0
 1058 0014 00000000 		.4byte	0
 1059              		.section	.debug_line,"",%progbits
 1060              	.Ldebug_line0:
 1061 0000 91020000 		.section	.debug_str,"MS",%progbits,1
 1061      02004802 
 1061      00000201 
 1061      FB0E0D00 
 1061      01010101 
 1062              	.LASF50:
 1063 0000 4576656E 		.ascii	"EventMaskType\000"
 1063      744D6173 
 1063      6B547970 
 1063      6500
 1064              	.LASF27:
 1065 000e 52435F45 		.ascii	"RC_ERROR_READ_ONLY\000"
 1065      52524F52 
 1065      5F524541 
 1065      445F4F4E 
 1065      4C5900
 1066              	.LASF13:
 1067 0021 52435F53 		.ascii	"RC_SUCCESS\000"
 1067      55434345 
 1067      535300
 1068              	.LASF28:
 1069 002c 52435F45 		.ascii	"RC_ERROR_WRITE_ONLY\000"
 1069      52524F52 
 1069      5F575249 
 1069      54455F4F 
 1069      4E4C5900 
 1070              	.LASF2:
 1071 0040 73686F72 		.ascii	"short int\000"
 1071      7420696E 
 1071      7400
 1072              	.LASF19:
 1073 004a 52435F45 		.ascii	"RC_ERROR_OVERRUN\000"
 1073      52524F52 
 1073      5F4F5645 
 1073      5252554E 
ARM GAS  C:\Users\Asus\AppData\Local\Temp\ccFi7kty.s 			page 22


 1073      00
 1074              	.LASF31:
 1075 005b 52435F45 		.ascii	"RC_ERROR_WRITE_FAILS\000"
 1075      52524F52 
 1075      5F575249 
 1075      54455F46 
 1075      41494C53 
 1076              	.LASF44:
 1077 0070 73697A65 		.ascii	"sizetype\000"
 1077      74797065 
 1077      00
 1078              	.LASF69:
 1079 0079 736F7572 		.ascii	"sources\\rte\\rte.c\000"
 1079      6365735C 
 1079      7274655C 
 1079      7274652E 
 1079      6300
 1080              	.LASF16:
 1081 008b 52435F45 		.ascii	"RC_ERROR_ZERO\000"
 1081      52524F52 
 1081      5F5A4552 
 1081      4F00
 1082              	.LASF48:
 1083 0099 45455F46 		.ascii	"EE_FREG\000"
 1083      52454700 
 1084              	.LASF30:
 1085 00a1 52435F45 		.ascii	"RC_ERROR_READ_FAILS\000"
 1085      52524F52 
 1085      5F524541 
 1085      445F4641 
 1085      494C5300 
 1086              	.LASF55:
 1087 00b5 6576656E 		.ascii	"event\000"
 1087      7400
 1088              	.LASF49:
 1089 00bb 45455F54 		.ascii	"EE_TID\000"
 1089      494400
 1090              	.LASF36:
 1091 00c2 52435F45 		.ascii	"RC_ERROR_INVALID_STATE\000"
 1091      52524F52 
 1091      5F494E56 
 1091      414C4944 
 1091      5F535441 
 1092              	.LASF57:
 1093 00d9 7461626C 		.ascii	"table\000"
 1093      6500
 1094              	.LASF66:
 1095 00df 45455F49 		.ascii	"EE_IRQ_nesting_level\000"
 1095      52515F6E 
 1095      65737469 
 1095      6E675F6C 
 1095      6576656C 
 1096              	.LASF45:
 1097 00f4 45455F49 		.ascii	"EE_INT32\000"
 1097      4E543332 
 1097      00
 1098              	.LASF53:
ARM GAS  C:\Users\Asus\AppData\Local\Temp\ccFi7kty.s 			page 23


 1099 00fd 6379636C 		.ascii	"cycleTime\000"
 1099      6554696D 
 1099      6500
 1100              	.LASF65:
 1101 0107 45455F73 		.ascii	"EE_std_endcycle_next_tid\000"
 1101      74645F65 
 1101      6E646379 
 1101      636C655F 
 1101      6E657874 
 1102              	.LASF18:
 1103 0120 52435F45 		.ascii	"RC_ERROR_RANGE\000"
 1103      52524F52 
 1103      5F52414E 
 1103      474500
 1104              	.LASF8:
 1105 012f 666C6F61 		.ascii	"float\000"
 1105      7400
 1106              	.LASF38:
 1107 0135 52435F45 		.ascii	"RC_ERROR_NOT_IMPLEMENTED\000"
 1107      52524F52 
 1107      5F4E4F54 
 1107      5F494D50 
 1107      4C454D45 
 1108              	.LASF10:
 1109 014e 6C6F6E67 		.ascii	"long long int\000"
 1109      206C6F6E 
 1109      6720696E 
 1109      7400
 1110              	.LASF63:
 1111 015c 45455F6F 		.ascii	"EE_oo_IRQ_suspend_status\000"
 1111      6F5F4952 
 1111      515F7375 
 1111      7370656E 
 1111      645F7374 
 1112              	.LASF32:
 1113 0175 52435F45 		.ascii	"RC_ERROR_NOT_MATCH\000"
 1113      52524F52 
 1113      5F4E4F54 
 1113      5F4D4154 
 1113      434800
 1114              	.LASF37:
 1115 0188 52435F45 		.ascii	"RC_ERROR_UNKNOWN\000"
 1115      52524F52 
 1115      5F554E4B 
 1115      4E4F574E 
 1115      00
 1116              	.LASF4:
 1117 0199 6C6F6E67 		.ascii	"long int\000"
 1117      20696E74 
 1117      00
 1118              	.LASF20:
 1119 01a2 52435F45 		.ascii	"RC_ERROR_UNDERRUN\000"
 1119      52524F52 
 1119      5F554E44 
 1119      45525255 
 1119      4E00
 1120              	.LASF23:
ARM GAS  C:\Users\Asus\AppData\Local\Temp\ccFi7kty.s 			page 24


 1121 01b4 52435F45 		.ascii	"RC_ERROR_BUSY\000"
 1121      52524F52 
 1121      5F425553 
 1121      5900
 1122              	.LASF29:
 1123 01c2 52435F45 		.ascii	"RC_ERROR_INVALID\000"
 1123      52524F52 
 1123      5F494E56 
 1123      414C4944 
 1123      00
 1124              	.LASF34:
 1125 01d3 52435F45 		.ascii	"RC_ERROR_BAD_DATA\000"
 1125      52524F52 
 1125      5F424144 
 1125      5F444154 
 1125      4100
 1126              	.LASF43:
 1127 01e5 6C6F6E67 		.ascii	"long double\000"
 1127      20646F75 
 1127      626C6500 
 1128              	.LASF1:
 1129 01f1 756E7369 		.ascii	"unsigned char\000"
 1129      676E6564 
 1129      20636861 
 1129      7200
 1130              	.LASF46:
 1131 01ff 45455F55 		.ascii	"EE_UINT32\000"
 1131      494E5433 
 1131      3200
 1132              	.LASF0:
 1133 0209 7369676E 		.ascii	"signed char\000"
 1133      65642063 
 1133      68617200 
 1134              	.LASF11:
 1135 0215 6C6F6E67 		.ascii	"long long unsigned int\000"
 1135      206C6F6E 
 1135      6720756E 
 1135      7369676E 
 1135      65642069 
 1136              	.LASF56:
 1137 022c 5254455F 		.ascii	"RTE_eventTable_t\000"
 1137      6576656E 
 1137      74546162 
 1137      6C655F74 
 1137      00
 1138              	.LASF6:
 1139 023d 75696E74 		.ascii	"uint32_t\000"
 1139      33325F74 
 1139      00
 1140              	.LASF41:
 1141 0246 756E7369 		.ascii	"unsigned int\000"
 1141      676E6564 
 1141      20696E74 
 1141      00
 1142              	.LASF25:
 1143 0253 52435F45 		.ascii	"RC_ERROR_OPEN\000"
 1143      52524F52 
ARM GAS  C:\Users\Asus\AppData\Local\Temp\ccFi7kty.s 			page 25


 1143      5F4F5045 
 1143      4E00
 1144              	.LASF5:
 1145 0261 75696E74 		.ascii	"uint16_t\000"
 1145      31365F74 
 1145      00
 1146              	.LASF15:
 1147 026a 52435F45 		.ascii	"RC_ERROR_NULL\000"
 1147      52524F52 
 1147      5F4E554C 
 1147      4C00
 1148              	.LASF22:
 1149 0278 52435F45 		.ascii	"RC_ERROR_BUFFER_EMTPY\000"
 1149      52524F52 
 1149      5F425546 
 1149      4645525F 
 1149      454D5450 
 1150              	.LASF59:
 1151 028e 74696D65 		.ascii	"time\000"
 1151      00
 1152              	.LASF70:
 1153 0293 433A5C55 		.ascii	"C:\\Users\\Asus\\Desktop\\HDA\\Semester_2\\EAA\\Lab"
 1153      73657273 
 1153      5C417375 
 1153      735C4465 
 1153      736B746F 
 1154 02bf 5C4C6162 		.ascii	"\\Lab01\\Electronic_Gaspedal\\Electronic_Gaspedal\\"
 1154      30315C45 
 1154      6C656374 
 1154      726F6E69 
 1154      635F4761 
 1155 02ee 4C616230 		.ascii	"Lab01.cydsn\000"
 1155      312E6379 
 1155      64736E00 
 1156              	.LASF3:
 1157 02fa 73686F72 		.ascii	"short unsigned int\000"
 1157      7420756E 
 1157      7369676E 
 1157      65642069 
 1157      6E7400
 1158              	.LASF54:
 1159 030d 5254455F 		.ascii	"RTE_cyclicTable_t\000"
 1159      6379636C 
 1159      69635461 
 1159      626C655F 
 1159      7400
 1160              	.LASF68:
 1161 031f 474E5520 		.ascii	"GNU C11 5.4.1 20160609 (release) [ARM/embedded-5-br"
 1161      43313120 
 1161      352E342E 
 1161      31203230 
 1161      31363036 
 1162 0352 616E6368 		.ascii	"anch revision 237715] -mcpu=cortex-m3 -mthumb -g -O"
 1162      20726576 
 1162      6973696F 
 1162      6E203233 
 1162      37373135 
ARM GAS  C:\Users\Asus\AppData\Local\Temp\ccFi7kty.s 			page 26


 1163 0385 67202D66 		.ascii	"g -ffunction-sections -ffat-lto-objects\000"
 1163      66756E63 
 1163      74696F6E 
 1163      2D736563 
 1163      74696F6E 
 1164              	.LASF12:
 1165 03ad 63686172 		.ascii	"char\000"
 1165      00
 1166              	.LASF21:
 1167 03b2 52435F45 		.ascii	"RC_ERROR_BUFFER_FULL\000"
 1167      52524F52 
 1167      5F425546 
 1167      4645525F 
 1167      46554C4C 
 1168              	.LASF42:
 1169 03c7 696E7433 		.ascii	"int32_t\000"
 1169      325F7400 
 1170              	.LASF61:
 1171 03cf 5254455F 		.ascii	"RTE_ProcessEventTable\000"
 1171      50726F63 
 1171      65737345 
 1171      76656E74 
 1171      5461626C 
 1172              	.LASF33:
 1173 03e5 52435F45 		.ascii	"RC_ERROR_BAD_PARAM\000"
 1173      52524F52 
 1173      5F424144 
 1173      5F504152 
 1173      414D00
 1174              	.LASF64:
 1175 03f8 45455F41 		.ascii	"EE_ApplicationMode\000"
 1175      70706C69 
 1175      63617469 
 1175      6F6E4D6F 
 1175      646500
 1176              	.LASF7:
 1177 040b 6C6F6E67 		.ascii	"long unsigned int\000"
 1177      20756E73 
 1177      69676E65 
 1177      6420696E 
 1177      7400
 1178              	.LASF9:
 1179 041d 646F7562 		.ascii	"double\000"
 1179      6C6500
 1180              	.LASF26:
 1181 0424 52435F45 		.ascii	"RC_ERROR_CHECKSUM\000"
 1181      52524F52 
 1181      5F434845 
 1181      434B5355 
 1181      4D00
 1182              	.LASF47:
 1183 0436 45455F55 		.ascii	"EE_UREG\000"
 1183      52454700 
 1184              	.LASF58:
 1185 043e 7461626C 		.ascii	"tableSize\000"
 1185      6553697A 
 1185      6500
ARM GAS  C:\Users\Asus\AppData\Local\Temp\ccFi7kty.s 			page 27


 1186              	.LASF60:
 1187 0448 5254455F 		.ascii	"RTE_ProcessCyclicTable\000"
 1187      50726F63 
 1187      65737343 
 1187      79636C69 
 1187      63546162 
 1188              	.LASF40:
 1189 045f 5F5F696E 		.ascii	"__int32_t\000"
 1189      7433325F 
 1189      7400
 1190              	.LASF51:
 1191 0469 5254455F 		.ascii	"RTE_event\000"
 1191      6576656E 
 1191      7400
 1192              	.LASF35:
 1193 0473 52435F45 		.ascii	"RC_ERROR_CANCELED\000"
 1193      52524F52 
 1193      5F43414E 
 1193      43454C45 
 1193      4400
 1194              	.LASF52:
 1195 0485 5254455F 		.ascii	"RTE_pRunnable\000"
 1195      7052756E 
 1195      6E61626C 
 1195      6500
 1196              	.LASF67:
 1197 0493 49544D5F 		.ascii	"ITM_RxBuffer\000"
 1197      52784275 
 1197      66666572 
 1197      00
 1198              	.LASF14:
 1199 04a0 52435F45 		.ascii	"RC_ERROR\000"
 1199      52524F52 
 1199      00
 1200              	.LASF17:
 1201 04a9 52435F45 		.ascii	"RC_ERROR_MEMORY\000"
 1201      52524F52 
 1201      5F4D454D 
 1201      4F525900 
 1202              	.LASF62:
 1203 04b9 45455F6F 		.ascii	"EE_oo_IRQ_disable_count\000"
 1203      6F5F4952 
 1203      515F6469 
 1203      7361626C 
 1203      655F636F 
 1204              	.LASF39:
 1205 04d1 52435F74 		.ascii	"RC_t\000"
 1205      00
 1206              	.LASF24:
 1207 04d6 52435F45 		.ascii	"RC_ERROR_TIME_OUT\000"
 1207      52524F52 
 1207      5F54494D 
 1207      455F4F55 
 1207      5400
 1208              		.ident	"GCC: (GNU Tools for ARM Embedded Processors) 5.4.1 20160609 (release) [ARM/embedded-5-bran
