ARM GAS  C:\Users\Asus\AppData\Local\Temp\ccqjzS9i.s 			page 1


   1              		.syntax unified
   2              		.cpu cortex-m3
   3              		.fpu softvfp
   4              		.eabi_attribute 20, 1
   5              		.eabi_attribute 21, 1
   6              		.eabi_attribute 23, 3
   7              		.eabi_attribute 24, 1
   8              		.eabi_attribute 25, 1
   9              		.eabi_attribute 26, 1
  10              		.eabi_attribute 30, 1
  11              		.eabi_attribute 34, 1
  12              		.eabi_attribute 18, 4
  13              		.thumb
  14              		.syntax unified
  15              		.file	"sc_speed.c"
  16              		.text
  17              	.Ltext0:
  18              		.cfi_sections	.debug_frame
  19              	.Letext0:
  20              		.section	.debug_line,"",%progbits
  21              	.Ldebug_line0:
  22              		.section	.debug_str,"MS",%progbits,1
  23              	.LASF0:
  24 0000 474E5520 		.ascii	"GNU C11 5.4.1 20160609 (release) [ARM/embedded-5-br"
  24      43313120 
  24      352E342E 
  24      31203230 
  24      31363036 
  25 0033 616E6368 		.ascii	"anch revision 237715] -mcpu=cortex-m3 -mthumb -g -O"
  25      20726576 
  25      6973696F 
  25      6E203233 
  25      37373135 
  26 0066 67202D66 		.ascii	"g -ffunction-sections -ffat-lto-objects\000"
  26      66756E63 
  26      74696F6E 
  26      2D736563 
  26      74696F6E 
  27              	.LASF1:
  28 008e 736F7572 		.ascii	"sources\\rte\\sc_speed.c\000"
  28      6365735C 
  28      7274655C 
  28      73635F73 
  28      70656564 
  29              	.LASF2:
  30 00a5 433A5C55 		.ascii	"C:\\Users\\Asus\\Desktop\\HDA\\Semester_2\\EAA\\Lab"
  30      73657273 
  30      5C417375 
  30      735C4465 
  30      736B746F 
  31 00d1 5C4C6162 		.ascii	"\\Lab01\\Electronic_Gaspedal\\Electronic_Gaspedal\\"
  31      30315C45 
  31      6C656374 
  31      726F6E69 
  31      635F4761 
  32 0100 4C616230 		.ascii	"Lab01.cydsn\000"
  32      312E6379 
ARM GAS  C:\Users\Asus\AppData\Local\Temp\ccqjzS9i.s 			page 2


  32      64736E00 
  33              		.ident	"GCC: (GNU Tools for ARM Embedded Processors) 5.4.1 20160609 (release) [ARM/embedded-5-bran
