ARM GAS  C:\Users\Asus\AppData\Local\Temp\ccnPyLYS.s 			page 1


   1              		.syntax unified
   2              		.cpu cortex-m3
   3              		.fpu softvfp
   4              		.eabi_attribute 20, 1
   5              		.eabi_attribute 21, 1
   6              		.eabi_attribute 23, 3
   7              		.eabi_attribute 24, 1
   8              		.eabi_attribute 25, 1
   9              		.eabi_attribute 26, 1
  10              		.eabi_attribute 30, 1
  11              		.eabi_attribute 34, 1
  12              		.eabi_attribute 18, 4
  13              		.thumb
  14              		.syntax unified
  15              		.file	"sc_speed_type.c"
  16              		.text
  17              	.Ltext0:
  18              		.cfi_sections	.debug_frame
  19              		.section	.text.SC_SPEED_driverOut,"ax",%progbits
  20              		.align	2
  21              		.global	SC_SPEED_driverOut
  22              		.thumb
  23              		.thumb_func
  24              		.type	SC_SPEED_driverOut, %function
  25              	SC_SPEED_driverOut:
  26              	.LFB110:
  27              		.file 1 "sources\\rte\\sc_speed_type.c"
   1:sources\rte/sc_speed_type.c **** /*
   2:sources\rte/sc_speed_type.c ****  * Filename: sc_speed_type.c
   3:sources\rte/sc_speed_type.c ****  *
   4:sources\rte/sc_speed_type.c ****  * Author: Autogenerated by H-DA RTE Generator, (c) Prof. Fromm
   5:sources\rte/sc_speed_type.c ****  *
   6:sources\rte/sc_speed_type.c ****  * description: Any speed data type
   7:sources\rte/sc_speed_type.c ****  * name: sc_speed
   8:sources\rte/sc_speed_type.c ****  * shortname: speed
   9:sources\rte/sc_speed_type.c ****  *
  10:sources\rte/sc_speed_type.c ****  */
  11:sources\rte/sc_speed_type.c **** 
  12:sources\rte/sc_speed_type.c **** #include "project.h"
  13:sources\rte/sc_speed_type.c **** #include "global.h"
  14:sources\rte/sc_speed_type.c **** #include "rte.h"
  15:sources\rte/sc_speed_type.c **** #include "rte_types.h"
  16:sources\rte/sc_speed_type.c **** #include "sc_speed_type.h"
  17:sources\rte/sc_speed_type.c **** #include "led.h" 
  18:sources\rte/sc_speed_type.c **** 
  19:sources\rte/sc_speed_type.c **** 
  20:sources\rte/sc_speed_type.c **** /* USER CODE START SC_SPEED_INCLUDE */
  21:sources\rte/sc_speed_type.c **** 
  22:sources\rte/sc_speed_type.c **** /* USER CODE END SC_SPEED_INCLUDE */
  23:sources\rte/sc_speed_type.c **** 
  24:sources\rte/sc_speed_type.c **** 
  25:sources\rte/sc_speed_type.c **** 
  26:sources\rte/sc_speed_type.c **** 
  27:sources\rte/sc_speed_type.c **** /* USER CODE START SC_SPEED_USERDEFINITIONS */
  28:sources\rte/sc_speed_type.c **** 
  29:sources\rte/sc_speed_type.c **** /* USER CODE END SC_SPEED_USERDEFINITIONS */
  30:sources\rte/sc_speed_type.c **** 
ARM GAS  C:\Users\Asus\AppData\Local\Temp\ccnPyLYS.s 			page 2


  31:sources\rte/sc_speed_type.c **** 
  32:sources\rte/sc_speed_type.c **** /*****************************************************************************************
  33:sources\rte/sc_speed_type.c ****  *************** Port Wrapper Implementation for SC_SPEED signal  ****************
  34:sources\rte/sc_speed_type.c ****  *****************************************************************************************/
  35:sources\rte/sc_speed_type.c ****  
  36:sources\rte/sc_speed_type.c ****  
  37:sources\rte/sc_speed_type.c **** /**
  38:sources\rte/sc_speed_type.c ****  * Default OUT driver API
  39:sources\rte/sc_speed_type.c ****  */
  40:sources\rte/sc_speed_type.c **** inline RC_t SC_SPEED_driverOut(const SC_SPEED_data_t  *const data)
  41:sources\rte/sc_speed_type.c **** {
  28              		.loc 1 41 0
  29              		.cfi_startproc
  30              		@ args = 0, pretend = 0, frame = 0
  31              		@ frame_needed = 0, uses_anonymous_args = 0
  32              	.LVL0:
  33 0000 10B5     		push	{r4, lr}
  34              		.cfi_def_cfa_offset 8
  35              		.cfi_offset 4, -8
  36              		.cfi_offset 14, -4
  42:sources\rte/sc_speed_type.c **** 	/* USER CODE START driverOutSC_SPEED */
  43:sources\rte/sc_speed_type.c ****     if (data->speed >0)
  37              		.loc 1 43 0
  38 0002 0478     		ldrb	r4, [r0]	@ zero_extendqisi2
  39 0004 44B1     		cbz	r4, .L2
  40              	.LVL1:
  41              	.LBB2:
  44:sources\rte/sc_speed_type.c ****     {
  45:sources\rte/sc_speed_type.c **** 	//Scale application data to drive format
  46:sources\rte/sc_speed_type.c ****     uint8_t green_channel = data->speed;
  47:sources\rte/sc_speed_type.c **** 
  48:sources\rte/sc_speed_type.c **** 	//Write scaled data to driver
  49:sources\rte/sc_speed_type.c ****     LED_red_Write(0);
  42              		.loc 1 49 0
  43 0006 0020     		movs	r0, #0
  44              	.LVL2:
  45 0008 FFF7FEFF 		bl	LED_red_Write
  46              	.LVL3:
  50:sources\rte/sc_speed_type.c ****     LED_RGB_Set(0,green_channel,0);
  47              		.loc 1 50 0
  48 000c 0022     		movs	r2, #0
  49 000e 2146     		mov	r1, r4
  50 0010 1046     		mov	r0, r2
  51 0012 FFF7FEFF 		bl	LED_RGB_Set
  52              	.LVL4:
  53              	.LBE2:
  54 0016 02E0     		b	.L3
  55              	.LVL5:
  56              	.L2:
  51:sources\rte/sc_speed_type.c ****     }
  52:sources\rte/sc_speed_type.c ****     else
  53:sources\rte/sc_speed_type.c ****     {
  54:sources\rte/sc_speed_type.c ****         LED_red_Write(1);
  57              		.loc 1 54 0
  58 0018 0120     		movs	r0, #1
  59              	.LVL6:
  60 001a FFF7FEFF 		bl	LED_red_Write
ARM GAS  C:\Users\Asus\AppData\Local\Temp\ccnPyLYS.s 			page 3


  61              	.LVL7:
  62              	.L3:
  55:sources\rte/sc_speed_type.c ****     }
  56:sources\rte/sc_speed_type.c **** 	return RC_SUCCESS;
  57:sources\rte/sc_speed_type.c **** 	/* USER CODE END driverOutSC_SPEED */
  58:sources\rte/sc_speed_type.c **** }
  63              		.loc 1 58 0
  64 001e 0020     		movs	r0, #0
  65 0020 10BD     		pop	{r4, pc}
  66              		.cfi_endproc
  67              	.LFE110:
  68              		.size	SC_SPEED_driverOut, .-SC_SPEED_driverOut
  69 0022 00BF     		.text
  70              	.Letext0:
  71              		.file 2 "c:\\program files (x86)\\cypress\\psoc creator\\4.4\\psoc creator\\import\\gnu\\arm\\5.4.
  72              		.file 3 "c:\\program files (x86)\\cypress\\psoc creator\\4.4\\psoc creator\\import\\gnu\\arm\\5.4.
  73              		.file 4 "Generated_Source\\PSoC5/ErikaOS_1_common_ee_types.inc"
  74              		.file 5 "Generated_Source\\PSoC5/ErikaOS_1_cortex_mx_ee_cpu.inc"
  75              		.file 6 ".\\sources\\bsw/global.h"
  76              		.file 7 "sources\\rte\\sc_speed_type.h"
  77              		.file 8 "Generated_Source\\PSoC5/ErikaOS_1_ee_oo_intfunc.inc"
  78              		.file 9 "Generated_Source\\PSoC5/ErikaOS_1_cortex_mx_ee_context.inc"
  79              		.file 10 "Generated_Source\\PSoC5/ErikaOS_1_common_ee_primitives.inc"
  80              		.file 11 "Generated_Source\\PSoC5/core_cm3.h"
  81              		.file 12 "Generated_Source\\PSoC5/LED_red.h"
  82              		.file 13 ".\\sources\\bsw/led.h"
  83              		.section	.debug_info,"",%progbits
  84              	.Ldebug_info0:
  85 0000 B2020000 		.4byte	0x2b2
  86 0004 0400     		.2byte	0x4
  87 0006 00000000 		.4byte	.Ldebug_abbrev0
  88 000a 04       		.byte	0x4
  89 000b 01       		.uleb128 0x1
  90 000c 1A030000 		.4byte	.LASF59
  91 0010 0C       		.byte	0xc
  92 0011 BB000000 		.4byte	.LASF60
  93 0015 A0020000 		.4byte	.LASF61
  94 0019 00000000 		.4byte	.Ldebug_ranges0+0
  95 001d 00000000 		.4byte	0
  96 0021 00000000 		.4byte	.Ldebug_line0
  97 0025 02       		.uleb128 0x2
  98 0026 01       		.byte	0x1
  99 0027 06       		.byte	0x6
 100 0028 2F020000 		.4byte	.LASF0
 101 002c 03       		.uleb128 0x3
 102 002d D5010000 		.4byte	.LASF4
 103 0031 02       		.byte	0x2
 104 0032 1D       		.byte	0x1d
 105 0033 37000000 		.4byte	0x37
 106 0037 02       		.uleb128 0x2
 107 0038 01       		.byte	0x1
 108 0039 08       		.byte	0x8
 109 003a 0E020000 		.4byte	.LASF1
 110 003e 02       		.uleb128 0x2
 111 003f 02       		.byte	0x2
 112 0040 05       		.byte	0x5
 113 0041 40000000 		.4byte	.LASF2
ARM GAS  C:\Users\Asus\AppData\Local\Temp\ccnPyLYS.s 			page 4


 114 0045 02       		.uleb128 0x2
 115 0046 02       		.byte	0x2
 116 0047 07       		.byte	0x7
 117 0048 07030000 		.4byte	.LASF3
 118 004c 03       		.uleb128 0x3
 119 004d 21040000 		.4byte	.LASF5
 120 0051 02       		.byte	0x2
 121 0052 3F       		.byte	0x3f
 122 0053 57000000 		.4byte	0x57
 123 0057 02       		.uleb128 0x2
 124 0058 04       		.byte	0x4
 125 0059 05       		.byte	0x5
 126 005a AC010000 		.4byte	.LASF6
 127 005e 02       		.uleb128 0x2
 128 005f 04       		.byte	0x4
 129 0060 07       		.byte	0x7
 130 0061 EE030000 		.4byte	.LASF7
 131 0065 02       		.uleb128 0x2
 132 0066 08       		.byte	0x8
 133 0067 05       		.byte	0x5
 134 0068 61010000 		.4byte	.LASF8
 135 006c 02       		.uleb128 0x2
 136 006d 08       		.byte	0x8
 137 006e 07       		.byte	0x7
 138 006f 3B020000 		.4byte	.LASF9
 139 0073 04       		.uleb128 0x4
 140 0074 04       		.byte	0x4
 141 0075 05       		.byte	0x5
 142 0076 696E7400 		.ascii	"int\000"
 143 007a 02       		.uleb128 0x2
 144 007b 04       		.byte	0x4
 145 007c 07       		.byte	0x7
 146 007d 52020000 		.4byte	.LASF10
 147 0081 03       		.uleb128 0x3
 148 0082 2B040000 		.4byte	.LASF11
 149 0086 03       		.byte	0x3
 150 0087 18       		.byte	0x18
 151 0088 2C000000 		.4byte	0x2c
 152 008c 03       		.uleb128 0x3
 153 008d C2030000 		.4byte	.LASF12
 154 0091 03       		.byte	0x3
 155 0092 2C       		.byte	0x2c
 156 0093 4C000000 		.4byte	0x4c
 157 0097 02       		.uleb128 0x2
 158 0098 04       		.byte	0x4
 159 0099 04       		.byte	0x4
 160 009a 42010000 		.4byte	.LASF13
 161 009e 02       		.uleb128 0x2
 162 009f 08       		.byte	0x8
 163 00a0 04       		.byte	0x4
 164 00a1 00040000 		.4byte	.LASF14
 165 00a5 02       		.uleb128 0x2
 166 00a6 01       		.byte	0x1
 167 00a7 08       		.byte	0x8
 168 00a8 A8030000 		.4byte	.LASF15
 169 00ac 02       		.uleb128 0x2
 170 00ad 08       		.byte	0x8
ARM GAS  C:\Users\Asus\AppData\Local\Temp\ccnPyLYS.s 			page 5


 171 00ae 04       		.byte	0x4
 172 00af 02020000 		.4byte	.LASF16
 173 00b3 02       		.uleb128 0x2
 174 00b4 04       		.byte	0x4
 175 00b5 07       		.byte	0x7
 176 00b6 70000000 		.4byte	.LASF17
 177 00ba 03       		.uleb128 0x3
 178 00bb 97020000 		.4byte	.LASF18
 179 00bf 04       		.byte	0x4
 180 00c0 53       		.byte	0x53
 181 00c1 73000000 		.4byte	0x73
 182 00c5 03       		.uleb128 0x3
 183 00c6 B1000000 		.4byte	.LASF19
 184 00ca 04       		.byte	0x4
 185 00cb 54       		.byte	0x54
 186 00cc 7A000000 		.4byte	0x7a
 187 00d0 03       		.uleb128 0x3
 188 00d1 19040000 		.4byte	.LASF20
 189 00d5 05       		.byte	0x5
 190 00d6 4D       		.byte	0x4d
 191 00d7 C5000000 		.4byte	0xc5
 192 00db 03       		.uleb128 0x3
 193 00dc 95000000 		.4byte	.LASF21
 194 00e0 05       		.byte	0x5
 195 00e1 4F       		.byte	0x4f
 196 00e2 C5000000 		.4byte	0xc5
 197 00e6 03       		.uleb128 0x3
 198 00e7 D7000000 		.4byte	.LASF22
 199 00eb 05       		.byte	0x5
 200 00ec 78       		.byte	0x78
 201 00ed BA000000 		.4byte	0xba
 202 00f1 05       		.uleb128 0x5
 203 00f2 01       		.byte	0x1
 204 00f3 25000000 		.4byte	0x25
 205 00f7 06       		.byte	0x6
 206 00f8 CF       		.byte	0xcf
 207 00f9 9A010000 		.4byte	0x19a
 208 00fd 06       		.uleb128 0x6
 209 00fe 13000000 		.4byte	.LASF23
 210 0102 00       		.byte	0
 211 0103 07       		.uleb128 0x7
 212 0104 52040000 		.4byte	.LASF24
 213 0108 7F       		.sleb128 -1
 214 0109 07       		.uleb128 0x7
 215 010a 73020000 		.4byte	.LASF25
 216 010e 7E       		.sleb128 -2
 217 010f 07       		.uleb128 0x7
 218 0110 87000000 		.4byte	.LASF26
 219 0114 7D       		.sleb128 -3
 220 0115 07       		.uleb128 0x7
 221 0116 5B040000 		.4byte	.LASF27
 222 011a 7C       		.sleb128 -4
 223 011b 07       		.uleb128 0x7
 224 011c 33010000 		.4byte	.LASF28
 225 0120 7B       		.sleb128 -5
 226 0121 07       		.uleb128 0x7
 227 0122 4A000000 		.4byte	.LASF29
ARM GAS  C:\Users\Asus\AppData\Local\Temp\ccnPyLYS.s 			page 6


 228 0126 7A       		.sleb128 -6
 229 0127 07       		.uleb128 0x7
 230 0128 B5010000 		.4byte	.LASF30
 231 012c 79       		.sleb128 -7
 232 012d 07       		.uleb128 0x7
 233 012e AD030000 		.4byte	.LASF31
 234 0132 78       		.sleb128 -8
 235 0133 07       		.uleb128 0x7
 236 0134 81020000 		.4byte	.LASF32
 237 0138 77       		.sleb128 -9
 238 0139 07       		.uleb128 0x7
 239 013a C7010000 		.4byte	.LASF33
 240 013e 76       		.sleb128 -10
 241 013f 07       		.uleb128 0x7
 242 0140 9B040000 		.4byte	.LASF34
 243 0144 75       		.sleb128 -11
 244 0145 07       		.uleb128 0x7
 245 0146 5F020000 		.4byte	.LASF35
 246 014a 74       		.sleb128 -12
 247 014b 07       		.uleb128 0x7
 248 014c 07040000 		.4byte	.LASF36
 249 0150 73       		.sleb128 -13
 250 0151 07       		.uleb128 0x7
 251 0152 00000000 		.4byte	.LASF37
 252 0156 72       		.sleb128 -14
 253 0157 07       		.uleb128 0x7
 254 0158 2C000000 		.4byte	.LASF38
 255 015c 71       		.sleb128 -15
 256 015d 07       		.uleb128 0x7
 257 015e DF010000 		.4byte	.LASF39
 258 0162 70       		.sleb128 -16
 259 0163 07       		.uleb128 0x7
 260 0164 9D000000 		.4byte	.LASF40
 261 0168 6F       		.sleb128 -17
 262 0169 07       		.uleb128 0x7
 263 016a 5B000000 		.4byte	.LASF41
 264 016e 6E       		.sleb128 -18
 265 016f 07       		.uleb128 0x7
 266 0170 88010000 		.4byte	.LASF42
 267 0174 6D       		.sleb128 -19
 268 0175 07       		.uleb128 0x7
 269 0176 1C020000 		.4byte	.LASF43
 270 017a 6C       		.sleb128 -20
 271 017b 07       		.uleb128 0x7
 272 017c F0010000 		.4byte	.LASF44
 273 0180 6B       		.sleb128 -21
 274 0181 07       		.uleb128 0x7
 275 0182 33040000 		.4byte	.LASF45
 276 0186 6A       		.sleb128 -22
 277 0187 07       		.uleb128 0x7
 278 0188 EE000000 		.4byte	.LASF46
 279 018c 69       		.sleb128 -23
 280 018d 07       		.uleb128 0x7
 281 018e 9B010000 		.4byte	.LASF47
 282 0192 68       		.sleb128 -24
 283 0193 07       		.uleb128 0x7
 284 0194 48010000 		.4byte	.LASF48
ARM GAS  C:\Users\Asus\AppData\Local\Temp\ccnPyLYS.s 			page 7


 285 0198 67       		.sleb128 -25
 286 0199 00       		.byte	0
 287 019a 03       		.uleb128 0x3
 288 019b 96040000 		.4byte	.LASF49
 289 019f 06       		.byte	0x6
 290 01a0 EA       		.byte	0xea
 291 01a1 F1000000 		.4byte	0xf1
 292 01a5 08       		.uleb128 0x8
 293 01a6 01       		.byte	0x1
 294 01a7 07       		.byte	0x7
 295 01a8 21       		.byte	0x21
 296 01a9 BA010000 		.4byte	0x1ba
 297 01ad 09       		.uleb128 0x9
 298 01ae 6D020000 		.4byte	.LASF62
 299 01b2 07       		.byte	0x7
 300 01b3 23       		.byte	0x23
 301 01b4 81000000 		.4byte	0x81
 302 01b8 00       		.byte	0
 303 01b9 00       		.byte	0
 304 01ba 03       		.uleb128 0x3
 305 01bb DE000000 		.4byte	.LASF50
 306 01bf 07       		.byte	0x7
 307 01c0 26       		.byte	0x26
 308 01c1 A5010000 		.4byte	0x1a5
 309 01c5 0A       		.uleb128 0xa
 310 01c6 83040000 		.4byte	.LASF63
 311 01ca 01       		.byte	0x1
 312 01cb 28       		.byte	0x28
 313 01cc 9A010000 		.4byte	0x19a
 314 01d0 00000000 		.4byte	.LFB110
 315 01d4 22000000 		.4byte	.LFE110-.LFB110
 316 01d8 01       		.uleb128 0x1
 317 01d9 9C       		.byte	0x9c
 318 01da 47020000 		.4byte	0x247
 319 01de 0B       		.uleb128 0xb
 320 01df D6030000 		.4byte	.LASF64
 321 01e3 01       		.byte	0x1
 322 01e4 28       		.byte	0x28
 323 01e5 52020000 		.4byte	0x252
 324 01e9 00000000 		.4byte	.LLST0
 325 01ed 0C       		.uleb128 0xc
 326 01ee 06000000 		.4byte	.LBB2
 327 01f2 10000000 		.4byte	.LBE2-.LBB2
 328 01f6 37020000 		.4byte	0x237
 329 01fa 0D       		.uleb128 0xd
 330 01fb 79000000 		.4byte	.LASF65
 331 01ff 01       		.byte	0x1
 332 0200 2E       		.byte	0x2e
 333 0201 81000000 		.4byte	0x81
 334 0205 3A000000 		.4byte	.LLST1
 335 0209 0E       		.uleb128 0xe
 336 020a 0C000000 		.4byte	.LVL3
 337 020e 9F020000 		.4byte	0x29f
 338 0212 1C020000 		.4byte	0x21c
 339 0216 0F       		.uleb128 0xf
 340 0217 01       		.uleb128 0x1
 341 0218 50       		.byte	0x50
ARM GAS  C:\Users\Asus\AppData\Local\Temp\ccnPyLYS.s 			page 8


 342 0219 01       		.uleb128 0x1
 343 021a 30       		.byte	0x30
 344 021b 00       		.byte	0
 345 021c 10       		.uleb128 0x10
 346 021d 16000000 		.4byte	.LVL4
 347 0221 AA020000 		.4byte	0x2aa
 348 0225 0F       		.uleb128 0xf
 349 0226 01       		.uleb128 0x1
 350 0227 50       		.byte	0x50
 351 0228 01       		.uleb128 0x1
 352 0229 30       		.byte	0x30
 353 022a 0F       		.uleb128 0xf
 354 022b 01       		.uleb128 0x1
 355 022c 51       		.byte	0x51
 356 022d 02       		.uleb128 0x2
 357 022e 74       		.byte	0x74
 358 022f 00       		.sleb128 0
 359 0230 0F       		.uleb128 0xf
 360 0231 01       		.uleb128 0x1
 361 0232 52       		.byte	0x52
 362 0233 01       		.uleb128 0x1
 363 0234 30       		.byte	0x30
 364 0235 00       		.byte	0
 365 0236 00       		.byte	0
 366 0237 10       		.uleb128 0x10
 367 0238 1E000000 		.4byte	.LVL7
 368 023c 9F020000 		.4byte	0x29f
 369 0240 0F       		.uleb128 0xf
 370 0241 01       		.uleb128 0x1
 371 0242 50       		.byte	0x50
 372 0243 01       		.uleb128 0x1
 373 0244 31       		.byte	0x31
 374 0245 00       		.byte	0
 375 0246 00       		.byte	0
 376 0247 11       		.uleb128 0x11
 377 0248 04       		.byte	0x4
 378 0249 4D020000 		.4byte	0x24d
 379 024d 12       		.uleb128 0x12
 380 024e BA010000 		.4byte	0x1ba
 381 0252 12       		.uleb128 0x12
 382 0253 47020000 		.4byte	0x247
 383 0257 13       		.uleb128 0x13
 384 0258 6B040000 		.4byte	.LASF51
 385 025c 08       		.byte	0x8
 386 025d 40       		.byte	0x40
 387 025e D0000000 		.4byte	0xd0
 388 0262 13       		.uleb128 0x13
 389 0263 6F010000 		.4byte	.LASF52
 390 0267 08       		.byte	0x8
 391 0268 47       		.byte	0x47
 392 0269 DB000000 		.4byte	0xdb
 393 026d 13       		.uleb128 0x13
 394 026e DB030000 		.4byte	.LASF53
 395 0272 08       		.byte	0x8
 396 0273 4A       		.byte	0x4a
 397 0274 D0000000 		.4byte	0xd0
 398 0278 13       		.uleb128 0x13
ARM GAS  C:\Users\Asus\AppData\Local\Temp\ccnPyLYS.s 			page 9


 399 0279 1A010000 		.4byte	.LASF54
 400 027d 09       		.byte	0x9
 401 027e 48       		.byte	0x48
 402 027f E6000000 		.4byte	0xe6
 403 0283 13       		.uleb128 0x13
 404 0284 05010000 		.4byte	.LASF55
 405 0288 0A       		.byte	0xa
 406 0289 44       		.byte	0x44
 407 028a D0000000 		.4byte	0xd0
 408 028e 14       		.uleb128 0x14
 409 028f 45040000 		.4byte	.LASF56
 410 0293 0B       		.byte	0xb
 411 0294 1207     		.2byte	0x712
 412 0296 9A020000 		.4byte	0x29a
 413 029a 15       		.uleb128 0x15
 414 029b 8C000000 		.4byte	0x8c
 415 029f 16       		.uleb128 0x16
 416 02a0 1E000000 		.4byte	.LASF57
 417 02a4 1E000000 		.4byte	.LASF57
 418 02a8 0C       		.byte	0xc
 419 02a9 26       		.byte	0x26
 420 02aa 16       		.uleb128 0x16
 421 02ab CA030000 		.4byte	.LASF58
 422 02af CA030000 		.4byte	.LASF58
 423 02b3 0D       		.byte	0xd
 424 02b4 A5       		.byte	0xa5
 425 02b5 00       		.byte	0
 426              		.section	.debug_abbrev,"",%progbits
 427              	.Ldebug_abbrev0:
 428 0000 01       		.uleb128 0x1
 429 0001 11       		.uleb128 0x11
 430 0002 01       		.byte	0x1
 431 0003 25       		.uleb128 0x25
 432 0004 0E       		.uleb128 0xe
 433 0005 13       		.uleb128 0x13
 434 0006 0B       		.uleb128 0xb
 435 0007 03       		.uleb128 0x3
 436 0008 0E       		.uleb128 0xe
 437 0009 1B       		.uleb128 0x1b
 438 000a 0E       		.uleb128 0xe
 439 000b 55       		.uleb128 0x55
 440 000c 17       		.uleb128 0x17
 441 000d 11       		.uleb128 0x11
 442 000e 01       		.uleb128 0x1
 443 000f 10       		.uleb128 0x10
 444 0010 17       		.uleb128 0x17
 445 0011 00       		.byte	0
 446 0012 00       		.byte	0
 447 0013 02       		.uleb128 0x2
 448 0014 24       		.uleb128 0x24
 449 0015 00       		.byte	0
 450 0016 0B       		.uleb128 0xb
 451 0017 0B       		.uleb128 0xb
 452 0018 3E       		.uleb128 0x3e
 453 0019 0B       		.uleb128 0xb
 454 001a 03       		.uleb128 0x3
 455 001b 0E       		.uleb128 0xe
ARM GAS  C:\Users\Asus\AppData\Local\Temp\ccnPyLYS.s 			page 10


 456 001c 00       		.byte	0
 457 001d 00       		.byte	0
 458 001e 03       		.uleb128 0x3
 459 001f 16       		.uleb128 0x16
 460 0020 00       		.byte	0
 461 0021 03       		.uleb128 0x3
 462 0022 0E       		.uleb128 0xe
 463 0023 3A       		.uleb128 0x3a
 464 0024 0B       		.uleb128 0xb
 465 0025 3B       		.uleb128 0x3b
 466 0026 0B       		.uleb128 0xb
 467 0027 49       		.uleb128 0x49
 468 0028 13       		.uleb128 0x13
 469 0029 00       		.byte	0
 470 002a 00       		.byte	0
 471 002b 04       		.uleb128 0x4
 472 002c 24       		.uleb128 0x24
 473 002d 00       		.byte	0
 474 002e 0B       		.uleb128 0xb
 475 002f 0B       		.uleb128 0xb
 476 0030 3E       		.uleb128 0x3e
 477 0031 0B       		.uleb128 0xb
 478 0032 03       		.uleb128 0x3
 479 0033 08       		.uleb128 0x8
 480 0034 00       		.byte	0
 481 0035 00       		.byte	0
 482 0036 05       		.uleb128 0x5
 483 0037 04       		.uleb128 0x4
 484 0038 01       		.byte	0x1
 485 0039 0B       		.uleb128 0xb
 486 003a 0B       		.uleb128 0xb
 487 003b 49       		.uleb128 0x49
 488 003c 13       		.uleb128 0x13
 489 003d 3A       		.uleb128 0x3a
 490 003e 0B       		.uleb128 0xb
 491 003f 3B       		.uleb128 0x3b
 492 0040 0B       		.uleb128 0xb
 493 0041 01       		.uleb128 0x1
 494 0042 13       		.uleb128 0x13
 495 0043 00       		.byte	0
 496 0044 00       		.byte	0
 497 0045 06       		.uleb128 0x6
 498 0046 28       		.uleb128 0x28
 499 0047 00       		.byte	0
 500 0048 03       		.uleb128 0x3
 501 0049 0E       		.uleb128 0xe
 502 004a 1C       		.uleb128 0x1c
 503 004b 0B       		.uleb128 0xb
 504 004c 00       		.byte	0
 505 004d 00       		.byte	0
 506 004e 07       		.uleb128 0x7
 507 004f 28       		.uleb128 0x28
 508 0050 00       		.byte	0
 509 0051 03       		.uleb128 0x3
 510 0052 0E       		.uleb128 0xe
 511 0053 1C       		.uleb128 0x1c
 512 0054 0D       		.uleb128 0xd
ARM GAS  C:\Users\Asus\AppData\Local\Temp\ccnPyLYS.s 			page 11


 513 0055 00       		.byte	0
 514 0056 00       		.byte	0
 515 0057 08       		.uleb128 0x8
 516 0058 13       		.uleb128 0x13
 517 0059 01       		.byte	0x1
 518 005a 0B       		.uleb128 0xb
 519 005b 0B       		.uleb128 0xb
 520 005c 3A       		.uleb128 0x3a
 521 005d 0B       		.uleb128 0xb
 522 005e 3B       		.uleb128 0x3b
 523 005f 0B       		.uleb128 0xb
 524 0060 01       		.uleb128 0x1
 525 0061 13       		.uleb128 0x13
 526 0062 00       		.byte	0
 527 0063 00       		.byte	0
 528 0064 09       		.uleb128 0x9
 529 0065 0D       		.uleb128 0xd
 530 0066 00       		.byte	0
 531 0067 03       		.uleb128 0x3
 532 0068 0E       		.uleb128 0xe
 533 0069 3A       		.uleb128 0x3a
 534 006a 0B       		.uleb128 0xb
 535 006b 3B       		.uleb128 0x3b
 536 006c 0B       		.uleb128 0xb
 537 006d 49       		.uleb128 0x49
 538 006e 13       		.uleb128 0x13
 539 006f 38       		.uleb128 0x38
 540 0070 0B       		.uleb128 0xb
 541 0071 00       		.byte	0
 542 0072 00       		.byte	0
 543 0073 0A       		.uleb128 0xa
 544 0074 2E       		.uleb128 0x2e
 545 0075 01       		.byte	0x1
 546 0076 3F       		.uleb128 0x3f
 547 0077 19       		.uleb128 0x19
 548 0078 03       		.uleb128 0x3
 549 0079 0E       		.uleb128 0xe
 550 007a 3A       		.uleb128 0x3a
 551 007b 0B       		.uleb128 0xb
 552 007c 3B       		.uleb128 0x3b
 553 007d 0B       		.uleb128 0xb
 554 007e 27       		.uleb128 0x27
 555 007f 19       		.uleb128 0x19
 556 0080 49       		.uleb128 0x49
 557 0081 13       		.uleb128 0x13
 558 0082 11       		.uleb128 0x11
 559 0083 01       		.uleb128 0x1
 560 0084 12       		.uleb128 0x12
 561 0085 06       		.uleb128 0x6
 562 0086 40       		.uleb128 0x40
 563 0087 18       		.uleb128 0x18
 564 0088 9742     		.uleb128 0x2117
 565 008a 19       		.uleb128 0x19
 566 008b 01       		.uleb128 0x1
 567 008c 13       		.uleb128 0x13
 568 008d 00       		.byte	0
 569 008e 00       		.byte	0
ARM GAS  C:\Users\Asus\AppData\Local\Temp\ccnPyLYS.s 			page 12


 570 008f 0B       		.uleb128 0xb
 571 0090 05       		.uleb128 0x5
 572 0091 00       		.byte	0
 573 0092 03       		.uleb128 0x3
 574 0093 0E       		.uleb128 0xe
 575 0094 3A       		.uleb128 0x3a
 576 0095 0B       		.uleb128 0xb
 577 0096 3B       		.uleb128 0x3b
 578 0097 0B       		.uleb128 0xb
 579 0098 49       		.uleb128 0x49
 580 0099 13       		.uleb128 0x13
 581 009a 02       		.uleb128 0x2
 582 009b 17       		.uleb128 0x17
 583 009c 00       		.byte	0
 584 009d 00       		.byte	0
 585 009e 0C       		.uleb128 0xc
 586 009f 0B       		.uleb128 0xb
 587 00a0 01       		.byte	0x1
 588 00a1 11       		.uleb128 0x11
 589 00a2 01       		.uleb128 0x1
 590 00a3 12       		.uleb128 0x12
 591 00a4 06       		.uleb128 0x6
 592 00a5 01       		.uleb128 0x1
 593 00a6 13       		.uleb128 0x13
 594 00a7 00       		.byte	0
 595 00a8 00       		.byte	0
 596 00a9 0D       		.uleb128 0xd
 597 00aa 34       		.uleb128 0x34
 598 00ab 00       		.byte	0
 599 00ac 03       		.uleb128 0x3
 600 00ad 0E       		.uleb128 0xe
 601 00ae 3A       		.uleb128 0x3a
 602 00af 0B       		.uleb128 0xb
 603 00b0 3B       		.uleb128 0x3b
 604 00b1 0B       		.uleb128 0xb
 605 00b2 49       		.uleb128 0x49
 606 00b3 13       		.uleb128 0x13
 607 00b4 02       		.uleb128 0x2
 608 00b5 17       		.uleb128 0x17
 609 00b6 00       		.byte	0
 610 00b7 00       		.byte	0
 611 00b8 0E       		.uleb128 0xe
 612 00b9 898201   		.uleb128 0x4109
 613 00bc 01       		.byte	0x1
 614 00bd 11       		.uleb128 0x11
 615 00be 01       		.uleb128 0x1
 616 00bf 31       		.uleb128 0x31
 617 00c0 13       		.uleb128 0x13
 618 00c1 01       		.uleb128 0x1
 619 00c2 13       		.uleb128 0x13
 620 00c3 00       		.byte	0
 621 00c4 00       		.byte	0
 622 00c5 0F       		.uleb128 0xf
 623 00c6 8A8201   		.uleb128 0x410a
 624 00c9 00       		.byte	0
 625 00ca 02       		.uleb128 0x2
 626 00cb 18       		.uleb128 0x18
ARM GAS  C:\Users\Asus\AppData\Local\Temp\ccnPyLYS.s 			page 13


 627 00cc 9142     		.uleb128 0x2111
 628 00ce 18       		.uleb128 0x18
 629 00cf 00       		.byte	0
 630 00d0 00       		.byte	0
 631 00d1 10       		.uleb128 0x10
 632 00d2 898201   		.uleb128 0x4109
 633 00d5 01       		.byte	0x1
 634 00d6 11       		.uleb128 0x11
 635 00d7 01       		.uleb128 0x1
 636 00d8 31       		.uleb128 0x31
 637 00d9 13       		.uleb128 0x13
 638 00da 00       		.byte	0
 639 00db 00       		.byte	0
 640 00dc 11       		.uleb128 0x11
 641 00dd 0F       		.uleb128 0xf
 642 00de 00       		.byte	0
 643 00df 0B       		.uleb128 0xb
 644 00e0 0B       		.uleb128 0xb
 645 00e1 49       		.uleb128 0x49
 646 00e2 13       		.uleb128 0x13
 647 00e3 00       		.byte	0
 648 00e4 00       		.byte	0
 649 00e5 12       		.uleb128 0x12
 650 00e6 26       		.uleb128 0x26
 651 00e7 00       		.byte	0
 652 00e8 49       		.uleb128 0x49
 653 00e9 13       		.uleb128 0x13
 654 00ea 00       		.byte	0
 655 00eb 00       		.byte	0
 656 00ec 13       		.uleb128 0x13
 657 00ed 34       		.uleb128 0x34
 658 00ee 00       		.byte	0
 659 00ef 03       		.uleb128 0x3
 660 00f0 0E       		.uleb128 0xe
 661 00f1 3A       		.uleb128 0x3a
 662 00f2 0B       		.uleb128 0xb
 663 00f3 3B       		.uleb128 0x3b
 664 00f4 0B       		.uleb128 0xb
 665 00f5 49       		.uleb128 0x49
 666 00f6 13       		.uleb128 0x13
 667 00f7 3F       		.uleb128 0x3f
 668 00f8 19       		.uleb128 0x19
 669 00f9 3C       		.uleb128 0x3c
 670 00fa 19       		.uleb128 0x19
 671 00fb 00       		.byte	0
 672 00fc 00       		.byte	0
 673 00fd 14       		.uleb128 0x14
 674 00fe 34       		.uleb128 0x34
 675 00ff 00       		.byte	0
 676 0100 03       		.uleb128 0x3
 677 0101 0E       		.uleb128 0xe
 678 0102 3A       		.uleb128 0x3a
 679 0103 0B       		.uleb128 0xb
 680 0104 3B       		.uleb128 0x3b
 681 0105 05       		.uleb128 0x5
 682 0106 49       		.uleb128 0x49
 683 0107 13       		.uleb128 0x13
ARM GAS  C:\Users\Asus\AppData\Local\Temp\ccnPyLYS.s 			page 14


 684 0108 3F       		.uleb128 0x3f
 685 0109 19       		.uleb128 0x19
 686 010a 3C       		.uleb128 0x3c
 687 010b 19       		.uleb128 0x19
 688 010c 00       		.byte	0
 689 010d 00       		.byte	0
 690 010e 15       		.uleb128 0x15
 691 010f 35       		.uleb128 0x35
 692 0110 00       		.byte	0
 693 0111 49       		.uleb128 0x49
 694 0112 13       		.uleb128 0x13
 695 0113 00       		.byte	0
 696 0114 00       		.byte	0
 697 0115 16       		.uleb128 0x16
 698 0116 2E       		.uleb128 0x2e
 699 0117 00       		.byte	0
 700 0118 3F       		.uleb128 0x3f
 701 0119 19       		.uleb128 0x19
 702 011a 3C       		.uleb128 0x3c
 703 011b 19       		.uleb128 0x19
 704 011c 6E       		.uleb128 0x6e
 705 011d 0E       		.uleb128 0xe
 706 011e 03       		.uleb128 0x3
 707 011f 0E       		.uleb128 0xe
 708 0120 3A       		.uleb128 0x3a
 709 0121 0B       		.uleb128 0xb
 710 0122 3B       		.uleb128 0x3b
 711 0123 0B       		.uleb128 0xb
 712 0124 00       		.byte	0
 713 0125 00       		.byte	0
 714 0126 00       		.byte	0
 715              		.section	.debug_loc,"",%progbits
 716              	.Ldebug_loc0:
 717              	.LLST0:
 718 0000 00000000 		.4byte	.LVL0
 719 0004 08000000 		.4byte	.LVL2
 720 0008 0100     		.2byte	0x1
 721 000a 50       		.byte	0x50
 722 000b 08000000 		.4byte	.LVL2
 723 000f 18000000 		.4byte	.LVL5
 724 0013 0400     		.2byte	0x4
 725 0015 F3       		.byte	0xf3
 726 0016 01       		.uleb128 0x1
 727 0017 50       		.byte	0x50
 728 0018 9F       		.byte	0x9f
 729 0019 18000000 		.4byte	.LVL5
 730 001d 1A000000 		.4byte	.LVL6
 731 0021 0100     		.2byte	0x1
 732 0023 50       		.byte	0x50
 733 0024 1A000000 		.4byte	.LVL6
 734 0028 22000000 		.4byte	.LFE110
 735 002c 0400     		.2byte	0x4
 736 002e F3       		.byte	0xf3
 737 002f 01       		.uleb128 0x1
 738 0030 50       		.byte	0x50
 739 0031 9F       		.byte	0x9f
 740 0032 00000000 		.4byte	0
ARM GAS  C:\Users\Asus\AppData\Local\Temp\ccnPyLYS.s 			page 15


 741 0036 00000000 		.4byte	0
 742              	.LLST1:
 743 003a 06000000 		.4byte	.LVL1
 744 003e 18000000 		.4byte	.LVL5
 745 0042 0100     		.2byte	0x1
 746 0044 54       		.byte	0x54
 747 0045 00000000 		.4byte	0
 748 0049 00000000 		.4byte	0
 749              		.section	.debug_aranges,"",%progbits
 750 0000 1C000000 		.4byte	0x1c
 751 0004 0200     		.2byte	0x2
 752 0006 00000000 		.4byte	.Ldebug_info0
 753 000a 04       		.byte	0x4
 754 000b 00       		.byte	0
 755 000c 0000     		.2byte	0
 756 000e 0000     		.2byte	0
 757 0010 00000000 		.4byte	.LFB110
 758 0014 22000000 		.4byte	.LFE110-.LFB110
 759 0018 00000000 		.4byte	0
 760 001c 00000000 		.4byte	0
 761              		.section	.debug_ranges,"",%progbits
 762              	.Ldebug_ranges0:
 763 0000 00000000 		.4byte	.LFB110
 764 0004 22000000 		.4byte	.LFE110
 765 0008 00000000 		.4byte	0
 766 000c 00000000 		.4byte	0
 767              		.section	.debug_line,"",%progbits
 768              	.Ldebug_line0:
 769 0000 5F020000 		.section	.debug_str,"MS",%progbits,1
 769      02004502 
 769      00000201 
 769      FB0E0D00 
 769      01010101 
 770              	.LASF37:
 771 0000 52435F45 		.ascii	"RC_ERROR_READ_ONLY\000"
 771      52524F52 
 771      5F524541 
 771      445F4F4E 
 771      4C5900
 772              	.LASF23:
 773 0013 52435F53 		.ascii	"RC_SUCCESS\000"
 773      55434345 
 773      535300
 774              	.LASF57:
 775 001e 4C45445F 		.ascii	"LED_red_Write\000"
 775      7265645F 
 775      57726974 
 775      6500
 776              	.LASF38:
 777 002c 52435F45 		.ascii	"RC_ERROR_WRITE_ONLY\000"
 777      52524F52 
 777      5F575249 
 777      54455F4F 
 777      4E4C5900 
 778              	.LASF2:
 779 0040 73686F72 		.ascii	"short int\000"
 779      7420696E 
ARM GAS  C:\Users\Asus\AppData\Local\Temp\ccnPyLYS.s 			page 16


 779      7400
 780              	.LASF29:
 781 004a 52435F45 		.ascii	"RC_ERROR_OVERRUN\000"
 781      52524F52 
 781      5F4F5645 
 781      5252554E 
 781      00
 782              	.LASF41:
 783 005b 52435F45 		.ascii	"RC_ERROR_WRITE_FAILS\000"
 783      52524F52 
 783      5F575249 
 783      54455F46 
 783      41494C53 
 784              	.LASF17:
 785 0070 73697A65 		.ascii	"sizetype\000"
 785      74797065 
 785      00
 786              	.LASF65:
 787 0079 67726565 		.ascii	"green_channel\000"
 787      6E5F6368 
 787      616E6E65 
 787      6C00
 788              	.LASF26:
 789 0087 52435F45 		.ascii	"RC_ERROR_ZERO\000"
 789      52524F52 
 789      5F5A4552 
 789      4F00
 790              	.LASF21:
 791 0095 45455F46 		.ascii	"EE_FREG\000"
 791      52454700 
 792              	.LASF40:
 793 009d 52435F45 		.ascii	"RC_ERROR_READ_FAILS\000"
 793      52524F52 
 793      5F524541 
 793      445F4641 
 793      494C5300 
 794              	.LASF19:
 795 00b1 45455F55 		.ascii	"EE_UINT32\000"
 795      494E5433 
 795      3200
 796              	.LASF60:
 797 00bb 736F7572 		.ascii	"sources\\rte\\sc_speed_type.c\000"
 797      6365735C 
 797      7274655C 
 797      73635F73 
 797      70656564 
 798              	.LASF22:
 799 00d7 45455F54 		.ascii	"EE_TID\000"
 799      494400
 800              	.LASF50:
 801 00de 53435F53 		.ascii	"SC_SPEED_data_t\000"
 801      50454544 
 801      5F646174 
 801      615F7400 
 802              	.LASF46:
 803 00ee 52435F45 		.ascii	"RC_ERROR_INVALID_STATE\000"
 803      52524F52 
ARM GAS  C:\Users\Asus\AppData\Local\Temp\ccnPyLYS.s 			page 17


 803      5F494E56 
 803      414C4944 
 803      5F535441 
 804              	.LASF55:
 805 0105 45455F49 		.ascii	"EE_IRQ_nesting_level\000"
 805      52515F6E 
 805      65737469 
 805      6E675F6C 
 805      6576656C 
 806              	.LASF54:
 807 011a 45455F73 		.ascii	"EE_std_endcycle_next_tid\000"
 807      74645F65 
 807      6E646379 
 807      636C655F 
 807      6E657874 
 808              	.LASF28:
 809 0133 52435F45 		.ascii	"RC_ERROR_RANGE\000"
 809      52524F52 
 809      5F52414E 
 809      474500
 810              	.LASF13:
 811 0142 666C6F61 		.ascii	"float\000"
 811      7400
 812              	.LASF48:
 813 0148 52435F45 		.ascii	"RC_ERROR_NOT_IMPLEMENTED\000"
 813      52524F52 
 813      5F4E4F54 
 813      5F494D50 
 813      4C454D45 
 814              	.LASF8:
 815 0161 6C6F6E67 		.ascii	"long long int\000"
 815      206C6F6E 
 815      6720696E 
 815      7400
 816              	.LASF52:
 817 016f 45455F6F 		.ascii	"EE_oo_IRQ_suspend_status\000"
 817      6F5F4952 
 817      515F7375 
 817      7370656E 
 817      645F7374 
 818              	.LASF42:
 819 0188 52435F45 		.ascii	"RC_ERROR_NOT_MATCH\000"
 819      52524F52 
 819      5F4E4F54 
 819      5F4D4154 
 819      434800
 820              	.LASF47:
 821 019b 52435F45 		.ascii	"RC_ERROR_UNKNOWN\000"
 821      52524F52 
 821      5F554E4B 
 821      4E4F574E 
 821      00
 822              	.LASF6:
 823 01ac 6C6F6E67 		.ascii	"long int\000"
 823      20696E74 
 823      00
 824              	.LASF30:
ARM GAS  C:\Users\Asus\AppData\Local\Temp\ccnPyLYS.s 			page 18


 825 01b5 52435F45 		.ascii	"RC_ERROR_UNDERRUN\000"
 825      52524F52 
 825      5F554E44 
 825      45525255 
 825      4E00
 826              	.LASF33:
 827 01c7 52435F45 		.ascii	"RC_ERROR_BUSY\000"
 827      52524F52 
 827      5F425553 
 827      5900
 828              	.LASF4:
 829 01d5 5F5F7569 		.ascii	"__uint8_t\000"
 829      6E74385F 
 829      7400
 830              	.LASF39:
 831 01df 52435F45 		.ascii	"RC_ERROR_INVALID\000"
 831      52524F52 
 831      5F494E56 
 831      414C4944 
 831      00
 832              	.LASF44:
 833 01f0 52435F45 		.ascii	"RC_ERROR_BAD_DATA\000"
 833      52524F52 
 833      5F424144 
 833      5F444154 
 833      4100
 834              	.LASF16:
 835 0202 6C6F6E67 		.ascii	"long double\000"
 835      20646F75 
 835      626C6500 
 836              	.LASF1:
 837 020e 756E7369 		.ascii	"unsigned char\000"
 837      676E6564 
 837      20636861 
 837      7200
 838              	.LASF43:
 839 021c 52435F45 		.ascii	"RC_ERROR_BAD_PARAM\000"
 839      52524F52 
 839      5F424144 
 839      5F504152 
 839      414D00
 840              	.LASF0:
 841 022f 7369676E 		.ascii	"signed char\000"
 841      65642063 
 841      68617200 
 842              	.LASF9:
 843 023b 6C6F6E67 		.ascii	"long long unsigned int\000"
 843      206C6F6E 
 843      6720756E 
 843      7369676E 
 843      65642069 
 844              	.LASF10:
 845 0252 756E7369 		.ascii	"unsigned int\000"
 845      676E6564 
 845      20696E74 
 845      00
 846              	.LASF35:
ARM GAS  C:\Users\Asus\AppData\Local\Temp\ccnPyLYS.s 			page 19


 847 025f 52435F45 		.ascii	"RC_ERROR_OPEN\000"
 847      52524F52 
 847      5F4F5045 
 847      4E00
 848              	.LASF62:
 849 026d 73706565 		.ascii	"speed\000"
 849      6400
 850              	.LASF25:
 851 0273 52435F45 		.ascii	"RC_ERROR_NULL\000"
 851      52524F52 
 851      5F4E554C 
 851      4C00
 852              	.LASF32:
 853 0281 52435F45 		.ascii	"RC_ERROR_BUFFER_EMTPY\000"
 853      52524F52 
 853      5F425546 
 853      4645525F 
 853      454D5450 
 854              	.LASF18:
 855 0297 45455F49 		.ascii	"EE_INT32\000"
 855      4E543332 
 855      00
 856              	.LASF61:
 857 02a0 433A5C55 		.ascii	"C:\\Users\\Asus\\Desktop\\HDA\\Semester_2\\EAA\\Lab"
 857      73657273 
 857      5C417375 
 857      735C4465 
 857      736B746F 
 858 02cc 5C4C6162 		.ascii	"\\Lab01\\Electronic_Gaspedal\\Electronic_Gaspedal\\"
 858      30315C45 
 858      6C656374 
 858      726F6E69 
 858      635F4761 
 859 02fb 4C616230 		.ascii	"Lab01.cydsn\000"
 859      312E6379 
 859      64736E00 
 860              	.LASF3:
 861 0307 73686F72 		.ascii	"short unsigned int\000"
 861      7420756E 
 861      7369676E 
 861      65642069 
 861      6E7400
 862              	.LASF59:
 863 031a 474E5520 		.ascii	"GNU C11 5.4.1 20160609 (release) [ARM/embedded-5-br"
 863      43313120 
 863      352E342E 
 863      31203230 
 863      31363036 
 864 034d 616E6368 		.ascii	"anch revision 237715] -mcpu=cortex-m3 -mthumb -g -O"
 864      20726576 
 864      6973696F 
 864      6E203233 
 864      37373135 
 865 0380 67202D66 		.ascii	"g -ffunction-sections -ffat-lto-objects\000"
 865      66756E63 
 865      74696F6E 
 865      2D736563 
ARM GAS  C:\Users\Asus\AppData\Local\Temp\ccnPyLYS.s 			page 20


 865      74696F6E 
 866              	.LASF15:
 867 03a8 63686172 		.ascii	"char\000"
 867      00
 868              	.LASF31:
 869 03ad 52435F45 		.ascii	"RC_ERROR_BUFFER_FULL\000"
 869      52524F52 
 869      5F425546 
 869      4645525F 
 869      46554C4C 
 870              	.LASF12:
 871 03c2 696E7433 		.ascii	"int32_t\000"
 871      325F7400 
 872              	.LASF58:
 873 03ca 4C45445F 		.ascii	"LED_RGB_Set\000"
 873      5247425F 
 873      53657400 
 874              	.LASF64:
 875 03d6 64617461 		.ascii	"data\000"
 875      00
 876              	.LASF53:
 877 03db 45455F41 		.ascii	"EE_ApplicationMode\000"
 877      70706C69 
 877      63617469 
 877      6F6E4D6F 
 877      646500
 878              	.LASF7:
 879 03ee 6C6F6E67 		.ascii	"long unsigned int\000"
 879      20756E73 
 879      69676E65 
 879      6420696E 
 879      7400
 880              	.LASF14:
 881 0400 646F7562 		.ascii	"double\000"
 881      6C6500
 882              	.LASF36:
 883 0407 52435F45 		.ascii	"RC_ERROR_CHECKSUM\000"
 883      52524F52 
 883      5F434845 
 883      434B5355 
 883      4D00
 884              	.LASF20:
 885 0419 45455F55 		.ascii	"EE_UREG\000"
 885      52454700 
 886              	.LASF5:
 887 0421 5F5F696E 		.ascii	"__int32_t\000"
 887      7433325F 
 887      7400
 888              	.LASF11:
 889 042b 75696E74 		.ascii	"uint8_t\000"
 889      385F7400 
 890              	.LASF45:
 891 0433 52435F45 		.ascii	"RC_ERROR_CANCELED\000"
 891      52524F52 
 891      5F43414E 
 891      43454C45 
 891      4400
ARM GAS  C:\Users\Asus\AppData\Local\Temp\ccnPyLYS.s 			page 21


 892              	.LASF56:
 893 0445 49544D5F 		.ascii	"ITM_RxBuffer\000"
 893      52784275 
 893      66666572 
 893      00
 894              	.LASF24:
 895 0452 52435F45 		.ascii	"RC_ERROR\000"
 895      52524F52 
 895      00
 896              	.LASF27:
 897 045b 52435F45 		.ascii	"RC_ERROR_MEMORY\000"
 897      52524F52 
 897      5F4D454D 
 897      4F525900 
 898              	.LASF51:
 899 046b 45455F6F 		.ascii	"EE_oo_IRQ_disable_count\000"
 899      6F5F4952 
 899      515F6469 
 899      7361626C 
 899      655F636F 
 900              	.LASF63:
 901 0483 53435F53 		.ascii	"SC_SPEED_driverOut\000"
 901      50454544 
 901      5F647269 
 901      7665724F 
 901      757400
 902              	.LASF49:
 903 0496 52435F74 		.ascii	"RC_t\000"
 903      00
 904              	.LASF34:
 905 049b 52435F45 		.ascii	"RC_ERROR_TIME_OUT\000"
 905      52524F52 
 905      5F54494D 
 905      455F4F55 
 905      5400
 906              		.ident	"GCC: (GNU Tools for ARM Embedded Processors) 5.4.1 20160609 (release) [ARM/embedded-5-bran
