ARM GAS  C:\Users\Asus\AppData\Local\Temp\ccMu8bBZ.s 			page 1


   1              		.syntax unified
   2              		.cpu cortex-m3
   3              		.fpu softvfp
   4              		.eabi_attribute 20, 1
   5              		.eabi_attribute 21, 1
   6              		.eabi_attribute 23, 3
   7              		.eabi_attribute 24, 1
   8              		.eabi_attribute 25, 1
   9              		.eabi_attribute 26, 1
  10              		.eabi_attribute 30, 1
  11              		.eabi_attribute 34, 1
  12              		.eabi_attribute 18, 4
  13              		.thumb
  14              		.syntax unified
  15              		.file	"tsk_io.c"
  16              		.text
  17              	.Ltext0:
  18              		.cfi_sections	.debug_frame
  19              		.section	.text.Functsk_io,"ax",%progbits
  20              		.align	2
  21              		.global	Functsk_io
  22              		.thumb
  23              		.thumb_func
  24              		.type	Functsk_io, %function
  25              	Functsk_io:
  26              	.LFB110:
  27              		.file 1 "sources\\asw\\tsk_io.c"
   1:sources\asw/tsk_io.c **** /*
   2:sources\asw/tsk_io.c ****  * Filename: tsk_io.c
   3:sources\asw/tsk_io.c ****  *
   4:sources\asw/tsk_io.c ****  * Author: Autogenerated by H-DA RTE Generator, (c) Prof. Fromm
   5:sources\asw/tsk_io.c ****  *
   6:sources\asw/tsk_io.c ****  * description: This task will contain Joystick and Engine controlling
   7:sources\asw/tsk_io.c ****  * events: 
   8:sources\asw/tsk_io.c ****  * mode: Cyclic
   9:sources\asw/tsk_io.c ****  * name: tsk_io
  10:sources\asw/tsk_io.c ****  * shortname: io
  11:sources\asw/tsk_io.c ****  * signalpoolsRO: sp_common
  12:sources\asw/tsk_io.c ****  * signalpoolsRW: sp_common
  13:sources\asw/tsk_io.c ****  * tickEvent: 0
  14:sources\asw/tsk_io.c ****  * timertickperiod: 1
  15:sources\asw/tsk_io.c ****  *
  16:sources\asw/tsk_io.c ****  */
  17:sources\asw/tsk_io.c **** 
  18:sources\asw/tsk_io.c **** #include "project.h"
  19:sources\asw/tsk_io.c **** #include "global.h"
  20:sources\asw/tsk_io.c **** #include "rte.h"
  21:sources\asw/tsk_io.c **** #include "rte_types.h"
  22:sources\asw/tsk_io.c **** #include "tsk_io.h"
  23:sources\asw/tsk_io.c **** 
  24:sources\asw/tsk_io.c **** 
  25:sources\asw/tsk_io.c **** 
  26:sources\asw/tsk_io.c **** /* USER CODE START TSK_IO_INCLUDE */
  27:sources\asw/tsk_io.c **** 
  28:sources\asw/tsk_io.c **** /* USER CODE END TSK_IO_INCLUDE */
  29:sources\asw/tsk_io.c **** 
  30:sources\asw/tsk_io.c **** #include "swc_remote.h"
ARM GAS  C:\Users\Asus\AppData\Local\Temp\ccMu8bBZ.s 			page 2


  31:sources\asw/tsk_io.c **** #include "swc_engine.h"
  32:sources\asw/tsk_io.c **** 
  33:sources\asw/tsk_io.c **** 
  34:sources\asw/tsk_io.c **** 
  35:sources\asw/tsk_io.c **** /* USER CODE START TSK_IO_USERDEFINITIONS */
  36:sources\asw/tsk_io.c **** 
  37:sources\asw/tsk_io.c **** /* USER CODE END TSK_IO_USERDEFINITIONS */
  38:sources\asw/tsk_io.c **** 
  39:sources\asw/tsk_io.c **** /*******************************************************************************
  40:sources\asw/tsk_io.c ****  * Runnable Tables from Activation Engine
  41:sources\asw/tsk_io.c ****  *******************************************************************************/
  42:sources\asw/tsk_io.c **** 
  43:sources\asw/tsk_io.c **** /* Cyclic Table */
  44:sources\asw/tsk_io.c **** 
  45:sources\asw/tsk_io.c **** const RTE_cyclicTable_t RTE_cyclicActivationTable_tsk_io[] = {
  46:sources\asw/tsk_io.c **** 	{ REMOTE_readJoystick_run, 10 },	//Runnable which will read the joystick value from the driver
  47:sources\asw/tsk_io.c **** 	{ ENGINE_setEngine_run, 100 },	//Runnable which will control the Engine
  48:sources\asw/tsk_io.c **** };
  49:sources\asw/tsk_io.c **** const uint16_t RTE_cyclicActivation_tsk_io_size = sizeof (RTE_cyclicActivationTable_tsk_io) / sizeo
  50:sources\asw/tsk_io.c **** 
  51:sources\asw/tsk_io.c **** 
  52:sources\asw/tsk_io.c **** /*******************************************************************************
  53:sources\asw/tsk_io.c ****  * Task Body
  54:sources\asw/tsk_io.c ****  *******************************************************************************/
  55:sources\asw/tsk_io.c **** 
  56:sources\asw/tsk_io.c **** 
  57:sources\asw/tsk_io.c **** /*
  58:sources\asw/tsk_io.c ****  * description: This task will contain Joystick and Engine controlling
  59:sources\asw/tsk_io.c ****  * events: 
  60:sources\asw/tsk_io.c ****  * mode: Cyclic
  61:sources\asw/tsk_io.c ****  * name: tsk_io
  62:sources\asw/tsk_io.c ****  * shortname: io
  63:sources\asw/tsk_io.c ****  * signalpoolsRO: sp_common
  64:sources\asw/tsk_io.c ****  * signalpoolsRW: sp_common
  65:sources\asw/tsk_io.c ****  * tickEvent: 0
  66:sources\asw/tsk_io.c ****  * timertickperiod: 1
  67:sources\asw/tsk_io.c ****  */
  68:sources\asw/tsk_io.c **** TASK(tsk_io)
  69:sources\asw/tsk_io.c **** {
  28              		.loc 1 69 0
  29              		.cfi_startproc
  30              		@ args = 0, pretend = 0, frame = 0
  31              		@ frame_needed = 0, uses_anonymous_args = 0
  32 0000 10B5     		push	{r4, lr}
  33              		.cfi_def_cfa_offset 8
  34              		.cfi_offset 4, -8
  35              		.cfi_offset 14, -4
  70:sources\asw/tsk_io.c **** 	/* ticktime of the task */
  71:sources\asw/tsk_io.c **** 	static uint32_t ticktime = 0;
  72:sources\asw/tsk_io.c **** 
  73:sources\asw/tsk_io.c **** 	/* USER CODE START TSK_IO_TASKBOBY_PRE */
  74:sources\asw/tsk_io.c **** 
  75:sources\asw/tsk_io.c **** 	/* USER CODE END TSK_IO_TASKBODY_PRE */
  76:sources\asw/tsk_io.c ****     
  77:sources\asw/tsk_io.c ****     //Process all cyclic runnables which are due
  78:sources\asw/tsk_io.c ****     RTE_ProcessCyclicTable(RTE_cyclicActivationTable_tsk_io, RTE_cyclicActivation_tsk_io_size, tick
  36              		.loc 1 78 0
ARM GAS  C:\Users\Asus\AppData\Local\Temp\ccMu8bBZ.s 			page 3


  37 0002 084C     		ldr	r4, .L4
  38 0004 2268     		ldr	r2, [r4]
  39 0006 0221     		movs	r1, #2
  40 0008 0748     		ldr	r0, .L4+4
  41 000a FFF7FEFF 		bl	RTE_ProcessCyclicTable
  42              	.LVL0:
  79:sources\asw/tsk_io.c **** 	
  80:sources\asw/tsk_io.c **** 	/* USER CODE START TSK_IO_TASKBODY_POST */
  81:sources\asw/tsk_io.c **** 
  82:sources\asw/tsk_io.c **** 	/* USER CODE END TSK_IO_TASKBODY_POST */
  83:sources\asw/tsk_io.c **** 
  84:sources\asw/tsk_io.c **** 	ticktime += 1;
  43              		.loc 1 84 0
  44 000e 2368     		ldr	r3, [r4]
  45 0010 0133     		adds	r3, r3, #1
  46 0012 2360     		str	r3, [r4]
  85:sources\asw/tsk_io.c **** 	if (ticktime > 0xFFFFFF00) ticktime = 0;
  47              		.loc 1 85 0
  48 0014 13F5807F 		cmn	r3, #256
  49 0018 01D9     		bls	.L2
  50              		.loc 1 85 0 is_stmt 0 discriminator 1
  51 001a 0022     		movs	r2, #0
  52 001c 2260     		str	r2, [r4]
  53              	.L2:
  86:sources\asw/tsk_io.c **** 	
  87:sources\asw/tsk_io.c **** 	TerminateTask();
  54              		.loc 1 87 0 is_stmt 1
  55 001e FFF7FEFF 		bl	EE_oo_TerminateTask
  56              	.LVL1:
  57 0022 10BD     		pop	{r4, pc}
  58              	.L5:
  59              		.align	2
  60              	.L4:
  61 0024 00000000 		.word	.LANCHOR0
  62 0028 00000000 		.word	.LANCHOR1
  63              		.cfi_endproc
  64              	.LFE110:
  65              		.size	Functsk_io, .-Functsk_io
  66              		.global	RTE_cyclicActivation_tsk_io_size
  67              		.global	RTE_cyclicActivationTable_tsk_io
  68              		.section	.rodata
  69              		.align	2
  70              		.set	.LANCHOR1,. + 0
  71              		.type	RTE_cyclicActivationTable_tsk_io, %object
  72              		.size	RTE_cyclicActivationTable_tsk_io, 16
  73              	RTE_cyclicActivationTable_tsk_io:
  74 0000 00000000 		.word	REMOTE_readJoystick_run
  75 0004 0A00     		.short	10
  76 0006 0000     		.space	2
  77 0008 00000000 		.word	ENGINE_setEngine_run
  78 000c 6400     		.short	100
  79 000e 0000     		.space	2
  80              		.type	RTE_cyclicActivation_tsk_io_size, %object
  81              		.size	RTE_cyclicActivation_tsk_io_size, 2
  82              	RTE_cyclicActivation_tsk_io_size:
  83 0010 0200     		.short	2
  84              		.bss
ARM GAS  C:\Users\Asus\AppData\Local\Temp\ccMu8bBZ.s 			page 4


  85              		.align	2
  86              		.set	.LANCHOR0,. + 0
  87              		.type	ticktime.6561, %object
  88              		.size	ticktime.6561, 4
  89              	ticktime.6561:
  90 0000 00000000 		.space	4
  91              		.text
  92              	.Letext0:
  93              		.file 2 "c:\\program files (x86)\\cypress\\psoc creator\\4.4\\psoc creator\\import\\gnu\\arm\\5.4.
  94              		.file 3 "c:\\program files (x86)\\cypress\\psoc creator\\4.4\\psoc creator\\import\\gnu\\arm\\5.4.
  95              		.file 4 "Generated_Source\\PSoC5/ErikaOS_1_common_ee_types.inc"
  96              		.file 5 "Generated_Source\\PSoC5/ErikaOS_1_cortex_mx_ee_cpu.inc"
  97              		.file 6 "Generated_Source\\PSoC5/ErikaOS_1_ee_oo_common.inc"
  98              		.file 7 ".\\sources\\rte/rte_types.h"
  99              		.file 8 ".\\sources\\rte/rte.h"
 100              		.file 9 "Generated_Source\\PSoC5/ErikaOS_1_ee_oo_intfunc.inc"
 101              		.file 10 "Generated_Source\\PSoC5/ErikaOS_1_cortex_mx_ee_context.inc"
 102              		.file 11 "Generated_Source\\PSoC5/ErikaOS_1_common_ee_primitives.inc"
 103              		.file 12 "Generated_Source\\PSoC5/core_cm3.h"
 104              		.file 13 "Generated_Source\\PSoC5/ErikaOS_1_ee_oo_kernel.inc"
 105              		.section	.debug_info,"",%progbits
 106              	.Ldebug_info0:
 107 0000 4E020000 		.4byte	0x24e
 108 0004 0400     		.2byte	0x4
 109 0006 00000000 		.4byte	.Ldebug_abbrev0
 110 000a 04       		.byte	0x4
 111 000b 01       		.uleb128 0x1
 112 000c A2000000 		.4byte	.LASF40
 113 0010 0C       		.byte	0xc
 114 0011 18000000 		.4byte	.LASF41
 115 0015 BA010000 		.4byte	.LASF42
 116 0019 00000000 		.4byte	.Ldebug_ranges0+0
 117 001d 00000000 		.4byte	0
 118 0021 00000000 		.4byte	.Ldebug_line0
 119 0025 02       		.uleb128 0x2
 120 0026 01       		.byte	0x1
 121 0027 06       		.byte	0x6
 122 0028 0C030000 		.4byte	.LASF0
 123 002c 02       		.uleb128 0x2
 124 002d 01       		.byte	0x1
 125 002e 08       		.byte	0x8
 126 002f 94000000 		.4byte	.LASF1
 127 0033 02       		.uleb128 0x2
 128 0034 02       		.byte	0x2
 129 0035 05       		.byte	0x5
 130 0036 C3020000 		.4byte	.LASF2
 131 003a 03       		.uleb128 0x3
 132 003b 9A010000 		.4byte	.LASF4
 133 003f 02       		.byte	0x2
 134 0040 2B       		.byte	0x2b
 135 0041 45000000 		.4byte	0x45
 136 0045 02       		.uleb128 0x2
 137 0046 02       		.byte	0x2
 138 0047 07       		.byte	0x7
 139 0048 4B010000 		.4byte	.LASF3
 140 004c 03       		.uleb128 0x3
 141 004d 00000000 		.4byte	.LASF5
ARM GAS  C:\Users\Asus\AppData\Local\Temp\ccMu8bBZ.s 			page 5


 142 0051 02       		.byte	0x2
 143 0052 3F       		.byte	0x3f
 144 0053 57000000 		.4byte	0x57
 145 0057 02       		.uleb128 0x2
 146 0058 04       		.byte	0x4
 147 0059 05       		.byte	0x5
 148 005a F7020000 		.4byte	.LASF6
 149 005e 03       		.uleb128 0x3
 150 005f AF010000 		.4byte	.LASF7
 151 0063 02       		.byte	0x2
 152 0064 41       		.byte	0x41
 153 0065 69000000 		.4byte	0x69
 154 0069 02       		.uleb128 0x2
 155 006a 04       		.byte	0x4
 156 006b 07       		.byte	0x7
 157 006c 39010000 		.4byte	.LASF8
 158 0070 02       		.uleb128 0x2
 159 0071 08       		.byte	0x8
 160 0072 05       		.byte	0x5
 161 0073 8A020000 		.4byte	.LASF9
 162 0077 02       		.uleb128 0x2
 163 0078 08       		.byte	0x8
 164 0079 07       		.byte	0x7
 165 007a 73000000 		.4byte	.LASF10
 166 007e 04       		.uleb128 0x4
 167 007f 04       		.byte	0x4
 168 0080 05       		.byte	0x5
 169 0081 696E7400 		.ascii	"int\000"
 170 0085 02       		.uleb128 0x2
 171 0086 04       		.byte	0x4
 172 0087 07       		.byte	0x7
 173 0088 33020000 		.4byte	.LASF11
 174 008c 03       		.uleb128 0x3
 175 008d BA020000 		.4byte	.LASF12
 176 0091 03       		.byte	0x3
 177 0092 24       		.byte	0x24
 178 0093 3A000000 		.4byte	0x3a
 179 0097 03       		.uleb128 0x3
 180 0098 79020000 		.4byte	.LASF13
 181 009c 03       		.byte	0x3
 182 009d 2C       		.byte	0x2c
 183 009e 4C000000 		.4byte	0x4c
 184 00a2 03       		.uleb128 0x3
 185 00a3 EE020000 		.4byte	.LASF14
 186 00a7 03       		.byte	0x3
 187 00a8 30       		.byte	0x30
 188 00a9 5E000000 		.4byte	0x5e
 189 00ad 02       		.uleb128 0x2
 190 00ae 04       		.byte	0x4
 191 00af 04       		.byte	0x4
 192 00b0 54000000 		.4byte	.LASF15
 193 00b4 02       		.uleb128 0x2
 194 00b5 08       		.byte	0x8
 195 00b6 04       		.byte	0x4
 196 00b7 2D000000 		.4byte	.LASF16
 197 00bb 02       		.uleb128 0x2
 198 00bc 01       		.byte	0x1
ARM GAS  C:\Users\Asus\AppData\Local\Temp\ccMu8bBZ.s 			page 6


 199 00bd 08       		.byte	0x8
 200 00be 98020000 		.4byte	.LASF17
 201 00c2 02       		.uleb128 0x2
 202 00c3 08       		.byte	0x8
 203 00c4 04       		.byte	0x4
 204 00c5 00030000 		.4byte	.LASF18
 205 00c9 02       		.uleb128 0x2
 206 00ca 04       		.byte	0x4
 207 00cb 07       		.byte	0x7
 208 00cc 81020000 		.4byte	.LASF19
 209 00d0 03       		.uleb128 0x3
 210 00d1 30010000 		.4byte	.LASF20
 211 00d5 04       		.byte	0x4
 212 00d6 53       		.byte	0x53
 213 00d7 7E000000 		.4byte	0x7e
 214 00db 03       		.uleb128 0x3
 215 00dc 48020000 		.4byte	.LASF21
 216 00e0 04       		.byte	0x4
 217 00e1 54       		.byte	0x54
 218 00e2 85000000 		.4byte	0x85
 219 00e6 03       		.uleb128 0x3
 220 00e7 9D020000 		.4byte	.LASF22
 221 00eb 05       		.byte	0x5
 222 00ec 4D       		.byte	0x4d
 223 00ed DB000000 		.4byte	0xdb
 224 00f1 03       		.uleb128 0x3
 225 00f2 40020000 		.4byte	.LASF23
 226 00f6 05       		.byte	0x5
 227 00f7 4F       		.byte	0x4f
 228 00f8 DB000000 		.4byte	0xdb
 229 00fc 03       		.uleb128 0x3
 230 00fd 4D000000 		.4byte	.LASF24
 231 0101 05       		.byte	0x5
 232 0102 78       		.byte	0x78
 233 0103 D0000000 		.4byte	0xd0
 234 0107 05       		.uleb128 0x5
 235 0108 0A000000 		.4byte	.LASF25
 236 010c 06       		.byte	0x6
 237 010d 2C02     		.2byte	0x22c
 238 010f E6000000 		.4byte	0xe6
 239 0113 03       		.uleb128 0x3
 240 0114 A5010000 		.4byte	.LASF26
 241 0118 07       		.byte	0x7
 242 0119 21       		.byte	0x21
 243 011a 07010000 		.4byte	0x107
 244 011e 03       		.uleb128 0x3
 245 011f 18030000 		.4byte	.LASF27
 246 0123 08       		.byte	0x8
 247 0124 66       		.byte	0x66
 248 0125 29010000 		.4byte	0x129
 249 0129 06       		.uleb128 0x6
 250 012a 04       		.byte	0x4
 251 012b 2F010000 		.4byte	0x12f
 252 012f 07       		.uleb128 0x7
 253 0130 3A010000 		.4byte	0x13a
 254 0134 08       		.uleb128 0x8
 255 0135 13010000 		.4byte	0x113
ARM GAS  C:\Users\Asus\AppData\Local\Temp\ccMu8bBZ.s 			page 7


 256 0139 00       		.byte	0
 257 013a 09       		.uleb128 0x9
 258 013b 08       		.byte	0x8
 259 013c 08       		.byte	0x8
 260 013d 6B       		.byte	0x6b
 261 013e 5B010000 		.4byte	0x15b
 262 0142 0A       		.uleb128 0xa
 263 0143 72756E00 		.ascii	"run\000"
 264 0147 08       		.byte	0x8
 265 0148 6D       		.byte	0x6d
 266 0149 1E010000 		.4byte	0x11e
 267 014d 00       		.byte	0
 268 014e 0B       		.uleb128 0xb
 269 014f 8A000000 		.4byte	.LASF28
 270 0153 08       		.byte	0x8
 271 0154 6E       		.byte	0x6e
 272 0155 8C000000 		.4byte	0x8c
 273 0159 04       		.byte	0x4
 274 015a 00       		.byte	0
 275 015b 03       		.uleb128 0x3
 276 015c 21020000 		.4byte	.LASF29
 277 0160 08       		.byte	0x8
 278 0161 6F       		.byte	0x6f
 279 0162 3A010000 		.4byte	0x13a
 280 0166 0C       		.uleb128 0xc
 281 0167 5B020000 		.4byte	.LASF43
 282 016b 01       		.byte	0x1
 283 016c 44       		.byte	0x44
 284 016d 00000000 		.4byte	.LFB110
 285 0171 2C000000 		.4byte	.LFE110-.LFB110
 286 0175 01       		.uleb128 0x1
 287 0176 9C       		.byte	0x9c
 288 0177 B2010000 		.4byte	0x1b2
 289 017b 0D       		.uleb128 0xd
 290 017c 52020000 		.4byte	.LASF44
 291 0180 01       		.byte	0x1
 292 0181 47       		.byte	0x47
 293 0182 A2000000 		.4byte	0xa2
 294 0186 05       		.uleb128 0x5
 295 0187 03       		.byte	0x3
 296 0188 00000000 		.4byte	ticktime.6561
 297 018c 0E       		.uleb128 0xe
 298 018d 0E000000 		.4byte	.LVL0
 299 0191 3B020000 		.4byte	0x23b
 300 0195 A8010000 		.4byte	0x1a8
 301 0199 0F       		.uleb128 0xf
 302 019a 01       		.uleb128 0x1
 303 019b 50       		.byte	0x50
 304 019c 05       		.uleb128 0x5
 305 019d 03       		.byte	0x3
 306 019e 00000000 		.4byte	.LANCHOR1
 307 01a2 0F       		.uleb128 0xf
 308 01a3 01       		.uleb128 0x1
 309 01a4 51       		.byte	0x51
 310 01a5 01       		.uleb128 0x1
 311 01a6 32       		.byte	0x32
 312 01a7 00       		.byte	0
ARM GAS  C:\Users\Asus\AppData\Local\Temp\ccMu8bBZ.s 			page 8


 313 01a8 10       		.uleb128 0x10
 314 01a9 22000000 		.4byte	.LVL1
 315 01ad 46020000 		.4byte	0x246
 316 01b1 00       		.byte	0
 317 01b2 11       		.uleb128 0x11
 318 01b3 5E010000 		.4byte	.LASF30
 319 01b7 09       		.byte	0x9
 320 01b8 40       		.byte	0x40
 321 01b9 E6000000 		.4byte	0xe6
 322 01bd 11       		.uleb128 0x11
 323 01be 34000000 		.4byte	.LASF31
 324 01c2 09       		.byte	0x9
 325 01c3 47       		.byte	0x47
 326 01c4 F1000000 		.4byte	0xf1
 327 01c8 11       		.uleb128 0x11
 328 01c9 66020000 		.4byte	.LASF32
 329 01cd 09       		.byte	0x9
 330 01ce 4A       		.byte	0x4a
 331 01cf E6000000 		.4byte	0xe6
 332 01d3 11       		.uleb128 0x11
 333 01d4 5A000000 		.4byte	.LASF33
 334 01d8 0A       		.byte	0xa
 335 01d9 48       		.byte	0x48
 336 01da FC000000 		.4byte	0xfc
 337 01de 11       		.uleb128 0x11
 338 01df A5020000 		.4byte	.LASF34
 339 01e3 0B       		.byte	0xb
 340 01e4 44       		.byte	0x44
 341 01e5 E6000000 		.4byte	0xe6
 342 01e9 12       		.uleb128 0x12
 343 01ea 76010000 		.4byte	.LASF35
 344 01ee 0C       		.byte	0xc
 345 01ef 1207     		.2byte	0x712
 346 01f1 F5010000 		.4byte	0x1f5
 347 01f5 13       		.uleb128 0x13
 348 01f6 97000000 		.4byte	0x97
 349 01fa 14       		.uleb128 0x14
 350 01fb 0A020000 		.4byte	0x20a
 351 01ff 0A020000 		.4byte	0x20a
 352 0203 15       		.uleb128 0x15
 353 0204 C9000000 		.4byte	0xc9
 354 0208 01       		.byte	0x1
 355 0209 00       		.byte	0
 356 020a 16       		.uleb128 0x16
 357 020b 5B010000 		.4byte	0x15b
 358 020f 17       		.uleb128 0x17
 359 0210 3A030000 		.4byte	.LASF36
 360 0214 01       		.byte	0x1
 361 0215 2D       		.byte	0x2d
 362 0216 20020000 		.4byte	0x220
 363 021a 05       		.uleb128 0x5
 364 021b 03       		.byte	0x3
 365 021c 00000000 		.4byte	RTE_cyclicActivationTable_tsk_io
 366 0220 16       		.uleb128 0x16
 367 0221 FA010000 		.4byte	0x1fa
 368 0225 17       		.uleb128 0x17
 369 0226 CD020000 		.4byte	.LASF37
ARM GAS  C:\Users\Asus\AppData\Local\Temp\ccMu8bBZ.s 			page 9


 370 022a 01       		.byte	0x1
 371 022b 31       		.byte	0x31
 372 022c 36020000 		.4byte	0x236
 373 0230 05       		.uleb128 0x5
 374 0231 03       		.byte	0x3
 375 0232 00000000 		.4byte	RTE_cyclicActivation_tsk_io_size
 376 0236 16       		.uleb128 0x16
 377 0237 8C000000 		.4byte	0x8c
 378 023b 18       		.uleb128 0x18
 379 023c 83010000 		.4byte	.LASF38
 380 0240 83010000 		.4byte	.LASF38
 381 0244 08       		.byte	0x8
 382 0245 8E       		.byte	0x8e
 383 0246 18       		.uleb128 0x18
 384 0247 26030000 		.4byte	.LASF39
 385 024b 26030000 		.4byte	.LASF39
 386 024f 0D       		.byte	0xd
 387 0250 9F       		.byte	0x9f
 388 0251 00       		.byte	0
 389              		.section	.debug_abbrev,"",%progbits
 390              	.Ldebug_abbrev0:
 391 0000 01       		.uleb128 0x1
 392 0001 11       		.uleb128 0x11
 393 0002 01       		.byte	0x1
 394 0003 25       		.uleb128 0x25
 395 0004 0E       		.uleb128 0xe
 396 0005 13       		.uleb128 0x13
 397 0006 0B       		.uleb128 0xb
 398 0007 03       		.uleb128 0x3
 399 0008 0E       		.uleb128 0xe
 400 0009 1B       		.uleb128 0x1b
 401 000a 0E       		.uleb128 0xe
 402 000b 55       		.uleb128 0x55
 403 000c 17       		.uleb128 0x17
 404 000d 11       		.uleb128 0x11
 405 000e 01       		.uleb128 0x1
 406 000f 10       		.uleb128 0x10
 407 0010 17       		.uleb128 0x17
 408 0011 00       		.byte	0
 409 0012 00       		.byte	0
 410 0013 02       		.uleb128 0x2
 411 0014 24       		.uleb128 0x24
 412 0015 00       		.byte	0
 413 0016 0B       		.uleb128 0xb
 414 0017 0B       		.uleb128 0xb
 415 0018 3E       		.uleb128 0x3e
 416 0019 0B       		.uleb128 0xb
 417 001a 03       		.uleb128 0x3
 418 001b 0E       		.uleb128 0xe
 419 001c 00       		.byte	0
 420 001d 00       		.byte	0
 421 001e 03       		.uleb128 0x3
 422 001f 16       		.uleb128 0x16
 423 0020 00       		.byte	0
 424 0021 03       		.uleb128 0x3
 425 0022 0E       		.uleb128 0xe
 426 0023 3A       		.uleb128 0x3a
ARM GAS  C:\Users\Asus\AppData\Local\Temp\ccMu8bBZ.s 			page 10


 427 0024 0B       		.uleb128 0xb
 428 0025 3B       		.uleb128 0x3b
 429 0026 0B       		.uleb128 0xb
 430 0027 49       		.uleb128 0x49
 431 0028 13       		.uleb128 0x13
 432 0029 00       		.byte	0
 433 002a 00       		.byte	0
 434 002b 04       		.uleb128 0x4
 435 002c 24       		.uleb128 0x24
 436 002d 00       		.byte	0
 437 002e 0B       		.uleb128 0xb
 438 002f 0B       		.uleb128 0xb
 439 0030 3E       		.uleb128 0x3e
 440 0031 0B       		.uleb128 0xb
 441 0032 03       		.uleb128 0x3
 442 0033 08       		.uleb128 0x8
 443 0034 00       		.byte	0
 444 0035 00       		.byte	0
 445 0036 05       		.uleb128 0x5
 446 0037 16       		.uleb128 0x16
 447 0038 00       		.byte	0
 448 0039 03       		.uleb128 0x3
 449 003a 0E       		.uleb128 0xe
 450 003b 3A       		.uleb128 0x3a
 451 003c 0B       		.uleb128 0xb
 452 003d 3B       		.uleb128 0x3b
 453 003e 05       		.uleb128 0x5
 454 003f 49       		.uleb128 0x49
 455 0040 13       		.uleb128 0x13
 456 0041 00       		.byte	0
 457 0042 00       		.byte	0
 458 0043 06       		.uleb128 0x6
 459 0044 0F       		.uleb128 0xf
 460 0045 00       		.byte	0
 461 0046 0B       		.uleb128 0xb
 462 0047 0B       		.uleb128 0xb
 463 0048 49       		.uleb128 0x49
 464 0049 13       		.uleb128 0x13
 465 004a 00       		.byte	0
 466 004b 00       		.byte	0
 467 004c 07       		.uleb128 0x7
 468 004d 15       		.uleb128 0x15
 469 004e 01       		.byte	0x1
 470 004f 27       		.uleb128 0x27
 471 0050 19       		.uleb128 0x19
 472 0051 01       		.uleb128 0x1
 473 0052 13       		.uleb128 0x13
 474 0053 00       		.byte	0
 475 0054 00       		.byte	0
 476 0055 08       		.uleb128 0x8
 477 0056 05       		.uleb128 0x5
 478 0057 00       		.byte	0
 479 0058 49       		.uleb128 0x49
 480 0059 13       		.uleb128 0x13
 481 005a 00       		.byte	0
 482 005b 00       		.byte	0
 483 005c 09       		.uleb128 0x9
ARM GAS  C:\Users\Asus\AppData\Local\Temp\ccMu8bBZ.s 			page 11


 484 005d 13       		.uleb128 0x13
 485 005e 01       		.byte	0x1
 486 005f 0B       		.uleb128 0xb
 487 0060 0B       		.uleb128 0xb
 488 0061 3A       		.uleb128 0x3a
 489 0062 0B       		.uleb128 0xb
 490 0063 3B       		.uleb128 0x3b
 491 0064 0B       		.uleb128 0xb
 492 0065 01       		.uleb128 0x1
 493 0066 13       		.uleb128 0x13
 494 0067 00       		.byte	0
 495 0068 00       		.byte	0
 496 0069 0A       		.uleb128 0xa
 497 006a 0D       		.uleb128 0xd
 498 006b 00       		.byte	0
 499 006c 03       		.uleb128 0x3
 500 006d 08       		.uleb128 0x8
 501 006e 3A       		.uleb128 0x3a
 502 006f 0B       		.uleb128 0xb
 503 0070 3B       		.uleb128 0x3b
 504 0071 0B       		.uleb128 0xb
 505 0072 49       		.uleb128 0x49
 506 0073 13       		.uleb128 0x13
 507 0074 38       		.uleb128 0x38
 508 0075 0B       		.uleb128 0xb
 509 0076 00       		.byte	0
 510 0077 00       		.byte	0
 511 0078 0B       		.uleb128 0xb
 512 0079 0D       		.uleb128 0xd
 513 007a 00       		.byte	0
 514 007b 03       		.uleb128 0x3
 515 007c 0E       		.uleb128 0xe
 516 007d 3A       		.uleb128 0x3a
 517 007e 0B       		.uleb128 0xb
 518 007f 3B       		.uleb128 0x3b
 519 0080 0B       		.uleb128 0xb
 520 0081 49       		.uleb128 0x49
 521 0082 13       		.uleb128 0x13
 522 0083 38       		.uleb128 0x38
 523 0084 0B       		.uleb128 0xb
 524 0085 00       		.byte	0
 525 0086 00       		.byte	0
 526 0087 0C       		.uleb128 0xc
 527 0088 2E       		.uleb128 0x2e
 528 0089 01       		.byte	0x1
 529 008a 3F       		.uleb128 0x3f
 530 008b 19       		.uleb128 0x19
 531 008c 03       		.uleb128 0x3
 532 008d 0E       		.uleb128 0xe
 533 008e 3A       		.uleb128 0x3a
 534 008f 0B       		.uleb128 0xb
 535 0090 3B       		.uleb128 0x3b
 536 0091 0B       		.uleb128 0xb
 537 0092 27       		.uleb128 0x27
 538 0093 19       		.uleb128 0x19
 539 0094 11       		.uleb128 0x11
 540 0095 01       		.uleb128 0x1
ARM GAS  C:\Users\Asus\AppData\Local\Temp\ccMu8bBZ.s 			page 12


 541 0096 12       		.uleb128 0x12
 542 0097 06       		.uleb128 0x6
 543 0098 40       		.uleb128 0x40
 544 0099 18       		.uleb128 0x18
 545 009a 9742     		.uleb128 0x2117
 546 009c 19       		.uleb128 0x19
 547 009d 01       		.uleb128 0x1
 548 009e 13       		.uleb128 0x13
 549 009f 00       		.byte	0
 550 00a0 00       		.byte	0
 551 00a1 0D       		.uleb128 0xd
 552 00a2 34       		.uleb128 0x34
 553 00a3 00       		.byte	0
 554 00a4 03       		.uleb128 0x3
 555 00a5 0E       		.uleb128 0xe
 556 00a6 3A       		.uleb128 0x3a
 557 00a7 0B       		.uleb128 0xb
 558 00a8 3B       		.uleb128 0x3b
 559 00a9 0B       		.uleb128 0xb
 560 00aa 49       		.uleb128 0x49
 561 00ab 13       		.uleb128 0x13
 562 00ac 02       		.uleb128 0x2
 563 00ad 18       		.uleb128 0x18
 564 00ae 00       		.byte	0
 565 00af 00       		.byte	0
 566 00b0 0E       		.uleb128 0xe
 567 00b1 898201   		.uleb128 0x4109
 568 00b4 01       		.byte	0x1
 569 00b5 11       		.uleb128 0x11
 570 00b6 01       		.uleb128 0x1
 571 00b7 31       		.uleb128 0x31
 572 00b8 13       		.uleb128 0x13
 573 00b9 01       		.uleb128 0x1
 574 00ba 13       		.uleb128 0x13
 575 00bb 00       		.byte	0
 576 00bc 00       		.byte	0
 577 00bd 0F       		.uleb128 0xf
 578 00be 8A8201   		.uleb128 0x410a
 579 00c1 00       		.byte	0
 580 00c2 02       		.uleb128 0x2
 581 00c3 18       		.uleb128 0x18
 582 00c4 9142     		.uleb128 0x2111
 583 00c6 18       		.uleb128 0x18
 584 00c7 00       		.byte	0
 585 00c8 00       		.byte	0
 586 00c9 10       		.uleb128 0x10
 587 00ca 898201   		.uleb128 0x4109
 588 00cd 00       		.byte	0
 589 00ce 11       		.uleb128 0x11
 590 00cf 01       		.uleb128 0x1
 591 00d0 31       		.uleb128 0x31
 592 00d1 13       		.uleb128 0x13
 593 00d2 00       		.byte	0
 594 00d3 00       		.byte	0
 595 00d4 11       		.uleb128 0x11
 596 00d5 34       		.uleb128 0x34
 597 00d6 00       		.byte	0
ARM GAS  C:\Users\Asus\AppData\Local\Temp\ccMu8bBZ.s 			page 13


 598 00d7 03       		.uleb128 0x3
 599 00d8 0E       		.uleb128 0xe
 600 00d9 3A       		.uleb128 0x3a
 601 00da 0B       		.uleb128 0xb
 602 00db 3B       		.uleb128 0x3b
 603 00dc 0B       		.uleb128 0xb
 604 00dd 49       		.uleb128 0x49
 605 00de 13       		.uleb128 0x13
 606 00df 3F       		.uleb128 0x3f
 607 00e0 19       		.uleb128 0x19
 608 00e1 3C       		.uleb128 0x3c
 609 00e2 19       		.uleb128 0x19
 610 00e3 00       		.byte	0
 611 00e4 00       		.byte	0
 612 00e5 12       		.uleb128 0x12
 613 00e6 34       		.uleb128 0x34
 614 00e7 00       		.byte	0
 615 00e8 03       		.uleb128 0x3
 616 00e9 0E       		.uleb128 0xe
 617 00ea 3A       		.uleb128 0x3a
 618 00eb 0B       		.uleb128 0xb
 619 00ec 3B       		.uleb128 0x3b
 620 00ed 05       		.uleb128 0x5
 621 00ee 49       		.uleb128 0x49
 622 00ef 13       		.uleb128 0x13
 623 00f0 3F       		.uleb128 0x3f
 624 00f1 19       		.uleb128 0x19
 625 00f2 3C       		.uleb128 0x3c
 626 00f3 19       		.uleb128 0x19
 627 00f4 00       		.byte	0
 628 00f5 00       		.byte	0
 629 00f6 13       		.uleb128 0x13
 630 00f7 35       		.uleb128 0x35
 631 00f8 00       		.byte	0
 632 00f9 49       		.uleb128 0x49
 633 00fa 13       		.uleb128 0x13
 634 00fb 00       		.byte	0
 635 00fc 00       		.byte	0
 636 00fd 14       		.uleb128 0x14
 637 00fe 01       		.uleb128 0x1
 638 00ff 01       		.byte	0x1
 639 0100 49       		.uleb128 0x49
 640 0101 13       		.uleb128 0x13
 641 0102 01       		.uleb128 0x1
 642 0103 13       		.uleb128 0x13
 643 0104 00       		.byte	0
 644 0105 00       		.byte	0
 645 0106 15       		.uleb128 0x15
 646 0107 21       		.uleb128 0x21
 647 0108 00       		.byte	0
 648 0109 49       		.uleb128 0x49
 649 010a 13       		.uleb128 0x13
 650 010b 2F       		.uleb128 0x2f
 651 010c 0B       		.uleb128 0xb
 652 010d 00       		.byte	0
 653 010e 00       		.byte	0
 654 010f 16       		.uleb128 0x16
ARM GAS  C:\Users\Asus\AppData\Local\Temp\ccMu8bBZ.s 			page 14


 655 0110 26       		.uleb128 0x26
 656 0111 00       		.byte	0
 657 0112 49       		.uleb128 0x49
 658 0113 13       		.uleb128 0x13
 659 0114 00       		.byte	0
 660 0115 00       		.byte	0
 661 0116 17       		.uleb128 0x17
 662 0117 34       		.uleb128 0x34
 663 0118 00       		.byte	0
 664 0119 03       		.uleb128 0x3
 665 011a 0E       		.uleb128 0xe
 666 011b 3A       		.uleb128 0x3a
 667 011c 0B       		.uleb128 0xb
 668 011d 3B       		.uleb128 0x3b
 669 011e 0B       		.uleb128 0xb
 670 011f 49       		.uleb128 0x49
 671 0120 13       		.uleb128 0x13
 672 0121 3F       		.uleb128 0x3f
 673 0122 19       		.uleb128 0x19
 674 0123 02       		.uleb128 0x2
 675 0124 18       		.uleb128 0x18
 676 0125 00       		.byte	0
 677 0126 00       		.byte	0
 678 0127 18       		.uleb128 0x18
 679 0128 2E       		.uleb128 0x2e
 680 0129 00       		.byte	0
 681 012a 3F       		.uleb128 0x3f
 682 012b 19       		.uleb128 0x19
 683 012c 3C       		.uleb128 0x3c
 684 012d 19       		.uleb128 0x19
 685 012e 6E       		.uleb128 0x6e
 686 012f 0E       		.uleb128 0xe
 687 0130 03       		.uleb128 0x3
 688 0131 0E       		.uleb128 0xe
 689 0132 3A       		.uleb128 0x3a
 690 0133 0B       		.uleb128 0xb
 691 0134 3B       		.uleb128 0x3b
 692 0135 0B       		.uleb128 0xb
 693 0136 00       		.byte	0
 694 0137 00       		.byte	0
 695 0138 00       		.byte	0
 696              		.section	.debug_aranges,"",%progbits
 697 0000 1C000000 		.4byte	0x1c
 698 0004 0200     		.2byte	0x2
 699 0006 00000000 		.4byte	.Ldebug_info0
 700 000a 04       		.byte	0x4
 701 000b 00       		.byte	0
 702 000c 0000     		.2byte	0
 703 000e 0000     		.2byte	0
 704 0010 00000000 		.4byte	.LFB110
 705 0014 2C000000 		.4byte	.LFE110-.LFB110
 706 0018 00000000 		.4byte	0
 707 001c 00000000 		.4byte	0
 708              		.section	.debug_ranges,"",%progbits
 709              	.Ldebug_ranges0:
 710 0000 00000000 		.4byte	.LFB110
 711 0004 2C000000 		.4byte	.LFE110
ARM GAS  C:\Users\Asus\AppData\Local\Temp\ccMu8bBZ.s 			page 15


 712 0008 00000000 		.4byte	0
 713 000c 00000000 		.4byte	0
 714              		.section	.debug_line,"",%progbits
 715              	.Ldebug_line0:
 716 0000 80020000 		.section	.debug_str,"MS",%progbits,1
 716      02005D02 
 716      00000201 
 716      FB0E0D00 
 716      01010101 
 717              	.LASF5:
 718 0000 5F5F696E 		.ascii	"__int32_t\000"
 718      7433325F 
 718      7400
 719              	.LASF25:
 720 000a 4576656E 		.ascii	"EventMaskType\000"
 720      744D6173 
 720      6B547970 
 720      6500
 721              	.LASF41:
 722 0018 736F7572 		.ascii	"sources\\asw\\tsk_io.c\000"
 722      6365735C 
 722      6173775C 
 722      74736B5F 
 722      696F2E63 
 723              	.LASF16:
 724 002d 646F7562 		.ascii	"double\000"
 724      6C6500
 725              	.LASF31:
 726 0034 45455F6F 		.ascii	"EE_oo_IRQ_suspend_status\000"
 726      6F5F4952 
 726      515F7375 
 726      7370656E 
 726      645F7374 
 727              	.LASF24:
 728 004d 45455F54 		.ascii	"EE_TID\000"
 728      494400
 729              	.LASF15:
 730 0054 666C6F61 		.ascii	"float\000"
 730      7400
 731              	.LASF33:
 732 005a 45455F73 		.ascii	"EE_std_endcycle_next_tid\000"
 732      74645F65 
 732      6E646379 
 732      636C655F 
 732      6E657874 
 733              	.LASF10:
 734 0073 6C6F6E67 		.ascii	"long long unsigned int\000"
 734      206C6F6E 
 734      6720756E 
 734      7369676E 
 734      65642069 
 735              	.LASF28:
 736 008a 6379636C 		.ascii	"cycleTime\000"
 736      6554696D 
 736      6500
 737              	.LASF1:
 738 0094 756E7369 		.ascii	"unsigned char\000"
ARM GAS  C:\Users\Asus\AppData\Local\Temp\ccMu8bBZ.s 			page 16


 738      676E6564 
 738      20636861 
 738      7200
 739              	.LASF40:
 740 00a2 474E5520 		.ascii	"GNU C11 5.4.1 20160609 (release) [ARM/embedded-5-br"
 740      43313120 
 740      352E342E 
 740      31203230 
 740      31363036 
 741 00d5 616E6368 		.ascii	"anch revision 237715] -mcpu=cortex-m3 -mthumb -g -O"
 741      20726576 
 741      6973696F 
 741      6E203233 
 741      37373135 
 742 0108 67202D66 		.ascii	"g -ffunction-sections -ffat-lto-objects\000"
 742      66756E63 
 742      74696F6E 
 742      2D736563 
 742      74696F6E 
 743              	.LASF20:
 744 0130 45455F49 		.ascii	"EE_INT32\000"
 744      4E543332 
 744      00
 745              	.LASF8:
 746 0139 6C6F6E67 		.ascii	"long unsigned int\000"
 746      20756E73 
 746      69676E65 
 746      6420696E 
 746      7400
 747              	.LASF3:
 748 014b 73686F72 		.ascii	"short unsigned int\000"
 748      7420756E 
 748      7369676E 
 748      65642069 
 748      6E7400
 749              	.LASF30:
 750 015e 45455F6F 		.ascii	"EE_oo_IRQ_disable_count\000"
 750      6F5F4952 
 750      515F6469 
 750      7361626C 
 750      655F636F 
 751              	.LASF35:
 752 0176 49544D5F 		.ascii	"ITM_RxBuffer\000"
 752      52784275 
 752      66666572 
 752      00
 753              	.LASF38:
 754 0183 5254455F 		.ascii	"RTE_ProcessCyclicTable\000"
 754      50726F63 
 754      65737343 
 754      79636C69 
 754      63546162 
 755              	.LASF4:
 756 019a 5F5F7569 		.ascii	"__uint16_t\000"
 756      6E743136 
 756      5F7400
 757              	.LASF26:
ARM GAS  C:\Users\Asus\AppData\Local\Temp\ccMu8bBZ.s 			page 17


 758 01a5 5254455F 		.ascii	"RTE_event\000"
 758      6576656E 
 758      7400
 759              	.LASF7:
 760 01af 5F5F7569 		.ascii	"__uint32_t\000"
 760      6E743332 
 760      5F7400
 761              	.LASF42:
 762 01ba 433A5C55 		.ascii	"C:\\Users\\Asus\\Desktop\\HDA\\Semester_2\\EAA\\Lab"
 762      73657273 
 762      5C417375 
 762      735C4465 
 762      736B746F 
 763 01e6 5C4C6162 		.ascii	"\\Lab01\\Electronic_Gaspedal\\Electronic_Gaspedal\\"
 763      30315C45 
 763      6C656374 
 763      726F6E69 
 763      635F4761 
 764 0215 4C616230 		.ascii	"Lab01.cydsn\000"
 764      312E6379 
 764      64736E00 
 765              	.LASF29:
 766 0221 5254455F 		.ascii	"RTE_cyclicTable_t\000"
 766      6379636C 
 766      69635461 
 766      626C655F 
 766      7400
 767              	.LASF11:
 768 0233 756E7369 		.ascii	"unsigned int\000"
 768      676E6564 
 768      20696E74 
 768      00
 769              	.LASF23:
 770 0240 45455F46 		.ascii	"EE_FREG\000"
 770      52454700 
 771              	.LASF21:
 772 0248 45455F55 		.ascii	"EE_UINT32\000"
 772      494E5433 
 772      3200
 773              	.LASF44:
 774 0252 7469636B 		.ascii	"ticktime\000"
 774      74696D65 
 774      00
 775              	.LASF43:
 776 025b 46756E63 		.ascii	"Functsk_io\000"
 776      74736B5F 
 776      696F00
 777              	.LASF32:
 778 0266 45455F41 		.ascii	"EE_ApplicationMode\000"
 778      70706C69 
 778      63617469 
 778      6F6E4D6F 
 778      646500
 779              	.LASF13:
 780 0279 696E7433 		.ascii	"int32_t\000"
 780      325F7400 
 781              	.LASF19:
ARM GAS  C:\Users\Asus\AppData\Local\Temp\ccMu8bBZ.s 			page 18


 782 0281 73697A65 		.ascii	"sizetype\000"
 782      74797065 
 782      00
 783              	.LASF9:
 784 028a 6C6F6E67 		.ascii	"long long int\000"
 784      206C6F6E 
 784      6720696E 
 784      7400
 785              	.LASF17:
 786 0298 63686172 		.ascii	"char\000"
 786      00
 787              	.LASF22:
 788 029d 45455F55 		.ascii	"EE_UREG\000"
 788      52454700 
 789              	.LASF34:
 790 02a5 45455F49 		.ascii	"EE_IRQ_nesting_level\000"
 790      52515F6E 
 790      65737469 
 790      6E675F6C 
 790      6576656C 
 791              	.LASF12:
 792 02ba 75696E74 		.ascii	"uint16_t\000"
 792      31365F74 
 792      00
 793              	.LASF2:
 794 02c3 73686F72 		.ascii	"short int\000"
 794      7420696E 
 794      7400
 795              	.LASF37:
 796 02cd 5254455F 		.ascii	"RTE_cyclicActivation_tsk_io_size\000"
 796      6379636C 
 796      69634163 
 796      74697661 
 796      74696F6E 
 797              	.LASF14:
 798 02ee 75696E74 		.ascii	"uint32_t\000"
 798      33325F74 
 798      00
 799              	.LASF6:
 800 02f7 6C6F6E67 		.ascii	"long int\000"
 800      20696E74 
 800      00
 801              	.LASF18:
 802 0300 6C6F6E67 		.ascii	"long double\000"
 802      20646F75 
 802      626C6500 
 803              	.LASF0:
 804 030c 7369676E 		.ascii	"signed char\000"
 804      65642063 
 804      68617200 
 805              	.LASF27:
 806 0318 5254455F 		.ascii	"RTE_pRunnable\000"
 806      7052756E 
 806      6E61626C 
 806      6500
 807              	.LASF39:
 808 0326 45455F6F 		.ascii	"EE_oo_TerminateTask\000"
ARM GAS  C:\Users\Asus\AppData\Local\Temp\ccMu8bBZ.s 			page 19


 808      6F5F5465 
 808      726D696E 
 808      61746554 
 808      61736B00 
 809              	.LASF36:
 810 033a 5254455F 		.ascii	"RTE_cyclicActivationTable_tsk_io\000"
 810      6379636C 
 810      69634163 
 810      74697661 
 810      74696F6E 
 811              		.ident	"GCC: (GNU Tools for ARM Embedded Processors) 5.4.1 20160609 (release) [ARM/embedded-5-bran
