ARM GAS  C:\Users\Asus\AppData\Local\Temp\ccSRi0PL.s 			page 1


   1              		.syntax unified
   2              		.cpu cortex-m3
   3              		.fpu softvfp
   4              		.eabi_attribute 20, 1
   5              		.eabi_attribute 21, 1
   6              		.eabi_attribute 23, 3
   7              		.eabi_attribute 24, 1
   8              		.eabi_attribute 25, 1
   9              		.eabi_attribute 26, 1
  10              		.eabi_attribute 30, 1
  11              		.eabi_attribute 34, 1
  12              		.eabi_attribute 18, 4
  13              		.thumb
  14              		.syntax unified
  15              		.file	"tsk_control.c"
  16              		.text
  17              	.Ltext0:
  18              		.cfi_sections	.debug_frame
  19              		.section	.text.Functsk_control,"ax",%progbits
  20              		.align	2
  21              		.global	Functsk_control
  22              		.thumb
  23              		.thumb_func
  24              		.type	Functsk_control, %function
  25              	Functsk_control:
  26              	.LFB110:
  27              		.file 1 "sources\\asw\\tsk_control.c"
   1:sources\asw/tsk_control.c **** /*
   2:sources\asw/tsk_control.c ****  * Filename: tsk_control.c
   3:sources\asw/tsk_control.c ****  *
   4:sources\asw/tsk_control.c ****  * Author: Autogenerated by H-DA RTE Generator, (c) Prof. Fromm
   5:sources\asw/tsk_control.c ****  *
   6:sources\asw/tsk_control.c ****  * description: This task will contain Application code
   7:sources\asw/tsk_control.c ****  * events: ev_joystick_onData
   8:sources\asw/tsk_control.c ****  * mode: Cyclic and Event
   9:sources\asw/tsk_control.c ****  * name: tsk_control
  10:sources\asw/tsk_control.c ****  * shortname: control
  11:sources\asw/tsk_control.c ****  * signalpoolsRO: sp_common
  12:sources\asw/tsk_control.c ****  * signalpoolsRW: sp_common
  13:sources\asw/tsk_control.c ****  * tickEvent: 0
  14:sources\asw/tsk_control.c ****  * timertickperiod: 1
  15:sources\asw/tsk_control.c ****  *
  16:sources\asw/tsk_control.c ****  */
  17:sources\asw/tsk_control.c **** 
  18:sources\asw/tsk_control.c **** #include "project.h"
  19:sources\asw/tsk_control.c **** #include "global.h"
  20:sources\asw/tsk_control.c **** #include "rte.h"
  21:sources\asw/tsk_control.c **** #include "rte_types.h"
  22:sources\asw/tsk_control.c **** #include "tsk_control.h"
  23:sources\asw/tsk_control.c **** 
  24:sources\asw/tsk_control.c **** 
  25:sources\asw/tsk_control.c **** 
  26:sources\asw/tsk_control.c **** /* USER CODE START TSK_CONTROL_INCLUDE */
  27:sources\asw/tsk_control.c **** 
  28:sources\asw/tsk_control.c **** /* USER CODE END TSK_CONTROL_INCLUDE */
  29:sources\asw/tsk_control.c **** 
  30:sources\asw/tsk_control.c **** #include "swc_control.h"
ARM GAS  C:\Users\Asus\AppData\Local\Temp\ccSRi0PL.s 			page 2


  31:sources\asw/tsk_control.c **** 
  32:sources\asw/tsk_control.c **** 
  33:sources\asw/tsk_control.c **** 
  34:sources\asw/tsk_control.c **** /* USER CODE START TSK_CONTROL_USERDEFINITIONS */
  35:sources\asw/tsk_control.c **** 
  36:sources\asw/tsk_control.c **** /* USER CODE END TSK_CONTROL_USERDEFINITIONS */
  37:sources\asw/tsk_control.c **** 
  38:sources\asw/tsk_control.c **** /*******************************************************************************
  39:sources\asw/tsk_control.c ****  * Runnable Tables from Activation Engine
  40:sources\asw/tsk_control.c ****  *******************************************************************************/
  41:sources\asw/tsk_control.c **** 
  42:sources\asw/tsk_control.c **** /* Cyclic Table */
  43:sources\asw/tsk_control.c **** 
  44:sources\asw/tsk_control.c **** const RTE_cyclicTable_t RTE_cyclicActivationTable_tsk_control[] = {
  45:sources\asw/tsk_control.c **** };
  46:sources\asw/tsk_control.c **** const uint16_t RTE_cyclicActivation_tsk_control_size = sizeof (RTE_cyclicActivationTable_tsk_contro
  47:sources\asw/tsk_control.c **** 
  48:sources\asw/tsk_control.c **** /* Event Table */
  49:sources\asw/tsk_control.c **** const RTE_eventTable_t RTE_eventActivationTable_tsk_control[] = {
  50:sources\asw/tsk_control.c ****     { CONTROL_calcControl_run, ev_joystick_onData },  //Runnable depending on the joystick value wi
  51:sources\asw/tsk_control.c **** }; 
  52:sources\asw/tsk_control.c **** const uint16_t RTE_eventActivation_tsk_control_size = sizeof (RTE_eventActivationTable_tsk_control)
  53:sources\asw/tsk_control.c **** 
  54:sources\asw/tsk_control.c **** /*******************************************************************************
  55:sources\asw/tsk_control.c ****  * Task Body
  56:sources\asw/tsk_control.c ****  *******************************************************************************/
  57:sources\asw/tsk_control.c **** 
  58:sources\asw/tsk_control.c **** 
  59:sources\asw/tsk_control.c **** /*
  60:sources\asw/tsk_control.c ****  * description: This task will contain Application code
  61:sources\asw/tsk_control.c ****  * events: ev_joystick_onData
  62:sources\asw/tsk_control.c ****  * mode: Cyclic and Event
  63:sources\asw/tsk_control.c ****  * name: tsk_control
  64:sources\asw/tsk_control.c ****  * shortname: control
  65:sources\asw/tsk_control.c ****  * signalpoolsRO: sp_common
  66:sources\asw/tsk_control.c ****  * signalpoolsRW: sp_common
  67:sources\asw/tsk_control.c ****  * tickEvent: 0
  68:sources\asw/tsk_control.c ****  * timertickperiod: 1
  69:sources\asw/tsk_control.c ****  */
  70:sources\asw/tsk_control.c **** TASK(tsk_control)
  71:sources\asw/tsk_control.c **** {
  28              		.loc 1 71 0
  29              		.cfi_startproc
  30              		@ args = 0, pretend = 0, frame = 8
  31              		@ frame_needed = 0, uses_anonymous_args = 0
  32 0000 00B5     		push	{lr}
  33              		.cfi_def_cfa_offset 4
  34              		.cfi_offset 14, -4
  35 0002 83B0     		sub	sp, sp, #12
  36              		.cfi_def_cfa_offset 16
  37              	.LVL0:
  72:sources\asw/tsk_control.c **** 	/* ticktime of the task */
  73:sources\asw/tsk_control.c **** 	uint32_t ticktime = 0;
  74:sources\asw/tsk_control.c **** 	
  75:sources\asw/tsk_control.c ****     EventMaskType ev = 0;
  38              		.loc 1 75 0
  39 0004 0023     		movs	r3, #0
ARM GAS  C:\Users\Asus\AppData\Local\Temp\ccSRi0PL.s 			page 3


  40 0006 0193     		str	r3, [sp, #4]
  41              	.L2:
  76:sources\asw/tsk_control.c **** 	
  77:sources\asw/tsk_control.c **** 	/* USER CODE START TSK_CONTROL_INIT */
  78:sources\asw/tsk_control.c **** 
  79:sources\asw/tsk_control.c **** 	/* USER CODE END TSK_CONTROL_INIT */
  80:sources\asw/tsk_control.c ****     
  81:sources\asw/tsk_control.c ****     while(1)
  82:sources\asw/tsk_control.c ****     {
  83:sources\asw/tsk_control.c ****         //Wait, read and clear the event
  84:sources\asw/tsk_control.c ****         WaitEvent(ev_joystick_onData);
  42              		.loc 1 84 0
  43 0008 0120     		movs	r0, #1
  44 000a FFF7FEFF 		bl	EE_oo_WaitEvent
  45              	.LVL1:
  85:sources\asw/tsk_control.c ****         GetEvent(tsk_control,&ev);
  46              		.loc 1 85 0
  47 000e 01A9     		add	r1, sp, #4
  48 0010 0320     		movs	r0, #3
  49 0012 FFF7FEFF 		bl	EE_oo_GetEvent
  50              	.LVL2:
  86:sources\asw/tsk_control.c ****         ClearEvent(ev);
  51              		.loc 1 86 0
  52 0016 0198     		ldr	r0, [sp, #4]
  53 0018 FFF7FEFF 		bl	EE_oo_ClearEvent
  54              	.LVL3:
  87:sources\asw/tsk_control.c ****     
  88:sources\asw/tsk_control.c **** 		/* USER CODE START TSK_CONTROL_TASKBOBY_PRE */
  89:sources\asw/tsk_control.c **** 
  90:sources\asw/tsk_control.c **** 		/* USER CODE END TSK_CONTROL_TASKBODY_PRE */
  91:sources\asw/tsk_control.c ****         
  92:sources\asw/tsk_control.c ****         if (ev & 0){
  93:sources\asw/tsk_control.c ****             //Process Cyclic table on tick
  94:sources\asw/tsk_control.c ****             RTE_ProcessCyclicTable(RTE_cyclicActivationTable_tsk_control, RTE_cyclicActivation_tsk_
  95:sources\asw/tsk_control.c **** 
  96:sources\asw/tsk_control.c **** 			ticktime += 1;
  97:sources\asw/tsk_control.c **** 			if (ticktime > 0xFFFFFF00) ticktime = 0;
  98:sources\asw/tsk_control.c **** 
  99:sources\asw/tsk_control.c **** 		};
 100:sources\asw/tsk_control.c **** 		
 101:sources\asw/tsk_control.c **** 		//Process data driven events
 102:sources\asw/tsk_control.c **** 		RTE_ProcessEventTable(RTE_eventActivationTable_tsk_control, RTE_eventActivation_tsk_control_size,
  55              		.loc 1 102 0
  56 001c 019A     		ldr	r2, [sp, #4]
  57 001e 0121     		movs	r1, #1
  58 0020 0148     		ldr	r0, .L4
  59 0022 FFF7FEFF 		bl	RTE_ProcessEventTable
  60              	.LVL4:
  61 0026 EFE7     		b	.L2
  62              	.L5:
  63              		.align	2
  64              	.L4:
  65 0028 00000000 		.word	.LANCHOR0
  66              		.cfi_endproc
  67              	.LFE110:
  68              		.size	Functsk_control, .-Functsk_control
  69              		.global	RTE_eventActivation_tsk_control_size
ARM GAS  C:\Users\Asus\AppData\Local\Temp\ccSRi0PL.s 			page 4


  70              		.global	RTE_eventActivationTable_tsk_control
  71              		.global	RTE_cyclicActivation_tsk_control_size
  72              		.global	RTE_cyclicActivationTable_tsk_control
  73              		.section	.rodata
  74              		.align	2
  75              		.set	.LANCHOR0,. + 0
  76              		.type	RTE_eventActivationTable_tsk_control, %object
  77              		.size	RTE_eventActivationTable_tsk_control, 8
  78              	RTE_eventActivationTable_tsk_control:
  79 0000 00000000 		.word	CONTROL_calcControl_run
  80 0004 01000000 		.word	1
  81              		.type	RTE_eventActivation_tsk_control_size, %object
  82              		.size	RTE_eventActivation_tsk_control_size, 2
  83              	RTE_eventActivation_tsk_control_size:
  84 0008 0100     		.short	1
  85              		.type	RTE_cyclicActivation_tsk_control_size, %object
  86              		.size	RTE_cyclicActivation_tsk_control_size, 2
  87              	RTE_cyclicActivation_tsk_control_size:
  88 000a 0000     		.space	2
  89              		.type	RTE_cyclicActivationTable_tsk_control, %object
  90              		.size	RTE_cyclicActivationTable_tsk_control, 0
  91              	RTE_cyclicActivationTable_tsk_control:
  92              		.text
  93              	.Letext0:
  94              		.file 2 "c:\\program files (x86)\\cypress\\psoc creator\\4.4\\psoc creator\\import\\gnu\\arm\\5.4.
  95              		.file 3 "c:\\program files (x86)\\cypress\\psoc creator\\4.4\\psoc creator\\import\\gnu\\arm\\5.4.
  96              		.file 4 "Generated_Source\\PSoC5/ErikaOS_1_common_ee_types.inc"
  97              		.file 5 "Generated_Source\\PSoC5/ErikaOS_1_cortex_mx_ee_cpu.inc"
  98              		.file 6 "Generated_Source\\PSoC5/ErikaOS_1_ee_oo_common.inc"
  99              		.file 7 ".\\sources\\rte/rte_types.h"
 100              		.file 8 ".\\sources\\rte/rte.h"
 101              		.file 9 "Generated_Source\\PSoC5/ErikaOS_1_ee_oo_intfunc.inc"
 102              		.file 10 "Generated_Source\\PSoC5/ErikaOS_1_cortex_mx_ee_context.inc"
 103              		.file 11 "Generated_Source\\PSoC5/ErikaOS_1_common_ee_primitives.inc"
 104              		.file 12 "Generated_Source\\PSoC5/core_cm3.h"
 105              		.file 13 "Generated_Source\\PSoC5/ErikaOS_1_ee_oo_kernel.inc"
 106              		.section	.debug_info,"",%progbits
 107              	.Ldebug_info0:
 108 0000 06030000 		.4byte	0x306
 109 0004 0400     		.2byte	0x4
 110 0006 00000000 		.4byte	.Ldebug_abbrev0
 111 000a 04       		.byte	0x4
 112 000b 01       		.uleb128 0x1
 113 000c FA000000 		.4byte	.LASF48
 114 0010 0C       		.byte	0xc
 115 0011 88010000 		.4byte	.LASF49
 116 0015 4D020000 		.4byte	.LASF50
 117 0019 00000000 		.4byte	.Ldebug_ranges0+0
 118 001d 00000000 		.4byte	0
 119 0021 00000000 		.4byte	.Ldebug_line0
 120 0025 02       		.uleb128 0x2
 121 0026 01       		.byte	0x1
 122 0027 06       		.byte	0x6
 123 0028 CC030000 		.4byte	.LASF0
 124 002c 02       		.uleb128 0x2
 125 002d 01       		.byte	0x1
 126 002e 08       		.byte	0x8
ARM GAS  C:\Users\Asus\AppData\Local\Temp\ccSRi0PL.s 			page 5


 127 002f EC000000 		.4byte	.LASF1
 128 0033 02       		.uleb128 0x2
 129 0034 02       		.byte	0x2
 130 0035 05       		.byte	0x5
 131 0036 9B030000 		.4byte	.LASF2
 132 003a 03       		.uleb128 0x3
 133 003b 12020000 		.4byte	.LASF4
 134 003f 02       		.byte	0x2
 135 0040 2B       		.byte	0x2b
 136 0041 45000000 		.4byte	0x45
 137 0045 02       		.uleb128 0x2
 138 0046 02       		.byte	0x2
 139 0047 07       		.byte	0x7
 140 0048 DA010000 		.4byte	.LASF3
 141 004c 03       		.uleb128 0x3
 142 004d 4A000000 		.4byte	.LASF5
 143 0051 02       		.byte	0x2
 144 0052 3F       		.byte	0x3f
 145 0053 57000000 		.4byte	0x57
 146 0057 02       		.uleb128 0x2
 147 0058 04       		.byte	0x4
 148 0059 05       		.byte	0x5
 149 005a B7030000 		.4byte	.LASF6
 150 005e 03       		.uleb128 0x3
 151 005f 42020000 		.4byte	.LASF7
 152 0063 02       		.byte	0x2
 153 0064 41       		.byte	0x41
 154 0065 69000000 		.4byte	0x69
 155 0069 02       		.uleb128 0x2
 156 006a 04       		.byte	0x4
 157 006b 07       		.byte	0x7
 158 006c A2010000 		.4byte	.LASF8
 159 0070 02       		.uleb128 0x2
 160 0071 08       		.byte	0x8
 161 0072 05       		.byte	0x5
 162 0073 6B030000 		.4byte	.LASF9
 163 0077 02       		.uleb128 0x2
 164 0078 08       		.byte	0x8
 165 0079 07       		.byte	0x7
 166 007a 1A030000 		.4byte	.LASF10
 167 007e 04       		.uleb128 0x4
 168 007f 04       		.byte	0x4
 169 0080 05       		.byte	0x5
 170 0081 696E7400 		.ascii	"int\000"
 171 0085 02       		.uleb128 0x2
 172 0086 04       		.byte	0x4
 173 0087 07       		.byte	0x7
 174 0088 F2020000 		.4byte	.LASF11
 175 008c 03       		.uleb128 0x3
 176 008d A5030000 		.4byte	.LASF12
 177 0091 03       		.byte	0x3
 178 0092 24       		.byte	0x24
 179 0093 3A000000 		.4byte	0x3a
 180 0097 03       		.uleb128 0x3
 181 0098 5A030000 		.4byte	.LASF13
 182 009c 03       		.byte	0x3
 183 009d 2C       		.byte	0x2c
ARM GAS  C:\Users\Asus\AppData\Local\Temp\ccSRi0PL.s 			page 6


 184 009e 4C000000 		.4byte	0x4c
 185 00a2 03       		.uleb128 0x3
 186 00a3 AE030000 		.4byte	.LASF14
 187 00a7 03       		.byte	0x3
 188 00a8 30       		.byte	0x30
 189 00a9 5E000000 		.4byte	0x5e
 190 00ad 02       		.uleb128 0x2
 191 00ae 04       		.byte	0x4
 192 00af 04       		.byte	0x4
 193 00b0 B7000000 		.4byte	.LASF15
 194 00b4 02       		.uleb128 0x2
 195 00b5 08       		.byte	0x8
 196 00b6 04       		.byte	0x4
 197 00b7 87000000 		.4byte	.LASF16
 198 00bb 02       		.uleb128 0x2
 199 00bc 01       		.byte	0x1
 200 00bd 08       		.byte	0x8
 201 00be 79030000 		.4byte	.LASF17
 202 00c2 02       		.uleb128 0x2
 203 00c3 08       		.byte	0x8
 204 00c4 04       		.byte	0x4
 205 00c5 C0030000 		.4byte	.LASF18
 206 00c9 02       		.uleb128 0x2
 207 00ca 04       		.byte	0x4
 208 00cb 07       		.byte	0x7
 209 00cc 62030000 		.4byte	.LASF19
 210 00d0 03       		.uleb128 0x3
 211 00d1 AE000000 		.4byte	.LASF20
 212 00d5 04       		.byte	0x4
 213 00d6 53       		.byte	0x53
 214 00d7 7E000000 		.4byte	0x7e
 215 00db 03       		.uleb128 0x3
 216 00dc 07030000 		.4byte	.LASF21
 217 00e0 04       		.byte	0x4
 218 00e1 54       		.byte	0x54
 219 00e2 85000000 		.4byte	0x85
 220 00e6 03       		.uleb128 0x3
 221 00e7 7E030000 		.4byte	.LASF22
 222 00eb 05       		.byte	0x5
 223 00ec 4D       		.byte	0x4d
 224 00ed DB000000 		.4byte	0xdb
 225 00f1 03       		.uleb128 0x3
 226 00f2 FF020000 		.4byte	.LASF23
 227 00f6 05       		.byte	0x5
 228 00f7 4F       		.byte	0x4f
 229 00f8 DB000000 		.4byte	0xdb
 230 00fc 03       		.uleb128 0x3
 231 00fd A7000000 		.4byte	.LASF24
 232 0101 05       		.byte	0x5
 233 0102 78       		.byte	0x78
 234 0103 D0000000 		.4byte	0xd0
 235 0107 05       		.uleb128 0x5
 236 0108 54000000 		.4byte	.LASF25
 237 010c 06       		.byte	0x6
 238 010d 2C02     		.2byte	0x22c
 239 010f E6000000 		.4byte	0xe6
 240 0113 03       		.uleb128 0x3
ARM GAS  C:\Users\Asus\AppData\Local\Temp\ccSRi0PL.s 			page 7


 241 0114 1D020000 		.4byte	.LASF26
 242 0118 07       		.byte	0x7
 243 0119 21       		.byte	0x21
 244 011a 07010000 		.4byte	0x107
 245 011e 03       		.uleb128 0x3
 246 011f D8030000 		.4byte	.LASF27
 247 0123 08       		.byte	0x8
 248 0124 66       		.byte	0x66
 249 0125 29010000 		.4byte	0x129
 250 0129 06       		.uleb128 0x6
 251 012a 04       		.byte	0x4
 252 012b 2F010000 		.4byte	0x12f
 253 012f 07       		.uleb128 0x7
 254 0130 3A010000 		.4byte	0x13a
 255 0134 08       		.uleb128 0x8
 256 0135 13010000 		.4byte	0x113
 257 0139 00       		.byte	0
 258 013a 09       		.uleb128 0x9
 259 013b 08       		.byte	0x8
 260 013c 08       		.byte	0x8
 261 013d 6B       		.byte	0x6b
 262 013e 5B010000 		.4byte	0x15b
 263 0142 0A       		.uleb128 0xa
 264 0143 72756E00 		.ascii	"run\000"
 265 0147 08       		.byte	0x8
 266 0148 6D       		.byte	0x6d
 267 0149 1E010000 		.4byte	0x11e
 268 014d 00       		.byte	0
 269 014e 0B       		.uleb128 0xb
 270 014f E2000000 		.4byte	.LASF28
 271 0153 08       		.byte	0x8
 272 0154 6E       		.byte	0x6e
 273 0155 8C000000 		.4byte	0x8c
 274 0159 04       		.byte	0x4
 275 015a 00       		.byte	0
 276 015b 03       		.uleb128 0x3
 277 015c E0020000 		.4byte	.LASF29
 278 0160 08       		.byte	0x8
 279 0161 6F       		.byte	0x6f
 280 0162 3A010000 		.4byte	0x13a
 281 0166 09       		.uleb128 0x9
 282 0167 08       		.byte	0x8
 283 0168 08       		.byte	0x8
 284 0169 74       		.byte	0x74
 285 016a 87010000 		.4byte	0x187
 286 016e 0A       		.uleb128 0xa
 287 016f 72756E00 		.ascii	"run\000"
 288 0173 08       		.byte	0x8
 289 0174 76       		.byte	0x76
 290 0175 1E010000 		.4byte	0x11e
 291 0179 00       		.byte	0
 292 017a 0B       		.uleb128 0xb
 293 017b DA020000 		.4byte	.LASF30
 294 017f 08       		.byte	0x8
 295 0180 77       		.byte	0x77
 296 0181 07010000 		.4byte	0x107
 297 0185 04       		.byte	0x4
ARM GAS  C:\Users\Asus\AppData\Local\Temp\ccSRi0PL.s 			page 8


 298 0186 00       		.byte	0
 299 0187 03       		.uleb128 0x3
 300 0188 39000000 		.4byte	.LASF31
 301 018c 08       		.byte	0x8
 302 018d 78       		.byte	0x78
 303 018e 66010000 		.4byte	0x166
 304 0192 0C       		.uleb128 0xc
 305 0193 19000000 		.4byte	.LASF51
 306 0197 01       		.byte	0x1
 307 0198 46       		.byte	0x46
 308 0199 00000000 		.4byte	.LFB110
 309 019d 2C000000 		.4byte	.LFE110-.LFB110
 310 01a1 01       		.uleb128 0x1
 311 01a2 9C       		.byte	0x9c
 312 01a3 0E020000 		.4byte	0x20e
 313 01a7 0D       		.uleb128 0xd
 314 01a8 11030000 		.4byte	.LASF32
 315 01ac 01       		.byte	0x1
 316 01ad 49       		.byte	0x49
 317 01ae A2000000 		.4byte	0xa2
 318 01b2 00       		.byte	0
 319 01b3 0E       		.uleb128 0xe
 320 01b4 657600   		.ascii	"ev\000"
 321 01b7 01       		.byte	0x1
 322 01b8 4B       		.byte	0x4b
 323 01b9 07010000 		.4byte	0x107
 324 01bd 02       		.uleb128 0x2
 325 01be 91       		.byte	0x91
 326 01bf 74       		.sleb128 -12
 327 01c0 0F       		.uleb128 0xf
 328 01c1 0E000000 		.4byte	.LVL1
 329 01c5 DA020000 		.4byte	0x2da
 330 01c9 D3010000 		.4byte	0x1d3
 331 01cd 10       		.uleb128 0x10
 332 01ce 01       		.uleb128 0x1
 333 01cf 50       		.byte	0x50
 334 01d0 01       		.uleb128 0x1
 335 01d1 31       		.byte	0x31
 336 01d2 00       		.byte	0
 337 01d3 0F       		.uleb128 0xf
 338 01d4 16000000 		.4byte	.LVL2
 339 01d8 E6020000 		.4byte	0x2e6
 340 01dc EC010000 		.4byte	0x1ec
 341 01e0 10       		.uleb128 0x10
 342 01e1 01       		.uleb128 0x1
 343 01e2 50       		.byte	0x50
 344 01e3 01       		.uleb128 0x1
 345 01e4 33       		.byte	0x33
 346 01e5 10       		.uleb128 0x10
 347 01e6 01       		.uleb128 0x1
 348 01e7 51       		.byte	0x51
 349 01e8 02       		.uleb128 0x2
 350 01e9 91       		.byte	0x91
 351 01ea 74       		.sleb128 -12
 352 01eb 00       		.byte	0
 353 01ec 11       		.uleb128 0x11
 354 01ed 1C000000 		.4byte	.LVL3
ARM GAS  C:\Users\Asus\AppData\Local\Temp\ccSRi0PL.s 			page 9


 355 01f1 F2020000 		.4byte	0x2f2
 356 01f5 12       		.uleb128 0x12
 357 01f6 26000000 		.4byte	.LVL4
 358 01fa FE020000 		.4byte	0x2fe
 359 01fe 10       		.uleb128 0x10
 360 01ff 01       		.uleb128 0x1
 361 0200 50       		.byte	0x50
 362 0201 05       		.uleb128 0x5
 363 0202 03       		.byte	0x3
 364 0203 00000000 		.4byte	.LANCHOR0
 365 0207 10       		.uleb128 0x10
 366 0208 01       		.uleb128 0x1
 367 0209 51       		.byte	0x51
 368 020a 01       		.uleb128 0x1
 369 020b 31       		.byte	0x31
 370 020c 00       		.byte	0
 371 020d 00       		.byte	0
 372 020e 13       		.uleb128 0x13
 373 020f ED010000 		.4byte	.LASF33
 374 0213 09       		.byte	0x9
 375 0214 40       		.byte	0x40
 376 0215 E6000000 		.4byte	0xe6
 377 0219 13       		.uleb128 0x13
 378 021a 8E000000 		.4byte	.LASF34
 379 021e 09       		.byte	0x9
 380 021f 47       		.byte	0x47
 381 0220 F1000000 		.4byte	0xf1
 382 0224 13       		.uleb128 0x13
 383 0225 31030000 		.4byte	.LASF35
 384 0229 09       		.byte	0x9
 385 022a 4A       		.byte	0x4a
 386 022b E6000000 		.4byte	0xe6
 387 022f 13       		.uleb128 0x13
 388 0230 00000000 		.4byte	.LASF36
 389 0234 0A       		.byte	0xa
 390 0235 48       		.byte	0x48
 391 0236 FC000000 		.4byte	0xfc
 392 023a 13       		.uleb128 0x13
 393 023b 86030000 		.4byte	.LASF37
 394 023f 0B       		.byte	0xb
 395 0240 44       		.byte	0x44
 396 0241 E6000000 		.4byte	0xe6
 397 0245 14       		.uleb128 0x14
 398 0246 05020000 		.4byte	.LASF38
 399 024a 0C       		.byte	0xc
 400 024b 1207     		.2byte	0x712
 401 024d 51020000 		.4byte	0x251
 402 0251 15       		.uleb128 0x15
 403 0252 97000000 		.4byte	0x97
 404 0256 16       		.uleb128 0x16
 405 0257 6D020000 		.4byte	0x26d
 406 025b 66020000 		.4byte	0x266
 407 025f 17       		.uleb128 0x17
 408 0260 66020000 		.4byte	0x266
 409 0264 7F       		.sleb128 -1
 410 0265 00       		.byte	0
 411 0266 02       		.uleb128 0x2
ARM GAS  C:\Users\Asus\AppData\Local\Temp\ccSRi0PL.s 			page 10


 412 0267 04       		.byte	0x4
 413 0268 05       		.byte	0x5
 414 0269 27020000 		.4byte	.LASF39
 415 026d 18       		.uleb128 0x18
 416 026e 5B010000 		.4byte	0x15b
 417 0272 19       		.uleb128 0x19
 418 0273 B4020000 		.4byte	.LASF40
 419 0277 01       		.byte	0x1
 420 0278 2C       		.byte	0x2c
 421 0279 83020000 		.4byte	0x283
 422 027d 05       		.uleb128 0x5
 423 027e 03       		.byte	0x3
 424 027f 00000000 		.4byte	RTE_cyclicActivationTable_tsk_control
 425 0283 18       		.uleb128 0x18
 426 0284 56020000 		.4byte	0x256
 427 0288 19       		.uleb128 0x19
 428 0289 B4010000 		.4byte	.LASF41
 429 028d 01       		.byte	0x1
 430 028e 2E       		.byte	0x2e
 431 028f 99020000 		.4byte	0x299
 432 0293 05       		.uleb128 0x5
 433 0294 03       		.byte	0x3
 434 0295 00000000 		.4byte	RTE_cyclicActivation_tsk_control_size
 435 0299 18       		.uleb128 0x18
 436 029a 8C000000 		.4byte	0x8c
 437 029e 16       		.uleb128 0x16
 438 029f AE020000 		.4byte	0x2ae
 439 02a3 AE020000 		.4byte	0x2ae
 440 02a7 1A       		.uleb128 0x1a
 441 02a8 C9000000 		.4byte	0xc9
 442 02ac 00       		.byte	0
 443 02ad 00       		.byte	0
 444 02ae 18       		.uleb128 0x18
 445 02af 87010000 		.4byte	0x187
 446 02b3 19       		.uleb128 0x19
 447 02b4 BD000000 		.4byte	.LASF42
 448 02b8 01       		.byte	0x1
 449 02b9 31       		.byte	0x31
 450 02ba C4020000 		.4byte	0x2c4
 451 02be 05       		.uleb128 0x5
 452 02bf 03       		.byte	0x3
 453 02c0 00000000 		.4byte	RTE_eventActivationTable_tsk_control
 454 02c4 18       		.uleb128 0x18
 455 02c5 9E020000 		.4byte	0x29e
 456 02c9 19       		.uleb128 0x19
 457 02ca 62000000 		.4byte	.LASF43
 458 02ce 01       		.byte	0x1
 459 02cf 34       		.byte	0x34
 460 02d0 99020000 		.4byte	0x299
 461 02d4 05       		.uleb128 0x5
 462 02d5 03       		.byte	0x3
 463 02d6 00000000 		.4byte	RTE_eventActivation_tsk_control_size
 464 02da 1B       		.uleb128 0x1b
 465 02db 29000000 		.4byte	.LASF44
 466 02df 29000000 		.4byte	.LASF44
 467 02e3 0D       		.byte	0xd
 468 02e4 5901     		.2byte	0x159
ARM GAS  C:\Users\Asus\AppData\Local\Temp\ccSRi0PL.s 			page 11


 469 02e6 1B       		.uleb128 0x1b
 470 02e7 E6030000 		.4byte	.LASF45
 471 02eb E6030000 		.4byte	.LASF45
 472 02ef 0D       		.byte	0xd
 473 02f0 5401     		.2byte	0x154
 474 02f2 1B       		.uleb128 0x1b
 475 02f3 31020000 		.4byte	.LASF46
 476 02f7 31020000 		.4byte	.LASF46
 477 02fb 0D       		.byte	0xd
 478 02fc 4F01     		.2byte	0x14f
 479 02fe 1C       		.uleb128 0x1c
 480 02ff 44030000 		.4byte	.LASF47
 481 0303 44030000 		.4byte	.LASF47
 482 0307 08       		.byte	0x8
 483 0308 97       		.byte	0x97
 484 0309 00       		.byte	0
 485              		.section	.debug_abbrev,"",%progbits
 486              	.Ldebug_abbrev0:
 487 0000 01       		.uleb128 0x1
 488 0001 11       		.uleb128 0x11
 489 0002 01       		.byte	0x1
 490 0003 25       		.uleb128 0x25
 491 0004 0E       		.uleb128 0xe
 492 0005 13       		.uleb128 0x13
 493 0006 0B       		.uleb128 0xb
 494 0007 03       		.uleb128 0x3
 495 0008 0E       		.uleb128 0xe
 496 0009 1B       		.uleb128 0x1b
 497 000a 0E       		.uleb128 0xe
 498 000b 55       		.uleb128 0x55
 499 000c 17       		.uleb128 0x17
 500 000d 11       		.uleb128 0x11
 501 000e 01       		.uleb128 0x1
 502 000f 10       		.uleb128 0x10
 503 0010 17       		.uleb128 0x17
 504 0011 00       		.byte	0
 505 0012 00       		.byte	0
 506 0013 02       		.uleb128 0x2
 507 0014 24       		.uleb128 0x24
 508 0015 00       		.byte	0
 509 0016 0B       		.uleb128 0xb
 510 0017 0B       		.uleb128 0xb
 511 0018 3E       		.uleb128 0x3e
 512 0019 0B       		.uleb128 0xb
 513 001a 03       		.uleb128 0x3
 514 001b 0E       		.uleb128 0xe
 515 001c 00       		.byte	0
 516 001d 00       		.byte	0
 517 001e 03       		.uleb128 0x3
 518 001f 16       		.uleb128 0x16
 519 0020 00       		.byte	0
 520 0021 03       		.uleb128 0x3
 521 0022 0E       		.uleb128 0xe
 522 0023 3A       		.uleb128 0x3a
 523 0024 0B       		.uleb128 0xb
 524 0025 3B       		.uleb128 0x3b
 525 0026 0B       		.uleb128 0xb
ARM GAS  C:\Users\Asus\AppData\Local\Temp\ccSRi0PL.s 			page 12


 526 0027 49       		.uleb128 0x49
 527 0028 13       		.uleb128 0x13
 528 0029 00       		.byte	0
 529 002a 00       		.byte	0
 530 002b 04       		.uleb128 0x4
 531 002c 24       		.uleb128 0x24
 532 002d 00       		.byte	0
 533 002e 0B       		.uleb128 0xb
 534 002f 0B       		.uleb128 0xb
 535 0030 3E       		.uleb128 0x3e
 536 0031 0B       		.uleb128 0xb
 537 0032 03       		.uleb128 0x3
 538 0033 08       		.uleb128 0x8
 539 0034 00       		.byte	0
 540 0035 00       		.byte	0
 541 0036 05       		.uleb128 0x5
 542 0037 16       		.uleb128 0x16
 543 0038 00       		.byte	0
 544 0039 03       		.uleb128 0x3
 545 003a 0E       		.uleb128 0xe
 546 003b 3A       		.uleb128 0x3a
 547 003c 0B       		.uleb128 0xb
 548 003d 3B       		.uleb128 0x3b
 549 003e 05       		.uleb128 0x5
 550 003f 49       		.uleb128 0x49
 551 0040 13       		.uleb128 0x13
 552 0041 00       		.byte	0
 553 0042 00       		.byte	0
 554 0043 06       		.uleb128 0x6
 555 0044 0F       		.uleb128 0xf
 556 0045 00       		.byte	0
 557 0046 0B       		.uleb128 0xb
 558 0047 0B       		.uleb128 0xb
 559 0048 49       		.uleb128 0x49
 560 0049 13       		.uleb128 0x13
 561 004a 00       		.byte	0
 562 004b 00       		.byte	0
 563 004c 07       		.uleb128 0x7
 564 004d 15       		.uleb128 0x15
 565 004e 01       		.byte	0x1
 566 004f 27       		.uleb128 0x27
 567 0050 19       		.uleb128 0x19
 568 0051 01       		.uleb128 0x1
 569 0052 13       		.uleb128 0x13
 570 0053 00       		.byte	0
 571 0054 00       		.byte	0
 572 0055 08       		.uleb128 0x8
 573 0056 05       		.uleb128 0x5
 574 0057 00       		.byte	0
 575 0058 49       		.uleb128 0x49
 576 0059 13       		.uleb128 0x13
 577 005a 00       		.byte	0
 578 005b 00       		.byte	0
 579 005c 09       		.uleb128 0x9
 580 005d 13       		.uleb128 0x13
 581 005e 01       		.byte	0x1
 582 005f 0B       		.uleb128 0xb
ARM GAS  C:\Users\Asus\AppData\Local\Temp\ccSRi0PL.s 			page 13


 583 0060 0B       		.uleb128 0xb
 584 0061 3A       		.uleb128 0x3a
 585 0062 0B       		.uleb128 0xb
 586 0063 3B       		.uleb128 0x3b
 587 0064 0B       		.uleb128 0xb
 588 0065 01       		.uleb128 0x1
 589 0066 13       		.uleb128 0x13
 590 0067 00       		.byte	0
 591 0068 00       		.byte	0
 592 0069 0A       		.uleb128 0xa
 593 006a 0D       		.uleb128 0xd
 594 006b 00       		.byte	0
 595 006c 03       		.uleb128 0x3
 596 006d 08       		.uleb128 0x8
 597 006e 3A       		.uleb128 0x3a
 598 006f 0B       		.uleb128 0xb
 599 0070 3B       		.uleb128 0x3b
 600 0071 0B       		.uleb128 0xb
 601 0072 49       		.uleb128 0x49
 602 0073 13       		.uleb128 0x13
 603 0074 38       		.uleb128 0x38
 604 0075 0B       		.uleb128 0xb
 605 0076 00       		.byte	0
 606 0077 00       		.byte	0
 607 0078 0B       		.uleb128 0xb
 608 0079 0D       		.uleb128 0xd
 609 007a 00       		.byte	0
 610 007b 03       		.uleb128 0x3
 611 007c 0E       		.uleb128 0xe
 612 007d 3A       		.uleb128 0x3a
 613 007e 0B       		.uleb128 0xb
 614 007f 3B       		.uleb128 0x3b
 615 0080 0B       		.uleb128 0xb
 616 0081 49       		.uleb128 0x49
 617 0082 13       		.uleb128 0x13
 618 0083 38       		.uleb128 0x38
 619 0084 0B       		.uleb128 0xb
 620 0085 00       		.byte	0
 621 0086 00       		.byte	0
 622 0087 0C       		.uleb128 0xc
 623 0088 2E       		.uleb128 0x2e
 624 0089 01       		.byte	0x1
 625 008a 3F       		.uleb128 0x3f
 626 008b 19       		.uleb128 0x19
 627 008c 03       		.uleb128 0x3
 628 008d 0E       		.uleb128 0xe
 629 008e 3A       		.uleb128 0x3a
 630 008f 0B       		.uleb128 0xb
 631 0090 3B       		.uleb128 0x3b
 632 0091 0B       		.uleb128 0xb
 633 0092 27       		.uleb128 0x27
 634 0093 19       		.uleb128 0x19
 635 0094 8701     		.uleb128 0x87
 636 0096 19       		.uleb128 0x19
 637 0097 11       		.uleb128 0x11
 638 0098 01       		.uleb128 0x1
 639 0099 12       		.uleb128 0x12
ARM GAS  C:\Users\Asus\AppData\Local\Temp\ccSRi0PL.s 			page 14


 640 009a 06       		.uleb128 0x6
 641 009b 40       		.uleb128 0x40
 642 009c 18       		.uleb128 0x18
 643 009d 9742     		.uleb128 0x2117
 644 009f 19       		.uleb128 0x19
 645 00a0 01       		.uleb128 0x1
 646 00a1 13       		.uleb128 0x13
 647 00a2 00       		.byte	0
 648 00a3 00       		.byte	0
 649 00a4 0D       		.uleb128 0xd
 650 00a5 34       		.uleb128 0x34
 651 00a6 00       		.byte	0
 652 00a7 03       		.uleb128 0x3
 653 00a8 0E       		.uleb128 0xe
 654 00a9 3A       		.uleb128 0x3a
 655 00aa 0B       		.uleb128 0xb
 656 00ab 3B       		.uleb128 0x3b
 657 00ac 0B       		.uleb128 0xb
 658 00ad 49       		.uleb128 0x49
 659 00ae 13       		.uleb128 0x13
 660 00af 1C       		.uleb128 0x1c
 661 00b0 0B       		.uleb128 0xb
 662 00b1 00       		.byte	0
 663 00b2 00       		.byte	0
 664 00b3 0E       		.uleb128 0xe
 665 00b4 34       		.uleb128 0x34
 666 00b5 00       		.byte	0
 667 00b6 03       		.uleb128 0x3
 668 00b7 08       		.uleb128 0x8
 669 00b8 3A       		.uleb128 0x3a
 670 00b9 0B       		.uleb128 0xb
 671 00ba 3B       		.uleb128 0x3b
 672 00bb 0B       		.uleb128 0xb
 673 00bc 49       		.uleb128 0x49
 674 00bd 13       		.uleb128 0x13
 675 00be 02       		.uleb128 0x2
 676 00bf 18       		.uleb128 0x18
 677 00c0 00       		.byte	0
 678 00c1 00       		.byte	0
 679 00c2 0F       		.uleb128 0xf
 680 00c3 898201   		.uleb128 0x4109
 681 00c6 01       		.byte	0x1
 682 00c7 11       		.uleb128 0x11
 683 00c8 01       		.uleb128 0x1
 684 00c9 31       		.uleb128 0x31
 685 00ca 13       		.uleb128 0x13
 686 00cb 01       		.uleb128 0x1
 687 00cc 13       		.uleb128 0x13
 688 00cd 00       		.byte	0
 689 00ce 00       		.byte	0
 690 00cf 10       		.uleb128 0x10
 691 00d0 8A8201   		.uleb128 0x410a
 692 00d3 00       		.byte	0
 693 00d4 02       		.uleb128 0x2
 694 00d5 18       		.uleb128 0x18
 695 00d6 9142     		.uleb128 0x2111
 696 00d8 18       		.uleb128 0x18
ARM GAS  C:\Users\Asus\AppData\Local\Temp\ccSRi0PL.s 			page 15


 697 00d9 00       		.byte	0
 698 00da 00       		.byte	0
 699 00db 11       		.uleb128 0x11
 700 00dc 898201   		.uleb128 0x4109
 701 00df 00       		.byte	0
 702 00e0 11       		.uleb128 0x11
 703 00e1 01       		.uleb128 0x1
 704 00e2 31       		.uleb128 0x31
 705 00e3 13       		.uleb128 0x13
 706 00e4 00       		.byte	0
 707 00e5 00       		.byte	0
 708 00e6 12       		.uleb128 0x12
 709 00e7 898201   		.uleb128 0x4109
 710 00ea 01       		.byte	0x1
 711 00eb 11       		.uleb128 0x11
 712 00ec 01       		.uleb128 0x1
 713 00ed 31       		.uleb128 0x31
 714 00ee 13       		.uleb128 0x13
 715 00ef 00       		.byte	0
 716 00f0 00       		.byte	0
 717 00f1 13       		.uleb128 0x13
 718 00f2 34       		.uleb128 0x34
 719 00f3 00       		.byte	0
 720 00f4 03       		.uleb128 0x3
 721 00f5 0E       		.uleb128 0xe
 722 00f6 3A       		.uleb128 0x3a
 723 00f7 0B       		.uleb128 0xb
 724 00f8 3B       		.uleb128 0x3b
 725 00f9 0B       		.uleb128 0xb
 726 00fa 49       		.uleb128 0x49
 727 00fb 13       		.uleb128 0x13
 728 00fc 3F       		.uleb128 0x3f
 729 00fd 19       		.uleb128 0x19
 730 00fe 3C       		.uleb128 0x3c
 731 00ff 19       		.uleb128 0x19
 732 0100 00       		.byte	0
 733 0101 00       		.byte	0
 734 0102 14       		.uleb128 0x14
 735 0103 34       		.uleb128 0x34
 736 0104 00       		.byte	0
 737 0105 03       		.uleb128 0x3
 738 0106 0E       		.uleb128 0xe
 739 0107 3A       		.uleb128 0x3a
 740 0108 0B       		.uleb128 0xb
 741 0109 3B       		.uleb128 0x3b
 742 010a 05       		.uleb128 0x5
 743 010b 49       		.uleb128 0x49
 744 010c 13       		.uleb128 0x13
 745 010d 3F       		.uleb128 0x3f
 746 010e 19       		.uleb128 0x19
 747 010f 3C       		.uleb128 0x3c
 748 0110 19       		.uleb128 0x19
 749 0111 00       		.byte	0
 750 0112 00       		.byte	0
 751 0113 15       		.uleb128 0x15
 752 0114 35       		.uleb128 0x35
 753 0115 00       		.byte	0
ARM GAS  C:\Users\Asus\AppData\Local\Temp\ccSRi0PL.s 			page 16


 754 0116 49       		.uleb128 0x49
 755 0117 13       		.uleb128 0x13
 756 0118 00       		.byte	0
 757 0119 00       		.byte	0
 758 011a 16       		.uleb128 0x16
 759 011b 01       		.uleb128 0x1
 760 011c 01       		.byte	0x1
 761 011d 49       		.uleb128 0x49
 762 011e 13       		.uleb128 0x13
 763 011f 01       		.uleb128 0x1
 764 0120 13       		.uleb128 0x13
 765 0121 00       		.byte	0
 766 0122 00       		.byte	0
 767 0123 17       		.uleb128 0x17
 768 0124 21       		.uleb128 0x21
 769 0125 00       		.byte	0
 770 0126 49       		.uleb128 0x49
 771 0127 13       		.uleb128 0x13
 772 0128 2F       		.uleb128 0x2f
 773 0129 0D       		.uleb128 0xd
 774 012a 00       		.byte	0
 775 012b 00       		.byte	0
 776 012c 18       		.uleb128 0x18
 777 012d 26       		.uleb128 0x26
 778 012e 00       		.byte	0
 779 012f 49       		.uleb128 0x49
 780 0130 13       		.uleb128 0x13
 781 0131 00       		.byte	0
 782 0132 00       		.byte	0
 783 0133 19       		.uleb128 0x19
 784 0134 34       		.uleb128 0x34
 785 0135 00       		.byte	0
 786 0136 03       		.uleb128 0x3
 787 0137 0E       		.uleb128 0xe
 788 0138 3A       		.uleb128 0x3a
 789 0139 0B       		.uleb128 0xb
 790 013a 3B       		.uleb128 0x3b
 791 013b 0B       		.uleb128 0xb
 792 013c 49       		.uleb128 0x49
 793 013d 13       		.uleb128 0x13
 794 013e 3F       		.uleb128 0x3f
 795 013f 19       		.uleb128 0x19
 796 0140 02       		.uleb128 0x2
 797 0141 18       		.uleb128 0x18
 798 0142 00       		.byte	0
 799 0143 00       		.byte	0
 800 0144 1A       		.uleb128 0x1a
 801 0145 21       		.uleb128 0x21
 802 0146 00       		.byte	0
 803 0147 49       		.uleb128 0x49
 804 0148 13       		.uleb128 0x13
 805 0149 2F       		.uleb128 0x2f
 806 014a 0B       		.uleb128 0xb
 807 014b 00       		.byte	0
 808 014c 00       		.byte	0
 809 014d 1B       		.uleb128 0x1b
 810 014e 2E       		.uleb128 0x2e
ARM GAS  C:\Users\Asus\AppData\Local\Temp\ccSRi0PL.s 			page 17


 811 014f 00       		.byte	0
 812 0150 3F       		.uleb128 0x3f
 813 0151 19       		.uleb128 0x19
 814 0152 3C       		.uleb128 0x3c
 815 0153 19       		.uleb128 0x19
 816 0154 6E       		.uleb128 0x6e
 817 0155 0E       		.uleb128 0xe
 818 0156 03       		.uleb128 0x3
 819 0157 0E       		.uleb128 0xe
 820 0158 3A       		.uleb128 0x3a
 821 0159 0B       		.uleb128 0xb
 822 015a 3B       		.uleb128 0x3b
 823 015b 05       		.uleb128 0x5
 824 015c 00       		.byte	0
 825 015d 00       		.byte	0
 826 015e 1C       		.uleb128 0x1c
 827 015f 2E       		.uleb128 0x2e
 828 0160 00       		.byte	0
 829 0161 3F       		.uleb128 0x3f
 830 0162 19       		.uleb128 0x19
 831 0163 3C       		.uleb128 0x3c
 832 0164 19       		.uleb128 0x19
 833 0165 6E       		.uleb128 0x6e
 834 0166 0E       		.uleb128 0xe
 835 0167 03       		.uleb128 0x3
 836 0168 0E       		.uleb128 0xe
 837 0169 3A       		.uleb128 0x3a
 838 016a 0B       		.uleb128 0xb
 839 016b 3B       		.uleb128 0x3b
 840 016c 0B       		.uleb128 0xb
 841 016d 00       		.byte	0
 842 016e 00       		.byte	0
 843 016f 00       		.byte	0
 844              		.section	.debug_aranges,"",%progbits
 845 0000 1C000000 		.4byte	0x1c
 846 0004 0200     		.2byte	0x2
 847 0006 00000000 		.4byte	.Ldebug_info0
 848 000a 04       		.byte	0x4
 849 000b 00       		.byte	0
 850 000c 0000     		.2byte	0
 851 000e 0000     		.2byte	0
 852 0010 00000000 		.4byte	.LFB110
 853 0014 2C000000 		.4byte	.LFE110-.LFB110
 854 0018 00000000 		.4byte	0
 855 001c 00000000 		.4byte	0
 856              		.section	.debug_ranges,"",%progbits
 857              	.Ldebug_ranges0:
 858 0000 00000000 		.4byte	.LFB110
 859 0004 2C000000 		.4byte	.LFE110
 860 0008 00000000 		.4byte	0
 861 000c 00000000 		.4byte	0
 862              		.section	.debug_line,"",%progbits
 863              	.Ldebug_line0:
 864 0000 81020000 		.section	.debug_str,"MS",%progbits,1
 864      02006202 
 864      00000201 
 864      FB0E0D00 
ARM GAS  C:\Users\Asus\AppData\Local\Temp\ccSRi0PL.s 			page 18


 864      01010101 
 865              	.LASF36:
 866 0000 45455F73 		.ascii	"EE_std_endcycle_next_tid\000"
 866      74645F65 
 866      6E646379 
 866      636C655F 
 866      6E657874 
 867              	.LASF51:
 868 0019 46756E63 		.ascii	"Functsk_control\000"
 868      74736B5F 
 868      636F6E74 
 868      726F6C00 
 869              	.LASF44:
 870 0029 45455F6F 		.ascii	"EE_oo_WaitEvent\000"
 870      6F5F5761 
 870      69744576 
 870      656E7400 
 871              	.LASF31:
 872 0039 5254455F 		.ascii	"RTE_eventTable_t\000"
 872      6576656E 
 872      74546162 
 872      6C655F74 
 872      00
 873              	.LASF5:
 874 004a 5F5F696E 		.ascii	"__int32_t\000"
 874      7433325F 
 874      7400
 875              	.LASF25:
 876 0054 4576656E 		.ascii	"EventMaskType\000"
 876      744D6173 
 876      6B547970 
 876      6500
 877              	.LASF43:
 878 0062 5254455F 		.ascii	"RTE_eventActivation_tsk_control_size\000"
 878      6576656E 
 878      74416374 
 878      69766174 
 878      696F6E5F 
 879              	.LASF16:
 880 0087 646F7562 		.ascii	"double\000"
 880      6C6500
 881              	.LASF34:
 882 008e 45455F6F 		.ascii	"EE_oo_IRQ_suspend_status\000"
 882      6F5F4952 
 882      515F7375 
 882      7370656E 
 882      645F7374 
 883              	.LASF24:
 884 00a7 45455F54 		.ascii	"EE_TID\000"
 884      494400
 885              	.LASF20:
 886 00ae 45455F49 		.ascii	"EE_INT32\000"
 886      4E543332 
 886      00
 887              	.LASF15:
 888 00b7 666C6F61 		.ascii	"float\000"
 888      7400
ARM GAS  C:\Users\Asus\AppData\Local\Temp\ccSRi0PL.s 			page 19


 889              	.LASF42:
 890 00bd 5254455F 		.ascii	"RTE_eventActivationTable_tsk_control\000"
 890      6576656E 
 890      74416374 
 890      69766174 
 890      696F6E54 
 891              	.LASF28:
 892 00e2 6379636C 		.ascii	"cycleTime\000"
 892      6554696D 
 892      6500
 893              	.LASF1:
 894 00ec 756E7369 		.ascii	"unsigned char\000"
 894      676E6564 
 894      20636861 
 894      7200
 895              	.LASF48:
 896 00fa 474E5520 		.ascii	"GNU C11 5.4.1 20160609 (release) [ARM/embedded-5-br"
 896      43313120 
 896      352E342E 
 896      31203230 
 896      31363036 
 897 012d 616E6368 		.ascii	"anch revision 237715] -mcpu=cortex-m3 -mthumb -g -O"
 897      20726576 
 897      6973696F 
 897      6E203233 
 897      37373135 
 898 0160 67202D66 		.ascii	"g -ffunction-sections -ffat-lto-objects\000"
 898      66756E63 
 898      74696F6E 
 898      2D736563 
 898      74696F6E 
 899              	.LASF49:
 900 0188 736F7572 		.ascii	"sources\\asw\\tsk_control.c\000"
 900      6365735C 
 900      6173775C 
 900      74736B5F 
 900      636F6E74 
 901              	.LASF8:
 902 01a2 6C6F6E67 		.ascii	"long unsigned int\000"
 902      20756E73 
 902      69676E65 
 902      6420696E 
 902      7400
 903              	.LASF41:
 904 01b4 5254455F 		.ascii	"RTE_cyclicActivation_tsk_control_size\000"
 904      6379636C 
 904      69634163 
 904      74697661 
 904      74696F6E 
 905              	.LASF3:
 906 01da 73686F72 		.ascii	"short unsigned int\000"
 906      7420756E 
 906      7369676E 
 906      65642069 
 906      6E7400
 907              	.LASF33:
 908 01ed 45455F6F 		.ascii	"EE_oo_IRQ_disable_count\000"
ARM GAS  C:\Users\Asus\AppData\Local\Temp\ccSRi0PL.s 			page 20


 908      6F5F4952 
 908      515F6469 
 908      7361626C 
 908      655F636F 
 909              	.LASF38:
 910 0205 49544D5F 		.ascii	"ITM_RxBuffer\000"
 910      52784275 
 910      66666572 
 910      00
 911              	.LASF4:
 912 0212 5F5F7569 		.ascii	"__uint16_t\000"
 912      6E743136 
 912      5F7400
 913              	.LASF26:
 914 021d 5254455F 		.ascii	"RTE_event\000"
 914      6576656E 
 914      7400
 915              	.LASF39:
 916 0227 7373697A 		.ascii	"ssizetype\000"
 916      65747970 
 916      6500
 917              	.LASF46:
 918 0231 45455F6F 		.ascii	"EE_oo_ClearEvent\000"
 918      6F5F436C 
 918      65617245 
 918      76656E74 
 918      00
 919              	.LASF7:
 920 0242 5F5F7569 		.ascii	"__uint32_t\000"
 920      6E743332 
 920      5F7400
 921              	.LASF50:
 922 024d 433A5C55 		.ascii	"C:\\Users\\Asus\\Desktop\\HDA\\Semester_2\\EAA\\Lab"
 922      73657273 
 922      5C417375 
 922      735C4465 
 922      736B746F 
 923 0279 5C4C6162 		.ascii	"\\Lab01\\Electronic_Gaspedal\\Electronic_Gaspedal\\"
 923      30315C45 
 923      6C656374 
 923      726F6E69 
 923      635F4761 
 924 02a8 4C616230 		.ascii	"Lab01.cydsn\000"
 924      312E6379 
 924      64736E00 
 925              	.LASF40:
 926 02b4 5254455F 		.ascii	"RTE_cyclicActivationTable_tsk_control\000"
 926      6379636C 
 926      69634163 
 926      74697661 
 926      74696F6E 
 927              	.LASF30:
 928 02da 6576656E 		.ascii	"event\000"
 928      7400
 929              	.LASF29:
 930 02e0 5254455F 		.ascii	"RTE_cyclicTable_t\000"
 930      6379636C 
ARM GAS  C:\Users\Asus\AppData\Local\Temp\ccSRi0PL.s 			page 21


 930      69635461 
 930      626C655F 
 930      7400
 931              	.LASF11:
 932 02f2 756E7369 		.ascii	"unsigned int\000"
 932      676E6564 
 932      20696E74 
 932      00
 933              	.LASF23:
 934 02ff 45455F46 		.ascii	"EE_FREG\000"
 934      52454700 
 935              	.LASF21:
 936 0307 45455F55 		.ascii	"EE_UINT32\000"
 936      494E5433 
 936      3200
 937              	.LASF32:
 938 0311 7469636B 		.ascii	"ticktime\000"
 938      74696D65 
 938      00
 939              	.LASF10:
 940 031a 6C6F6E67 		.ascii	"long long unsigned int\000"
 940      206C6F6E 
 940      6720756E 
 940      7369676E 
 940      65642069 
 941              	.LASF35:
 942 0331 45455F41 		.ascii	"EE_ApplicationMode\000"
 942      70706C69 
 942      63617469 
 942      6F6E4D6F 
 942      646500
 943              	.LASF47:
 944 0344 5254455F 		.ascii	"RTE_ProcessEventTable\000"
 944      50726F63 
 944      65737345 
 944      76656E74 
 944      5461626C 
 945              	.LASF13:
 946 035a 696E7433 		.ascii	"int32_t\000"
 946      325F7400 
 947              	.LASF19:
 948 0362 73697A65 		.ascii	"sizetype\000"
 948      74797065 
 948      00
 949              	.LASF9:
 950 036b 6C6F6E67 		.ascii	"long long int\000"
 950      206C6F6E 
 950      6720696E 
 950      7400
 951              	.LASF17:
 952 0379 63686172 		.ascii	"char\000"
 952      00
 953              	.LASF22:
 954 037e 45455F55 		.ascii	"EE_UREG\000"
 954      52454700 
 955              	.LASF37:
 956 0386 45455F49 		.ascii	"EE_IRQ_nesting_level\000"
ARM GAS  C:\Users\Asus\AppData\Local\Temp\ccSRi0PL.s 			page 22


 956      52515F6E 
 956      65737469 
 956      6E675F6C 
 956      6576656C 
 957              	.LASF2:
 958 039b 73686F72 		.ascii	"short int\000"
 958      7420696E 
 958      7400
 959              	.LASF12:
 960 03a5 75696E74 		.ascii	"uint16_t\000"
 960      31365F74 
 960      00
 961              	.LASF14:
 962 03ae 75696E74 		.ascii	"uint32_t\000"
 962      33325F74 
 962      00
 963              	.LASF6:
 964 03b7 6C6F6E67 		.ascii	"long int\000"
 964      20696E74 
 964      00
 965              	.LASF18:
 966 03c0 6C6F6E67 		.ascii	"long double\000"
 966      20646F75 
 966      626C6500 
 967              	.LASF0:
 968 03cc 7369676E 		.ascii	"signed char\000"
 968      65642063 
 968      68617200 
 969              	.LASF27:
 970 03d8 5254455F 		.ascii	"RTE_pRunnable\000"
 970      7052756E 
 970      6E61626C 
 970      6500
 971              	.LASF45:
 972 03e6 45455F6F 		.ascii	"EE_oo_GetEvent\000"
 972      6F5F4765 
 972      74457665 
 972      6E7400
 973              		.ident	"GCC: (GNU Tools for ARM Embedded Processors) 5.4.1 20160609 (release) [ARM/embedded-5-bran
